2020-06-16 00:00:07:136 - [35m[Appium][39m Welcome to Appium v1.14.1
2020-06-16 00:00:07:142 - [35m[Appium][39m Non-default server args:
2020-06-16 00:00:07:142 - [35m[Appium][39m   port: 4727
2020-06-16 00:00:07:143 - [35m[Appium][39m   bootstrapPort: 6727
2020-06-16 00:00:07:144 - [35m[Appium][39m   logTimestamp: true
2020-06-16 00:00:07:145 - [35m[Appium][39m   localTimezone: true
2020-06-16 00:00:07:145 - [35m[Appium][39m   udid: emulator-5554
2020-06-16 00:00:07:146 - [35m[Appium][39m Deprecated server args:
2020-06-16 00:00:07:146 - [35m[Appium][39m   [31m-U,--udid[39m => --default-capabilities '{"udid":"emulator-5554"}'
2020-06-16 00:00:07:147 - [35m[Appium][39m Default capabilities, which will be added to each request unless overridden by desired capabilities:
2020-06-16 00:00:07:147 - [35m[Appium][39m   udid: emulator-5554
2020-06-16 00:00:07:292 - [35m[Appium][39m Appium REST http interface listener started on 0.0.0.0:4727
2020-06-16 00:00:09:817 - [35m[HTTP][39m [37m-->[39m [37mPOST[39m [37m/wd/hub/session[39m
2020-06-16 00:00:09:818 - [35m[HTTP][39m [90m{"capabilities":{"firstMatch":[{"platformName":"Android","appium:deviceName":"emulator-5554","appium:appPackage":"com.xueqiu.android","appium:platformVersion":"9","appium:appActivity":".view.WelcomeActivityAlias","appium:newCommandTimeout":120,"appium:systemPort":6727,"appium:noReset":true,"appium:autoGrantPermissions":true}]},"desiredCapabilities":{"platformName":"Android","deviceName":"emulator-5554","appPackage":"com.xueqiu.android","platformVersion":"9","appActivity":".view.WelcomeActivityAlias","newCommandTimeout":120,"systemPort":6727,"noReset":true,"autoGrantPermissions":true}}[39m
2020-06-16 00:00:09:820 - [debug] [35m[W3C][39m Calling AppiumDriver.createSession() with args: [{"platformName":"Android","deviceName":"emulator-5554","appPackage":"com.xueqiu.android","platformVersion":"9","appActivity":".view.WelcomeActivityAlias","newCommandTimeout":120,"systemPort":6727,"noReset":true,"autoGrantPermissions":true},null,{"firstMatch":[{"platformName":"Android","appium:deviceName":"emulator-5554","appium:appPackage":"com.xueqiu.android","appium:platformVersion":"9","appium:appActivity":".view.WelcomeActivityAlias","appium:newCommandTimeout":120,"appium:systemPort":6727,"appium:noReset":true,"appium:autoGrantPermissions":true}]}]
2020-06-16 00:00:09:821 - [debug] [35m[BaseDriver][39m Event 'newSessionRequested' logged at 1592236809821 (00:00:09 GMT+0800 (China Standard Time))
2020-06-16 00:00:09:825 - [35m[BaseDriver][39m The capabilities ["udid"] are not standard capabilities and should have an extension prefix
2020-06-16 00:00:09:839 - [35m[Appium][39m 
2020-06-16 00:00:09:840 - [35m[Appium][39m ======================================================================
2020-06-16 00:00:09:840 - [35m[Appium][39m   DEPRECATION WARNING:
2020-06-16 00:00:09:840 - [35m[Appium][39m 
2020-06-16 00:00:09:841 - [35m[Appium][39m   The 'automationName' capability was not provided in the desired 
2020-06-16 00:00:09:841 - [35m[Appium][39m   capabilities for this Android session
2020-06-16 00:00:09:841 - [35m[Appium][39m 
2020-06-16 00:00:09:841 - [35m[Appium][39m   Setting 'automationName=UiAutomator2' by default and using the 
2020-06-16 00:00:09:842 - [35m[Appium][39m   UiAutomator2 Driver
2020-06-16 00:00:09:842 - [35m[Appium][39m 
2020-06-16 00:00:09:848 - [35m[Appium][39m   The next major version of Appium (2.x) will **require** the 
2020-06-16 00:00:09:848 - [35m[Appium][39m   'automationName' capability to be set for all sessions on all 
2020-06-16 00:00:09:848 - [35m[Appium][39m   platforms
2020-06-16 00:00:09:849 - [35m[Appium][39m 
2020-06-16 00:00:09:849 - [35m[Appium][39m   In previous versions (Appium <= 1.13.x), the default was 
2020-06-16 00:00:09:849 - [35m[Appium][39m   'automationName=UiAutomator1'
2020-06-16 00:00:09:849 - [35m[Appium][39m 
2020-06-16 00:00:09:849 - [35m[Appium][39m   If you wish to use that automation instead of UiAutomator2, please 
2020-06-16 00:00:09:849 - [35m[Appium][39m   add 'automationName=UiAutomator1' to your desired capabilities
2020-06-16 00:00:09:850 - [35m[Appium][39m 
2020-06-16 00:00:09:850 - [35m[Appium][39m   For more information about drivers, please visit 
2020-06-16 00:00:09:850 - [35m[Appium][39m   http://appium.io/docs/en/about-appium/intro/ and explore the 
2020-06-16 00:00:09:851 - [35m[Appium][39m   'Drivers' menu
2020-06-16 00:00:09:851 - [35m[Appium][39m 
2020-06-16 00:00:09:851 - [35m[Appium][39m ======================================================================
2020-06-16 00:00:09:852 - [35m[Appium][39m 
2020-06-16 00:00:10:942 - [35m[Appium][39m Appium v1.14.1 creating new AndroidUiautomator2Driver (v1.34.0) session
2020-06-16 00:00:10:942 - [35m[Appium][39m Capabilities:
2020-06-16 00:00:10:944 - [35m[Appium][39m   platformName: Android
2020-06-16 00:00:10:944 - [35m[Appium][39m   udid: emulator-5554
2020-06-16 00:00:10:945 - [35m[Appium][39m   deviceName: emulator-5554
2020-06-16 00:00:10:945 - [35m[Appium][39m   appPackage: com.xueqiu.android
2020-06-16 00:00:10:945 - [35m[Appium][39m   platformVersion: 9
2020-06-16 00:00:10:946 - [35m[Appium][39m   appActivity: .view.WelcomeActivityAlias
2020-06-16 00:00:10:946 - [35m[Appium][39m   newCommandTimeout: 120
2020-06-16 00:00:10:946 - [35m[Appium][39m   systemPort: 6727
2020-06-16 00:00:10:946 - [35m[Appium][39m   noReset: true
2020-06-16 00:00:10:946 - [35m[Appium][39m   autoGrantPermissions: true
2020-06-16 00:00:10:949 - [debug] [35m[BaseDriver][39m W3C capabilities and MJSONWP desired capabilities were provided
2020-06-16 00:00:10:950 - [debug] [35m[BaseDriver][39m Creating session with W3C capabilities: {
2020-06-16 00:00:10:950 - [debug] [35m[BaseDriver][39m   "alwaysMatch": {
2020-06-16 00:00:10:952 - [debug] [35m[BaseDriver][39m     "platformName": "Android",
2020-06-16 00:00:10:952 - [debug] [35m[BaseDriver][39m     "appium:udid": "emulator-5554",
2020-06-16 00:00:10:952 - [debug] [35m[BaseDriver][39m     "appium:deviceName": "emulator-5554",
2020-06-16 00:00:10:952 - [debug] [35m[BaseDriver][39m     "appium:appPackage": "com.xueqiu.android",
2020-06-16 00:00:10:953 - [debug] [35m[BaseDriver][39m     "appium:platformVersion": "9",
2020-06-16 00:00:10:953 - [debug] [35m[BaseDriver][39m     "appium:appActivity": ".view.WelcomeActivityAlias",
2020-06-16 00:00:10:953 - [debug] [35m[BaseDriver][39m     "appium:newCommandTimeout": 120,
2020-06-16 00:00:10:953 - [debug] [35m[BaseDriver][39m     "appium:systemPort": 6727,
2020-06-16 00:00:10:985 - [debug] [35m[BaseDriver][39m     "appium:noReset": true,
2020-06-16 00:00:10:986 - [debug] [35m[BaseDriver][39m     "appium:autoGrantPermissions": true
2020-06-16 00:00:10:986 - [debug] [35m[BaseDriver][39m   },
2020-06-16 00:00:10:986 - [debug] [35m[BaseDriver][39m   "firstMatch": [
2020-06-16 00:00:10:986 - [debug] [35m[BaseDriver][39m     {}
2020-06-16 00:00:10:986 - [debug] [35m[BaseDriver][39m   ]
2020-06-16 00:00:10:987 - [debug] [35m[BaseDriver][39m }
2020-06-16 00:00:11:077 - [35m[BaseDriver][39m Session created with session id: 5cf31ccf-4990-4c93-9b97-6b48794c300f
2020-06-16 00:00:11:413 - [35m[ADB][39m Found 42 'build-tools' folders under '/Users/tangyao/Android/sdk' (newest first):
2020-06-16 00:00:11:414 - [35m[ADB][39m     /Users/tangyao/Android/sdk/build-tools/30.0.0-rc2
2020-06-16 00:00:11:414 - [35m[ADB][39m     /Users/tangyao/Android/sdk/build-tools/29.0.2
2020-06-16 00:00:11:415 - [35m[ADB][39m     /Users/tangyao/Android/sdk/build-tools/29.0.0-rc2
2020-06-16 00:00:11:415 - [35m[ADB][39m     /Users/tangyao/Android/sdk/build-tools/28.0.3
2020-06-16 00:00:11:415 - [35m[ADB][39m     /Users/tangyao/Android/sdk/build-tools/28.0.2
2020-06-16 00:00:11:415 - [35m[ADB][39m     /Users/tangyao/Android/sdk/build-tools/28.0.1
2020-06-16 00:00:11:415 - [35m[ADB][39m     /Users/tangyao/Android/sdk/build-tools/28.0.0
2020-06-16 00:00:11:415 - [35m[ADB][39m     /Users/tangyao/Android/sdk/build-tools/28.0.0-rc2
2020-06-16 00:00:11:415 - [35m[ADB][39m     /Users/tangyao/Android/sdk/build-tools/28.0.0-rc1
2020-06-16 00:00:11:416 - [35m[ADB][39m     /Users/tangyao/Android/sdk/build-tools/27.0.3
2020-06-16 00:00:11:416 - [35m[ADB][39m     /Users/tangyao/Android/sdk/build-tools/26.0.1
2020-06-16 00:00:11:416 - [35m[ADB][39m     /Users/tangyao/Android/sdk/build-tools/26.0.0
2020-06-16 00:00:11:416 - [35m[ADB][39m     /Users/tangyao/Android/sdk/build-tools/25.0.3
2020-06-16 00:00:11:416 - [35m[ADB][39m     /Users/tangyao/Android/sdk/build-tools/25.0.2
2020-06-16 00:00:11:416 - [35m[ADB][39m     /Users/tangyao/Android/sdk/build-tools/25.0.1
2020-06-16 00:00:11:417 - [35m[ADB][39m     /Users/tangyao/Android/sdk/build-tools/25.0.0
2020-06-16 00:00:11:417 - [35m[ADB][39m     /Users/tangyao/Android/sdk/build-tools/24.0.3
2020-06-16 00:00:11:417 - [35m[ADB][39m     /Users/tangyao/Android/sdk/build-tools/24.0.2
2020-06-16 00:00:11:417 - [35m[ADB][39m     /Users/tangyao/Android/sdk/build-tools/24.0.1
2020-06-16 00:00:11:418 - [35m[ADB][39m     /Users/tangyao/Android/sdk/build-tools/24.0.0
2020-06-16 00:00:11:418 - [35m[ADB][39m     /Users/tangyao/Android/sdk/build-tools/23.0.3
2020-06-16 00:00:11:418 - [35m[ADB][39m     /Users/tangyao/Android/sdk/build-tools/23.0.2
2020-06-16 00:00:11:418 - [35m[ADB][39m     /Users/tangyao/Android/sdk/build-tools/23.0.1
2020-06-16 00:00:11:418 - [35m[ADB][39m     /Users/tangyao/Android/sdk/build-tools/23.0.0
2020-06-16 00:00:11:418 - [35m[ADB][39m     /Users/tangyao/Android/sdk/build-tools/22.0.1
2020-06-16 00:00:11:418 - [35m[ADB][39m     /Users/tangyao/Android/sdk/build-tools/22.0.0
2020-06-16 00:00:11:419 - [35m[ADB][39m     /Users/tangyao/Android/sdk/build-tools/21.1.2
2020-06-16 00:00:11:419 - [35m[ADB][39m     /Users/tangyao/Android/sdk/build-tools/21.1.1
2020-06-16 00:00:11:419 - [35m[ADB][39m     /Users/tangyao/Android/sdk/build-tools/21.1.0
2020-06-16 00:00:11:419 - [35m[ADB][39m     /Users/tangyao/Android/sdk/build-tools/21.0.2
2020-06-16 00:00:11:419 - [35m[ADB][39m     /Users/tangyao/Android/sdk/build-tools/21.0.1
2020-06-16 00:00:11:419 - [35m[ADB][39m     /Users/tangyao/Android/sdk/build-tools/21.0.0
2020-06-16 00:00:11:419 - [35m[ADB][39m     /Users/tangyao/Android/sdk/build-tools/20.0.0
2020-06-16 00:00:11:419 - [35m[ADB][39m     /Users/tangyao/Android/sdk/build-tools/19.1.0
2020-06-16 00:00:11:420 - [35m[ADB][39m     /Users/tangyao/Android/sdk/build-tools/19.0.3
2020-06-16 00:00:11:420 - [35m[ADB][39m     /Users/tangyao/Android/sdk/build-tools/19.0.2
2020-06-16 00:00:11:420 - [35m[ADB][39m     /Users/tangyao/Android/sdk/build-tools/19.0.1
2020-06-16 00:00:11:420 - [35m[ADB][39m     /Users/tangyao/Android/sdk/build-tools/19.0.0
2020-06-16 00:00:11:420 - [35m[ADB][39m     /Users/tangyao/Android/sdk/build-tools/18.1.1
2020-06-16 00:00:11:420 - [35m[ADB][39m     /Users/tangyao/Android/sdk/build-tools/18.1.0
2020-06-16 00:00:11:420 - [35m[ADB][39m     /Users/tangyao/Android/sdk/build-tools/18.0.1
2020-06-16 00:00:11:420 - [35m[ADB][39m     /Users/tangyao/Android/sdk/build-tools/17.0.0
2020-06-16 00:00:11:422 - [35m[ADB][39m Using 'adb' from '/Users/tangyao/Android/sdk/platform-tools/adb'
2020-06-16 00:00:11:423 - [35m[AndroidDriver][39m Retrieving device list
2020-06-16 00:00:11:423 - [debug] [35m[ADB][39m Trying to find a connected android device
2020-06-16 00:00:11:423 - [debug] [35m[ADB][39m Getting connected devices...
2020-06-16 00:00:11:539 - [debug] [35m[ADB][39m 2 device(s) connected
2020-06-16 00:00:11:540 - [35m[AndroidDriver][39m Using device: emulator-5554
2020-06-16 00:00:11:544 - [35m[ADB][39m Using 'adb' from '/Users/tangyao/Android/sdk/platform-tools/adb'
2020-06-16 00:00:11:545 - [debug] [35m[ADB][39m Setting device id to emulator-5554
2020-06-16 00:00:11:546 - [debug] [35m[ADB][39m Running '/Users/tangyao/Android/sdk/platform-tools/adb -P 5037 -s emulator-5554 shell getprop ro.build.version.sdk'
2020-06-16 00:00:11:747 - [debug] [35m[ADB][39m Current device property 'ro.build.version.sdk': 23
2020-06-16 00:00:11:747 - [debug] [35m[ADB][39m Device API level: 23
2020-06-16 00:00:11:747 - [35m[AndroidDriver][39m No app sent in, not parsing package/activity
2020-06-16 00:00:11:748 - [debug] [35m[ADB][39m Running '/Users/tangyao/Android/sdk/platform-tools/adb -P 5037 -s emulator-5554 wait-for-device'
2020-06-16 00:00:11:766 - [debug] [35m[ADB][39m Running '/Users/tangyao/Android/sdk/platform-tools/adb -P 5037 -s emulator-5554 shell echo ping'
2020-06-16 00:00:11:901 - [debug] [35m[AndroidDriver][39m Pushing settings apk to device...
2020-06-16 00:00:11:902 - [debug] [35m[ADB][39m Getting install status for io.appium.settings
2020-06-16 00:00:11:903 - [debug] [35m[ADB][39m Running '/Users/tangyao/Android/sdk/platform-tools/adb -P 5037 -s emulator-5554 shell dumpsys package io.appium.settings'
2020-06-16 00:00:12:190 - [debug] [35m[ADB][39m 'io.appium.settings' is installed
2020-06-16 00:00:12:190 - [debug] [35m[ADB][39m Getting package info for 'io.appium.settings'
2020-06-16 00:00:12:191 - [debug] [35m[ADB][39m Running '/Users/tangyao/Android/sdk/platform-tools/adb -P 5037 -s emulator-5554 shell dumpsys package io.appium.settings'
2020-06-16 00:00:12:264 - [35m[ADB][39m Using 'apkanalyzer' from '/Users/tangyao/Android/sdk/tools/bin/apkanalyzer'
2020-06-16 00:00:12:264 - [debug] [35m[ADB][39m Starting '/Users/tangyao/Android/sdk/tools/bin/apkanalyzer' with args ["manifest","print","/usr/local/lib/node_modules/appium/node_modules/_io.appium.settings@2.14.1@io.appium.settings/apks/settings_apk-debug.apk"]
2020-06-16 00:00:22:035 - [debug] [35m[ADB][39m The version name of the installed 'io.appium.settings' is greater or equal to the application version name ('2.14.1' >= '2.14.1')
2020-06-16 00:00:22:036 - [debug] [35m[ADB][39m There is no need to install/upgrade '/usr/local/lib/node_modules/appium/node_modules/_io.appium.settings@2.14.1@io.appium.settings/apks/settings_apk-debug.apk'
2020-06-16 00:00:22:037 - [debug] [35m[ADB][39m Getting IDs of all 'io.appium.settings' processes
2020-06-16 00:00:22:037 - [debug] [35m[ADB][39m Running '/Users/tangyao/Android/sdk/platform-tools/adb -P 5037 -s emulator-5554 shell 'pgrep --help; echo $?''
2020-06-16 00:00:22:078 - [debug] [35m[ADB][39m Running '/Users/tangyao/Android/sdk/platform-tools/adb -P 5037 -s emulator-5554 shell pgrep -f io\.appium\.settings'
2020-06-16 00:00:22:320 - [debug] [35m[AndroidDriver][39m io.appium.settings is already running. There is no need to reset its permissions.
2020-06-16 00:00:22:321 - [debug] [35m[ADB][39m Running '/Users/tangyao/Android/sdk/platform-tools/adb -P 5037 -s emulator-5554 shell appops set io.appium.settings android\:mock_location allow'
2020-06-16 00:00:22:378 - [35m[Appium][39m Received SIGINT - shutting down
2020-06-16 00:00:22:382 - [35m[HTTP][39m [37m<-- POST /wd/hub/session [39m[32m-[39m [90m- ms - -[39m
2020-06-16 00:00:22:382 - [35m[HTTP][39m [90m[39m
2020-06-16 00:00:25:892 - [debug] [35m[Logcat][39m Starting logcat capture
2020-06-16 00:00:25:968 - [debug] [35m[ADB][39m Getting install status for io.appium.uiautomator2.server
2020-06-16 00:00:25:969 - [debug] [35m[ADB][39m Running '/Users/tangyao/Android/sdk/platform-tools/adb -P 5037 -s emulator-5554 shell dumpsys package io.appium.uiautomator2.server'
2020-06-16 00:00:26:152 - [debug] [35m[ADB][39m 'io.appium.uiautomator2.server' is installed
2020-06-16 00:00:26:153 - [debug] [35m[ADB][39m Getting package info for 'io.appium.uiautomator2.server'
2020-06-16 00:00:26:153 - [debug] [35m[ADB][39m Running '/Users/tangyao/Android/sdk/platform-tools/adb -P 5037 -s emulator-5554 shell dumpsys package io.appium.uiautomator2.server'
2020-06-16 00:00:26:353 - [debug] [35m[ADB][39m Starting '/Users/tangyao/Android/sdk/tools/bin/apkanalyzer' with args ["manifest","print","/usr/local/lib/node_modules/appium/node_modules/_appium-uiautomator2-server@3.8.1@appium-uiautomator2-server/apks/appium-uiautomator2-server-v3.8.1.apk"]
2020-06-16 00:00:36:444 - [debug] [35m[ADB][39m The version name of the installed 'io.appium.uiautomator2.server' is greater or equal to the application version name ('3.8.1' >= '3.8.1')
2020-06-16 00:00:36:444 - [debug] [35m[UiAutomator2][39m io.appium.uiautomator2.server installation state: sameVersionInstalled
2020-06-16 00:00:36:445 - [debug] [35m[ADB][39m Checking app cert for /usr/local/lib/node_modules/appium/node_modules/_appium-uiautomator2-server@3.8.1@appium-uiautomator2-server/apks/appium-uiautomator2-server-v3.8.1.apk
2020-06-16 00:00:36:446 - [35m[ADB][39m Using 'apksigner' from '/Users/tangyao/Android/sdk/build-tools/30.0.0-rc2/apksigner'
2020-06-16 00:00:36:447 - [debug] [35m[ADB][39m Starting '/Users/tangyao/Android/sdk/build-tools/30.0.0-rc2/apksigner' with args '["verify","--print-certs","/usr/local/lib/node_modules/appium/node_modules/_appium-uiautomator2-server@3.8.1@appium-uiautomator2-server/apks/appium-uiautomator2-server-v3.8.1.apk"]'
2020-06-16 00:00:36:953 - [35m[ADB][39m Got an error during apksigner execution: Command '/Users/tangyao/Android/sdk/build-tools/30.0.0-rc2/apksigner verify --print-certs /usr/local/lib/node_modules/appium/node_modules/_appium-uiautomator2-server\@3.8.1\@appium-uiautomator2-server/apks/appium-uiautomator2-server-v3.8.1.apk' exited with code 1
2020-06-16 00:00:36:953 - [35m[ADB][39m apksigner stderr: Error: A JNI error has occurred, please check your installation and try again
2020-06-16 00:00:36:955 - [35m[ADB][39m Exception in thread "main" java.lang.UnsupportedClassVersionError: com/android/apksigner/ApkSignerTool has been compiled by a more recent version of the Java Runtime (class file version 53.0), this version of the Java Runtime only recognizes class file versions up to 52.0
2020-06-16 00:00:36:955 - [35m[ADB][39m 	at java.lang.ClassLoader.defineClass1(Native Method)
2020-06-16 00:00:36:955 - [35m[ADB][39m 	at java.lang.ClassLoader.defineClass(ClassLoader.java:763)
2020-06-16 00:00:36:955 - [35m[ADB][39m 	at java.security.SecureClassLoader.defineClass(SecureClassLoader.java:142)
2020-06-16 00:00:36:956 - [35m[ADB][39m 	at java.net.URLClassLoader.defineClass(URLClassLoader.java:467)
2020-06-16 00:00:36:956 - [35m[ADB][39m 	at java.net.URLClassLoader.access$100(URLClassLoader.java:73)
2020-06-16 00:00:36:956 - [35m[ADB][39m 	at java.net.URLClassLoader$1.run(URLClassLoader.java:368)
2020-06-16 00:00:36:956 - [35m[ADB][39m 	at java.net.URLClassLoader$1.run(URLClassLoader.java:362)
2020-06-16 00:00:36:956 - [35m[ADB][39m 	at java.security.AccessController.doPrivileged(Native Method)
2020-06-16 00:00:36:956 - [35m[ADB][39m 	at java.net.URLClassLoader.findClass(URLClassLoader.java:361)
2020-06-16 00:00:36:956 - [35m[ADB][39m 	at java.lang.ClassLoader.loadClass(ClassLoader.java:424)
2020-06-16 00:00:36:957 - [35m[ADB][39m 	at sun.misc.Launcher$AppClassLoader.loadClass(Launcher.java:349)
2020-06-16 00:00:36:957 - [35m[ADB][39m 	at java.lang.ClassLoader.loadClass(ClassLoader.java:357)
2020-06-16 00:00:36:957 - [35m[ADB][39m 	at sun.launcher.LauncherHelper.checkAndLoadMain(LauncherHelper.java:495)
2020-06-16 00:00:36:957 - [35m[ADB][39m 
2020-06-16 00:00:36:957 - [35m[ADB][39m Cannot use apksigner tool for signature verification. Original error: Command '/Users/tangyao/Android/sdk/build-tools/30.0.0-rc2/apksigner verify --print-certs /usr/local/lib/node_modules/appium/node_modules/_appium-uiautomator2-server\@3.8.1\@appium-uiautomator2-server/apks/appium-uiautomator2-server-v3.8.1.apk' exited with code 1
2020-06-16 00:00:36:957 - [debug] [35m[ADB][39m Defaulting to verify.jar
2020-06-16 00:00:38:249 - [debug] [35m[ADB][39m '/usr/local/lib/node_modules/appium/node_modules/_appium-uiautomator2-server@3.8.1@appium-uiautomator2-server/apks/appium-uiautomator2-server-v3.8.1.apk' is already signed.
2020-06-16 00:00:38:249 - [debug] [35m[ADB][39m Getting install status for io.appium.uiautomator2.server.test
2020-06-16 00:00:38:249 - [debug] [35m[ADB][39m Running '/Users/tangyao/Android/sdk/platform-tools/adb -P 5037 -s emulator-5554 shell dumpsys package io.appium.uiautomator2.server.test'
2020-06-16 00:00:38:304 - [debug] [35m[ADB][39m 'io.appium.uiautomator2.server.test' is installed
2020-06-16 00:00:38:304 - [debug] [35m[ADB][39m Checking app cert for /usr/local/lib/node_modules/appium/node_modules/_appium-uiautomator2-server@3.8.1@appium-uiautomator2-server/apks/appium-uiautomator2-server-debug-androidTest.apk
2020-06-16 00:00:38:305 - [debug] [35m[ADB][39m Starting '/Users/tangyao/Android/sdk/build-tools/30.0.0-rc2/apksigner' with args '["verify","--print-certs","/usr/local/lib/node_modules/appium/node_modules/_appium-uiautomator2-server@3.8.1@appium-uiautomator2-server/apks/appium-uiautomator2-server-debug-androidTest.apk"]'
2020-06-16 00:00:38:852 - [35m[ADB][39m Got an error during apksigner execution: Command '/Users/tangyao/Android/sdk/build-tools/30.0.0-rc2/apksigner verify --print-certs /usr/local/lib/node_modules/appium/node_modules/_appium-uiautomator2-server\@3.8.1\@appium-uiautomator2-server/apks/appium-uiautomator2-server-debug-androidTest.apk' exited with code 1
2020-06-16 00:00:38:852 - [35m[ADB][39m apksigner stderr: Error: A JNI error has occurred, please check your installation and try again
2020-06-16 00:00:38:852 - [35m[ADB][39m Exception in thread "main" java.lang.UnsupportedClassVersionError: com/android/apksigner/ApkSignerTool has been compiled by a more recent version of the Java Runtime (class file version 53.0), this version of the Java Runtime only recognizes class file versions up to 52.0
2020-06-16 00:00:38:852 - [35m[ADB][39m 	at java.lang.ClassLoader.defineClass1(Native Method)
2020-06-16 00:00:38:853 - [35m[ADB][39m 	at java.lang.ClassLoader.defineClass(ClassLoader.java:763)
2020-06-16 00:00:38:853 - [35m[ADB][39m 	at java.security.SecureClassLoader.defineClass(SecureClassLoader.java:142)
2020-06-16 00:00:38:853 - [35m[ADB][39m 	at java.net.URLClassLoader.defineClass(URLClassLoader.java:467)
2020-06-16 00:00:38:853 - [35m[ADB][39m 	at java.net.URLClassLoader.access$100(URLClassLoader.java:73)
2020-06-16 00:00:38:853 - [35m[ADB][39m 	at java.net.URLClassLoader$1.run(URLClassLoader.java:368)
2020-06-16 00:00:38:854 - [35m[ADB][39m 	at java.net.URLClassLoader$1.run(URLClassLoader.java:362)
2020-06-16 00:00:38:854 - [35m[ADB][39m 	at java.security.AccessController.doPrivileged(Native Method)
2020-06-16 00:00:38:854 - [35m[ADB][39m 	at java.net.URLClassLoader.findClass(URLClassLoader.java:361)
2020-06-16 00:00:38:854 - [35m[ADB][39m 	at java.lang.ClassLoader.loadClass(ClassLoader.java:424)
2020-06-16 00:00:38:854 - [35m[ADB][39m 	at sun.misc.Launcher$AppClassLoader.loadClass(Launcher.java:349)
2020-06-16 00:00:38:854 - [35m[ADB][39m 	at java.lang.ClassLoader.loadClass(ClassLoader.java:357)
2020-06-16 00:00:38:855 - [35m[ADB][39m 	at sun.launcher.LauncherHelper.checkAndLoadMain(LauncherHelper.java:495)
2020-06-16 00:00:38:855 - [35m[ADB][39m 
2020-06-16 00:00:38:855 - [35m[ADB][39m Cannot use apksigner tool for signature verification. Original error: Command '/Users/tangyao/Android/sdk/build-tools/30.0.0-rc2/apksigner verify --print-certs /usr/local/lib/node_modules/appium/node_modules/_appium-uiautomator2-server\@3.8.1\@appium-uiautomator2-server/apks/appium-uiautomator2-server-debug-androidTest.apk' exited with code 1
2020-06-16 00:00:38:855 - [debug] [35m[ADB][39m Defaulting to verify.jar
2020-06-16 00:00:39:599 - [debug] [35m[ADB][39m '/usr/local/lib/node_modules/appium/node_modules/_appium-uiautomator2-server@3.8.1@appium-uiautomator2-server/apks/appium-uiautomator2-server-debug-androidTest.apk' is already signed.
2020-06-16 00:00:39:600 - [35m[UiAutomator2][39m Server packages are not going to be (re)installed
2020-06-16 00:00:39:600 - [debug] [35m[UiAutomator2][39m Waiting up to 30000ms for services to be available
2020-06-16 00:00:39:601 - [debug] [35m[ADB][39m Running '/Users/tangyao/Android/sdk/platform-tools/adb -P 5037 -s emulator-5554 shell pm list instrumentation'
2020-06-16 00:00:41:024 - [debug] [35m[UiAutomator2][39m Instrumentation target 'io.appium.uiautomator2.server.test/androidx.test.runner.AndroidJUnitRunner' is available
2020-06-16 00:00:41:024 - [debug] [35m[UiAutomator2][39m Forwarding UiAutomator2 Server port 6790 to 6727
2020-06-16 00:00:41:025 - [debug] [35m[ADB][39m Forwarding system: 6727 to device: 6790
2020-06-16 00:00:41:025 - [debug] [35m[ADB][39m Running '/Users/tangyao/Android/sdk/platform-tools/adb -P 5037 -s emulator-5554 forward tcp\:6727 tcp\:6790'
2020-06-16 00:00:41:077 - [debug] [35m[UiAutomator2][39m No app capability. Assuming it is already on the device
2020-06-16 00:00:41:081 - [debug] [35m[UiAutomator2][39m Performing shallow cleanup of automation leftovers
2020-06-16 00:00:41:135 - [debug] [35m[UiAutomator2][39m No obsolete sessions have been detected (Error: socket hang up)
2020-06-16 00:00:41:135 - [debug] [35m[ADB][39m Running '/Users/tangyao/Android/sdk/platform-tools/adb -P 5037 -s emulator-5554 shell am force-stop io.appium.uiautomator2.server.test'
2020-06-16 00:00:42:763 - [35m[UiAutomator2][39m Starting UIAutomator2 server 3.8.1
2020-06-16 00:00:42:763 - [35m[UiAutomator2][39m Using UIAutomator2 server from '/usr/local/lib/node_modules/appium/node_modules/_appium-uiautomator2-server@3.8.1@appium-uiautomator2-server/apks/appium-uiautomator2-server-v3.8.1.apk' and test from '/usr/local/lib/node_modules/appium/node_modules/_appium-uiautomator2-server@3.8.1@appium-uiautomator2-server/apks/appium-uiautomator2-server-debug-androidTest.apk'
2020-06-16 00:00:42:764 - [35m[UiAutomator2][39m Waiting up to 30000ms for UiAutomator2 to be online...
2020-06-16 00:00:42:764 - [debug] [35m[ADB][39m Creating ADB subprocess with args: ["-P",5037,"-s","emulator-5554","shell","am","instrument","-w","io.appium.uiautomator2.server.test/androidx.test.runner.AndroidJUnitRunner"]
2020-06-16 00:00:43:772 - [debug] [35m[WD Proxy][39m Matched '/status' to command name 'getStatus'
2020-06-16 00:00:43:774 - [debug] [35m[WD Proxy][39m Proxying [GET /status] to [GET http://localhost:6727/wd/hub/status] with no body
2020-06-16 00:00:43:788 - [35m[WD Proxy][39m Got an unexpected response: {"code":"ECONNRESET"}
2020-06-16 00:00:44:507 - [debug] [35m[Instrumentation][39m io.appium.uiautomator2.server.test.AppiumUiAutomator2Server:
2020-06-16 00:00:44:791 - [debug] [35m[WD Proxy][39m Matched '/status' to command name 'getStatus'
2020-06-16 00:00:44:792 - [debug] [35m[WD Proxy][39m Proxying [GET /status] to [GET http://localhost:6727/wd/hub/status] with no body
2020-06-16 00:00:44:803 - [35m[WD Proxy][39m Got an unexpected response: {"code":"ECONNRESET"}
2020-06-16 00:00:45:808 - [debug] [35m[WD Proxy][39m Matched '/status' to command name 'getStatus'
2020-06-16 00:00:45:808 - [debug] [35m[WD Proxy][39m Proxying [GET /status] to [GET http://localhost:6727/wd/hub/status] with no body
2020-06-16 00:00:45:813 - [35m[WD Proxy][39m Got an unexpected response: {"code":"ECONNRESET"}
2020-06-16 00:00:46:818 - [debug] [35m[WD Proxy][39m Matched '/status' to command name 'getStatus'
2020-06-16 00:00:46:818 - [debug] [35m[WD Proxy][39m Proxying [GET /status] to [GET http://localhost:6727/wd/hub/status] with no body
2020-06-16 00:00:46:928 - [debug] [35m[WD Proxy][39m Got response with status 200: {"sessionId":"None","status":0,"value":"Status Invoked"}
2020-06-16 00:00:46:929 - [debug] [35m[WD Proxy][39m Determined the downstream protocol as 'MJSONWP'
2020-06-16 00:00:46:930 - [debug] [35m[UiAutomator2][39m The initialization of the instrumentation process took 4167ms
2020-06-16 00:00:46:931 - [debug] [35m[WD Proxy][39m Matched '/session' to command name 'createSession'
2020-06-16 00:00:46:931 - [debug] [35m[WD Proxy][39m Proxying [POST /session] to [POST http://localhost:6727/wd/hub/session] with body: {"desiredCapabilities":{"platform":"LINUX","webStorageEnabled":false,"takesScreenshot":true,"javascriptEnabled":true,"databaseEnabled":false,"networkConnectionEnabled":true,"locationContextEnabled":false,"warnings":{},"desired":{"platformName":"Android","udid":"emulator-5554","deviceName":"emulator-5554","appPackage":"com.xueqiu.android","platformVersion":"9","appActivity":".view.WelcomeActivityAlias","newCommandTimeout":120,"systemPort":6727,"noReset":true,"autoGrantPermissions":true},"platformName":"Android","udid":"emulator-5554","deviceName":"emulator-5554","appPackage":"com.xueqiu.android","platformVersion":"9","appActivity":".view.WelcomeActivityAlias","newCommandTimeout":120,"systemPort":6727,"noReset":true,"autoGrantPermissions":true,"deviceUDID":"emulator-5554"}}
2020-06-16 00:00:46:952 - [debug] [35m[WD Proxy][39m Got response with status 200: {"sessionId":"7e6076c0-e938-4d92-bf36-5d30e2853b2e","status":0,"value":"Created Session"}
2020-06-16 00:00:46:952 - [debug] [35m[WD Proxy][39m Determined the downstream protocol as 'MJSONWP' per session creation request
2020-06-16 00:00:46:975 - [debug] [35m[WD Proxy][39m Proxying [GET /appium/device/info] to [GET http://localhost:6727/wd/hub/session/7e6076c0-e938-4d92-bf36-5d30e2853b2e/appium/device/info] with no body
2020-06-16 00:00:47:009 - [debug] [35m[WD Proxy][39m Got response with status 200: {"sessionId":"7e6076c0-e938-4d92-bf36-5d30e2853b2e","status":0,"value":{"androidId":"9f76973988ef8c02","manufacturer":"Netease","model":"MuMu","brand":"Android","apiVersion":"23","platformVersion":"6.0.1","carrierName":"","realDisplaySize":"640x1024","displayDensity":256,"networks":[{"type":1,"typeName":"WIFI","subtype":0,"subtypeName":"","isConnected":true,"detailedState":"CONNECTED","state":"CONNECTED","extraInfo":"\"Nr9K20lV\"","isAvailable":true,"isFailover":false,"isRoaming":false,"capabilities":{"transportTypes":"NET_CAPABILITY_SUPL","networkCapabilities":"","linkUpstreamBandwidthKbps":1048576,"linkDownBandwidthKbps":1048576,"signalStrength":-55,"networkSpecifier":null,"SSID":null}}],"locale":"zh_CN","timeZone":"Asia\/Shanghai"}}
2020-06-16 00:00:47:010 - [debug] [35m[ADB][39m Running '/Users/tangyao/Android/sdk/platform-tools/adb -P 5037 -s emulator-5554 shell dumpsys window'
2020-06-16 00:00:47:076 - [35m[AndroidDriver][39m Screen already unlocked, doing nothing
2020-06-16 00:00:47:077 - [35m[UiAutomator2][39m UiAutomator2 did not start the activity we were waiting for, 'com.xueqiu.android/.view.WelcomeActivityAlias'. Starting it ourselves
2020-06-16 00:00:47:080 - [debug] [35m[ADB][39m Running '/Users/tangyao/Android/sdk/platform-tools/adb -P 5037 -s emulator-5554 shell am start -W -n com.xueqiu.android/.view.WelcomeActivityAlias -S -a android.intent.action.MAIN -c android.intent.category.LAUNCHER -f 0x10200000'
2020-06-16 00:00:59:457 - [debug] [35m[WD Proxy][39m Proxying [GET /appium/device/pixel_ratio] to [GET http://localhost:6727/wd/hub/session/7e6076c0-e938-4d92-bf36-5d30e2853b2e/appium/device/pixel_ratio] with body: {}
2020-06-16 00:00:59:465 - [35m[WD Proxy][39m Got an unexpected response: {"code":"ECONNRESET"}
2020-06-16 00:00:59:465 - [debug] [35m[UiAutomator2][39m Deleting UiAutomator2 session
2020-06-16 00:00:59:466 - [debug] [35m[UiAutomator2][39m Deleting UiAutomator2 server session
2020-06-16 00:00:59:467 - [debug] [35m[WD Proxy][39m Matched '/' to command name 'deleteSession'
2020-06-16 00:00:59:467 - [debug] [35m[WD Proxy][39m Proxying [DELETE /] to [DELETE http://localhost:6727/wd/hub/session/7e6076c0-e938-4d92-bf36-5d30e2853b2e] with no body
2020-06-16 00:00:59:473 - [35m[WD Proxy][39m Got an unexpected response: {"code":"ECONNRESET"}
2020-06-16 00:00:59:474 - [35m[UiAutomator2][39m Did not get confirmation UiAutomator2 deleteSession worked; Error was: UnknownError: An unknown server-side error occurred while processing the command. Original error: Could not proxy command to remote server. Original error: Error: socket hang up
2020-06-16 00:00:59:474 - [debug] [35m[ADB][39m Running '/Users/tangyao/Android/sdk/platform-tools/adb -P 5037 -s emulator-5554 shell am force-stop com.xueqiu.android'
2020-06-16 00:00:59:579 - [debug] [35m[Instrumentation][39m INSTRUMENTATION_ABORTED: System has crashed.
2020-06-16 00:00:59:974 - [35m[Logcat][39m Logcat terminated with code 0, signal null
2020-06-16 00:00:59:977 - [debug] [35m[Instrumentation][39m The process has exited with code 0
2020-06-16 00:00:59:978 - [debug] [35m[Logcat][39m Stopping logcat capture
2020-06-16 00:00:59:978 - [debug] [35m[Logcat][39m Logcat already stopped
2020-06-16 00:00:59:978 - [debug] [35m[ADB][39m Removing forwarded port socket connection: 6727 
2020-06-16 00:00:59:979 - [debug] [35m[ADB][39m Running '/Users/tangyao/Android/sdk/platform-tools/adb -P 5037 -s emulator-5554 forward --remove tcp\:6727'
2020-06-16 00:01:00:009 - [35m[UiAutomator2][39m Unable to remove port forward 'Error executing adbExec. Original error: 'Command '/Users/tangyao/Android/sdk/platform-tools/adb -P 5037 -s emulator-5554 forward --remove tcp\:6727' exited with code 1'; Stderr: 'adb: error: device offline'; Code: '1''
2020-06-16 00:01:00:009 - [debug] [35m[BaseDriver][39m Event 'newSessionStarted' logged at 1592236860009 (00:01:00 GMT+0800 (China Standard Time))
2020-06-16 00:01:00:033 - [debug] [35m[W3C][39m Encountered internal error running command: UnknownError: An unknown server-side error occurred while processing the command. Original error: Could not proxy command to remote server. Original error: Error: socket hang up
2020-06-16 00:01:00:033 - [debug] [35m[W3C][39m     at JWProxy.command (/usr/local/lib/node_modules/appium/node_modules/_appium-base-driver@3.20.1@appium-base-driver/lib/jsonwp-proxy/proxy.js:267:13)
