2020-05-20 23:14:34:319 - [35m[Appium][39m Welcome to Appium v1.14.1
2020-05-20 23:14:34:322 - [35m[Appium][39m Non-default server args:
2020-05-20 23:14:34:323 - [35m[Appium][39m   port: 4725
2020-05-20 23:14:34:323 - [35m[Appium][39m   bootstrapPort: 6725
2020-05-20 23:14:34:323 - [35m[Appium][39m   logTimestamp: true
2020-05-20 23:14:34:329 - [35m[Appium][39m   localTimezone: true
2020-05-20 23:14:34:329 - [35m[Appium][39m   udid: 5483e9c3
2020-05-20 23:14:34:330 - [35m[Appium][39m Deprecated server args:
2020-05-20 23:14:34:330 - [35m[Appium][39m   [31m-U,--udid[39m => --default-capabilities '{"udid":"5483e9c3"}'
2020-05-20 23:14:34:330 - [35m[Appium][39m Default capabilities, which will be added to each request unless overridden by desired capabilities:
2020-05-20 23:14:34:331 - [35m[Appium][39m   udid: 5483e9c3
2020-05-20 23:14:34:355 - [35m[Appium][39m Appium REST http interface listener started on 0.0.0.0:4725
2020-05-20 23:14:36:870 - [35m[HTTP][39m [37m-->[39m [37mPOST[39m [37m/wd/hub/session[39m
2020-05-20 23:14:36:870 - [35m[HTTP][39m [90m{"capabilities":{"firstMatch":[{"platformName":"Android","appium:deviceName":"5483e9c3","appium:appPackage":"com.xueqiu.android","appium:platformVersion":"7.1.2","appium:appActivity":".view.WelcomeActivityAlias","appium:unicodeKeyboard":true,"appium:resetKeyboard":true,"appium:newCommandTimeout":120,"appium:systemPort":6725,"appium:noReset":true,"appium:autoGrantPermissions":true}]},"desiredCapabilities":{"platformName":"Android","deviceName":"5483e9c3","appPackage":"com.xueqiu.android","platformVersion":"7.1.2","appActivity":".view.WelcomeActivityAlias","unicodeKeyboard":true,"resetKeyboard":true,"newCommandTimeout":120,"systemPort":6725,"noReset":true,"autoGrantPermissions":true}}[39m
2020-05-20 23:14:36:872 - [debug] [35m[W3C][39m Calling AppiumDriver.createSession() with args: [{"platformName":"Android","deviceName":"5483e9c3","appPackage":"com.xueqiu.android","platformVersion":"7.1.2","appActivity":".view.WelcomeActivityAlias","unicodeKeyboard":true,"resetKeyboard":true,"newCommandTimeout":120,"systemPort":6725,"noReset":true,"autoGrantPermissions":true},null,{"firstMatch":[{"platformName":"Android","appium:deviceName":"5483e9c3","appium:appPackage":"com.xueqiu.android","appium:platformVersion":"7.1.2","appium:appActivity":".view.WelcomeActivityAlias","appium:unicodeKeyboard":true,"appium:resetKeyboard":true,"appium:newCommandTimeout":120,"appium:systemPort":6725,"appium:noReset":true,"appium:autoGrantPermissions":true}]}]
2020-05-20 23:14:36:872 - [debug] [35m[BaseDriver][39m Event 'newSessionRequested' logged at 1589987676872 (23:14:36 GMT+0800 (China Standard Time))
2020-05-20 23:14:36:875 - [35m[BaseDriver][39m The capabilities ["udid"] are not standard capabilities and should have an extension prefix
2020-05-20 23:14:36:879 - [35m[Appium][39m 
2020-05-20 23:14:36:879 - [35m[Appium][39m ======================================================================
2020-05-20 23:14:36:879 - [35m[Appium][39m   DEPRECATION WARNING:
2020-05-20 23:14:36:879 - [35m[Appium][39m 
2020-05-20 23:14:36:880 - [35m[Appium][39m   The 'automationName' capability was not provided in the desired 
2020-05-20 23:14:36:880 - [35m[Appium][39m   capabilities for this Android session
2020-05-20 23:14:36:880 - [35m[Appium][39m 
2020-05-20 23:14:36:880 - [35m[Appium][39m   Setting 'automationName=UiAutomator2' by default and using the 
2020-05-20 23:14:36:880 - [35m[Appium][39m   UiAutomator2 Driver
2020-05-20 23:14:36:880 - [35m[Appium][39m 
2020-05-20 23:14:36:881 - [35m[Appium][39m   The next major version of Appium (2.x) will **require** the 
2020-05-20 23:14:36:881 - [35m[Appium][39m   'automationName' capability to be set for all sessions on all 
2020-05-20 23:14:36:881 - [35m[Appium][39m   platforms
2020-05-20 23:14:36:881 - [35m[Appium][39m 
2020-05-20 23:14:36:881 - [35m[Appium][39m   In previous versions (Appium <= 1.13.x), the default was 
2020-05-20 23:14:36:881 - [35m[Appium][39m   'automationName=UiAutomator1'
2020-05-20 23:14:36:881 - [35m[Appium][39m 
2020-05-20 23:14:36:881 - [35m[Appium][39m   If you wish to use that automation instead of UiAutomator2, please 
2020-05-20 23:14:36:882 - [35m[Appium][39m   add 'automationName=UiAutomator1' to your desired capabilities
2020-05-20 23:14:36:882 - [35m[Appium][39m 
2020-05-20 23:14:36:882 - [35m[Appium][39m   For more information about drivers, please visit 
2020-05-20 23:14:36:882 - [35m[Appium][39m   http://appium.io/docs/en/about-appium/intro/ and explore the 
2020-05-20 23:14:36:882 - [35m[Appium][39m   'Drivers' menu
2020-05-20 23:14:36:882 - [35m[Appium][39m 
2020-05-20 23:14:36:882 - [35m[Appium][39m ======================================================================
2020-05-20 23:14:36:882 - [35m[Appium][39m 
2020-05-20 23:14:37:122 - [35m[Appium][39m Appium v1.14.1 creating new AndroidUiautomator2Driver (v1.34.0) session
2020-05-20 23:14:37:123 - [35m[Appium][39m Capabilities:
2020-05-20 23:14:37:123 - [35m[Appium][39m   platformName: Android
2020-05-20 23:14:37:123 - [35m[Appium][39m   udid: 5483e9c3
2020-05-20 23:14:37:123 - [35m[Appium][39m   deviceName: 5483e9c3
2020-05-20 23:14:37:123 - [35m[Appium][39m   appPackage: com.xueqiu.android
2020-05-20 23:14:37:123 - [35m[Appium][39m   platformVersion: 7.1.2
2020-05-20 23:14:37:123 - [35m[Appium][39m   appActivity: .view.WelcomeActivityAlias
2020-05-20 23:14:37:124 - [35m[Appium][39m   unicodeKeyboard: true
2020-05-20 23:14:37:124 - [35m[Appium][39m   resetKeyboard: true
2020-05-20 23:14:37:124 - [35m[Appium][39m   newCommandTimeout: 120
2020-05-20 23:14:37:124 - [35m[Appium][39m   systemPort: 6725
2020-05-20 23:14:37:124 - [35m[Appium][39m   noReset: true
2020-05-20 23:14:37:124 - [35m[Appium][39m   autoGrantPermissions: true
2020-05-20 23:14:37:126 - [debug] [35m[BaseDriver][39m W3C capabilities and MJSONWP desired capabilities were provided
2020-05-20 23:14:37:127 - [debug] [35m[BaseDriver][39m Creating session with W3C capabilities: {
2020-05-20 23:14:37:127 - [debug] [35m[BaseDriver][39m   "alwaysMatch": {
2020-05-20 23:14:37:127 - [debug] [35m[BaseDriver][39m     "platformName": "Android",
2020-05-20 23:14:37:127 - [debug] [35m[BaseDriver][39m     "appium:udid": "5483e9c3",
2020-05-20 23:14:37:127 - [debug] [35m[BaseDriver][39m     "appium:deviceName": "5483e9c3",
2020-05-20 23:14:37:127 - [debug] [35m[BaseDriver][39m     "appium:appPackage": "com.xueqiu.android",
2020-05-20 23:14:37:127 - [debug] [35m[BaseDriver][39m     "appium:platformVersion": "7.1.2",
2020-05-20 23:14:37:127 - [debug] [35m[BaseDriver][39m     "appium:appActivity": ".view.WelcomeActivityAlias",
2020-05-20 23:14:37:128 - [debug] [35m[BaseDriver][39m     "appium:unicodeKeyboard": true,
2020-05-20 23:14:37:128 - [debug] [35m[BaseDriver][39m     "appium:resetKeyboard": true,
2020-05-20 23:14:37:128 - [debug] [35m[BaseDriver][39m     "appium:newCommandTimeout": 120,
2020-05-20 23:14:37:128 - [debug] [35m[BaseDriver][39m     "appium:systemPort": 6725,
2020-05-20 23:14:37:128 - [debug] [35m[BaseDriver][39m     "appium:noReset": true,
2020-05-20 23:14:37:128 - [debug] [35m[BaseDriver][39m     "appium:autoGrantPermissions": true
2020-05-20 23:14:37:128 - [debug] [35m[BaseDriver][39m   },
2020-05-20 23:14:37:128 - [debug] [35m[BaseDriver][39m   "firstMatch": [
2020-05-20 23:14:37:128 - [debug] [35m[BaseDriver][39m     {}
2020-05-20 23:14:37:129 - [debug] [35m[BaseDriver][39m   ]
2020-05-20 23:14:37:129 - [debug] [35m[BaseDriver][39m }
2020-05-20 23:14:37:137 - [35m[BaseDriver][39m Session created with session id: 11dd638a-e7e2-4927-8697-63c796aa6feb
2020-05-20 23:14:37:186 - [35m[ADB][39m Found 42 'build-tools' folders under '/Users/tangyao/Android/sdk' (newest first):
2020-05-20 23:14:37:186 - [35m[ADB][39m     /Users/tangyao/Android/sdk/build-tools/30.0.0-rc2
2020-05-20 23:14:37:186 - [35m[ADB][39m     /Users/tangyao/Android/sdk/build-tools/29.0.2
2020-05-20 23:14:37:186 - [35m[ADB][39m     /Users/tangyao/Android/sdk/build-tools/29.0.0-rc2
2020-05-20 23:14:37:186 - [35m[ADB][39m     /Users/tangyao/Android/sdk/build-tools/28.0.3
2020-05-20 23:14:37:186 - [35m[ADB][39m     /Users/tangyao/Android/sdk/build-tools/28.0.2
2020-05-20 23:14:37:186 - [35m[ADB][39m     /Users/tangyao/Android/sdk/build-tools/28.0.1
2020-05-20 23:14:37:187 - [35m[ADB][39m     /Users/tangyao/Android/sdk/build-tools/28.0.0
2020-05-20 23:14:37:187 - [35m[ADB][39m     /Users/tangyao/Android/sdk/build-tools/28.0.0-rc2
2020-05-20 23:14:37:187 - [35m[ADB][39m     /Users/tangyao/Android/sdk/build-tools/28.0.0-rc1
2020-05-20 23:14:37:187 - [35m[ADB][39m     /Users/tangyao/Android/sdk/build-tools/27.0.3
2020-05-20 23:14:37:187 - [35m[ADB][39m     /Users/tangyao/Android/sdk/build-tools/26.0.1
2020-05-20 23:14:37:187 - [35m[ADB][39m     /Users/tangyao/Android/sdk/build-tools/26.0.0
2020-05-20 23:14:37:187 - [35m[ADB][39m     /Users/tangyao/Android/sdk/build-tools/25.0.3
2020-05-20 23:14:37:187 - [35m[ADB][39m     /Users/tangyao/Android/sdk/build-tools/25.0.2
2020-05-20 23:14:37:187 - [35m[ADB][39m     /Users/tangyao/Android/sdk/build-tools/25.0.1
2020-05-20 23:14:37:188 - [35m[ADB][39m     /Users/tangyao/Android/sdk/build-tools/25.0.0
2020-05-20 23:14:37:188 - [35m[ADB][39m     /Users/tangyao/Android/sdk/build-tools/24.0.3
2020-05-20 23:14:37:188 - [35m[ADB][39m     /Users/tangyao/Android/sdk/build-tools/24.0.2
2020-05-20 23:14:37:188 - [35m[ADB][39m     /Users/tangyao/Android/sdk/build-tools/24.0.1
2020-05-20 23:14:37:188 - [35m[ADB][39m     /Users/tangyao/Android/sdk/build-tools/24.0.0
2020-05-20 23:14:37:189 - [35m[ADB][39m     /Users/tangyao/Android/sdk/build-tools/23.0.3
2020-05-20 23:14:37:189 - [35m[ADB][39m     /Users/tangyao/Android/sdk/build-tools/23.0.2
2020-05-20 23:14:37:189 - [35m[ADB][39m     /Users/tangyao/Android/sdk/build-tools/23.0.1
2020-05-20 23:14:37:189 - [35m[ADB][39m     /Users/tangyao/Android/sdk/build-tools/23.0.0
2020-05-20 23:14:37:189 - [35m[ADB][39m     /Users/tangyao/Android/sdk/build-tools/22.0.1
2020-05-20 23:14:37:189 - [35m[ADB][39m     /Users/tangyao/Android/sdk/build-tools/22.0.0
2020-05-20 23:14:37:189 - [35m[ADB][39m     /Users/tangyao/Android/sdk/build-tools/21.1.2
2020-05-20 23:14:37:189 - [35m[ADB][39m     /Users/tangyao/Android/sdk/build-tools/21.1.1
2020-05-20 23:14:37:190 - [35m[ADB][39m     /Users/tangyao/Android/sdk/build-tools/21.1.0
2020-05-20 23:14:37:190 - [35m[ADB][39m     /Users/tangyao/Android/sdk/build-tools/21.0.2
2020-05-20 23:14:37:191 - [35m[ADB][39m     /Users/tangyao/Android/sdk/build-tools/21.0.1
2020-05-20 23:14:37:191 - [35m[ADB][39m     /Users/tangyao/Android/sdk/build-tools/21.0.0
2020-05-20 23:14:37:191 - [35m[ADB][39m     /Users/tangyao/Android/sdk/build-tools/20.0.0
2020-05-20 23:14:37:191 - [35m[ADB][39m     /Users/tangyao/Android/sdk/build-tools/19.1.0
2020-05-20 23:14:37:198 - [35m[ADB][39m     /Users/tangyao/Android/sdk/build-tools/19.0.3
2020-05-20 23:14:37:198 - [35m[ADB][39m     /Users/tangyao/Android/sdk/build-tools/19.0.2
2020-05-20 23:14:37:199 - [35m[ADB][39m     /Users/tangyao/Android/sdk/build-tools/19.0.1
2020-05-20 23:14:37:199 - [35m[ADB][39m     /Users/tangyao/Android/sdk/build-tools/19.0.0
2020-05-20 23:14:37:199 - [35m[ADB][39m     /Users/tangyao/Android/sdk/build-tools/18.1.1
2020-05-20 23:14:37:199 - [35m[ADB][39m     /Users/tangyao/Android/sdk/build-tools/18.1.0
2020-05-20 23:14:37:199 - [35m[ADB][39m     /Users/tangyao/Android/sdk/build-tools/18.0.1
2020-05-20 23:14:37:199 - [35m[ADB][39m     /Users/tangyao/Android/sdk/build-tools/17.0.0
2020-05-20 23:14:37:239 - [35m[ADB][39m Using 'adb' from '/Users/tangyao/Android/sdk/platform-tools/adb'
2020-05-20 23:14:37:239 - [35m[AndroidDriver][39m Retrieving device list
2020-05-20 23:14:37:240 - [debug] [35m[ADB][39m Trying to find a connected android device
2020-05-20 23:14:37:240 - [debug] [35m[ADB][39m Getting connected devices...
2020-05-20 23:14:37:278 - [debug] [35m[ADB][39m 2 device(s) connected
2020-05-20 23:14:37:278 - [35m[AndroidDriver][39m Using device: 5483e9c3
2020-05-20 23:14:37:280 - [35m[ADB][39m Using 'adb' from '/Users/tangyao/Android/sdk/platform-tools/adb'
2020-05-20 23:14:37:280 - [debug] [35m[ADB][39m Setting device id to 5483e9c3
2020-05-20 23:14:37:281 - [debug] [35m[ADB][39m Running '/Users/tangyao/Android/sdk/platform-tools/adb -P 5037 -s 5483e9c3 shell getprop ro.build.version.sdk'
2020-05-20 23:14:37:352 - [debug] [35m[ADB][39m Current device property 'ro.build.version.sdk': 29
2020-05-20 23:14:37:353 - [debug] [35m[ADB][39m Device API level: 29
2020-05-20 23:14:37:353 - [35m[UiAutomator2][39m Relaxing hidden api policy
2020-05-20 23:14:37:354 - [debug] [35m[ADB][39m Running '/Users/tangyao/Android/sdk/platform-tools/adb -P 5037 -s 5483e9c3 shell settings put global hidden_api_policy_pre_p_apps 1'
2020-05-20 23:14:37:466 - [debug] [35m[ADB][39m Running '/Users/tangyao/Android/sdk/platform-tools/adb -P 5037 -s 5483e9c3 shell settings put global hidden_api_policy_p_apps 1'
2020-05-20 23:14:37:562 - [debug] [35m[ADB][39m Running '/Users/tangyao/Android/sdk/platform-tools/adb -P 5037 -s 5483e9c3 shell settings put global hidden_api_policy 1'
2020-05-20 23:14:37:680 - [35m[AndroidDriver][39m No app sent in, not parsing package/activity
2020-05-20 23:14:37:683 - [debug] [35m[ADB][39m Running '/Users/tangyao/Android/sdk/platform-tools/adb -P 5037 -s 5483e9c3 wait-for-device'
2020-05-20 23:14:37:693 - [debug] [35m[ADB][39m Running '/Users/tangyao/Android/sdk/platform-tools/adb -P 5037 -s 5483e9c3 shell echo ping'
2020-05-20 23:14:37:747 - [debug] [35m[AndroidDriver][39m Pushing settings apk to device...
2020-05-20 23:14:37:748 - [debug] [35m[ADB][39m Getting install status for io.appium.settings
2020-05-20 23:14:37:748 - [debug] [35m[ADB][39m Running '/Users/tangyao/Android/sdk/platform-tools/adb -P 5037 -s 5483e9c3 shell dumpsys package io.appium.settings'
2020-05-20 23:14:37:845 - [debug] [35m[ADB][39m 'io.appium.settings' is installed
2020-05-20 23:14:37:846 - [debug] [35m[ADB][39m Getting package info for 'io.appium.settings'
2020-05-20 23:14:37:846 - [debug] [35m[ADB][39m Running '/Users/tangyao/Android/sdk/platform-tools/adb -P 5037 -s 5483e9c3 shell dumpsys package io.appium.settings'
2020-05-20 23:14:37:954 - [35m[ADB][39m Using 'apkanalyzer' from '/Users/tangyao/Android/sdk/tools/bin/apkanalyzer'
2020-05-20 23:14:37:954 - [debug] [35m[ADB][39m Starting '/Users/tangyao/Android/sdk/tools/bin/apkanalyzer' with args ["manifest","print","/usr/local/lib/node_modules/appium/node_modules/_io.appium.settings@2.14.1@io.appium.settings/apks/settings_apk-debug.apk"]
2020-05-20 23:14:40:965 - [debug] [35m[ADB][39m The version name of the installed 'io.appium.settings' is greater or equal to the application version name ('2.14.1' >= '2.14.1')
2020-05-20 23:14:40:966 - [debug] [35m[ADB][39m There is no need to install/upgrade '/usr/local/lib/node_modules/appium/node_modules/_io.appium.settings@2.14.1@io.appium.settings/apks/settings_apk-debug.apk'
2020-05-20 23:14:40:967 - [debug] [35m[ADB][39m Getting IDs of all 'io.appium.settings' processes
2020-05-20 23:14:40:967 - [debug] [35m[ADB][39m Running '/Users/tangyao/Android/sdk/platform-tools/adb -P 5037 -s 5483e9c3 shell 'pgrep --help; echo $?''
2020-05-20 23:14:41:049 - [debug] [35m[ADB][39m Running '/Users/tangyao/Android/sdk/platform-tools/adb -P 5037 -s 5483e9c3 shell pgrep -f io\.appium\.settings'
2020-05-20 23:14:41:160 - [debug] [35m[AndroidDriver][39m io.appium.settings is already running. There is no need to reset its permissions.
2020-05-20 23:14:41:161 - [debug] [35m[ADB][39m Running '/Users/tangyao/Android/sdk/platform-tools/adb -P 5037 -s 5483e9c3 shell appops set io.appium.settings android\:mock_location allow'
2020-05-20 23:14:41:264 - [debug] [35m[Logcat][39m Starting logcat capture
2020-05-20 23:14:41:320 - [debug] [35m[AndroidDriver][39m Enabling Unicode keyboard support
2020-05-20 23:14:41:321 - [debug] [35m[ADB][39m Running '/Users/tangyao/Android/sdk/platform-tools/adb -P 5037 -s 5483e9c3 shell settings get secure default_input_method'
2020-05-20 23:14:41:394 - [debug] [35m[AndroidDriver][39m Unsetting previous IME io.appium.settings/.UnicodeIME
2020-05-20 23:14:41:394 - [debug] [35m[AndroidDriver][39m Setting IME to 'io.appium.settings/.UnicodeIME'
2020-05-20 23:14:41:395 - [debug] [35m[ADB][39m Running '/Users/tangyao/Android/sdk/platform-tools/adb -P 5037 -s 5483e9c3 shell ime enable io.appium.settings/.UnicodeIME'
2020-05-20 23:14:41:468 - [debug] [35m[ADB][39m Running '/Users/tangyao/Android/sdk/platform-tools/adb -P 5037 -s 5483e9c3 shell ime set io.appium.settings/.UnicodeIME'
2020-05-20 23:14:41:543 - [debug] [35m[ADB][39m Getting install status for io.appium.uiautomator2.server
2020-05-20 23:14:41:544 - [debug] [35m[ADB][39m Running '/Users/tangyao/Android/sdk/platform-tools/adb -P 5037 -s 5483e9c3 shell dumpsys package io.appium.uiautomator2.server'
2020-05-20 23:14:41:615 - [debug] [35m[ADB][39m 'io.appium.uiautomator2.server' is installed
2020-05-20 23:14:41:615 - [debug] [35m[ADB][39m Getting package info for 'io.appium.uiautomator2.server'
2020-05-20 23:14:41:616 - [debug] [35m[ADB][39m Running '/Users/tangyao/Android/sdk/platform-tools/adb -P 5037 -s 5483e9c3 shell dumpsys package io.appium.uiautomator2.server'
2020-05-20 23:14:41:683 - [debug] [35m[ADB][39m Starting '/Users/tangyao/Android/sdk/tools/bin/apkanalyzer' with args ["manifest","print","/usr/local/lib/node_modules/appium/node_modules/_appium-uiautomator2-server@3.8.1@appium-uiautomator2-server/apks/appium-uiautomator2-server-v3.8.1.apk"]
2020-05-20 23:14:44:411 - [debug] [35m[ADB][39m The version name of the installed 'io.appium.uiautomator2.server' is greater or equal to the application version name ('3.8.1' >= '3.8.1')
2020-05-20 23:14:44:411 - [debug] [35m[UiAutomator2][39m io.appium.uiautomator2.server installation state: sameVersionInstalled
2020-05-20 23:14:44:412 - [debug] [35m[ADB][39m Checking app cert for /usr/local/lib/node_modules/appium/node_modules/_appium-uiautomator2-server@3.8.1@appium-uiautomator2-server/apks/appium-uiautomator2-server-v3.8.1.apk
2020-05-20 23:14:44:413 - [35m[ADB][39m Using 'apksigner' from '/Users/tangyao/Android/sdk/build-tools/30.0.0-rc2/apksigner'
2020-05-20 23:14:44:413 - [debug] [35m[ADB][39m Starting '/Users/tangyao/Android/sdk/build-tools/30.0.0-rc2/apksigner' with args '["verify","--print-certs","/usr/local/lib/node_modules/appium/node_modules/_appium-uiautomator2-server@3.8.1@appium-uiautomator2-server/apks/appium-uiautomator2-server-v3.8.1.apk"]'
2020-05-20 23:14:44:590 - [35m[ADB][39m Got an error during apksigner execution: Command '/Users/tangyao/Android/sdk/build-tools/30.0.0-rc2/apksigner verify --print-certs /usr/local/lib/node_modules/appium/node_modules/_appium-uiautomator2-server\@3.8.1\@appium-uiautomator2-server/apks/appium-uiautomator2-server-v3.8.1.apk' exited with code 1
2020-05-20 23:14:44:590 - [35m[ADB][39m apksigner stderr: Error: A JNI error has occurred, please check your installation and try again
2020-05-20 23:14:44:591 - [35m[ADB][39m Exception in thread "main" java.lang.UnsupportedClassVersionError: com/android/apksigner/ApkSignerTool has been compiled by a more recent version of the Java Runtime (class file version 53.0), this version of the Java Runtime only recognizes class file versions up to 52.0
2020-05-20 23:14:44:591 - [35m[ADB][39m 	at java.lang.ClassLoader.defineClass1(Native Method)
2020-05-20 23:14:44:591 - [35m[ADB][39m 	at java.lang.ClassLoader.defineClass(ClassLoader.java:763)
2020-05-20 23:14:44:591 - [35m[ADB][39m 	at java.security.SecureClassLoader.defineClass(SecureClassLoader.java:142)
2020-05-20 23:14:44:591 - [35m[ADB][39m 	at java.net.URLClassLoader.defineClass(URLClassLoader.java:467)
2020-05-20 23:14:44:591 - [35m[ADB][39m 	at java.net.URLClassLoader.access$100(URLClassLoader.java:73)
2020-05-20 23:14:44:591 - [35m[ADB][39m 	at java.net.URLClassLoader$1.run(URLClassLoader.java:368)
2020-05-20 23:14:44:591 - [35m[ADB][39m 	at java.net.URLClassLoader$1.run(URLClassLoader.java:362)
2020-05-20 23:14:44:591 - [35m[ADB][39m 	at java.security.AccessController.doPrivileged(Native Method)
2020-05-20 23:14:44:592 - [35m[ADB][39m 	at java.net.URLClassLoader.findClass(URLClassLoader.java:361)
2020-05-20 23:14:44:592 - [35m[ADB][39m 	at java.lang.ClassLoader.loadClass(ClassLoader.java:424)
2020-05-20 23:14:44:592 - [35m[ADB][39m 	at sun.misc.Launcher$AppClassLoader.loadClass(Launcher.java:349)
2020-05-20 23:14:44:592 - [35m[ADB][39m 	at java.lang.ClassLoader.loadClass(ClassLoader.java:357)
2020-05-20 23:14:44:592 - [35m[ADB][39m 	at sun.launcher.LauncherHelper.checkAndLoadMain(LauncherHelper.java:495)
2020-05-20 23:14:44:592 - [35m[ADB][39m 
2020-05-20 23:14:44:592 - [35m[ADB][39m Cannot use apksigner tool for signature verification. Original error: Command '/Users/tangyao/Android/sdk/build-tools/30.0.0-rc2/apksigner verify --print-certs /usr/local/lib/node_modules/appium/node_modules/_appium-uiautomator2-server\@3.8.1\@appium-uiautomator2-server/apks/appium-uiautomator2-server-v3.8.1.apk' exited with code 1
2020-05-20 23:14:44:592 - [debug] [35m[ADB][39m Defaulting to verify.jar
2020-05-20 23:14:45:012 - [debug] [35m[ADB][39m '/usr/local/lib/node_modules/appium/node_modules/_appium-uiautomator2-server@3.8.1@appium-uiautomator2-server/apks/appium-uiautomator2-server-v3.8.1.apk' is already signed.
2020-05-20 23:14:45:012 - [debug] [35m[ADB][39m Getting install status for io.appium.uiautomator2.server.test
2020-05-20 23:14:45:013 - [debug] [35m[ADB][39m Running '/Users/tangyao/Android/sdk/platform-tools/adb -P 5037 -s 5483e9c3 shell dumpsys package io.appium.uiautomator2.server.test'
2020-05-20 23:14:45:131 - [debug] [35m[ADB][39m 'io.appium.uiautomator2.server.test' is installed
2020-05-20 23:14:45:132 - [debug] [35m[ADB][39m Checking app cert for /usr/local/lib/node_modules/appium/node_modules/_appium-uiautomator2-server@3.8.1@appium-uiautomator2-server/apks/appium-uiautomator2-server-debug-androidTest.apk
2020-05-20 23:14:45:132 - [debug] [35m[ADB][39m Starting '/Users/tangyao/Android/sdk/build-tools/30.0.0-rc2/apksigner' with args '["verify","--print-certs","/usr/local/lib/node_modules/appium/node_modules/_appium-uiautomator2-server@3.8.1@appium-uiautomator2-server/apks/appium-uiautomator2-server-debug-androidTest.apk"]'
2020-05-20 23:14:45:331 - [35m[ADB][39m Got an error during apksigner execution: Command '/Users/tangyao/Android/sdk/build-tools/30.0.0-rc2/apksigner verify --print-certs /usr/local/lib/node_modules/appium/node_modules/_appium-uiautomator2-server\@3.8.1\@appium-uiautomator2-server/apks/appium-uiautomator2-server-debug-androidTest.apk' exited with code 1
2020-05-20 23:14:45:331 - [35m[ADB][39m apksigner stderr: Error: A JNI error has occurred, please check your installation and try again
2020-05-20 23:14:45:331 - [35m[ADB][39m Exception in thread "main" java.lang.UnsupportedClassVersionError: com/android/apksigner/ApkSignerTool has been compiled by a more recent version of the Java Runtime (class file version 53.0), this version of the Java Runtime only recognizes class file versions up to 52.0
2020-05-20 23:14:45:332 - [35m[ADB][39m 	at java.lang.ClassLoader.defineClass1(Native Method)
2020-05-20 23:14:45:332 - [35m[ADB][39m 	at java.lang.ClassLoader.defineClass(ClassLoader.java:763)
2020-05-20 23:14:45:332 - [35m[ADB][39m 	at java.security.SecureClassLoader.defineClass(SecureClassLoader.java:142)
2020-05-20 23:14:45:332 - [35m[ADB][39m 	at java.net.URLClassLoader.defineClass(URLClassLoader.java:467)
2020-05-20 23:14:45:332 - [35m[ADB][39m 	at java.net.URLClassLoader.access$100(URLClassLoader.java:73)
2020-05-20 23:14:45:332 - [35m[ADB][39m 	at java.net.URLClassLoader$1.run(URLClassLoader.java:368)
2020-05-20 23:14:45:332 - [35m[ADB][39m 	at java.net.URLClassLoader$1.run(URLClassLoader.java:362)
2020-05-20 23:14:45:332 - [35m[ADB][39m 	at java.security.AccessController.doPrivileged(Native Method)
2020-05-20 23:14:45:333 - [35m[ADB][39m 	at java.net.URLClassLoader.findClass(URLClassLoader.java:361)
2020-05-20 23:14:45:333 - [35m[ADB][39m 	at java.lang.ClassLoader.loadClass(ClassLoader.java:424)
2020-05-20 23:14:45:333 - [35m[ADB][39m 	at sun.misc.Launcher$AppClassLoader.loadClass(Launcher.java:349)
2020-05-20 23:14:45:333 - [35m[ADB][39m 	at java.lang.ClassLoader.loadClass(ClassLoader.java:357)
2020-05-20 23:14:45:333 - [35m[ADB][39m 	at sun.launcher.LauncherHelper.checkAndLoadMain(LauncherHelper.java:495)
2020-05-20 23:14:45:333 - [35m[ADB][39m 
2020-05-20 23:14:45:333 - [35m[ADB][39m Cannot use apksigner tool for signature verification. Original error: Command '/Users/tangyao/Android/sdk/build-tools/30.0.0-rc2/apksigner verify --print-certs /usr/local/lib/node_modules/appium/node_modules/_appium-uiautomator2-server\@3.8.1\@appium-uiautomator2-server/apks/appium-uiautomator2-server-debug-androidTest.apk' exited with code 1
2020-05-20 23:14:45:333 - [debug] [35m[ADB][39m Defaulting to verify.jar
2020-05-20 23:14:45:695 - [debug] [35m[ADB][39m '/usr/local/lib/node_modules/appium/node_modules/_appium-uiautomator2-server@3.8.1@appium-uiautomator2-server/apks/appium-uiautomator2-server-debug-androidTest.apk' is already signed.
2020-05-20 23:14:45:695 - [35m[UiAutomator2][39m Server packages are not going to be (re)installed
2020-05-20 23:14:45:696 - [debug] [35m[UiAutomator2][39m Waiting up to 30000ms for services to be available
2020-05-20 23:14:45:696 - [debug] [35m[ADB][39m Running '/Users/tangyao/Android/sdk/platform-tools/adb -P 5037 -s 5483e9c3 shell pm list instrumentation'
2020-05-20 23:14:45:824 - [debug] [35m[UiAutomator2][39m Instrumentation target 'io.appium.uiautomator2.server.test/androidx.test.runner.AndroidJUnitRunner' is available
2020-05-20 23:14:45:824 - [debug] [35m[UiAutomator2][39m Forwarding UiAutomator2 Server port 6790 to 6725
2020-05-20 23:14:45:824 - [debug] [35m[ADB][39m Forwarding system: 6725 to device: 6790
2020-05-20 23:14:45:825 - [debug] [35m[ADB][39m Running '/Users/tangyao/Android/sdk/platform-tools/adb -P 5037 -s 5483e9c3 forward tcp\:6725 tcp\:6790'
2020-05-20 23:14:45:837 - [debug] [35m[UiAutomator2][39m No app capability. Assuming it is already on the device
2020-05-20 23:14:45:838 - [debug] [35m[UiAutomator2][39m Performing shallow cleanup of automation leftovers
2020-05-20 23:14:45:878 - [debug] [35m[UiAutomator2][39m No obsolete sessions have been detected (Error: socket hang up)
2020-05-20 23:14:45:879 - [debug] [35m[ADB][39m Running '/Users/tangyao/Android/sdk/platform-tools/adb -P 5037 -s 5483e9c3 shell am force-stop io.appium.uiautomator2.server.test'
2020-05-20 23:14:46:013 - [35m[UiAutomator2][39m Starting UIAutomator2 server 3.8.1
2020-05-20 23:14:46:013 - [35m[UiAutomator2][39m Using UIAutomator2 server from '/usr/local/lib/node_modules/appium/node_modules/_appium-uiautomator2-server@3.8.1@appium-uiautomator2-server/apks/appium-uiautomator2-server-v3.8.1.apk' and test from '/usr/local/lib/node_modules/appium/node_modules/_appium-uiautomator2-server@3.8.1@appium-uiautomator2-server/apks/appium-uiautomator2-server-debug-androidTest.apk'
2020-05-20 23:14:46:014 - [35m[UiAutomator2][39m Waiting up to 30000ms for UiAutomator2 to be online...
2020-05-20 23:14:46:014 - [debug] [35m[ADB][39m Creating ADB subprocess with args: ["-P",5037,"-s","5483e9c3","shell","am","instrument","-w","io.appium.uiautomator2.server.test/androidx.test.runner.AndroidJUnitRunner"]
2020-05-20 23:14:47:025 - [debug] [35m[WD Proxy][39m Matched '/status' to command name 'getStatus'
2020-05-20 23:14:47:026 - [debug] [35m[WD Proxy][39m Proxying [GET /status] to [GET http://localhost:6725/wd/hub/status] with no body
2020-05-20 23:14:47:037 - [35m[WD Proxy][39m Got an unexpected response: {"code":"ECONNRESET"}
2020-05-20 23:14:47:046 - [debug] [35m[Instrumentation][39m io.appium.uiautomator2.server.test.AppiumUiAutomator2Server:
2020-05-20 23:14:48:044 - [debug] [35m[WD Proxy][39m Matched '/status' to command name 'getStatus'
2020-05-20 23:14:48:045 - [debug] [35m[WD Proxy][39m Proxying [GET /status] to [GET http://localhost:6725/wd/hub/status] with no body
2020-05-20 23:14:48:063 - [35m[WD Proxy][39m Got an unexpected response: {"code":"ECONNRESET"}
2020-05-20 23:14:49:065 - [debug] [35m[WD Proxy][39m Matched '/status' to command name 'getStatus'
2020-05-20 23:14:49:066 - [debug] [35m[WD Proxy][39m Proxying [GET /status] to [GET http://localhost:6725/wd/hub/status] with no body
2020-05-20 23:14:49:151 - [debug] [35m[WD Proxy][39m Got response with status 200: {"sessionId":"None","status":0,"value":"Status Invoked"}
2020-05-20 23:14:49:151 - [debug] [35m[WD Proxy][39m Determined the downstream protocol as 'MJSONWP'
2020-05-20 23:14:49:151 - [debug] [35m[UiAutomator2][39m The initialization of the instrumentation process took 3138ms
2020-05-20 23:14:49:152 - [debug] [35m[WD Proxy][39m Matched '/session' to command name 'createSession'
2020-05-20 23:14:49:152 - [debug] [35m[WD Proxy][39m Proxying [POST /session] to [POST http://localhost:6725/wd/hub/session] with body: {"desiredCapabilities":{"platform":"LINUX","webStorageEnabled":false,"takesScreenshot":true,"javascriptEnabled":true,"databaseEnabled":false,"networkConnectionEnabled":true,"locationContextEnabled":false,"warnings":{},"desired":{"platformName":"Android","udid":"5483e9c3","deviceName":"5483e9c3","appPackage":"com.xueqiu.android","platformVersion":"7.1.2","appActivity":".view.WelcomeActivityAlias","unicodeKeyboard":true,"resetKeyboard":true,"newCommandTimeout":120,"systemPort":6725,"noReset":true,"autoGrantPermissions":true},"platformName":"Android","udid":"5483e9c3","deviceName":"5483e9c3","appPackage":"com.xueqiu.android","platformVersion":"7.1.2","appActivity":".view.WelcomeActivityAlias","unicodeKeyboard":true,"resetKeyboard":true,"newCommandTimeout":120,"systemPort":6725,"noReset":true,"autoGrantPermissions":true,"deviceUDID":"5483e9c3"}}
2020-05-20 23:14:49:205 - [debug] [35m[WD Proxy][39m Got response with status 200: {"sessionId":"5eb12418-8b1d-4bff-9912-a19c64e6cacb","status":0,"value":"Created Session"}
2020-05-20 23:14:49:205 - [debug] [35m[WD Proxy][39m Determined the downstream protocol as 'MJSONWP' per session creation request
2020-05-20 23:14:49:218 - [debug] [35m[WD Proxy][39m Proxying [GET /appium/device/info] to [GET http://localhost:6725/wd/hub/session/5eb12418-8b1d-4bff-9912-a19c64e6cacb/appium/device/info] with no body
2020-05-20 23:14:49:292 - [debug] [35m[WD Proxy][39m Got response with status 200: {"sessionId":"5eb12418-8b1d-4bff-9912-a19c64e6cacb","status":0,"value":{"androidId":"405f120cdfa7799f","manufacturer":"Xiaomi","model":"MI 8","brand":"Xiaomi","apiVersion":"29","platformVersion":"10","carrierName":"","realDisplaySize":"1080x2248","displayDensity":440,"networks":[{"type":1,"typeName":"WIFI","subtype":0,"subtypeName":"","isConnected":true,"detailedState":"CONNECTED","state":"CONNECTED","extraInfo":null,"isAvailable":true,"isFailover":false,"isRoaming":false,"capabilities":{"transportTypes":"NET_CAPABILITY_SUPL","networkCapabilities":"","linkUpstreamBandwidthKbps":1048576,"linkDownBandwidthKbps":1048576,"signalStrength":-44,"networkSpecifier":null,"SSID":null}}],"locale":"zh_CN","timeZone":"Asia\/Shanghai"}}
2020-05-20 23:14:49:293 - [debug] [35m[ADB][39m Running '/Users/tangyao/Android/sdk/platform-tools/adb -P 5037 -s 5483e9c3 shell dumpsys window'
2020-05-20 23:14:49:411 - [35m[AndroidDriver][39m Screen already unlocked, doing nothing
2020-05-20 23:14:49:412 - [35m[UiAutomator2][39m UiAutomator2 did not start the activity we were waiting for, 'com.xueqiu.android/.view.WelcomeActivityAlias'. Starting it ourselves
2020-05-20 23:14:49:413 - [debug] [35m[ADB][39m Running '/Users/tangyao/Android/sdk/platform-tools/adb -P 5037 -s 5483e9c3 shell am start -W -n com.xueqiu.android/.view.WelcomeActivityAlias -S -a android.intent.action.MAIN -c android.intent.category.LAUNCHER -f 0x10200000'
2020-05-20 23:14:50:157 - [debug] [35m[WD Proxy][39m Proxying [GET /appium/device/pixel_ratio] to [GET http://localhost:6725/wd/hub/session/5eb12418-8b1d-4bff-9912-a19c64e6cacb/appium/device/pixel_ratio] with body: {}
2020-05-20 23:14:50:175 - [debug] [35m[WD Proxy][39m Got response with status 200: {"sessionId":"5eb12418-8b1d-4bff-9912-a19c64e6cacb","status":0,"value":2.75}
2020-05-20 23:14:50:177 - [debug] [35m[WD Proxy][39m Matched '/appium/device/system_bars' to command name 'getSystemBars'
2020-05-20 23:14:50:177 - [debug] [35m[WD Proxy][39m Proxying [GET /appium/device/system_bars] to [GET http://localhost:6725/wd/hub/session/5eb12418-8b1d-4bff-9912-a19c64e6cacb/appium/device/system_bars] with body: {}
2020-05-20 23:14:50:189 - [debug] [35m[WD Proxy][39m Got response with status 200: {"sessionId":"5eb12418-8b1d-4bff-9912-a19c64e6cacb","status":0,"value":{"statusBar":89}}
2020-05-20 23:14:50:190 - [debug] [35m[WD Proxy][39m Matched '/window/current/size' to command name 'getWindowSize'
2020-05-20 23:14:50:190 - [debug] [35m[WD Proxy][39m Proxying [GET /window/current/size] to [GET http://localhost:6725/wd/hub/session/5eb12418-8b1d-4bff-9912-a19c64e6cacb/window/current/size] with body: {}
2020-05-20 23:14:50:201 - [debug] [35m[WD Proxy][39m Got response with status 200: {"sessionId":"5eb12418-8b1d-4bff-9912-a19c64e6cacb","status":0,"value":{"height":2029,"width":1080}}
2020-05-20 23:14:50:201 - [35m[Appium][39m New AndroidUiautomator2Driver session created successfully, session 11dd638a-e7e2-4927-8697-63c796aa6feb added to master session list
2020-05-20 23:14:50:202 - [debug] [35m[BaseDriver][39m Event 'newSessionStarted' logged at 1589987690202 (23:14:50 GMT+0800 (China Standard Time))
2020-05-20 23:14:50:203 - [debug] [35m[W3C (11dd638a)][39m Cached the protocol value 'W3C' for the new session 11dd638a-e7e2-4927-8697-63c796aa6feb
2020-05-20 23:14:50:204 - [debug] [35m[W3C (11dd638a)][39m Responding to client with driver.createSession() result: {"capabilities":{"platform":"LINUX","webStorageEnabled":false,"takesScreenshot":true,"javascriptEnabled":true,"databaseEnabled":false,"networkConnectionEnabled":true,"locationContextEnabled":false,"warnings":{},"desired":{"platformName":"Android","udid":"5483e9c3","deviceName":"5483e9c3","appPackage":"com.xueqiu.android","platformVersion":"7.1.2","appActivity":".view.WelcomeActivityAlias","unicodeKeyboard":true,"resetKeyboard":true,"newCommandTimeout":120,"systemPort":6725,"noReset":true,"autoGrantPermissions":true},"platformName":"Android","udid":"5483e9c3","deviceName":"5483e9c3","appPackage":"com.xueqiu.android","platformVersion":"10","appActivity":".view.WelcomeActivityAlias","unicodeKeyboard":true,"resetKeyboard":true,"newCommandTimeout":120,"systemPort":6725,"noReset":true,"autoGrantPermissions":true,"deviceUDID":"5483e9c3","deviceApiLevel":29,"deviceScreenSize":"1080x2248","deviceScreenDensity":440,"deviceModel":"MI 8","deviceManufacturer":"Xiaomi","pixelRatio":2.75,"statBarHeight":89,"viewportRect"...
2020-05-20 23:14:50:211 - [35m[HTTP][39m [37m<-- POST /wd/hub/session [39m[32m200[39m [90m13339 ms - 1131[39m
2020-05-20 23:14:50:211 - [35m[HTTP][39m [90m[39m
2020-05-20 23:14:50:216 - [35m[HTTP][39m [37m-->[39m [37mPOST[39m [37m/wd/hub/session/11dd638a-e7e2-4927-8697-63c796aa6feb/timeouts[39m
2020-05-20 23:14:50:216 - [35m[HTTP][39m [90m{"implicit":5000}[39m
2020-05-20 23:14:50:219 - [debug] [35m[W3C (11dd638a)][39m Calling AppiumDriver.timeouts() with args: [null,null,null,null,5000,"11dd638a-e7e2-4927-8697-63c796aa6feb"]
2020-05-20 23:14:50:251 - [debug] [35m[BaseDriver][39m W3C timeout argument: {"implicit":5000}}
2020-05-20 23:14:50:252 - [debug] [35m[BaseDriver][39m Set implicit wait to 5000ms
2020-05-20 23:14:50:253 - [debug] [35m[W3C (11dd638a)][39m Responding to client with driver.timeouts() result: null
2020-05-20 23:14:50:254 - [35m[HTTP][39m [37m<-- POST /wd/hub/session/11dd638a-e7e2-4927-8697-63c796aa6feb/timeouts [39m[32m200[39m [90m37 ms - 14[39m
2020-05-20 23:14:50:254 - [35m[HTTP][39m [90m[39m
2020-05-20 23:14:52:274 - [35m[HTTP][39m [37m-->[39m [37mPOST[39m [37m/wd/hub/session/11dd638a-e7e2-4927-8697-63c796aa6feb/element[39m
2020-05-20 23:14:52:274 - [35m[HTTP][39m [90m{"using":"xpath","value":"//*[@text='我的']"}[39m
2020-05-20 23:14:52:279 - [debug] [35m[W3C (11dd638a)][39m Calling AppiumDriver.findElement() with args: ["xpath","//*[@text='我的']","11dd638a-e7e2-4927-8697-63c796aa6feb"]
2020-05-20 23:14:52:280 - [debug] [35m[BaseDriver][39m Valid locator strategies for this request: xpath, id, class name, accessibility id, -android uiautomator
2020-05-20 23:14:52:281 - [debug] [35m[BaseDriver][39m Waiting up to 5000 ms for condition
2020-05-20 23:14:52:282 - [debug] [35m[WD Proxy][39m Matched '/element' to command name 'findElement'
2020-05-20 23:14:52:282 - [debug] [35m[WD Proxy][39m Proxying [POST /element] to [POST http://localhost:6725/wd/hub/session/5eb12418-8b1d-4bff-9912-a19c64e6cacb/element] with body: {"strategy":"xpath","selector":"//*[@text='我的']","context":"","multiple":false}
2020-05-20 23:14:52:938 - [35m[WD Proxy][39m Got an unexpected response: {"sessionId":"5eb12418-8b1d-4bff-9912-a19c64e6cacb","status":7,"value":"An element could not be located on the page using the given search parameters."}
2020-05-20 23:14:52:939 - [debug] [35m[MJSONWP][39m Matched JSONWP error code 7 to NoSuchElementError
2020-05-20 23:14:52:939 - [debug] [35m[BaseDriver][39m Waited for 658 ms so far
2020-05-20 23:14:53:441 - [debug] [35m[WD Proxy][39m Matched '/element' to command name 'findElement'
2020-05-20 23:14:53:441 - [debug] [35m[WD Proxy][39m Proxying [POST /element] to [POST http://localhost:6725/wd/hub/session/5eb12418-8b1d-4bff-9912-a19c64e6cacb/element] with body: {"strategy":"xpath","selector":"//*[@text='我的']","context":"","multiple":false}
2020-05-20 23:14:53:537 - [35m[WD Proxy][39m Got an unexpected response: {"sessionId":"5eb12418-8b1d-4bff-9912-a19c64e6cacb","status":7,"value":"An element could not be located on the page using the given search parameters."}
2020-05-20 23:14:53:538 - [debug] [35m[MJSONWP][39m Matched JSONWP error code 7 to NoSuchElementError
2020-05-20 23:14:53:538 - [debug] [35m[BaseDriver][39m Waited for 1257 ms so far
2020-05-20 23:14:54:044 - [debug] [35m[WD Proxy][39m Matched '/element' to command name 'findElement'
2020-05-20 23:14:54:045 - [debug] [35m[WD Proxy][39m Proxying [POST /element] to [POST http://localhost:6725/wd/hub/session/5eb12418-8b1d-4bff-9912-a19c64e6cacb/element] with body: {"strategy":"xpath","selector":"//*[@text='我的']","context":"","multiple":false}
2020-05-20 23:14:54:157 - [35m[WD Proxy][39m Got an unexpected response: {"sessionId":"5eb12418-8b1d-4bff-9912-a19c64e6cacb","status":7,"value":"An element could not be located on the page using the given search parameters."}
2020-05-20 23:14:54:158 - [debug] [35m[MJSONWP][39m Matched JSONWP error code 7 to NoSuchElementError
2020-05-20 23:14:54:158 - [debug] [35m[BaseDriver][39m Waited for 1877 ms so far
2020-05-20 23:14:54:662 - [debug] [35m[WD Proxy][39m Matched '/element' to command name 'findElement'
2020-05-20 23:14:54:662 - [debug] [35m[WD Proxy][39m Proxying [POST /element] to [POST http://localhost:6725/wd/hub/session/5eb12418-8b1d-4bff-9912-a19c64e6cacb/element] with body: {"strategy":"xpath","selector":"//*[@text='我的']","context":"","multiple":false}
2020-05-20 23:14:54:769 - [35m[WD Proxy][39m Got an unexpected response: {"sessionId":"5eb12418-8b1d-4bff-9912-a19c64e6cacb","status":7,"value":"An element could not be located on the page using the given search parameters."}
2020-05-20 23:14:54:770 - [debug] [35m[MJSONWP][39m Matched JSONWP error code 7 to NoSuchElementError
2020-05-20 23:14:54:770 - [debug] [35m[BaseDriver][39m Waited for 2489 ms so far
2020-05-20 23:14:55:276 - [debug] [35m[WD Proxy][39m Matched '/element' to command name 'findElement'
2020-05-20 23:14:55:276 - [debug] [35m[WD Proxy][39m Proxying [POST /element] to [POST http://localhost:6725/wd/hub/session/5eb12418-8b1d-4bff-9912-a19c64e6cacb/element] with body: {"strategy":"xpath","selector":"//*[@text='我的']","context":"","multiple":false}
2020-05-20 23:14:55:349 - [35m[WD Proxy][39m Got an unexpected response: {"sessionId":"5eb12418-8b1d-4bff-9912-a19c64e6cacb","status":7,"value":"An element could not be located on the page using the given search parameters."}
2020-05-20 23:14:55:350 - [debug] [35m[MJSONWP][39m Matched JSONWP error code 7 to NoSuchElementError
2020-05-20 23:14:55:351 - [debug] [35m[BaseDriver][39m Waited for 3069 ms so far
2020-05-20 23:14:55:855 - [debug] [35m[WD Proxy][39m Matched '/element' to command name 'findElement'
2020-05-20 23:14:55:855 - [debug] [35m[WD Proxy][39m Proxying [POST /element] to [POST http://localhost:6725/wd/hub/session/5eb12418-8b1d-4bff-9912-a19c64e6cacb/element] with body: {"strategy":"xpath","selector":"//*[@text='我的']","context":"","multiple":false}
2020-05-20 23:14:58:470 - [debug] [35m[WD Proxy][39m Got response with status 200: {"sessionId":"5eb12418-8b1d-4bff-9912-a19c64e6cacb","status":0,"value":{"ELEMENT":"0c04f7f8-a6ed-40bb-805c-5865dae72ac5"}}
2020-05-20 23:14:58:494 - [debug] [35m[W3C (11dd638a)][39m Responding to client with driver.findElement() result: {"element-6066-11e4-a52e-4f735466cecf":"0c04f7f8-a6ed-40bb-805c-5865dae72ac5","ELEMENT":"0c04f7f8-a6ed-40bb-805c-5865dae72ac5"}
2020-05-20 23:14:58:495 - [35m[HTTP][39m [37m<-- POST /wd/hub/session/11dd638a-e7e2-4927-8697-63c796aa6feb/element [39m[32m200[39m [90m6221 ms - 137[39m
2020-05-20 23:14:58:500 - [35m[HTTP][39m [90m[39m
2020-05-20 23:14:58:504 - [35m[HTTP][39m [37m-->[39m [37mPOST[39m [37m/wd/hub/session/11dd638a-e7e2-4927-8697-63c796aa6feb/element/0c04f7f8-a6ed-40bb-805c-5865dae72ac5/click[39m
2020-05-20 23:14:58:504 - [35m[HTTP][39m [90m{"id":"0c04f7f8-a6ed-40bb-805c-5865dae72ac5"}[39m
2020-05-20 23:14:58:507 - [debug] [35m[W3C (11dd638a)][39m Calling AppiumDriver.click() with args: ["0c04f7f8-a6ed-40bb-805c-5865dae72ac5","11dd638a-e7e2-4927-8697-63c796aa6feb"]
2020-05-20 23:14:58:509 - [debug] [35m[WD Proxy][39m Matched '/element/0c04f7f8-a6ed-40bb-805c-5865dae72ac5/click' to command name 'click'
2020-05-20 23:14:58:509 - [debug] [35m[WD Proxy][39m Proxying [POST /element/0c04f7f8-a6ed-40bb-805c-5865dae72ac5/click] to [POST http://localhost:6725/wd/hub/session/5eb12418-8b1d-4bff-9912-a19c64e6cacb/element/0c04f7f8-a6ed-40bb-805c-5865dae72ac5/click] with body: {"element":"0c04f7f8-a6ed-40bb-805c-5865dae72ac5"}
2020-05-20 23:14:58:602 - [debug] [35m[WD Proxy][39m Got response with status 200: {"sessionId":"5eb12418-8b1d-4bff-9912-a19c64e6cacb","status":0,"value":true}
2020-05-20 23:14:58:603 - [debug] [35m[W3C (11dd638a)][39m Responding to client with driver.click() result: true
2020-05-20 23:14:58:604 - [35m[HTTP][39m [37m<-- POST /wd/hub/session/11dd638a-e7e2-4927-8697-63c796aa6feb/element/0c04f7f8-a6ed-40bb-805c-5865dae72ac5/click [39m[32m200[39m [90m100 ms - 14[39m
2020-05-20 23:14:58:604 - [35m[HTTP][39m [90m[39m
2020-05-20 23:14:58:616 - [35m[HTTP][39m [37m-->[39m [37mPOST[39m [37m/wd/hub/session/11dd638a-e7e2-4927-8697-63c796aa6feb/element[39m
2020-05-20 23:14:58:616 - [35m[HTTP][39m [90m{"using":"xpath","value":"//*[@text='微信']"}[39m
2020-05-20 23:14:58:617 - [debug] [35m[W3C (11dd638a)][39m Calling AppiumDriver.findElement() with args: ["xpath","//*[@text='微信']","11dd638a-e7e2-4927-8697-63c796aa6feb"]
2020-05-20 23:14:58:619 - [debug] [35m[BaseDriver][39m Valid locator strategies for this request: xpath, id, class name, accessibility id, -android uiautomator
2020-05-20 23:14:58:619 - [debug] [35m[BaseDriver][39m Waiting up to 5000 ms for condition
2020-05-20 23:14:58:619 - [debug] [35m[WD Proxy][39m Matched '/element' to command name 'findElement'
2020-05-20 23:14:58:620 - [debug] [35m[WD Proxy][39m Proxying [POST /element] to [POST http://localhost:6725/wd/hub/session/5eb12418-8b1d-4bff-9912-a19c64e6cacb/element] with body: {"strategy":"xpath","selector":"//*[@text='微信']","context":"","multiple":false}
2020-05-20 23:14:59:482 - [debug] [35m[WD Proxy][39m Got response with status 200: {"sessionId":"5eb12418-8b1d-4bff-9912-a19c64e6cacb","status":0,"value":{"ELEMENT":"29a90826-9a31-4b75-b738-7d0bcdad8020"}}
2020-05-20 23:14:59:483 - [debug] [35m[W3C (11dd638a)][39m Responding to client with driver.findElement() result: {"element-6066-11e4-a52e-4f735466cecf":"29a90826-9a31-4b75-b738-7d0bcdad8020","ELEMENT":"29a90826-9a31-4b75-b738-7d0bcdad8020"}
2020-05-20 23:14:59:484 - [35m[HTTP][39m [37m<-- POST /wd/hub/session/11dd638a-e7e2-4927-8697-63c796aa6feb/element [39m[32m200[39m [90m867 ms - 137[39m
2020-05-20 23:14:59:484 - [35m[HTTP][39m [90m[39m
2020-05-20 23:14:59:485 - [35m[HTTP][39m [37m-->[39m [37mPOST[39m [37m/wd/hub/session/11dd638a-e7e2-4927-8697-63c796aa6feb/element/29a90826-9a31-4b75-b738-7d0bcdad8020/click[39m
2020-05-20 23:14:59:485 - [35m[HTTP][39m [90m{"id":"29a90826-9a31-4b75-b738-7d0bcdad8020"}[39m
2020-05-20 23:14:59:486 - [debug] [35m[W3C (11dd638a)][39m Calling AppiumDriver.click() with args: ["29a90826-9a31-4b75-b738-7d0bcdad8020","11dd638a-e7e2-4927-8697-63c796aa6feb"]
2020-05-20 23:14:59:488 - [debug] [35m[WD Proxy][39m Matched '/element/29a90826-9a31-4b75-b738-7d0bcdad8020/click' to command name 'click'
2020-05-20 23:14:59:488 - [debug] [35m[WD Proxy][39m Proxying [POST /element/29a90826-9a31-4b75-b738-7d0bcdad8020/click] to [POST http://localhost:6725/wd/hub/session/5eb12418-8b1d-4bff-9912-a19c64e6cacb/element/29a90826-9a31-4b75-b738-7d0bcdad8020/click] with body: {"element":"29a90826-9a31-4b75-b738-7d0bcdad8020"}
2020-05-20 23:14:59:608 - [debug] [35m[WD Proxy][39m Got response with status 200: {"sessionId":"5eb12418-8b1d-4bff-9912-a19c64e6cacb","status":0,"value":true}
2020-05-20 23:14:59:609 - [debug] [35m[W3C (11dd638a)][39m Responding to client with driver.click() result: true
2020-05-20 23:14:59:609 - [35m[HTTP][39m [37m<-- POST /wd/hub/session/11dd638a-e7e2-4927-8697-63c796aa6feb/element/29a90826-9a31-4b75-b738-7d0bcdad8020/click [39m[32m200[39m [90m124 ms - 14[39m
2020-05-20 23:14:59:610 - [35m[HTTP][39m [90m[39m
2020-05-20 23:14:59:613 - [35m[HTTP][39m [37m-->[39m [37mPOST[39m [37m/wd/hub/session/11dd638a-e7e2-4927-8697-63c796aa6feb/element[39m
2020-05-20 23:14:59:613 - [35m[HTTP][39m [90m{"using":"xpath","value":"//*[@class='android.widget.Toast']"}[39m
2020-05-20 23:14:59:613 - [debug] [35m[W3C (11dd638a)][39m Calling AppiumDriver.findElement() with args: ["xpath","//*[@class='android.widget.Toast']","11dd638a-e7e2-4927-8697-63c796aa6feb"]
2020-05-20 23:14:59:614 - [debug] [35m[BaseDriver][39m Valid locator strategies for this request: xpath, id, class name, accessibility id, -android uiautomator
2020-05-20 23:14:59:615 - [debug] [35m[BaseDriver][39m Waiting up to 5000 ms for condition
2020-05-20 23:14:59:615 - [debug] [35m[WD Proxy][39m Matched '/element' to command name 'findElement'
2020-05-20 23:14:59:616 - [debug] [35m[WD Proxy][39m Proxying [POST /element] to [POST http://localhost:6725/wd/hub/session/5eb12418-8b1d-4bff-9912-a19c64e6cacb/element] with body: {"strategy":"xpath","selector":"//*[@class='android.widget.Toast']","context":"","multiple":false}
2020-05-20 23:15:00:490 - [debug] [35m[WD Proxy][39m Got response with status 200: {"sessionId":"5eb12418-8b1d-4bff-9912-a19c64e6cacb","status":0,"value":{"ELEMENT":"142ba028-998e-4e51-974d-2c2e8b028378"}}
2020-05-20 23:15:00:490 - [debug] [35m[W3C (11dd638a)][39m Responding to client with driver.findElement() result: {"element-6066-11e4-a52e-4f735466cecf":"142ba028-998e-4e51-974d-2c2e8b028378","ELEMENT":"142ba028-998e-4e51-974d-2c2e8b028378"}
2020-05-20 23:15:00:491 - [35m[HTTP][39m [37m<-- POST /wd/hub/session/11dd638a-e7e2-4927-8697-63c796aa6feb/element [39m[32m200[39m [90m878 ms - 137[39m
2020-05-20 23:15:00:491 - [35m[HTTP][39m [90m[39m
2020-05-20 23:15:00:495 - [35m[HTTP][39m [37m-->[39m [37mGET[39m [37m/wd/hub/session/11dd638a-e7e2-4927-8697-63c796aa6feb/element/142ba028-998e-4e51-974d-2c2e8b028378/text[39m
2020-05-20 23:15:00:495 - [35m[HTTP][39m [90m{}[39m
2020-05-20 23:15:00:497 - [35m[W3C (11dd638a)][39m Driver proxy active, passing request on via HTTP proxy
2020-05-20 23:15:00:498 - [debug] [35m[WD Proxy][39m Matched '/wd/hub/session/11dd638a-e7e2-4927-8697-63c796aa6feb/element/142ba028-998e-4e51-974d-2c2e8b028378/text' to command name 'getText'
2020-05-20 23:15:00:499 - [debug] [35m[WD Proxy][39m Proxying [GET /wd/hub/session/11dd638a-e7e2-4927-8697-63c796aa6feb/element/142ba028-998e-4e51-974d-2c2e8b028378/text] to [GET http://localhost:6725/wd/hub/session/5eb12418-8b1d-4bff-9912-a19c64e6cacb/element/142ba028-998e-4e51-974d-2c2e8b028378/text] with body: {}
2020-05-20 23:15:00:713 - [debug] [35m[WD Proxy][39m Got response with status 200: {"sessionId":"5eb12418-8b1d-4bff-9912-a19c64e6cacb","status":0,"value":"您尚未安装微信，请先安装微信"}
2020-05-20 23:15:00:713 - [35m[WD Proxy][39m Replacing sessionId 5eb12418-8b1d-4bff-9912-a19c64e6cacb with 11dd638a-e7e2-4927-8697-63c796aa6feb
2020-05-20 23:15:00:715 - [35m[HTTP][39m [37m<-- GET /wd/hub/session/11dd638a-e7e2-4927-8697-63c796aa6feb/element/142ba028-998e-4e51-974d-2c2e8b028378/text [39m[32m200[39m [90m220 ms - 105[39m
2020-05-20 23:15:00:715 - [35m[HTTP][39m [90m[39m
2020-05-20 23:15:00:718 - [35m[HTTP][39m [37m-->[39m [37mGET[39m [37m/wd/hub/session/11dd638a-e7e2-4927-8697-63c796aa6feb/screenshot[39m
2020-05-20 23:15:00:719 - [35m[HTTP][39m [90m{}[39m
2020-05-20 23:15:00:720 - [debug] [35m[W3C (11dd638a)][39m Calling AppiumDriver.getScreenshot() with args: ["11dd638a-e7e2-4927-8697-63c796aa6feb"]
2020-05-20 23:15:00:721 - [debug] [35m[WD Proxy][39m Matched '/screenshot' to command name 'getScreenshot'
2020-05-20 23:15:00:721 - [debug] [35m[WD Proxy][39m Proxying [GET /screenshot] to [GET http://localhost:6725/wd/hub/session/5eb12418-8b1d-4bff-9912-a19c64e6cacb/screenshot] with no body
2020-05-20 23:15:01:354 - [debug] [35m[WD Proxy][39m Got response with status 200: {"sessionId":"5eb12418-8b1d-4bff-9912-a19c64e6cacb","status":0,"value":"iVBORw0KGgoAAAANSUhEUgAABDgAAAjICAYAAAA+Ih\/iAAAAAXNSR0IArs4c6QAAAARzQklUCAgI\nCHwIZIgAACAASURBVHic7L15tG5ZVR\/6m\/trzrnn3K6qbhVFURQU0uOgCWCCKGqIokgnSKMCPowZ\nxmgSfC\/jJSPGLnGYRuKL+nRo3osDeUgUCBJ4GkWfoZWiqmgKsGiUHouiqqzu3tN9zZ7vj72aueaa\nazffOefec4taVefu\/e211m\/NtdZs1p57NfTspzMDAAhNYMRA7jep50if+SR24H1hdwYLOzwyHg7B\nttIzhwd7J4C7rh1hOTayMcDUXFuDFV\/K49qLmMttt2rg2IMmzbI8AlAPwY55iQU4kWtPdW\/l9TTK\nhmXKEnW2t0\/uSRD3zAwiypMadBEobxOj7Mn2AmtnZ6jmC1R7ywarjecPQx6OKDaPKsyOr2OxsdZ0\nJVM5sS+3DdOz0lCZaOtHwX\/Eyc+kTJDjn5ImbKOpENeqQywae9R7vFhgbWcXAFBVVchTM2zKqXLX\nBt8XRTQSadKyCVUP+0CNzBvYCaZRLyLqaXt8fuqN3d+uDaf7SGH7hEcIuzO02Ppi+v3Y+lXTHkQ9\nLV3TA7u7f\/gQsQ+TbgP7YpG1IyzH5hi5hC0rUsTuweQKm3nZnT6zAcD2qRHOXT5qGZ9xTMzsrqIe\nCphA2RiQC2PSbJzobD9DjQF8uXVzDbacRD5PV+AVjuNLMComnL5lmY4DOmWNjGeB\/Ix+K22w9bKE\nQ5GHtP4Hi437sX3Cgdid4SKw9eOMKPnbZ2DkhJeIl62t8ylsRmNvszRt2KWrqmQNbh63YctnJWyZ\ntm4IZwDLdcI9V7Hp3ACQvYtnbaLLtUKBJgYBhOgsyDC6Ockr4\/iAQe5FoKG\/KZB8X0vIIc4NRw5x\...
2020-05-20 23:15:01:357 - [debug] [35m[W3C (11dd638a)][39m Responding to client with driver.getScreenshot() result: "iVBORw0KGgoAAAANSUhEUgAABDgAAAjICAYAAAA+Ih/iAAAAAXNSR0IArs4c6QAAAARzQklUCAgI\nCHwIZIgAACAASURBVHic7L15tG5ZVR/6m/trzrnn3K6qbhVFURQU0uOgCWCCKGqIokgnSKMCPowZ\nxmgSfC/jJSPGLnGYRuKL+nRo3osDeUgUCBJ4GkWfoZWiqmgKsGiUHouiqqzu3tN9zZ7vj72aueaa\nazffOefec4taVefu/e211m/NtdZs1p57NfTspzMDAAhNYMRA7jep50if+SR24H1hdwYLOzwyHg7B\nttIzhwd7J4C7rh1hOTayMcDUXFuDFV/K49qLmMttt2rg2IMmzbI8AlAPwY55iQU4kWtPdW/l9TTK\nhmXKEnW2t0/uSRD3zAwiypMadBEobxOj7Mn2AmtnZ6jmC1R7ywarjecPQx6OKDaPKsyOr2OxsdZ0\nJVM5sS+3DdOz0lCZaOtHwX/Eyc+kTJDjn5ImbKOpENeqQywae9R7vFhgbWcXAFBVVchTM2zKqXLX\nBt8XRTQSadKyCVUP+0CNzBvYCaZRLyLqaXt8fuqN3d+uDaf7SGH7hEcIuzO02Ppi+v3Y+lXTHkQ9\nLV3TA7u7f/gQsQ+TbgP7YpG1IyzH5hi5hC0rUsTuweQKm3nZnT6zAcD2qRHOXT5qGZ9xTMzsrqIe\nCphA2RiQC2PSbJzobD9DjQF8uXVzDbacRD5PV+AVjuNLMComnL5lmY4DOmWNjGeB/Ix+K22w9bKE\nQ5GHtP4Hi437sX3Cgdid4SKw9eOMKPnbZ2DkhJeIl62t8ylsRmNvszRt2KWrqmQNbh63YctnJWyZ\ntm4IZwDLdcI9V7Hp3ACQvYtnbaLLtUKBJgYBhOgsyDC6Ockr4/iAQe5FoKG/KZB8X0vIIc4NRw5x\no7bZKVYChNFhZYzgKqoaL/FGiAZuF3GbJPY92eSVhswbnbTpZXs5Q6Ze0HwY7y4x3ZphvLMAzZeg\n2jVYia...
2020-05-20 23:15:01:362 - [35m[HTTP][39m [37m<-- GET /wd/hub/session/11dd638a-e7e2-4927-8697-63c796aa6feb/screenshot [39m[32m200[39m [90m643 ms - 576614[39m
2020-05-20 23:15:01:362 - [35m[HTTP][39m [90m[39m
2020-05-20 23:15:01:379 - [35m[HTTP][39m [37m-->[39m [37mPOST[39m [37m/wd/hub/session/11dd638a-e7e2-4927-8697-63c796aa6feb/appium/app/close[39m
2020-05-20 23:15:01:379 - [35m[HTTP][39m [90m{}[39m
2020-05-20 23:15:01:386 - [debug] [35m[W3C (11dd638a)][39m Calling AppiumDriver.closeApp() with args: ["11dd638a-e7e2-4927-8697-63c796aa6feb"]
2020-05-20 23:15:01:387 - [debug] [35m[ADB][39m Running '/Users/tangyao/Android/sdk/platform-tools/adb -P 5037 -s 5483e9c3 shell am force-stop com.xueqiu.android'
2020-05-20 23:15:01:545 - [debug] [35m[W3C (11dd638a)][39m Responding to client with driver.closeApp() result: null
2020-05-20 23:15:01:546 - [35m[HTTP][39m [37m<-- POST /wd/hub/session/11dd638a-e7e2-4927-8697-63c796aa6feb/appium/app/close [39m[32m200[39m [90m167 ms - 14[39m
2020-05-20 23:15:01:546 - [35m[HTTP][39m [90m[39m
2020-05-20 23:15:01:547 - [35m[HTTP][39m [37m-->[39m [37mDELETE[39m [37m/wd/hub/session/11dd638a-e7e2-4927-8697-63c796aa6feb[39m
2020-05-20 23:15:01:547 - [35m[HTTP][39m [90m{}[39m
2020-05-20 23:15:01:548 - [debug] [35m[W3C (11dd638a)][39m Calling AppiumDriver.deleteSession() with args: ["11dd638a-e7e2-4927-8697-63c796aa6feb"]
2020-05-20 23:15:01:548 - [debug] [35m[BaseDriver][39m Event 'quitSessionRequested' logged at 1589987701548 (23:15:01 GMT+0800 (China Standard Time))
2020-05-20 23:15:01:548 - [35m[Appium][39m Removing session 11dd638a-e7e2-4927-8697-63c796aa6feb from our master session list
2020-05-20 23:15:01:549 - [debug] [35m[UiAutomator2][39m Deleting UiAutomator2 session
2020-05-20 23:15:01:550 - [debug] [35m[UiAutomator2][39m Deleting UiAutomator2 server session
2020-05-20 23:15:01:550 - [debug] [35m[WD Proxy][39m Matched '/' to command name 'deleteSession'
2020-05-20 23:15:01:550 - [debug] [35m[WD Proxy][39m Proxying [DELETE /] to [DELETE http://localhost:6725/wd/hub/session/5eb12418-8b1d-4bff-9912-a19c64e6cacb] with no body
2020-05-20 23:15:01:576 - [debug] [35m[WD Proxy][39m Got response with status 200: {"sessionId":"5eb12418-8b1d-4bff-9912-a19c64e6cacb","status":0,"value":"Session deleted"}
2020-05-20 23:15:01:577 - [debug] [35m[UiAutomator2][39m Resetting IME to 'io.appium.settings/.UnicodeIME'
2020-05-20 23:15:01:577 - [debug] [35m[ADB][39m Running '/Users/tangyao/Android/sdk/platform-tools/adb -P 5037 -s 5483e9c3 shell ime set io.appium.settings/.UnicodeIME'
2020-05-20 23:15:01:629 - [debug] [35m[ADB][39m Running '/Users/tangyao/Android/sdk/platform-tools/adb -P 5037 -s 5483e9c3 shell am force-stop com.xueqiu.android'
2020-05-20 23:15:01:671 - [debug] [35m[Logcat][39m Stopping logcat capture
2020-05-20 23:15:01:673 - [debug] [35m[ADB][39m Removing forwarded port socket connection: 6725 
2020-05-20 23:15:01:674 - [debug] [35m[ADB][39m Running '/Users/tangyao/Android/sdk/platform-tools/adb -P 5037 -s 5483e9c3 forward --remove tcp\:6725'
2020-05-20 23:15:01:684 - [35m[UiAutomator2][39m Restoring hidden api policy to the device default configuration
2020-05-20 23:15:01:685 - [debug] [35m[ADB][39m Running '/Users/tangyao/Android/sdk/platform-tools/adb -P 5037 -s 5483e9c3 shell settings delete global hidden_api_policy_pre_p_apps'
2020-05-20 23:15:01:722 - [debug] [35m[ADB][39m Running '/Users/tangyao/Android/sdk/platform-tools/adb -P 5037 -s 5483e9c3 shell settings delete global hidden_api_policy_p_apps'
2020-05-20 23:15:01:759 - [debug] [35m[ADB][39m Running '/Users/tangyao/Android/sdk/platform-tools/adb -P 5037 -s 5483e9c3 shell settings delete global hidden_api_policy'
2020-05-20 23:15:01:808 - [debug] [35m[BaseDriver][39m Event 'quitSessionFinished' logged at 1589987701808 (23:15:01 GMT+0800 (China Standard Time))
2020-05-20 23:15:01:808 - [debug] [35m[W3C (11dd638a)][39m Received response: null
2020-05-20 23:15:01:808 - [debug] [35m[W3C (11dd638a)][39m But deleting session, so not returning
2020-05-20 23:15:01:808 - [debug] [35m[W3C (11dd638a)][39m Responding to client with driver.deleteSession() result: null
2020-05-20 23:15:01:809 - [35m[HTTP][39m [37m<-- DELETE /wd/hub/session/11dd638a-e7e2-4927-8697-63c796aa6feb [39m[32m200[39m [90m262 ms - 14[39m
2020-05-20 23:15:01:809 - [35m[HTTP][39m [90m[39m
2020-05-20 23:15:02:086 - [debug] [35m[Instrumentation][39m .
2020-05-20 23:15:02:249 - [35m[Appium][39m Received SIGTERM - shutting down
2020-05-20 23:15:02:571 - [debug] [35m[Instrumentation][39m Time: 15.05
2020-05-20 23:15:02:571 - [debug] [35m[Instrumentation][39m 
2020-05-20 23:15:02:571 - [debug] [35m[Instrumentation][39m OK (1 test)
2020-05-20 23:15:02:887 - [debug] [35m[Instrumentation][39m The process has exited with code 0
