2020-06-15 23:30:54:078 - [35m[Appium][39m Welcome to Appium v1.14.1
2020-06-15 23:30:54:082 - [35m[Appium][39m Non-default server args:
2020-06-15 23:30:54:083 - [35m[Appium][39m   port: 4726
2020-06-15 23:30:54:083 - [35m[Appium][39m   bootstrapPort: 6726
2020-06-15 23:30:54:083 - [35m[Appium][39m   logTimestamp: true
2020-06-15 23:30:54:084 - [35m[Appium][39m   localTimezone: true
2020-06-15 23:30:54:084 - [35m[Appium][39m   udid: 5483e9c3
2020-06-15 23:30:54:085 - [35m[Appium][39m Deprecated server args:
2020-06-15 23:30:54:085 - [35m[Appium][39m   [31m-U,--udid[39m => --default-capabilities '{"udid":"5483e9c3"}'
2020-06-15 23:30:54:086 - [35m[Appium][39m Default capabilities, which will be added to each request unless overridden by desired capabilities:
2020-06-15 23:30:54:086 - [35m[Appium][39m   udid: 5483e9c3
2020-06-15 23:30:54:189 - [35m[Appium][39m Appium REST http interface listener started on 0.0.0.0:4726
2020-06-15 23:30:56:080 - [35m[HTTP][39m [37m-->[39m [37mPOST[39m [37m/wd/hub/session[39m
2020-06-15 23:30:56:080 - [35m[HTTP][39m [90m{"capabilities":{"firstMatch":[{"platformName":"Android","appium:deviceName":"5483e9c3","appium:appPackage":"com.xueqiu.android","appium:platformVersion":"7.1.2","appium:appActivity":".view.WelcomeActivityAlias","appium:newCommandTimeout":120,"appium:systemPort":6726,"appium:noReset":true,"appium:autoGrantPermissions":true}]},"desiredCapabilities":{"platformName":"Android","deviceName":"5483e9c3","appPackage":"com.xueqiu.android","platformVersion":"7.1.2","appActivity":".view.WelcomeActivityAlias","newCommandTimeout":120,"systemPort":6726,"noReset":true,"autoGrantPermissions":true}}[39m
2020-06-15 23:30:56:082 - [debug] [35m[W3C][39m Calling AppiumDriver.createSession() with args: [{"platformName":"Android","deviceName":"5483e9c3","appPackage":"com.xueqiu.android","platformVersion":"7.1.2","appActivity":".view.WelcomeActivityAlias","newCommandTimeout":120,"systemPort":6726,"noReset":true,"autoGrantPermissions":true},null,{"firstMatch":[{"platformName":"Android","appium:deviceName":"5483e9c3","appium:appPackage":"com.xueqiu.android","appium:platformVersion":"7.1.2","appium:appActivity":".view.WelcomeActivityAlias","appium:newCommandTimeout":120,"appium:systemPort":6726,"appium:noReset":true,"appium:autoGrantPermissions":true}]}]
2020-06-15 23:30:56:083 - [debug] [35m[BaseDriver][39m Event 'newSessionRequested' logged at 1592235056083 (23:30:56 GMT+0800 (China Standard Time))
2020-06-15 23:30:56:086 - [35m[BaseDriver][39m The capabilities ["udid"] are not standard capabilities and should have an extension prefix
2020-06-15 23:30:56:095 - [35m[Appium][39m 
2020-06-15 23:30:56:095 - [35m[Appium][39m ======================================================================
2020-06-15 23:30:56:095 - [35m[Appium][39m   DEPRECATION WARNING:
2020-06-15 23:30:56:096 - [35m[Appium][39m 
2020-06-15 23:30:56:096 - [35m[Appium][39m   The 'automationName' capability was not provided in the desired 
2020-06-15 23:30:56:096 - [35m[Appium][39m   capabilities for this Android session
2020-06-15 23:30:56:096 - [35m[Appium][39m 
2020-06-15 23:30:56:096 - [35m[Appium][39m   Setting 'automationName=UiAutomator2' by default and using the 
2020-06-15 23:30:56:097 - [35m[Appium][39m   UiAutomator2 Driver
2020-06-15 23:30:56:097 - [35m[Appium][39m 
2020-06-15 23:30:56:097 - [35m[Appium][39m   The next major version of Appium (2.x) will **require** the 
2020-06-15 23:30:56:097 - [35m[Appium][39m   'automationName' capability to be set for all sessions on all 
2020-06-15 23:30:56:097 - [35m[Appium][39m   platforms
2020-06-15 23:30:56:097 - [35m[Appium][39m 
2020-06-15 23:30:56:098 - [35m[Appium][39m   In previous versions (Appium <= 1.13.x), the default was 
2020-06-15 23:30:56:098 - [35m[Appium][39m   'automationName=UiAutomator1'
2020-06-15 23:30:56:098 - [35m[Appium][39m 
2020-06-15 23:30:56:098 - [35m[Appium][39m   If you wish to use that automation instead of UiAutomator2, please 
2020-06-15 23:30:56:098 - [35m[Appium][39m   add 'automationName=UiAutomator1' to your desired capabilities
2020-06-15 23:30:56:099 - [35m[Appium][39m 
2020-06-15 23:30:56:099 - [35m[Appium][39m   For more information about drivers, please visit 
2020-06-15 23:30:56:099 - [35m[Appium][39m   http://appium.io/docs/en/about-appium/intro/ and explore the 
2020-06-15 23:30:56:099 - [35m[Appium][39m   'Drivers' menu
2020-06-15 23:30:56:099 - [35m[Appium][39m 
2020-06-15 23:30:56:099 - [35m[Appium][39m ======================================================================
2020-06-15 23:30:56:099 - [35m[Appium][39m 
2020-06-15 23:30:56:829 - [35m[Appium][39m Appium v1.14.1 creating new AndroidUiautomator2Driver (v1.34.0) session
2020-06-15 23:30:56:829 - [35m[Appium][39m Capabilities:
2020-06-15 23:30:56:829 - [35m[Appium][39m   platformName: Android
2020-06-15 23:30:56:830 - [35m[Appium][39m   udid: 5483e9c3
2020-06-15 23:30:56:830 - [35m[Appium][39m   deviceName: 5483e9c3
2020-06-15 23:30:56:830 - [35m[Appium][39m   appPackage: com.xueqiu.android
2020-06-15 23:30:56:830 - [35m[Appium][39m   platformVersion: 7.1.2
2020-06-15 23:30:56:830 - [35m[Appium][39m   appActivity: .view.WelcomeActivityAlias
2020-06-15 23:30:56:831 - [35m[Appium][39m   newCommandTimeout: 120
2020-06-15 23:30:56:831 - [35m[Appium][39m   systemPort: 6726
2020-06-15 23:30:56:831 - [35m[Appium][39m   noReset: true
2020-06-15 23:30:56:831 - [35m[Appium][39m   autoGrantPermissions: true
2020-06-15 23:30:56:835 - [debug] [35m[BaseDriver][39m W3C capabilities and MJSONWP desired capabilities were provided
2020-06-15 23:30:56:836 - [debug] [35m[BaseDriver][39m Creating session with W3C capabilities: {
2020-06-15 23:30:56:836 - [debug] [35m[BaseDriver][39m   "alwaysMatch": {
2020-06-15 23:30:56:836 - [debug] [35m[BaseDriver][39m     "platformName": "Android",
2020-06-15 23:30:56:836 - [debug] [35m[BaseDriver][39m     "appium:udid": "5483e9c3",
2020-06-15 23:30:56:837 - [debug] [35m[BaseDriver][39m     "appium:deviceName": "5483e9c3",
2020-06-15 23:30:56:837 - [debug] [35m[BaseDriver][39m     "appium:appPackage": "com.xueqiu.android",
2020-06-15 23:30:56:837 - [debug] [35m[BaseDriver][39m     "appium:platformVersion": "7.1.2",
2020-06-15 23:30:56:838 - [debug] [35m[BaseDriver][39m     "appium:appActivity": ".view.WelcomeActivityAlias",
2020-06-15 23:30:56:838 - [debug] [35m[BaseDriver][39m     "appium:newCommandTimeout": 120,
2020-06-15 23:30:56:838 - [debug] [35m[BaseDriver][39m     "appium:systemPort": 6726,
2020-06-15 23:30:56:838 - [debug] [35m[BaseDriver][39m     "appium:noReset": true,
2020-06-15 23:30:56:838 - [debug] [35m[BaseDriver][39m     "appium:autoGrantPermissions": true
2020-06-15 23:30:56:838 - [debug] [35m[BaseDriver][39m   },
2020-06-15 23:30:56:838 - [debug] [35m[BaseDriver][39m   "firstMatch": [
2020-06-15 23:30:56:839 - [debug] [35m[BaseDriver][39m     {}
2020-06-15 23:30:56:839 - [debug] [35m[BaseDriver][39m   ]
2020-06-15 23:30:56:839 - [debug] [35m[BaseDriver][39m }
2020-06-15 23:30:56:866 - [35m[BaseDriver][39m Session created with session id: afa1e6ea-d457-4cac-8269-2266c8bb59a0
2020-06-15 23:30:56:953 - [35m[ADB][39m Found 42 'build-tools' folders under '/Users/tangyao/Android/sdk' (newest first):
2020-06-15 23:30:56:953 - [35m[ADB][39m     /Users/tangyao/Android/sdk/build-tools/30.0.0-rc2
2020-06-15 23:30:56:954 - [35m[ADB][39m     /Users/tangyao/Android/sdk/build-tools/29.0.2
2020-06-15 23:30:56:954 - [35m[ADB][39m     /Users/tangyao/Android/sdk/build-tools/29.0.0-rc2
2020-06-15 23:30:56:954 - [35m[ADB][39m     /Users/tangyao/Android/sdk/build-tools/28.0.3
2020-06-15 23:30:56:954 - [35m[ADB][39m     /Users/tangyao/Android/sdk/build-tools/28.0.2
2020-06-15 23:30:56:956 - [35m[ADB][39m     /Users/tangyao/Android/sdk/build-tools/28.0.1
2020-06-15 23:30:56:957 - [35m[ADB][39m     /Users/tangyao/Android/sdk/build-tools/28.0.0
2020-06-15 23:30:56:958 - [35m[ADB][39m     /Users/tangyao/Android/sdk/build-tools/28.0.0-rc2
2020-06-15 23:30:56:958 - [35m[ADB][39m     /Users/tangyao/Android/sdk/build-tools/28.0.0-rc1
2020-06-15 23:30:56:958 - [35m[ADB][39m     /Users/tangyao/Android/sdk/build-tools/27.0.3
2020-06-15 23:30:56:958 - [35m[ADB][39m     /Users/tangyao/Android/sdk/build-tools/26.0.1
2020-06-15 23:30:56:958 - [35m[ADB][39m     /Users/tangyao/Android/sdk/build-tools/26.0.0
2020-06-15 23:30:56:958 - [35m[ADB][39m     /Users/tangyao/Android/sdk/build-tools/25.0.3
2020-06-15 23:30:56:959 - [35m[ADB][39m     /Users/tangyao/Android/sdk/build-tools/25.0.2
2020-06-15 23:30:56:959 - [35m[ADB][39m     /Users/tangyao/Android/sdk/build-tools/25.0.1
2020-06-15 23:30:56:959 - [35m[ADB][39m     /Users/tangyao/Android/sdk/build-tools/25.0.0
2020-06-15 23:30:56:959 - [35m[ADB][39m     /Users/tangyao/Android/sdk/build-tools/24.0.3
2020-06-15 23:30:56:959 - [35m[ADB][39m     /Users/tangyao/Android/sdk/build-tools/24.0.2
2020-06-15 23:30:56:962 - [35m[ADB][39m     /Users/tangyao/Android/sdk/build-tools/24.0.1
2020-06-15 23:30:56:962 - [35m[ADB][39m     /Users/tangyao/Android/sdk/build-tools/24.0.0
2020-06-15 23:30:56:962 - [35m[ADB][39m     /Users/tangyao/Android/sdk/build-tools/23.0.3
2020-06-15 23:30:56:962 - [35m[ADB][39m     /Users/tangyao/Android/sdk/build-tools/23.0.2
2020-06-15 23:30:56:962 - [35m[ADB][39m     /Users/tangyao/Android/sdk/build-tools/23.0.1
2020-06-15 23:30:56:963 - [35m[ADB][39m     /Users/tangyao/Android/sdk/build-tools/23.0.0
2020-06-15 23:30:56:963 - [35m[ADB][39m     /Users/tangyao/Android/sdk/build-tools/22.0.1
2020-06-15 23:30:56:964 - [35m[ADB][39m     /Users/tangyao/Android/sdk/build-tools/22.0.0
2020-06-15 23:30:56:964 - [35m[ADB][39m     /Users/tangyao/Android/sdk/build-tools/21.1.2
2020-06-15 23:30:56:972 - [35m[ADB][39m     /Users/tangyao/Android/sdk/build-tools/21.1.1
2020-06-15 23:30:56:973 - [35m[ADB][39m     /Users/tangyao/Android/sdk/build-tools/21.1.0
2020-06-15 23:30:56:973 - [35m[ADB][39m     /Users/tangyao/Android/sdk/build-tools/21.0.2
2020-06-15 23:30:56:973 - [35m[ADB][39m     /Users/tangyao/Android/sdk/build-tools/21.0.1
2020-06-15 23:30:56:973 - [35m[ADB][39m     /Users/tangyao/Android/sdk/build-tools/21.0.0
2020-06-15 23:30:56:974 - [35m[ADB][39m     /Users/tangyao/Android/sdk/build-tools/20.0.0
2020-06-15 23:30:56:974 - [35m[ADB][39m     /Users/tangyao/Android/sdk/build-tools/19.1.0
2020-06-15 23:30:56:974 - [35m[ADB][39m     /Users/tangyao/Android/sdk/build-tools/19.0.3
2020-06-15 23:30:56:983 - [35m[ADB][39m     /Users/tangyao/Android/sdk/build-tools/19.0.2
2020-06-15 23:30:56:984 - [35m[ADB][39m     /Users/tangyao/Android/sdk/build-tools/19.0.1
2020-06-15 23:30:56:984 - [35m[ADB][39m     /Users/tangyao/Android/sdk/build-tools/19.0.0
2020-06-15 23:30:56:984 - [35m[ADB][39m     /Users/tangyao/Android/sdk/build-tools/18.1.1
2020-06-15 23:30:56:984 - [35m[ADB][39m     /Users/tangyao/Android/sdk/build-tools/18.1.0
2020-06-15 23:30:56:984 - [35m[ADB][39m     /Users/tangyao/Android/sdk/build-tools/18.0.1
2020-06-15 23:30:56:985 - [35m[ADB][39m     /Users/tangyao/Android/sdk/build-tools/17.0.0
2020-06-15 23:30:57:083 - [35m[ADB][39m Using 'adb' from '/Users/tangyao/Android/sdk/platform-tools/adb'
2020-06-15 23:30:57:091 - [35m[AndroidDriver][39m Retrieving device list
2020-06-15 23:30:57:106 - [debug] [35m[ADB][39m Trying to find a connected android device
2020-06-15 23:30:57:107 - [debug] [35m[ADB][39m Getting connected devices...
2020-06-15 23:30:57:156 - [debug] [35m[ADB][39m 2 device(s) connected
2020-06-15 23:30:57:158 - [35m[AndroidDriver][39m Using device: 5483e9c3
2020-06-15 23:30:57:161 - [35m[ADB][39m Using 'adb' from '/Users/tangyao/Android/sdk/platform-tools/adb'
2020-06-15 23:30:57:162 - [debug] [35m[ADB][39m Setting device id to 5483e9c3
2020-06-15 23:30:57:163 - [debug] [35m[ADB][39m Running '/Users/tangyao/Android/sdk/platform-tools/adb -P 5037 -s 5483e9c3 shell getprop ro.build.version.sdk'
2020-06-15 23:30:57:309 - [debug] [35m[ADB][39m Current device property 'ro.build.version.sdk': 29
2020-06-15 23:30:57:312 - [debug] [35m[ADB][39m Device API level: 29
2020-06-15 23:30:57:312 - [35m[UiAutomator2][39m Relaxing hidden api policy
2020-06-15 23:30:57:313 - [debug] [35m[ADB][39m Running '/Users/tangyao/Android/sdk/platform-tools/adb -P 5037 -s 5483e9c3 shell settings put global hidden_api_policy_pre_p_apps 1'
2020-06-15 23:30:57:447 - [debug] [35m[ADB][39m Running '/Users/tangyao/Android/sdk/platform-tools/adb -P 5037 -s 5483e9c3 shell settings put global hidden_api_policy_p_apps 1'
2020-06-15 23:30:57:617 - [debug] [35m[ADB][39m Running '/Users/tangyao/Android/sdk/platform-tools/adb -P 5037 -s 5483e9c3 shell settings put global hidden_api_policy 1'
2020-06-15 23:30:57:756 - [35m[AndroidDriver][39m No app sent in, not parsing package/activity
2020-06-15 23:30:57:763 - [debug] [35m[ADB][39m Running '/Users/tangyao/Android/sdk/platform-tools/adb -P 5037 -s 5483e9c3 wait-for-device'
2020-06-15 23:30:57:793 - [debug] [35m[ADB][39m Running '/Users/tangyao/Android/sdk/platform-tools/adb -P 5037 -s 5483e9c3 shell echo ping'
2020-06-15 23:30:57:859 - [debug] [35m[AndroidDriver][39m Pushing settings apk to device...
2020-06-15 23:30:57:867 - [debug] [35m[ADB][39m Getting install status for io.appium.settings
2020-06-15 23:30:57:868 - [debug] [35m[ADB][39m Running '/Users/tangyao/Android/sdk/platform-tools/adb -P 5037 -s 5483e9c3 shell dumpsys package io.appium.settings'
2020-06-15 23:30:58:032 - [debug] [35m[ADB][39m 'io.appium.settings' is installed
2020-06-15 23:30:58:033 - [debug] [35m[ADB][39m Getting package info for 'io.appium.settings'
2020-06-15 23:30:58:033 - [debug] [35m[ADB][39m Running '/Users/tangyao/Android/sdk/platform-tools/adb -P 5037 -s 5483e9c3 shell dumpsys package io.appium.settings'
2020-06-15 23:30:58:182 - [35m[ADB][39m Using 'apkanalyzer' from '/Users/tangyao/Android/sdk/tools/bin/apkanalyzer'
2020-06-15 23:30:58:183 - [debug] [35m[ADB][39m Starting '/Users/tangyao/Android/sdk/tools/bin/apkanalyzer' with args ["manifest","print","/usr/local/lib/node_modules/appium/node_modules/_io.appium.settings@2.14.1@io.appium.settings/apks/settings_apk-debug.apk"]
2020-06-15 23:31:08:453 - [debug] [35m[ADB][39m The version name of the installed 'io.appium.settings' is greater or equal to the application version name ('2.14.1' >= '2.14.1')
2020-06-15 23:31:08:455 - [debug] [35m[ADB][39m There is no need to install/upgrade '/usr/local/lib/node_modules/appium/node_modules/_io.appium.settings@2.14.1@io.appium.settings/apks/settings_apk-debug.apk'
2020-06-15 23:31:08:456 - [debug] [35m[ADB][39m Getting IDs of all 'io.appium.settings' processes
2020-06-15 23:31:08:457 - [debug] [35m[ADB][39m Running '/Users/tangyao/Android/sdk/platform-tools/adb -P 5037 -s 5483e9c3 shell 'pgrep --help; echo $?''
2020-06-15 23:31:08:547 - [debug] [35m[ADB][39m Running '/Users/tangyao/Android/sdk/platform-tools/adb -P 5037 -s 5483e9c3 shell pgrep -f io\.appium\.settings'
2020-06-15 23:31:08:696 - [debug] [35m[AndroidDriver][39m io.appium.settings is already running. There is no need to reset its permissions.
2020-06-15 23:31:08:697 - [debug] [35m[ADB][39m Running '/Users/tangyao/Android/sdk/platform-tools/adb -P 5037 -s 5483e9c3 shell appops set io.appium.settings android\:mock_location allow'
2020-06-15 23:31:08:819 - [debug] [35m[Logcat][39m Starting logcat capture
2020-06-15 23:31:08:927 - [debug] [35m[ADB][39m Getting install status for io.appium.uiautomator2.server
2020-06-15 23:31:08:927 - [debug] [35m[ADB][39m Running '/Users/tangyao/Android/sdk/platform-tools/adb -P 5037 -s 5483e9c3 shell dumpsys package io.appium.uiautomator2.server'
2020-06-15 23:31:09:051 - [debug] [35m[ADB][39m 'io.appium.uiautomator2.server' is installed
2020-06-15 23:31:09:066 - [debug] [35m[ADB][39m Getting package info for 'io.appium.uiautomator2.server'
2020-06-15 23:31:09:074 - [debug] [35m[ADB][39m Running '/Users/tangyao/Android/sdk/platform-tools/adb -P 5037 -s 5483e9c3 shell dumpsys package io.appium.uiautomator2.server'
2020-06-15 23:31:09:184 - [debug] [35m[ADB][39m Starting '/Users/tangyao/Android/sdk/tools/bin/apkanalyzer' with args ["manifest","print","/usr/local/lib/node_modules/appium/node_modules/_appium-uiautomator2-server@3.8.1@appium-uiautomator2-server/apks/appium-uiautomator2-server-v3.8.1.apk"]
2020-06-15 23:31:16:826 - [debug] [35m[ADB][39m The version name of the installed 'io.appium.uiautomator2.server' is greater or equal to the application version name ('3.8.1' >= '3.8.1')
2020-06-15 23:31:16:827 - [debug] [35m[UiAutomator2][39m io.appium.uiautomator2.server installation state: sameVersionInstalled
2020-06-15 23:31:16:827 - [debug] [35m[ADB][39m Checking app cert for /usr/local/lib/node_modules/appium/node_modules/_appium-uiautomator2-server@3.8.1@appium-uiautomator2-server/apks/appium-uiautomator2-server-v3.8.1.apk
2020-06-15 23:31:16:829 - [35m[ADB][39m Using 'apksigner' from '/Users/tangyao/Android/sdk/build-tools/30.0.0-rc2/apksigner'
2020-06-15 23:31:16:831 - [debug] [35m[ADB][39m Starting '/Users/tangyao/Android/sdk/build-tools/30.0.0-rc2/apksigner' with args '["verify","--print-certs","/usr/local/lib/node_modules/appium/node_modules/_appium-uiautomator2-server@3.8.1@appium-uiautomator2-server/apks/appium-uiautomator2-server-v3.8.1.apk"]'
2020-06-15 23:31:17:240 - [35m[ADB][39m Got an error during apksigner execution: Command '/Users/tangyao/Android/sdk/build-tools/30.0.0-rc2/apksigner verify --print-certs /usr/local/lib/node_modules/appium/node_modules/_appium-uiautomator2-server\@3.8.1\@appium-uiautomator2-server/apks/appium-uiautomator2-server-v3.8.1.apk' exited with code 1
2020-06-15 23:31:17:241 - [35m[ADB][39m apksigner stderr: Error: A JNI error has occurred, please check your installation and try again
2020-06-15 23:31:17:241 - [35m[ADB][39m Exception in thread "main" java.lang.UnsupportedClassVersionError: com/android/apksigner/ApkSignerTool has been compiled by a more recent version of the Java Runtime (class file version 53.0), this version of the Java Runtime only recognizes class file versions up to 52.0
2020-06-15 23:31:17:241 - [35m[ADB][39m 	at java.lang.ClassLoader.defineClass1(Native Method)
2020-06-15 23:31:17:241 - [35m[ADB][39m 	at java.lang.ClassLoader.defineClass(ClassLoader.java:763)
2020-06-15 23:31:17:241 - [35m[ADB][39m 	at java.security.SecureClassLoader.defineClass(SecureClassLoader.java:142)
2020-06-15 23:31:17:242 - [35m[ADB][39m 	at java.net.URLClassLoader.defineClass(URLClassLoader.java:467)
2020-06-15 23:31:17:242 - [35m[ADB][39m 	at java.net.URLClassLoader.access$100(URLClassLoader.java:73)
2020-06-15 23:31:17:242 - [35m[ADB][39m 	at java.net.URLClassLoader$1.run(URLClassLoader.java:368)
2020-06-15 23:31:17:242 - [35m[ADB][39m 	at java.net.URLClassLoader$1.run(URLClassLoader.java:362)
2020-06-15 23:31:17:242 - [35m[ADB][39m 	at java.security.AccessController.doPrivileged(Native Method)
2020-06-15 23:31:17:242 - [35m[ADB][39m 	at java.net.URLClassLoader.findClass(URLClassLoader.java:361)
2020-06-15 23:31:17:242 - [35m[ADB][39m 	at java.lang.ClassLoader.loadClass(ClassLoader.java:424)
2020-06-15 23:31:17:243 - [35m[ADB][39m 	at sun.misc.Launcher$AppClassLoader.loadClass(Launcher.java:349)
2020-06-15 23:31:17:243 - [35m[ADB][39m 	at java.lang.ClassLoader.loadClass(ClassLoader.java:357)
2020-06-15 23:31:17:243 - [35m[ADB][39m 	at sun.launcher.LauncherHelper.checkAndLoadMain(LauncherHelper.java:495)
2020-06-15 23:31:17:243 - [35m[ADB][39m 
2020-06-15 23:31:17:243 - [35m[ADB][39m Cannot use apksigner tool for signature verification. Original error: Command '/Users/tangyao/Android/sdk/build-tools/30.0.0-rc2/apksigner verify --print-certs /usr/local/lib/node_modules/appium/node_modules/_appium-uiautomator2-server\@3.8.1\@appium-uiautomator2-server/apks/appium-uiautomator2-server-v3.8.1.apk' exited with code 1
2020-06-15 23:31:17:243 - [debug] [35m[ADB][39m Defaulting to verify.jar
2020-06-15 23:31:18:627 - [debug] [35m[ADB][39m '/usr/local/lib/node_modules/appium/node_modules/_appium-uiautomator2-server@3.8.1@appium-uiautomator2-server/apks/appium-uiautomator2-server-v3.8.1.apk' is already signed.
2020-06-15 23:31:18:627 - [debug] [35m[ADB][39m Getting install status for io.appium.uiautomator2.server.test
2020-06-15 23:31:18:628 - [debug] [35m[ADB][39m Running '/Users/tangyao/Android/sdk/platform-tools/adb -P 5037 -s 5483e9c3 shell dumpsys package io.appium.uiautomator2.server.test'
2020-06-15 23:31:18:758 - [debug] [35m[ADB][39m 'io.appium.uiautomator2.server.test' is installed
2020-06-15 23:31:18:758 - [debug] [35m[ADB][39m Checking app cert for /usr/local/lib/node_modules/appium/node_modules/_appium-uiautomator2-server@3.8.1@appium-uiautomator2-server/apks/appium-uiautomator2-server-debug-androidTest.apk
2020-06-15 23:31:18:759 - [debug] [35m[ADB][39m Starting '/Users/tangyao/Android/sdk/build-tools/30.0.0-rc2/apksigner' with args '["verify","--print-certs","/usr/local/lib/node_modules/appium/node_modules/_appium-uiautomator2-server@3.8.1@appium-uiautomator2-server/apks/appium-uiautomator2-server-debug-androidTest.apk"]'
2020-06-15 23:31:19:180 - [35m[ADB][39m Got an error during apksigner execution: Command '/Users/tangyao/Android/sdk/build-tools/30.0.0-rc2/apksigner verify --print-certs /usr/local/lib/node_modules/appium/node_modules/_appium-uiautomator2-server\@3.8.1\@appium-uiautomator2-server/apks/appium-uiautomator2-server-debug-androidTest.apk' exited with code 1
2020-06-15 23:31:19:181 - [35m[ADB][39m apksigner stderr: Error: A JNI error has occurred, please check your installation and try again
2020-06-15 23:31:19:181 - [35m[ADB][39m Exception in thread "main" java.lang.UnsupportedClassVersionError: com/android/apksigner/ApkSignerTool has been compiled by a more recent version of the Java Runtime (class file version 53.0), this version of the Java Runtime only recognizes class file versions up to 52.0
2020-06-15 23:31:19:181 - [35m[ADB][39m 	at java.lang.ClassLoader.defineClass1(Native Method)
2020-06-15 23:31:19:181 - [35m[ADB][39m 	at java.lang.ClassLoader.defineClass(ClassLoader.java:763)
2020-06-15 23:31:19:181 - [35m[ADB][39m 	at java.security.SecureClassLoader.defineClass(SecureClassLoader.java:142)
2020-06-15 23:31:19:182 - [35m[ADB][39m 	at java.net.URLClassLoader.defineClass(URLClassLoader.java:467)
2020-06-15 23:31:19:182 - [35m[ADB][39m 	at java.net.URLClassLoader.access$100(URLClassLoader.java:73)
2020-06-15 23:31:19:182 - [35m[ADB][39m 	at java.net.URLClassLoader$1.run(URLClassLoader.java:368)
2020-06-15 23:31:19:182 - [35m[ADB][39m 	at java.net.URLClassLoader$1.run(URLClassLoader.java:362)
2020-06-15 23:31:19:182 - [35m[ADB][39m 	at java.security.AccessController.doPrivileged(Native Method)
2020-06-15 23:31:19:182 - [35m[ADB][39m 	at java.net.URLClassLoader.findClass(URLClassLoader.java:361)
2020-06-15 23:31:19:182 - [35m[ADB][39m 	at java.lang.ClassLoader.loadClass(ClassLoader.java:424)
2020-06-15 23:31:19:182 - [35m[ADB][39m 	at sun.misc.Launcher$AppClassLoader.loadClass(Launcher.java:349)
2020-06-15 23:31:19:183 - [35m[ADB][39m 	at java.lang.ClassLoader.loadClass(ClassLoader.java:357)
2020-06-15 23:31:19:183 - [35m[ADB][39m 	at sun.launcher.LauncherHelper.checkAndLoadMain(LauncherHelper.java:495)
2020-06-15 23:31:19:183 - [35m[ADB][39m 
2020-06-15 23:31:19:183 - [35m[ADB][39m Cannot use apksigner tool for signature verification. Original error: Command '/Users/tangyao/Android/sdk/build-tools/30.0.0-rc2/apksigner verify --print-certs /usr/local/lib/node_modules/appium/node_modules/_appium-uiautomator2-server\@3.8.1\@appium-uiautomator2-server/apks/appium-uiautomator2-server-debug-androidTest.apk' exited with code 1
2020-06-15 23:31:19:183 - [debug] [35m[ADB][39m Defaulting to verify.jar
2020-06-15 23:31:20:654 - [debug] [35m[ADB][39m '/usr/local/lib/node_modules/appium/node_modules/_appium-uiautomator2-server@3.8.1@appium-uiautomator2-server/apks/appium-uiautomator2-server-debug-androidTest.apk' is already signed.
2020-06-15 23:31:20:655 - [35m[UiAutomator2][39m Server packages are not going to be (re)installed
2020-06-15 23:31:20:655 - [debug] [35m[UiAutomator2][39m Waiting up to 30000ms for services to be available
2020-06-15 23:31:20:656 - [debug] [35m[ADB][39m Running '/Users/tangyao/Android/sdk/platform-tools/adb -P 5037 -s 5483e9c3 shell pm list instrumentation'
2020-06-15 23:31:20:793 - [debug] [35m[UiAutomator2][39m Instrumentation target 'io.appium.uiautomator2.server.test/androidx.test.runner.AndroidJUnitRunner' is available
2020-06-15 23:31:20:794 - [debug] [35m[UiAutomator2][39m Forwarding UiAutomator2 Server port 6790 to 6726
2020-06-15 23:31:20:794 - [debug] [35m[ADB][39m Forwarding system: 6726 to device: 6790
2020-06-15 23:31:20:795 - [debug] [35m[ADB][39m Running '/Users/tangyao/Android/sdk/platform-tools/adb -P 5037 -s 5483e9c3 forward tcp\:6726 tcp\:6790'
2020-06-15 23:31:20:846 - [debug] [35m[UiAutomator2][39m No app capability. Assuming it is already on the device
2020-06-15 23:31:20:849 - [debug] [35m[UiAutomator2][39m Performing shallow cleanup of automation leftovers
2020-06-15 23:31:20:894 - [debug] [35m[UiAutomator2][39m No obsolete sessions have been detected (Error: socket hang up)
2020-06-15 23:31:20:897 - [debug] [35m[ADB][39m Running '/Users/tangyao/Android/sdk/platform-tools/adb -P 5037 -s 5483e9c3 shell am force-stop io.appium.uiautomator2.server.test'
2020-06-15 23:31:21:066 - [35m[UiAutomator2][39m Starting UIAutomator2 server 3.8.1
2020-06-15 23:31:21:067 - [35m[UiAutomator2][39m Using UIAutomator2 server from '/usr/local/lib/node_modules/appium/node_modules/_appium-uiautomator2-server@3.8.1@appium-uiautomator2-server/apks/appium-uiautomator2-server-v3.8.1.apk' and test from '/usr/local/lib/node_modules/appium/node_modules/_appium-uiautomator2-server@3.8.1@appium-uiautomator2-server/apks/appium-uiautomator2-server-debug-androidTest.apk'
2020-06-15 23:31:21:067 - [35m[UiAutomator2][39m Waiting up to 30000ms for UiAutomator2 to be online...
2020-06-15 23:31:21:068 - [debug] [35m[ADB][39m Creating ADB subprocess with args: ["-P",5037,"-s","5483e9c3","shell","am","instrument","-w","io.appium.uiautomator2.server.test/androidx.test.runner.AndroidJUnitRunner"]
2020-06-15 23:31:22:086 - [debug] [35m[WD Proxy][39m Matched '/status' to command name 'getStatus'
2020-06-15 23:31:22:088 - [debug] [35m[WD Proxy][39m Proxying [GET /status] to [GET http://localhost:6726/wd/hub/status] with no body
2020-06-15 23:31:22:117 - [35m[WD Proxy][39m Got an unexpected response: {"code":"ECONNRESET"}
2020-06-15 23:31:22:321 - [debug] [35m[Instrumentation][39m io.appium.uiautomator2.server.test.AppiumUiAutomator2Server:
2020-06-15 23:31:23:122 - [debug] [35m[WD Proxy][39m Matched '/status' to command name 'getStatus'
2020-06-15 23:31:23:122 - [debug] [35m[WD Proxy][39m Proxying [GET /status] to [GET http://localhost:6726/wd/hub/status] with no body
2020-06-15 23:31:23:149 - [35m[WD Proxy][39m Got an unexpected response: {"code":"ECONNRESET"}
2020-06-15 23:31:24:149 - [debug] [35m[WD Proxy][39m Matched '/status' to command name 'getStatus'
2020-06-15 23:31:24:149 - [debug] [35m[WD Proxy][39m Proxying [GET /status] to [GET http://localhost:6726/wd/hub/status] with no body
2020-06-15 23:31:24:257 - [debug] [35m[WD Proxy][39m Got response with status 200: {"sessionId":"None","status":0,"value":"Status Invoked"}
2020-06-15 23:31:24:258 - [debug] [35m[WD Proxy][39m Determined the downstream protocol as 'MJSONWP'
2020-06-15 23:31:24:258 - [debug] [35m[UiAutomator2][39m The initialization of the instrumentation process took 3191ms
2020-06-15 23:31:24:258 - [debug] [35m[WD Proxy][39m Matched '/session' to command name 'createSession'
2020-06-15 23:31:24:259 - [debug] [35m[WD Proxy][39m Proxying [POST /session] to [POST http://localhost:6726/wd/hub/session] with body: {"desiredCapabilities":{"platform":"LINUX","webStorageEnabled":false,"takesScreenshot":true,"javascriptEnabled":true,"databaseEnabled":false,"networkConnectionEnabled":true,"locationContextEnabled":false,"warnings":{},"desired":{"platformName":"Android","udid":"5483e9c3","deviceName":"5483e9c3","appPackage":"com.xueqiu.android","platformVersion":"7.1.2","appActivity":".view.WelcomeActivityAlias","newCommandTimeout":120,"systemPort":6726,"noReset":true,"autoGrantPermissions":true},"platformName":"Android","udid":"5483e9c3","deviceName":"5483e9c3","appPackage":"com.xueqiu.android","platformVersion":"7.1.2","appActivity":".view.WelcomeActivityAlias","newCommandTimeout":120,"systemPort":6726,"noReset":true,"autoGrantPermissions":true,"deviceUDID":"5483e9c3"}}
2020-06-15 23:31:24:311 - [debug] [35m[WD Proxy][39m Got response with status 200: {"sessionId":"5c895e5b-d4af-47e6-abc0-cf29f16affda","status":0,"value":"Created Session"}
2020-06-15 23:31:24:318 - [debug] [35m[WD Proxy][39m Determined the downstream protocol as 'MJSONWP' per session creation request
2020-06-15 23:31:24:365 - [debug] [35m[WD Proxy][39m Proxying [GET /appium/device/info] to [GET http://localhost:6726/wd/hub/session/5c895e5b-d4af-47e6-abc0-cf29f16affda/appium/device/info] with no body
2020-06-15 23:31:24:465 - [debug] [35m[WD Proxy][39m Got response with status 200: {"sessionId":"5c895e5b-d4af-47e6-abc0-cf29f16affda","status":0,"value":{"androidId":"405f120cdfa7799f","manufacturer":"Xiaomi","model":"MI 8","brand":"Xiaomi","apiVersion":"29","platformVersion":"10","carrierName":"","realDisplaySize":"1080x2248","displayDensity":440,"networks":[{"type":1,"typeName":"WIFI","subtype":0,"subtypeName":"","isConnected":true,"detailedState":"CONNECTED","state":"CONNECTED","extraInfo":null,"isAvailable":true,"isFailover":false,"isRoaming":false,"capabilities":{"transportTypes":"NET_CAPABILITY_SUPL","networkCapabilities":"","linkUpstreamBandwidthKbps":1048576,"linkDownBandwidthKbps":1048576,"signalStrength":-41,"networkSpecifier":null,"SSID":null}}],"locale":"zh_CN","timeZone":"Asia\/Shanghai"}}
2020-06-15 23:31:24:466 - [debug] [35m[ADB][39m Running '/Users/tangyao/Android/sdk/platform-tools/adb -P 5037 -s 5483e9c3 shell dumpsys window'
2020-06-15 23:31:24:620 - [35m[AndroidDriver][39m Screen already unlocked, doing nothing
2020-06-15 23:31:24:621 - [35m[UiAutomator2][39m UiAutomator2 did not start the activity we were waiting for, 'com.xueqiu.android/.view.WelcomeActivityAlias'. Starting it ourselves
2020-06-15 23:31:24:622 - [debug] [35m[ADB][39m Running '/Users/tangyao/Android/sdk/platform-tools/adb -P 5037 -s 5483e9c3 shell am start -W -n com.xueqiu.android/.view.WelcomeActivityAlias -S -a android.intent.action.MAIN -c android.intent.category.LAUNCHER -f 0x10200000'
2020-06-15 23:31:24:702 - [35m[Appium][39m Received SIGINT - shutting down
2020-06-15 23:31:24:714 - [35m[Logcat][39m Logcat terminated with code null, signal SIGINT
2020-06-15 23:31:24:716 - [debug] [35m[Instrumentation][39m The process has exited with code null
2020-06-15 23:31:24:718 - [35m[HTTP][39m [37m<-- POST /wd/hub/session [39m[32m-[39m [90m- ms - -[39m
2020-06-15 23:31:24:718 - [35m[HTTP][39m [90m[39m
2020-06-15 23:31:25:466 - [debug] [35m[WD Proxy][39m Proxying [GET /appium/device/pixel_ratio] to [GET http://localhost:6726/wd/hub/session/5c895e5b-d4af-47e6-abc0-cf29f16affda/appium/device/pixel_ratio] with body: {}
2020-06-15 23:31:25:515 - [debug] [35m[WD Proxy][39m Got response with status 200: {"sessionId":"5c895e5b-d4af-47e6-abc0-cf29f16affda","status":0,"value":2.75}
2020-06-15 23:31:25:517 - [debug] [35m[WD Proxy][39m Matched '/appium/device/system_bars' to command name 'getSystemBars'
2020-06-15 23:31:25:517 - [debug] [35m[WD Proxy][39m Proxying [GET /appium/device/system_bars] to [GET http://localhost:6726/wd/hub/session/5c895e5b-d4af-47e6-abc0-cf29f16affda/appium/device/system_bars] with body: {}
2020-06-15 23:31:25:542 - [debug] [35m[WD Proxy][39m Got response with status 200: {"sessionId":"5c895e5b-d4af-47e6-abc0-cf29f16affda","status":0,"value":{"statusBar":89}}
2020-06-15 23:31:25:542 - [debug] [35m[WD Proxy][39m Matched '/window/current/size' to command name 'getWindowSize'
2020-06-15 23:31:25:543 - [debug] [35m[WD Proxy][39m Proxying [GET /window/current/size] to [GET http://localhost:6726/wd/hub/session/5c895e5b-d4af-47e6-abc0-cf29f16affda/window/current/size] with body: {}
2020-06-15 23:31:25:560 - [debug] [35m[WD Proxy][39m Got response with status 200: {"sessionId":"5c895e5b-d4af-47e6-abc0-cf29f16affda","status":0,"value":{"height":2029,"width":1080}}
2020-06-15 23:31:25:561 - [35m[Appium][39m New AndroidUiautomator2Driver session created successfully, session afa1e6ea-d457-4cac-8269-2266c8bb59a0 added to master session list
2020-06-15 23:31:25:562 - [debug] [35m[BaseDriver][39m Event 'newSessionStarted' logged at 1592235085562 (23:31:25 GMT+0800 (China Standard Time))
2020-06-15 23:31:25:564 - [debug] [35m[W3C (afa1e6ea)][39m Cached the protocol value 'W3C' for the new session afa1e6ea-d457-4cac-8269-2266c8bb59a0
2020-06-15 23:31:25:565 - [debug] [35m[W3C (afa1e6ea)][39m Responding to client with driver.createSession() result: {"capabilities":{"platform":"LINUX","webStorageEnabled":false,"takesScreenshot":true,"javascriptEnabled":true,"databaseEnabled":false,"networkConnectionEnabled":true,"locationContextEnabled":false,"warnings":{},"desired":{"platformName":"Android","udid":"5483e9c3","deviceName":"5483e9c3","appPackage":"com.xueqiu.android","platformVersion":"7.1.2","appActivity":".view.WelcomeActivityAlias","newCommandTimeout":120,"systemPort":6726,"noReset":true,"autoGrantPermissions":true},"platformName":"Android","udid":"5483e9c3","deviceName":"5483e9c3","appPackage":"com.xueqiu.android","platformVersion":"10","appActivity":".view.WelcomeActivityAlias","newCommandTimeout":120,"systemPort":6726,"noReset":true,"autoGrantPermissions":true,"deviceUDID":"5483e9c3","deviceApiLevel":29,"deviceScreenSize":"1080x2248","deviceScreenDensity":440,"deviceModel":"MI 8","deviceManufacturer":"Xiaomi","pixelRatio":2.75,"statBarHeight":89,"viewportRect":{"left":0,"top":89,"width":1080,"height":1940}}}
2020-06-15 23:33:25:576 - [35m[BaseDriver][39m Shutting down because we waited 120 seconds for a command
2020-06-15 23:33:25:587 - [debug] [35m[UiAutomator2][39m Deleting UiAutomator2 session
2020-06-15 23:33:25:588 - [35m[Appium][39m Closing session, cause was 'New Command Timeout of 120 seconds expired. Try customizing the timeout using the 'newCommandTimeout' desired capability'
2020-06-15 23:33:25:588 - [35m[Appium][39m Removing session afa1e6ea-d457-4cac-8269-2266c8bb59a0 from our master session list
2020-06-15 23:33:25:589 - [debug] [35m[UiAutomator2][39m Deleting UiAutomator2 server session
2020-06-15 23:33:25:589 - [debug] [35m[WD Proxy][39m Matched '/' to command name 'deleteSession'
2020-06-15 23:33:25:590 - [debug] [35m[WD Proxy][39m Proxying [DELETE /] to [DELETE http://localhost:6726/wd/hub/session/5c895e5b-d4af-47e6-abc0-cf29f16affda] with no body
2020-06-15 23:33:25:613 - [35m[WD Proxy][39m Got an unexpected response: {"code":"ECONNRESET"}
2020-06-15 23:33:25:613 - [35m[UiAutomator2][39m Did not get confirmation UiAutomator2 deleteSession worked; Error was: UnknownError: An unknown server-side error occurred while processing the command. Original error: Could not proxy command to remote server. Original error: Error: socket hang up
2020-06-15 23:33:25:614 - [debug] [35m[ADB][39m Running '/Users/tangyao/Android/sdk/platform-tools/adb -P 5037 -s 5483e9c3 shell am force-stop com.xueqiu.android'
2020-06-15 23:33:25:798 - [debug] [35m[Logcat][39m Stopping logcat capture
2020-06-15 23:33:25:798 - [debug] [35m[Logcat][39m Logcat already stopped
2020-06-15 23:33:25:799 - [debug] [35m[ADB][39m Removing forwarded port socket connection: 6726 
2020-06-15 23:33:25:799 - [debug] [35m[ADB][39m Running '/Users/tangyao/Android/sdk/platform-tools/adb -P 5037 -s 5483e9c3 forward --remove tcp\:6726'
2020-06-15 23:33:25:819 - [35m[UiAutomator2][39m Restoring hidden api policy to the device default configuration
2020-06-15 23:33:25:820 - [debug] [35m[ADB][39m Running '/Users/tangyao/Android/sdk/platform-tools/adb -P 5037 -s 5483e9c3 shell settings delete global hidden_api_policy_pre_p_apps'
2020-06-15 23:33:25:893 - [debug] [35m[ADB][39m Running '/Users/tangyao/Android/sdk/platform-tools/adb -P 5037 -s 5483e9c3 shell settings delete global hidden_api_policy_p_apps'
2020-06-15 23:33:25:942 - [debug] [35m[ADB][39m Running '/Users/tangyao/Android/sdk/platform-tools/adb -P 5037 -s 5483e9c3 shell settings delete global hidden_api_policy'
