2020-06-15 23:29:32:667 - [35m[Appium][39m Welcome to Appium v1.14.1
2020-06-15 23:29:32:675 - [35m[Appium][39m Non-default server args:
2020-06-15 23:29:32:676 - [35m[Appium][39m   port: 4727
2020-06-15 23:29:32:678 - [35m[Appium][39m   bootstrapPort: 6727
2020-06-15 23:29:32:697 - [35m[Appium][39m   logTimestamp: true
2020-06-15 23:29:32:698 - [35m[Appium][39m   localTimezone: true
2020-06-15 23:29:32:700 - [35m[Appium][39m   udid: emulator-5554
2020-06-15 23:29:32:701 - [35m[Appium][39m Deprecated server args:
2020-06-15 23:29:32:703 - [35m[Appium][39m   [31m-U,--udid[39m => --default-capabilities '{"udid":"emulator-5554"}'
2020-06-15 23:29:32:703 - [35m[Appium][39m Default capabilities, which will be added to each request unless overridden by desired capabilities:
2020-06-15 23:29:32:704 - [35m[Appium][39m   udid: emulator-5554
2020-06-15 23:29:32:938 - [35m[Appium][39m Appium REST http interface listener started on 0.0.0.0:4727
2020-06-15 23:29:38:140 - [35m[HTTP][39m [37m-->[39m [37mPOST[39m [37m/wd/hub/session[39m
2020-06-15 23:29:38:143 - [35m[HTTP][39m [90m{"capabilities":{"firstMatch":[{"platformName":"Android","appium:deviceName":"emulator-5554","appium:appPackage":"com.xueqiu.android","appium:platformVersion":"9","appium:appActivity":".view.WelcomeActivityAlias","appium:newCommandTimeout":120,"appium:systemPort":6727,"appium:noReset":true,"appium:autoGrantPermissions":true}]},"desiredCapabilities":{"platformName":"Android","deviceName":"emulator-5554","appPackage":"com.xueqiu.android","platformVersion":"9","appActivity":".view.WelcomeActivityAlias","newCommandTimeout":120,"systemPort":6727,"noReset":true,"autoGrantPermissions":true}}[39m
2020-06-15 23:29:38:164 - [debug] [35m[W3C][39m Calling AppiumDriver.createSession() with args: [{"platformName":"Android","deviceName":"emulator-5554","appPackage":"com.xueqiu.android","platformVersion":"9","appActivity":".view.WelcomeActivityAlias","newCommandTimeout":120,"systemPort":6727,"noReset":true,"autoGrantPermissions":true},null,{"firstMatch":[{"platformName":"Android","appium:deviceName":"emulator-5554","appium:appPackage":"com.xueqiu.android","appium:platformVersion":"9","appium:appActivity":".view.WelcomeActivityAlias","appium:newCommandTimeout":120,"appium:systemPort":6727,"appium:noReset":true,"appium:autoGrantPermissions":true}]}]
2020-06-15 23:29:38:168 - [debug] [35m[BaseDriver][39m Event 'newSessionRequested' logged at 1592234978168 (23:29:38 GMT+0800 (China Standard Time))
2020-06-15 23:29:38:325 - [35m[BaseDriver][39m The capabilities ["udid"] are not standard capabilities and should have an extension prefix
2020-06-15 23:29:38:358 - [35m[Appium][39m 
2020-06-15 23:29:38:360 - [35m[Appium][39m ======================================================================
2020-06-15 23:29:38:365 - [35m[Appium][39m   DEPRECATION WARNING:
2020-06-15 23:29:38:372 - [35m[Appium][39m 
2020-06-15 23:29:38:373 - [35m[Appium][39m   The 'automationName' capability was not provided in the desired 
2020-06-15 23:29:38:374 - [35m[Appium][39m   capabilities for this Android session
2020-06-15 23:29:38:375 - [35m[Appium][39m 
2020-06-15 23:29:38:378 - [35m[Appium][39m   Setting 'automationName=UiAutomator2' by default and using the 
2020-06-15 23:29:38:381 - [35m[Appium][39m   UiAutomator2 Driver
2020-06-15 23:29:38:383 - [35m[Appium][39m 
2020-06-15 23:29:38:384 - [35m[Appium][39m   The next major version of Appium (2.x) will **require** the 
2020-06-15 23:29:38:384 - [35m[Appium][39m   'automationName' capability to be set for all sessions on all 
2020-06-15 23:29:38:385 - [35m[Appium][39m   platforms
2020-06-15 23:29:38:386 - [35m[Appium][39m 
2020-06-15 23:29:38:389 - [35m[Appium][39m   In previous versions (Appium <= 1.13.x), the default was 
2020-06-15 23:29:38:390 - [35m[Appium][39m   'automationName=UiAutomator1'
2020-06-15 23:29:38:390 - [35m[Appium][39m 
2020-06-15 23:29:38:391 - [35m[Appium][39m   If you wish to use that automation instead of UiAutomator2, please 
2020-06-15 23:29:38:391 - [35m[Appium][39m   add 'automationName=UiAutomator1' to your desired capabilities
2020-06-15 23:29:38:392 - [35m[Appium][39m 
2020-06-15 23:29:38:392 - [35m[Appium][39m   For more information about drivers, please visit 
2020-06-15 23:29:38:393 - [35m[Appium][39m   http://appium.io/docs/en/about-appium/intro/ and explore the 
2020-06-15 23:29:38:393 - [35m[Appium][39m   'Drivers' menu
2020-06-15 23:29:38:394 - [35m[Appium][39m 
2020-06-15 23:29:38:394 - [35m[Appium][39m ======================================================================
2020-06-15 23:29:38:395 - [35m[Appium][39m 
2020-06-15 23:29:41:042 - [35m[Appium][39m Appium v1.14.1 creating new AndroidUiautomator2Driver (v1.34.0) session
2020-06-15 23:29:41:045 - [35m[Appium][39m Capabilities:
2020-06-15 23:29:41:045 - [35m[Appium][39m   platformName: Android
2020-06-15 23:29:41:046 - [35m[Appium][39m   udid: emulator-5554
2020-06-15 23:29:41:046 - [35m[Appium][39m   deviceName: emulator-5554
2020-06-15 23:29:41:047 - [35m[Appium][39m   appPackage: com.xueqiu.android
2020-06-15 23:29:41:048 - [35m[Appium][39m   platformVersion: 9
2020-06-15 23:29:41:048 - [35m[Appium][39m   appActivity: .view.WelcomeActivityAlias
2020-06-15 23:29:41:049 - [35m[Appium][39m   newCommandTimeout: 120
2020-06-15 23:29:41:051 - [35m[Appium][39m   systemPort: 6727
2020-06-15 23:29:41:052 - [35m[Appium][39m   noReset: true
2020-06-15 23:29:41:052 - [35m[Appium][39m   autoGrantPermissions: true
2020-06-15 23:29:41:062 - [debug] [35m[BaseDriver][39m W3C capabilities and MJSONWP desired capabilities were provided
2020-06-15 23:29:41:067 - [debug] [35m[BaseDriver][39m Creating session with W3C capabilities: {
2020-06-15 23:29:41:068 - [debug] [35m[BaseDriver][39m   "alwaysMatch": {
2020-06-15 23:29:41:068 - [debug] [35m[BaseDriver][39m     "platformName": "Android",
2020-06-15 23:29:41:070 - [debug] [35m[BaseDriver][39m     "appium:udid": "emulator-5554",
2020-06-15 23:29:41:071 - [debug] [35m[BaseDriver][39m     "appium:deviceName": "emulator-5554",
2020-06-15 23:29:41:071 - [debug] [35m[BaseDriver][39m     "appium:appPackage": "com.xueqiu.android",
2020-06-15 23:29:41:072 - [debug] [35m[BaseDriver][39m     "appium:platformVersion": "9",
2020-06-15 23:29:41:073 - [debug] [35m[BaseDriver][39m     "appium:appActivity": ".view.WelcomeActivityAlias",
2020-06-15 23:29:41:073 - [debug] [35m[BaseDriver][39m     "appium:newCommandTimeout": 120,
2020-06-15 23:29:41:155 - [debug] [35m[BaseDriver][39m     "appium:systemPort": 6727,
2020-06-15 23:29:41:159 - [debug] [35m[BaseDriver][39m     "appium:noReset": true,
2020-06-15 23:29:41:160 - [debug] [35m[BaseDriver][39m     "appium:autoGrantPermissions": true
2020-06-15 23:29:41:164 - [debug] [35m[BaseDriver][39m   },
2020-06-15 23:29:41:164 - [debug] [35m[BaseDriver][39m   "firstMatch": [
2020-06-15 23:29:41:165 - [debug] [35m[BaseDriver][39m     {}
2020-06-15 23:29:41:171 - [debug] [35m[BaseDriver][39m   ]
2020-06-15 23:29:41:172 - [debug] [35m[BaseDriver][39m }
2020-06-15 23:29:41:393 - [35m[BaseDriver][39m Session created with session id: 93665ac4-bb78-43f9-a1ee-437fe3592b73
2020-06-15 23:29:41:904 - [35m[ADB][39m Found 42 'build-tools' folders under '/Users/tangyao/Android/sdk' (newest first):
2020-06-15 23:29:41:923 - [35m[ADB][39m     /Users/tangyao/Android/sdk/build-tools/30.0.0-rc2
2020-06-15 23:29:41:924 - [35m[ADB][39m     /Users/tangyao/Android/sdk/build-tools/29.0.2
2020-06-15 23:29:41:925 - [35m[ADB][39m     /Users/tangyao/Android/sdk/build-tools/29.0.0-rc2
2020-06-15 23:29:41:925 - [35m[ADB][39m     /Users/tangyao/Android/sdk/build-tools/28.0.3
2020-06-15 23:29:41:926 - [35m[ADB][39m     /Users/tangyao/Android/sdk/build-tools/28.0.2
2020-06-15 23:29:41:926 - [35m[ADB][39m     /Users/tangyao/Android/sdk/build-tools/28.0.1
2020-06-15 23:29:41:927 - [35m[ADB][39m     /Users/tangyao/Android/sdk/build-tools/28.0.0
2020-06-15 23:29:41:932 - [35m[ADB][39m     /Users/tangyao/Android/sdk/build-tools/28.0.0-rc2
2020-06-15 23:29:41:933 - [35m[ADB][39m     /Users/tangyao/Android/sdk/build-tools/28.0.0-rc1
2020-06-15 23:29:41:933 - [35m[ADB][39m     /Users/tangyao/Android/sdk/build-tools/27.0.3
2020-06-15 23:29:41:934 - [35m[ADB][39m     /Users/tangyao/Android/sdk/build-tools/26.0.1
2020-06-15 23:29:41:934 - [35m[ADB][39m     /Users/tangyao/Android/sdk/build-tools/26.0.0
2020-06-15 23:29:41:935 - [35m[ADB][39m     /Users/tangyao/Android/sdk/build-tools/25.0.3
2020-06-15 23:29:41:935 - [35m[ADB][39m     /Users/tangyao/Android/sdk/build-tools/25.0.2
2020-06-15 23:29:41:937 - [35m[ADB][39m     /Users/tangyao/Android/sdk/build-tools/25.0.1
2020-06-15 23:29:41:940 - [35m[ADB][39m     /Users/tangyao/Android/sdk/build-tools/25.0.0
2020-06-15 23:29:41:941 - [35m[ADB][39m     /Users/tangyao/Android/sdk/build-tools/24.0.3
2020-06-15 23:29:41:941 - [35m[ADB][39m     /Users/tangyao/Android/sdk/build-tools/24.0.2
2020-06-15 23:29:41:942 - [35m[ADB][39m     /Users/tangyao/Android/sdk/build-tools/24.0.1
2020-06-15 23:29:41:943 - [35m[ADB][39m     /Users/tangyao/Android/sdk/build-tools/24.0.0
2020-06-15 23:29:41:944 - [35m[ADB][39m     /Users/tangyao/Android/sdk/build-tools/23.0.3
2020-06-15 23:29:41:944 - [35m[ADB][39m     /Users/tangyao/Android/sdk/build-tools/23.0.2
2020-06-15 23:29:41:946 - [35m[ADB][39m     /Users/tangyao/Android/sdk/build-tools/23.0.1
2020-06-15 23:29:41:947 - [35m[ADB][39m     /Users/tangyao/Android/sdk/build-tools/23.0.0
2020-06-15 23:29:41:947 - [35m[ADB][39m     /Users/tangyao/Android/sdk/build-tools/22.0.1
2020-06-15 23:29:41:947 - [35m[ADB][39m     /Users/tangyao/Android/sdk/build-tools/22.0.0
2020-06-15 23:29:41:948 - [35m[ADB][39m     /Users/tangyao/Android/sdk/build-tools/21.1.2
2020-06-15 23:29:41:949 - [35m[ADB][39m     /Users/tangyao/Android/sdk/build-tools/21.1.1
2020-06-15 23:29:41:949 - [35m[ADB][39m     /Users/tangyao/Android/sdk/build-tools/21.1.0
2020-06-15 23:29:41:950 - [35m[ADB][39m     /Users/tangyao/Android/sdk/build-tools/21.0.2
2020-06-15 23:29:41:950 - [35m[ADB][39m     /Users/tangyao/Android/sdk/build-tools/21.0.1
2020-06-15 23:29:41:950 - [35m[ADB][39m     /Users/tangyao/Android/sdk/build-tools/21.0.0
2020-06-15 23:29:41:951 - [35m[ADB][39m     /Users/tangyao/Android/sdk/build-tools/20.0.0
2020-06-15 23:29:41:968 - [35m[ADB][39m     /Users/tangyao/Android/sdk/build-tools/19.1.0
2020-06-15 23:29:41:969 - [35m[ADB][39m     /Users/tangyao/Android/sdk/build-tools/19.0.3
2020-06-15 23:29:41:980 - [35m[ADB][39m     /Users/tangyao/Android/sdk/build-tools/19.0.2
2020-06-15 23:29:41:982 - [35m[ADB][39m     /Users/tangyao/Android/sdk/build-tools/19.0.1
2020-06-15 23:29:41:982 - [35m[ADB][39m     /Users/tangyao/Android/sdk/build-tools/19.0.0
2020-06-15 23:29:41:982 - [35m[ADB][39m     /Users/tangyao/Android/sdk/build-tools/18.1.1
2020-06-15 23:29:41:983 - [35m[ADB][39m     /Users/tangyao/Android/sdk/build-tools/18.1.0
2020-06-15 23:29:41:983 - [35m[ADB][39m     /Users/tangyao/Android/sdk/build-tools/18.0.1
2020-06-15 23:29:41:983 - [35m[ADB][39m     /Users/tangyao/Android/sdk/build-tools/17.0.0
2020-06-15 23:29:42:017 - [35m[ADB][39m Using 'adb' from '/Users/tangyao/Android/sdk/platform-tools/adb'
2020-06-15 23:29:42:018 - [35m[AndroidDriver][39m Retrieving device list
2020-06-15 23:29:42:032 - [debug] [35m[ADB][39m Trying to find a connected android device
2020-06-15 23:29:42:036 - [debug] [35m[ADB][39m Getting connected devices...
2020-06-15 23:29:42:081 - [debug] [35m[ADB][39m 2 device(s) connected
2020-06-15 23:29:42:082 - [35m[AndroidDriver][39m Using device: emulator-5554
2020-06-15 23:29:42:097 - [35m[ADB][39m Using 'adb' from '/Users/tangyao/Android/sdk/platform-tools/adb'
2020-06-15 23:29:42:098 - [debug] [35m[ADB][39m Setting device id to emulator-5554
2020-06-15 23:29:42:099 - [debug] [35m[ADB][39m Running '/Users/tangyao/Android/sdk/platform-tools/adb -P 5037 -s emulator-5554 shell getprop ro.build.version.sdk'
2020-06-15 23:29:42:128 - [debug] [35m[ADB][39m Current device property 'ro.build.version.sdk': 23
2020-06-15 23:29:42:128 - [debug] [35m[ADB][39m Device API level: 23
2020-06-15 23:29:42:128 - [35m[AndroidDriver][39m No app sent in, not parsing package/activity
2020-06-15 23:29:42:129 - [debug] [35m[ADB][39m Running '/Users/tangyao/Android/sdk/platform-tools/adb -P 5037 -s emulator-5554 wait-for-device'
2020-06-15 23:29:42:148 - [debug] [35m[ADB][39m Running '/Users/tangyao/Android/sdk/platform-tools/adb -P 5037 -s emulator-5554 shell echo ping'
2020-06-15 23:29:42:176 - [debug] [35m[AndroidDriver][39m Pushing settings apk to device...
2020-06-15 23:29:42:177 - [debug] [35m[ADB][39m Getting install status for io.appium.settings
2020-06-15 23:29:42:178 - [debug] [35m[ADB][39m Running '/Users/tangyao/Android/sdk/platform-tools/adb -P 5037 -s emulator-5554 shell dumpsys package io.appium.settings'
2020-06-15 23:29:42:282 - [debug] [35m[ADB][39m 'io.appium.settings' is installed
2020-06-15 23:29:42:282 - [debug] [35m[ADB][39m Getting package info for 'io.appium.settings'
2020-06-15 23:29:42:283 - [debug] [35m[ADB][39m Running '/Users/tangyao/Android/sdk/platform-tools/adb -P 5037 -s emulator-5554 shell dumpsys package io.appium.settings'
2020-06-15 23:29:42:353 - [35m[ADB][39m Using 'apkanalyzer' from '/Users/tangyao/Android/sdk/tools/bin/apkanalyzer'
2020-06-15 23:29:42:354 - [debug] [35m[ADB][39m Starting '/Users/tangyao/Android/sdk/tools/bin/apkanalyzer' with args ["manifest","print","/usr/local/lib/node_modules/appium/node_modules/_io.appium.settings@2.14.1@io.appium.settings/apks/settings_apk-debug.apk"]
2020-06-15 23:30:16:589 - [debug] [35m[ADB][39m The version name of the installed 'io.appium.settings' is greater or equal to the application version name ('2.14.1' >= '2.14.1')
2020-06-15 23:30:16:619 - [debug] [35m[ADB][39m There is no need to install/upgrade '/usr/local/lib/node_modules/appium/node_modules/_io.appium.settings@2.14.1@io.appium.settings/apks/settings_apk-debug.apk'
2020-06-15 23:30:16:621 - [debug] [35m[ADB][39m Getting IDs of all 'io.appium.settings' processes
2020-06-15 23:30:16:623 - [debug] [35m[ADB][39m Running '/Users/tangyao/Android/sdk/platform-tools/adb -P 5037 -s emulator-5554 shell 'pgrep --help; echo $?''
2020-06-15 23:30:16:871 - [debug] [35m[ADB][39m Running '/Users/tangyao/Android/sdk/platform-tools/adb -P 5037 -s emulator-5554 shell pgrep -f io\.appium\.settings'
2020-06-15 23:30:17:174 - [debug] [35m[AndroidDriver][39m io.appium.settings is already running. There is no need to reset its permissions.
2020-06-15 23:30:17:176 - [debug] [35m[ADB][39m Running '/Users/tangyao/Android/sdk/platform-tools/adb -P 5037 -s emulator-5554 shell appops set io.appium.settings android\:mock_location allow'
2020-06-15 23:30:22:619 - [debug] [35m[Logcat][39m Starting logcat capture
2020-06-15 23:30:22:685 - [debug] [35m[ADB][39m Getting install status for io.appium.uiautomator2.server
2020-06-15 23:30:22:685 - [debug] [35m[ADB][39m Running '/Users/tangyao/Android/sdk/platform-tools/adb -P 5037 -s emulator-5554 shell dumpsys package io.appium.uiautomator2.server'
2020-06-15 23:30:22:780 - [debug] [35m[ADB][39m 'io.appium.uiautomator2.server' is installed
2020-06-15 23:30:22:780 - [debug] [35m[ADB][39m Getting package info for 'io.appium.uiautomator2.server'
2020-06-15 23:30:22:780 - [debug] [35m[ADB][39m Running '/Users/tangyao/Android/sdk/platform-tools/adb -P 5037 -s emulator-5554 shell dumpsys package io.appium.uiautomator2.server'
2020-06-15 23:30:22:992 - [debug] [35m[ADB][39m Starting '/Users/tangyao/Android/sdk/tools/bin/apkanalyzer' with args ["manifest","print","/usr/local/lib/node_modules/appium/node_modules/_appium-uiautomator2-server@3.8.1@appium-uiautomator2-server/apks/appium-uiautomator2-server-v3.8.1.apk"]
2020-06-15 23:30:26:637 - [35m[Logcat][39m Logcat terminated with code null, signal SIGINT
2020-06-15 23:30:26:646 - [35m[Appium][39m Received SIGINT - shutting down
2020-06-15 23:30:26:651 - [35m[HTTP][39m [37m<-- POST /wd/hub/session [39m[32m-[39m [90m- ms - -[39m
2020-06-15 23:30:26:652 - [35m[HTTP][39m [90m[39m
2020-06-15 23:30:26:759 - [35m[ADB][39m Cannot extract apk info using apkanalyzer. Falling back to aapt. Original error: Command '/Users/tangyao/Android/sdk/tools/bin/apkanalyzer manifest print /usr/local/lib/node_modules/appium/node_modules/_appium-uiautomator2-server\@3.8.1\@appium-uiautomator2-server/apks/appium-uiautomator2-server-v3.8.1.apk' exited with code 130
2020-06-15 23:30:26:761 - [35m[ADB][39m Using 'aapt' from '/Users/tangyao/Android/sdk/build-tools/30.0.0-rc2/aapt'
2020-06-15 23:30:26:791 - [debug] [35m[ADB][39m The version name of the installed 'io.appium.uiautomator2.server' is greater or equal to the application version name ('3.8.1' >= '3.8.1')
2020-06-15 23:30:26:791 - [debug] [35m[UiAutomator2][39m io.appium.uiautomator2.server installation state: sameVersionInstalled
2020-06-15 23:30:26:792 - [debug] [35m[ADB][39m Checking app cert for /usr/local/lib/node_modules/appium/node_modules/_appium-uiautomator2-server@3.8.1@appium-uiautomator2-server/apks/appium-uiautomator2-server-v3.8.1.apk
2020-06-15 23:30:26:793 - [35m[ADB][39m Using 'apksigner' from '/Users/tangyao/Android/sdk/build-tools/30.0.0-rc2/apksigner'
2020-06-15 23:30:26:793 - [debug] [35m[ADB][39m Starting '/Users/tangyao/Android/sdk/build-tools/30.0.0-rc2/apksigner' with args '["verify","--print-certs","/usr/local/lib/node_modules/appium/node_modules/_appium-uiautomator2-server@3.8.1@appium-uiautomator2-server/apks/appium-uiautomator2-server-v3.8.1.apk"]'
2020-06-15 23:30:27:157 - [35m[ADB][39m Got an error during apksigner execution: Command '/Users/tangyao/Android/sdk/build-tools/30.0.0-rc2/apksigner verify --print-certs /usr/local/lib/node_modules/appium/node_modules/_appium-uiautomator2-server\@3.8.1\@appium-uiautomator2-server/apks/appium-uiautomator2-server-v3.8.1.apk' exited with code 1
2020-06-15 23:30:27:157 - [35m[ADB][39m apksigner stderr: Error: A JNI error has occurred, please check your installation and try again
2020-06-15 23:30:27:157 - [35m[ADB][39m Exception in thread "main" java.lang.UnsupportedClassVersionError: com/android/apksigner/ApkSignerTool has been compiled by a more recent version of the Java Runtime (class file version 53.0), this version of the Java Runtime only recognizes class file versions up to 52.0
2020-06-15 23:30:27:157 - [35m[ADB][39m 	at java.lang.ClassLoader.defineClass1(Native Method)
2020-06-15 23:30:27:158 - [35m[ADB][39m 	at java.lang.ClassLoader.defineClass(ClassLoader.java:763)
2020-06-15 23:30:27:158 - [35m[ADB][39m 	at java.security.SecureClassLoader.defineClass(SecureClassLoader.java:142)
2020-06-15 23:30:27:158 - [35m[ADB][39m 	at java.net.URLClassLoader.defineClass(URLClassLoader.java:467)
2020-06-15 23:30:27:158 - [35m[ADB][39m 	at java.net.URLClassLoader.access$100(URLClassLoader.java:73)
2020-06-15 23:30:27:158 - [35m[ADB][39m 	at java.net.URLClassLoader$1.run(URLClassLoader.java:368)
2020-06-15 23:30:27:158 - [35m[ADB][39m 	at java.net.URLClassLoader$1.run(URLClassLoader.java:362)
2020-06-15 23:30:27:159 - [35m[ADB][39m 	at java.security.AccessController.doPrivileged(Native Method)
2020-06-15 23:30:27:159 - [35m[ADB][39m 	at java.net.URLClassLoader.findClass(URLClassLoader.java:361)
2020-06-15 23:30:27:159 - [35m[ADB][39m 	at java.lang.ClassLoader.loadClass(ClassLoader.java:424)
2020-06-15 23:30:27:159 - [35m[ADB][39m 	at sun.misc.Launcher$AppClassLoader.loadClass(Launcher.java:349)
2020-06-15 23:30:27:159 - [35m[ADB][39m 	at java.lang.ClassLoader.loadClass(ClassLoader.java:357)
2020-06-15 23:30:27:159 - [35m[ADB][39m 	at sun.launcher.LauncherHelper.checkAndLoadMain(LauncherHelper.java:495)
2020-06-15 23:30:27:159 - [35m[ADB][39m 
2020-06-15 23:30:27:159 - [35m[ADB][39m Cannot use apksigner tool for signature verification. Original error: Command '/Users/tangyao/Android/sdk/build-tools/30.0.0-rc2/apksigner verify --print-certs /usr/local/lib/node_modules/appium/node_modules/_appium-uiautomator2-server\@3.8.1\@appium-uiautomator2-server/apks/appium-uiautomator2-server-v3.8.1.apk' exited with code 1
2020-06-15 23:30:27:160 - [debug] [35m[ADB][39m Defaulting to verify.jar
2020-06-15 23:30:28:046 - [debug] [35m[ADB][39m '/usr/local/lib/node_modules/appium/node_modules/_appium-uiautomator2-server@3.8.1@appium-uiautomator2-server/apks/appium-uiautomator2-server-v3.8.1.apk' is already signed.
2020-06-15 23:30:28:047 - [debug] [35m[ADB][39m Getting install status for io.appium.uiautomator2.server.test
2020-06-15 23:30:28:048 - [debug] [35m[ADB][39m Running '/Users/tangyao/Android/sdk/platform-tools/adb -P 5037 -s emulator-5554 shell dumpsys package io.appium.uiautomator2.server.test'
2020-06-15 23:30:28:111 - [debug] [35m[ADB][39m 'io.appium.uiautomator2.server.test' is installed
2020-06-15 23:30:28:111 - [debug] [35m[ADB][39m Checking app cert for /usr/local/lib/node_modules/appium/node_modules/_appium-uiautomator2-server@3.8.1@appium-uiautomator2-server/apks/appium-uiautomator2-server-debug-androidTest.apk
2020-06-15 23:30:28:112 - [debug] [35m[ADB][39m Starting '/Users/tangyao/Android/sdk/build-tools/30.0.0-rc2/apksigner' with args '["verify","--print-certs","/usr/local/lib/node_modules/appium/node_modules/_appium-uiautomator2-server@3.8.1@appium-uiautomator2-server/apks/appium-uiautomator2-server-debug-androidTest.apk"]'
2020-06-15 23:30:28:572 - [35m[ADB][39m Got an error during apksigner execution: Command '/Users/tangyao/Android/sdk/build-tools/30.0.0-rc2/apksigner verify --print-certs /usr/local/lib/node_modules/appium/node_modules/_appium-uiautomator2-server\@3.8.1\@appium-uiautomator2-server/apks/appium-uiautomator2-server-debug-androidTest.apk' exited with code 1
2020-06-15 23:30:28:572 - [35m[ADB][39m apksigner stderr: Error: A JNI error has occurred, please check your installation and try again
2020-06-15 23:30:28:572 - [35m[ADB][39m Exception in thread "main" java.lang.UnsupportedClassVersionError: com/android/apksigner/ApkSignerTool has been compiled by a more recent version of the Java Runtime (class file version 53.0), this version of the Java Runtime only recognizes class file versions up to 52.0
2020-06-15 23:30:28:573 - [35m[ADB][39m 	at java.lang.ClassLoader.defineClass1(Native Method)
2020-06-15 23:30:28:573 - [35m[ADB][39m 	at java.lang.ClassLoader.defineClass(ClassLoader.java:763)
2020-06-15 23:30:28:573 - [35m[ADB][39m 	at java.security.SecureClassLoader.defineClass(SecureClassLoader.java:142)
2020-06-15 23:30:28:573 - [35m[ADB][39m 	at java.net.URLClassLoader.defineClass(URLClassLoader.java:467)
2020-06-15 23:30:28:573 - [35m[ADB][39m 	at java.net.URLClassLoader.access$100(URLClassLoader.java:73)
2020-06-15 23:30:28:573 - [35m[ADB][39m 	at java.net.URLClassLoader$1.run(URLClassLoader.java:368)
2020-06-15 23:30:28:574 - [35m[ADB][39m 	at java.net.URLClassLoader$1.run(URLClassLoader.java:362)
2020-06-15 23:30:28:574 - [35m[ADB][39m 	at java.security.AccessController.doPrivileged(Native Method)
2020-06-15 23:30:28:574 - [35m[ADB][39m 	at java.net.URLClassLoader.findClass(URLClassLoader.java:361)
2020-06-15 23:30:28:574 - [35m[ADB][39m 	at java.lang.ClassLoader.loadClass(ClassLoader.java:424)
2020-06-15 23:30:28:574 - [35m[ADB][39m 	at sun.misc.Launcher$AppClassLoader.loadClass(Launcher.java:349)
2020-06-15 23:30:28:574 - [35m[ADB][39m 	at java.lang.ClassLoader.loadClass(ClassLoader.java:357)
2020-06-15 23:30:28:575 - [35m[ADB][39m 	at sun.launcher.LauncherHelper.checkAndLoadMain(LauncherHelper.java:495)
2020-06-15 23:30:28:575 - [35m[ADB][39m 
2020-06-15 23:30:28:575 - [35m[ADB][39m Cannot use apksigner tool for signature verification. Original error: Command '/Users/tangyao/Android/sdk/build-tools/30.0.0-rc2/apksigner verify --print-certs /usr/local/lib/node_modules/appium/node_modules/_appium-uiautomator2-server\@3.8.1\@appium-uiautomator2-server/apks/appium-uiautomator2-server-debug-androidTest.apk' exited with code 1
2020-06-15 23:30:28:575 - [debug] [35m[ADB][39m Defaulting to verify.jar
2020-06-15 23:30:29:472 - [debug] [35m[ADB][39m '/usr/local/lib/node_modules/appium/node_modules/_appium-uiautomator2-server@3.8.1@appium-uiautomator2-server/apks/appium-uiautomator2-server-debug-androidTest.apk' is already signed.
2020-06-15 23:30:29:473 - [35m[UiAutomator2][39m Server packages are not going to be (re)installed
2020-06-15 23:30:29:473 - [debug] [35m[UiAutomator2][39m Waiting up to 30000ms for services to be available
2020-06-15 23:30:29:474 - [debug] [35m[ADB][39m Running '/Users/tangyao/Android/sdk/platform-tools/adb -P 5037 -s emulator-5554 shell pm list instrumentation'
2020-06-15 23:30:29:990 - [debug] [35m[UiAutomator2][39m Instrumentation target 'io.appium.uiautomator2.server.test/androidx.test.runner.AndroidJUnitRunner' is available
2020-06-15 23:30:29:991 - [debug] [35m[UiAutomator2][39m Forwarding UiAutomator2 Server port 6790 to 6727
2020-06-15 23:30:29:993 - [debug] [35m[ADB][39m Forwarding system: 6727 to device: 6790
2020-06-15 23:30:29:993 - [debug] [35m[ADB][39m Running '/Users/tangyao/Android/sdk/platform-tools/adb -P 5037 -s emulator-5554 forward tcp\:6727 tcp\:6790'
2020-06-15 23:30:30:026 - [debug] [35m[UiAutomator2][39m No app capability. Assuming it is already on the device
2020-06-15 23:30:30:027 - [debug] [35m[UiAutomator2][39m Performing shallow cleanup of automation leftovers
2020-06-15 23:30:30:065 - [debug] [35m[UiAutomator2][39m No obsolete sessions have been detected (Error: socket hang up)
2020-06-15 23:30:30:066 - [debug] [35m[ADB][39m Running '/Users/tangyao/Android/sdk/platform-tools/adb -P 5037 -s emulator-5554 shell am force-stop io.appium.uiautomator2.server.test'
2020-06-15 23:30:31:044 - [35m[UiAutomator2][39m Starting UIAutomator2 server 3.8.1
2020-06-15 23:30:31:044 - [35m[UiAutomator2][39m Using UIAutomator2 server from '/usr/local/lib/node_modules/appium/node_modules/_appium-uiautomator2-server@3.8.1@appium-uiautomator2-server/apks/appium-uiautomator2-server-v3.8.1.apk' and test from '/usr/local/lib/node_modules/appium/node_modules/_appium-uiautomator2-server@3.8.1@appium-uiautomator2-server/apks/appium-uiautomator2-server-debug-androidTest.apk'
2020-06-15 23:30:31:044 - [35m[UiAutomator2][39m Waiting up to 30000ms for UiAutomator2 to be online...
2020-06-15 23:30:31:045 - [debug] [35m[ADB][39m Creating ADB subprocess with args: ["-P",5037,"-s","emulator-5554","shell","am","instrument","-w","io.appium.uiautomator2.server.test/androidx.test.runner.AndroidJUnitRunner"]
2020-06-15 23:30:32:059 - [debug] [35m[WD Proxy][39m Matched '/status' to command name 'getStatus'
2020-06-15 23:30:32:061 - [debug] [35m[WD Proxy][39m Proxying [GET /status] to [GET http://localhost:6727/wd/hub/status] with no body
2020-06-15 23:30:32:091 - [35m[WD Proxy][39m Got an unexpected response: {"code":"ECONNRESET"}
2020-06-15 23:30:32:302 - [debug] [35m[Instrumentation][39m io.appium.uiautomator2.server.test.AppiumUiAutomator2Server:
2020-06-15 23:30:33:093 - [debug] [35m[WD Proxy][39m Matched '/status' to command name 'getStatus'
2020-06-15 23:30:33:094 - [debug] [35m[WD Proxy][39m Proxying [GET /status] to [GET http://localhost:6727/wd/hub/status] with no body
2020-06-15 23:30:33:101 - [35m[WD Proxy][39m Got an unexpected response: {"code":"ECONNRESET"}
2020-06-15 23:30:34:105 - [debug] [35m[WD Proxy][39m Matched '/status' to command name 'getStatus'
2020-06-15 23:30:34:105 - [debug] [35m[WD Proxy][39m Proxying [GET /status] to [GET http://localhost:6727/wd/hub/status] with no body
2020-06-15 23:30:34:293 - [debug] [35m[WD Proxy][39m Got response with status 200: {"sessionId":"None","status":0,"value":"Status Invoked"}
2020-06-15 23:30:34:294 - [debug] [35m[WD Proxy][39m Determined the downstream protocol as 'MJSONWP'
2020-06-15 23:30:34:294 - [debug] [35m[UiAutomator2][39m The initialization of the instrumentation process took 3250ms
2020-06-15 23:30:34:294 - [debug] [35m[WD Proxy][39m Matched '/session' to command name 'createSession'
2020-06-15 23:30:34:295 - [debug] [35m[WD Proxy][39m Proxying [POST /session] to [POST http://localhost:6727/wd/hub/session] with body: {"desiredCapabilities":{"platform":"LINUX","webStorageEnabled":false,"takesScreenshot":true,"javascriptEnabled":true,"databaseEnabled":false,"networkConnectionEnabled":true,"locationContextEnabled":false,"warnings":{},"desired":{"platformName":"Android","udid":"emulator-5554","deviceName":"emulator-5554","appPackage":"com.xueqiu.android","platformVersion":"9","appActivity":".view.WelcomeActivityAlias","newCommandTimeout":120,"systemPort":6727,"noReset":true,"autoGrantPermissions":true},"platformName":"Android","udid":"emulator-5554","deviceName":"emulator-5554","appPackage":"com.xueqiu.android","platformVersion":"9","appActivity":".view.WelcomeActivityAlias","newCommandTimeout":120,"systemPort":6727,"noReset":true,"autoGrantPermissions":true,"deviceUDID":"emulator-5554"}}
2020-06-15 23:30:34:329 - [debug] [35m[WD Proxy][39m Got response with status 200: {"sessionId":"6c0b33d0-c849-4d65-bbcc-cc712eb949d7","status":0,"value":"Created Session"}
2020-06-15 23:30:34:329 - [debug] [35m[WD Proxy][39m Determined the downstream protocol as 'MJSONWP' per session creation request
2020-06-15 23:30:34:342 - [debug] [35m[WD Proxy][39m Proxying [GET /appium/device/info] to [GET http://localhost:6727/wd/hub/session/6c0b33d0-c849-4d65-bbcc-cc712eb949d7/appium/device/info] with no body
2020-06-15 23:30:34:383 - [debug] [35m[WD Proxy][39m Got response with status 200: {"sessionId":"6c0b33d0-c849-4d65-bbcc-cc712eb949d7","status":0,"value":{"androidId":"9f76973988ef8c02","manufacturer":"Netease","model":"MuMu","brand":"Android","apiVersion":"23","platformVersion":"6.0.1","carrierName":"","realDisplaySize":"640x1024","displayDensity":256,"networks":[{"type":1,"typeName":"WIFI","subtype":0,"subtypeName":"","isConnected":true,"detailedState":"CONNECTED","state":"CONNECTED","extraInfo":"\"Nr9K20lV\"","isAvailable":true,"isFailover":false,"isRoaming":false,"capabilities":{"transportTypes":"NET_CAPABILITY_SUPL","networkCapabilities":"","linkUpstreamBandwidthKbps":1048576,"linkDownBandwidthKbps":1048576,"signalStrength":-55,"networkSpecifier":null,"SSID":null}}],"locale":"zh_CN","timeZone":"Asia\/Shanghai"}}
2020-06-15 23:30:34:384 - [debug] [35m[ADB][39m Running '/Users/tangyao/Android/sdk/platform-tools/adb -P 5037 -s emulator-5554 shell dumpsys window'
2020-06-15 23:30:34:433 - [35m[AndroidDriver][39m Screen already unlocked, doing nothing
2020-06-15 23:30:34:434 - [35m[UiAutomator2][39m UiAutomator2 did not start the activity we were waiting for, 'com.xueqiu.android/.view.WelcomeActivityAlias'. Starting it ourselves
2020-06-15 23:30:34:436 - [debug] [35m[ADB][39m Running '/Users/tangyao/Android/sdk/platform-tools/adb -P 5037 -s emulator-5554 shell am start -W -n com.xueqiu.android/.view.WelcomeActivityAlias -S -a android.intent.action.MAIN -c android.intent.category.LAUNCHER -f 0x10200000'
2020-06-15 23:30:54:453 - [debug] [35m[UiAutomator2][39m Deleting UiAutomator2 session
2020-06-15 23:30:54:462 - [debug] [35m[UiAutomator2][39m Deleting UiAutomator2 server session
2020-06-15 23:30:54:462 - [debug] [35m[WD Proxy][39m Matched '/' to command name 'deleteSession'
2020-06-15 23:30:54:463 - [debug] [35m[WD Proxy][39m Proxying [DELETE /] to [DELETE http://localhost:6727/wd/hub/session/6c0b33d0-c849-4d65-bbcc-cc712eb949d7] with no body
2020-06-15 23:30:54:551 - [debug] [35m[WD Proxy][39m Got response with status 200: {"sessionId":"6c0b33d0-c849-4d65-bbcc-cc712eb949d7","status":0,"value":"Session deleted"}
2020-06-15 23:30:54:551 - [debug] [35m[ADB][39m Running '/Users/tangyao/Android/sdk/platform-tools/adb -P 5037 -s emulator-5554 shell am force-stop com.xueqiu.android'
2020-06-15 23:30:55:538 - [debug] [35m[Instrumentation][39m .
2020-06-15 23:30:56:369 - [debug] [35m[Logcat][39m Stopping logcat capture
2020-06-15 23:30:56:370 - [debug] [35m[Logcat][39m Logcat already stopped
2020-06-15 23:30:56:371 - [debug] [35m[ADB][39m Removing forwarded port socket connection: 6727 
2020-06-15 23:30:56:373 - [debug] [35m[ADB][39m Running '/Users/tangyao/Android/sdk/platform-tools/adb -P 5037 -s emulator-5554 forward --remove tcp\:6727'
2020-06-15 23:30:56:407 - [debug] [35m[BaseDriver][39m Event 'newSessionStarted' logged at 1592235056407 (23:30:56 GMT+0800 (China Standard Time))
2020-06-15 23:30:56:460 - [debug] [35m[W3C][39m Encountered internal error running command: Error: Cannot start the 'com.xueqiu.android' application. Visit https://github.com/appium/appium/blob/master/docs/en/writing-running-appium/android/activity-startup.md for troubleshooting. Original error: Error executing adbExec. Original error: 'Command '/Users/tangyao/Android/sdk/platform-tools/adb -P 5037 -s emulator-5554 shell am start -W -n com.xueqiu.android/.view.WelcomeActivityAlias -S -a android.intent.action.MAIN -c android.intent.category.LAUNCHER -f 0x10200000' timed out after 20000ms'. Try to increase the 20000ms adb execution timeout represented by 'adbExecTimeout' capability
2020-06-15 23:30:56:461 - [debug] [35m[W3C][39m     at ADB.startApp (/usr/local/lib/node_modules/appium/node_modules/_appium-adb@7.12.0@appium-adb/lib/tools/apk-utils.js:153:11)
2020-06-15 23:31:03:893 - [debug] [35m[Instrumentation][39m Time: 23.252
2020-06-15 23:31:03:894 - [debug] [35m[Instrumentation][39m 
2020-06-15 23:31:03:894 - [debug] [35m[Instrumentation][39m OK (1 test)
2020-06-15 23:31:04:240 - [debug] [35m[Instrumentation][39m The process has exited with code 0
