2020-06-16 06:05:29:410 - [35m[Appium][39m Welcome to Appium v1.14.1
2020-06-16 06:05:29:413 - [35m[Appium][39m Non-default server args:
2020-06-16 06:05:29:414 - [35m[Appium][39m   port: 4727
2020-06-16 06:05:29:414 - [35m[Appium][39m   bootstrapPort: 6727
2020-06-16 06:05:29:414 - [35m[Appium][39m   logTimestamp: true
2020-06-16 06:05:29:415 - [35m[Appium][39m   localTimezone: true
2020-06-16 06:05:29:425 - [35m[Appium][39m   udid: emulator-5554
2020-06-16 06:05:29:426 - [35m[Appium][39m Deprecated server args:
2020-06-16 06:05:29:426 - [35m[Appium][39m   [31m-U,--udid[39m => --default-capabilities '{"udid":"emulator-5554"}'
2020-06-16 06:05:29:426 - [35m[Appium][39m Default capabilities, which will be added to each request unless overridden by desired capabilities:
2020-06-16 06:05:29:426 - [35m[Appium][39m   udid: emulator-5554
2020-06-16 06:05:29:460 - [35m[Appium][39m Appium REST http interface listener started on 0.0.0.0:4727
2020-06-16 06:05:31:509 - [35m[HTTP][39m [37m-->[39m [37mPOST[39m [37m/wd/hub/session[39m
2020-06-16 06:05:31:510 - [35m[HTTP][39m [90m{"capabilities":{"firstMatch":[{"platformName":"Android","appium:deviceName":"emulator-5554","appium:udid":"emulator-5554","appium:appPackage":"com.xueqiu.android","appium:platformVersion":"9","appium:appActivity":".view.WelcomeActivityAlias","appium:newCommandTimeout":120,"appium:systemPort":6727,"appium:noReset":true,"appium:autoGrantPermissions":true}]},"desiredCapabilities":{"platformName":"Android","deviceName":"emulator-5554","udid":"emulator-5554","appPackage":"com.xueqiu.android","platformVersion":"9","appActivity":".view.WelcomeActivityAlias","newCommandTimeout":120,"systemPort":6727,"noReset":true,"autoGrantPermissions":true}}[39m
2020-06-16 06:05:31:511 - [debug] [35m[W3C][39m Calling AppiumDriver.createSession() with args: [{"platformName":"Android","deviceName":"emulator-5554","udid":"emulator-5554","appPackage":"com.xueqiu.android","platformVersion":"9","appActivity":".view.WelcomeActivityAlias","newCommandTimeout":120,"systemPort":6727,"noReset":true,"autoGrantPermissions":true},null,{"firstMatch":[{"platformName":"Android","appium:deviceName":"emulator-5554","appium:udid":"emulator-5554","appium:appPackage":"com.xueqiu.android","appium:platformVersion":"9","appium:appActivity":".view.WelcomeActivityAlias","appium:newCommandTimeout":120,"appium:systemPort":6727,"appium:noReset":true,"appium:autoGrantPermissions":true}]}]
2020-06-16 06:05:31:512 - [debug] [35m[BaseDriver][39m Event 'newSessionRequested' logged at 1592258731512 (06:05:31 GMT+0800 (China Standard Time))
2020-06-16 06:05:31:518 - [35m[Appium][39m 
2020-06-16 06:05:31:519 - [35m[Appium][39m ======================================================================
2020-06-16 06:05:31:519 - [35m[Appium][39m   DEPRECATION WARNING:
2020-06-16 06:05:31:519 - [35m[Appium][39m 
2020-06-16 06:05:31:519 - [35m[Appium][39m   The 'automationName' capability was not provided in the desired 
2020-06-16 06:05:31:519 - [35m[Appium][39m   capabilities for this Android session
2020-06-16 06:05:31:519 - [35m[Appium][39m 
2020-06-16 06:05:31:519 - [35m[Appium][39m   Setting 'automationName=UiAutomator2' by default and using the 
2020-06-16 06:05:31:520 - [35m[Appium][39m   UiAutomator2 Driver
2020-06-16 06:05:31:520 - [35m[Appium][39m 
2020-06-16 06:05:31:520 - [35m[Appium][39m   The next major version of Appium (2.x) will **require** the 
2020-06-16 06:05:31:520 - [35m[Appium][39m   'automationName' capability to be set for all sessions on all 
2020-06-16 06:05:31:520 - [35m[Appium][39m   platforms
2020-06-16 06:05:31:520 - [35m[Appium][39m 
2020-06-16 06:05:31:520 - [35m[Appium][39m   In previous versions (Appium <= 1.13.x), the default was 
2020-06-16 06:05:31:520 - [35m[Appium][39m   'automationName=UiAutomator1'
2020-06-16 06:05:31:521 - [35m[Appium][39m 
2020-06-16 06:05:31:521 - [35m[Appium][39m   If you wish to use that automation instead of UiAutomator2, please 
2020-06-16 06:05:31:521 - [35m[Appium][39m   add 'automationName=UiAutomator1' to your desired capabilities
2020-06-16 06:05:31:522 - [35m[Appium][39m 
2020-06-16 06:05:31:522 - [35m[Appium][39m   For more information about drivers, please visit 
2020-06-16 06:05:31:522 - [35m[Appium][39m   http://appium.io/docs/en/about-appium/intro/ and explore the 
2020-06-16 06:05:31:522 - [35m[Appium][39m   'Drivers' menu
2020-06-16 06:05:31:522 - [35m[Appium][39m 
2020-06-16 06:05:31:522 - [35m[Appium][39m ======================================================================
2020-06-16 06:05:31:522 - [35m[Appium][39m 
2020-06-16 06:05:31:797 - [35m[Appium][39m Appium v1.14.1 creating new AndroidUiautomator2Driver (v1.34.0) session
2020-06-16 06:05:31:797 - [35m[Appium][39m Capabilities:
2020-06-16 06:05:31:798 - [35m[Appium][39m   platformName: Android
2020-06-16 06:05:31:798 - [35m[Appium][39m   deviceName: emulator-5554
2020-06-16 06:05:31:798 - [35m[Appium][39m   udid: emulator-5554
2020-06-16 06:05:31:798 - [35m[Appium][39m   appPackage: com.xueqiu.android
2020-06-16 06:05:31:798 - [35m[Appium][39m   platformVersion: 9
2020-06-16 06:05:31:798 - [35m[Appium][39m   appActivity: .view.WelcomeActivityAlias
2020-06-16 06:05:31:799 - [35m[Appium][39m   newCommandTimeout: 120
2020-06-16 06:05:31:799 - [35m[Appium][39m   systemPort: 6727
2020-06-16 06:05:31:799 - [35m[Appium][39m   noReset: true
2020-06-16 06:05:31:799 - [35m[Appium][39m   autoGrantPermissions: true
2020-06-16 06:05:31:801 - [debug] [35m[BaseDriver][39m W3C capabilities and MJSONWP desired capabilities were provided
2020-06-16 06:05:31:801 - [debug] [35m[BaseDriver][39m Creating session with W3C capabilities: {
2020-06-16 06:05:31:801 - [debug] [35m[BaseDriver][39m   "alwaysMatch": {
2020-06-16 06:05:31:802 - [debug] [35m[BaseDriver][39m     "platformName": "Android",
2020-06-16 06:05:31:802 - [debug] [35m[BaseDriver][39m     "appium:deviceName": "emulator-5554",
2020-06-16 06:05:31:802 - [debug] [35m[BaseDriver][39m     "appium:udid": "emulator-5554",
2020-06-16 06:05:31:802 - [debug] [35m[BaseDriver][39m     "appium:appPackage": "com.xueqiu.android",
2020-06-16 06:05:31:802 - [debug] [35m[BaseDriver][39m     "appium:platformVersion": "9",
2020-06-16 06:05:31:803 - [debug] [35m[BaseDriver][39m     "appium:appActivity": ".view.WelcomeActivityAlias",
2020-06-16 06:05:31:803 - [debug] [35m[BaseDriver][39m     "appium:newCommandTimeout": 120,
2020-06-16 06:05:31:804 - [debug] [35m[BaseDriver][39m     "appium:systemPort": 6727,
2020-06-16 06:05:31:804 - [debug] [35m[BaseDriver][39m     "appium:noReset": true,
2020-06-16 06:05:31:804 - [debug] [35m[BaseDriver][39m     "appium:autoGrantPermissions": true
2020-06-16 06:05:31:804 - [debug] [35m[BaseDriver][39m   },
2020-06-16 06:05:31:804 - [debug] [35m[BaseDriver][39m   "firstMatch": [
2020-06-16 06:05:31:804 - [debug] [35m[BaseDriver][39m     {}
2020-06-16 06:05:31:805 - [debug] [35m[BaseDriver][39m   ]
2020-06-16 06:05:31:805 - [debug] [35m[BaseDriver][39m }
2020-06-16 06:05:31:812 - [35m[BaseDriver][39m Session created with session id: 82fd8a8b-f238-4877-8984-4f4aed13a78a
2020-06-16 06:05:31:848 - [35m[ADB][39m Found 42 'build-tools' folders under '/Users/tangyao/Android/sdk' (newest first):
2020-06-16 06:05:31:848 - [35m[ADB][39m     /Users/tangyao/Android/sdk/build-tools/30.0.0-rc2
2020-06-16 06:05:31:849 - [35m[ADB][39m     /Users/tangyao/Android/sdk/build-tools/29.0.2
2020-06-16 06:05:31:849 - [35m[ADB][39m     /Users/tangyao/Android/sdk/build-tools/29.0.0-rc2
2020-06-16 06:05:31:849 - [35m[ADB][39m     /Users/tangyao/Android/sdk/build-tools/28.0.3
2020-06-16 06:05:31:849 - [35m[ADB][39m     /Users/tangyao/Android/sdk/build-tools/28.0.2
2020-06-16 06:05:31:849 - [35m[ADB][39m     /Users/tangyao/Android/sdk/build-tools/28.0.1
2020-06-16 06:05:31:849 - [35m[ADB][39m     /Users/tangyao/Android/sdk/build-tools/28.0.0
2020-06-16 06:05:31:850 - [35m[ADB][39m     /Users/tangyao/Android/sdk/build-tools/28.0.0-rc2
2020-06-16 06:05:31:850 - [35m[ADB][39m     /Users/tangyao/Android/sdk/build-tools/28.0.0-rc1
2020-06-16 06:05:31:850 - [35m[ADB][39m     /Users/tangyao/Android/sdk/build-tools/27.0.3
2020-06-16 06:05:31:850 - [35m[ADB][39m     /Users/tangyao/Android/sdk/build-tools/26.0.1
2020-06-16 06:05:31:850 - [35m[ADB][39m     /Users/tangyao/Android/sdk/build-tools/26.0.0
2020-06-16 06:05:31:850 - [35m[ADB][39m     /Users/tangyao/Android/sdk/build-tools/25.0.3
2020-06-16 06:05:31:851 - [35m[ADB][39m     /Users/tangyao/Android/sdk/build-tools/25.0.2
2020-06-16 06:05:31:851 - [35m[ADB][39m     /Users/tangyao/Android/sdk/build-tools/25.0.1
2020-06-16 06:05:31:851 - [35m[ADB][39m     /Users/tangyao/Android/sdk/build-tools/25.0.0
2020-06-16 06:05:31:851 - [35m[ADB][39m     /Users/tangyao/Android/sdk/build-tools/24.0.3
2020-06-16 06:05:31:851 - [35m[ADB][39m     /Users/tangyao/Android/sdk/build-tools/24.0.2
2020-06-16 06:05:31:851 - [35m[ADB][39m     /Users/tangyao/Android/sdk/build-tools/24.0.1
2020-06-16 06:05:31:851 - [35m[ADB][39m     /Users/tangyao/Android/sdk/build-tools/24.0.0
2020-06-16 06:05:31:851 - [35m[ADB][39m     /Users/tangyao/Android/sdk/build-tools/23.0.3
2020-06-16 06:05:31:852 - [35m[ADB][39m     /Users/tangyao/Android/sdk/build-tools/23.0.2
2020-06-16 06:05:31:852 - [35m[ADB][39m     /Users/tangyao/Android/sdk/build-tools/23.0.1
2020-06-16 06:05:31:852 - [35m[ADB][39m     /Users/tangyao/Android/sdk/build-tools/23.0.0
2020-06-16 06:05:31:852 - [35m[ADB][39m     /Users/tangyao/Android/sdk/build-tools/22.0.1
2020-06-16 06:05:31:852 - [35m[ADB][39m     /Users/tangyao/Android/sdk/build-tools/22.0.0
2020-06-16 06:05:31:852 - [35m[ADB][39m     /Users/tangyao/Android/sdk/build-tools/21.1.2
2020-06-16 06:05:31:852 - [35m[ADB][39m     /Users/tangyao/Android/sdk/build-tools/21.1.1
2020-06-16 06:05:31:852 - [35m[ADB][39m     /Users/tangyao/Android/sdk/build-tools/21.1.0
2020-06-16 06:05:31:852 - [35m[ADB][39m     /Users/tangyao/Android/sdk/build-tools/21.0.2
2020-06-16 06:05:31:853 - [35m[ADB][39m     /Users/tangyao/Android/sdk/build-tools/21.0.1
2020-06-16 06:05:31:853 - [35m[ADB][39m     /Users/tangyao/Android/sdk/build-tools/21.0.0
2020-06-16 06:05:31:853 - [35m[ADB][39m     /Users/tangyao/Android/sdk/build-tools/20.0.0
2020-06-16 06:05:31:853 - [35m[ADB][39m     /Users/tangyao/Android/sdk/build-tools/19.1.0
2020-06-16 06:05:31:853 - [35m[ADB][39m     /Users/tangyao/Android/sdk/build-tools/19.0.3
2020-06-16 06:05:31:853 - [35m[ADB][39m     /Users/tangyao/Android/sdk/build-tools/19.0.2
2020-06-16 06:05:31:854 - [35m[ADB][39m     /Users/tangyao/Android/sdk/build-tools/19.0.1
2020-06-16 06:05:31:854 - [35m[ADB][39m     /Users/tangyao/Android/sdk/build-tools/19.0.0
2020-06-16 06:05:31:855 - [35m[ADB][39m     /Users/tangyao/Android/sdk/build-tools/18.1.1
2020-06-16 06:05:31:856 - [35m[ADB][39m     /Users/tangyao/Android/sdk/build-tools/18.1.0
2020-06-16 06:05:31:861 - [35m[ADB][39m     /Users/tangyao/Android/sdk/build-tools/18.0.1
2020-06-16 06:05:31:863 - [35m[ADB][39m     /Users/tangyao/Android/sdk/build-tools/17.0.0
2020-06-16 06:05:31:887 - [35m[ADB][39m Using 'adb' from '/Users/tangyao/Android/sdk/platform-tools/adb'
2020-06-16 06:05:31:887 - [35m[AndroidDriver][39m Retrieving device list
2020-06-16 06:05:31:888 - [debug] [35m[ADB][39m Trying to find a connected android device
2020-06-16 06:05:31:888 - [debug] [35m[ADB][39m Getting connected devices...
2020-06-16 06:05:31:961 - [debug] [35m[ADB][39m 1 device(s) connected
2020-06-16 06:05:32:016 - [35m[AndroidDriver][39m Error: Device emulator-5554 was not in the list of connected devices
2020-06-16 06:05:32:016 - [35m[AndroidDriver][39m     at Object.wrappedLogger.errorAndThrow (/usr/local/lib/node_modules/appium/node_modules/_appium-support@2.32.0@appium-support/lib/logging.js:78:13)
2020-06-16 06:05:32:016 - [35m[AndroidDriver][39m     at Object.errorAndThrow [as getDeviceInfoFromCaps] (/usr/local/lib/node_modules/appium/node_modules/_appium-android-driver@4.18.1@appium-android-driver/lib/android-helpers.js:200:16)
2020-06-16 06:05:32:016 - [35m[AndroidDriver][39m     at AndroidUiautomator2Driver.startUiAutomator2Session (/usr/local/lib/node_modules/appium/node_modules/_appium-uiautomator2-driver@1.34.0@appium-uiautomator2-driver/lib/driver.js:263:26)
2020-06-16 06:05:32:016 - [35m[AndroidDriver][39m     at AndroidUiautomator2Driver.createSession (/usr/local/lib/node_modules/appium/node_modules/_appium-uiautomator2-driver@1.34.0@appium-uiautomator2-driver/lib/driver.js:210:7)
2020-06-16 06:05:32:017 - [35m[AndroidDriver][39m     at AppiumDriver.createSession (/usr/local/lib/node_modules/appium/lib/appium.js:362:35)
2020-06-16 06:05:32:017 - [35m[AndroidDriver][39m     at AppiumDriver.executeCommand (/usr/local/lib/node_modules/appium/node_modules/_appium-base-driver@3.20.1@appium-base-driver/lib/basedriver/driver.js:377:13)
2020-06-16 06:05:32:017 - [35m[AndroidDriver][39m     at AppiumDriver.executeCommand (/usr/local/lib/node_modules/appium/lib/appium.js:491:14)
2020-06-16 06:05:32:017 - [35m[AndroidDriver][39m     at asyncHandler (/usr/local/lib/node_modules/appium/node_modules/_appium-base-driver@3.20.1@appium-base-driver/lib/protocol/protocol.js:285:21)
2020-06-16 06:05:32:017 - [debug] [35m[UiAutomator2][39m Deleting UiAutomator2 session
2020-06-16 06:05:32:018 - [debug] [35m[BaseDriver][39m Event 'newSessionStarted' logged at 1592258732018 (06:05:32 GMT+0800 (China Standard Time))
2020-06-16 06:05:32:018 - [debug] [35m[W3C][39m Encountered internal error running command: Error: Device emulator-5554 was not in the list of connected devices
2020-06-16 06:05:32:018 - [debug] [35m[W3C][39m     at Object.wrappedLogger.errorAndThrow (/usr/local/lib/node_modules/appium/node_modules/_appium-support@2.32.0@appium-support/lib/logging.js:78:13)
2020-06-16 06:05:32:018 - [debug] [35m[W3C][39m     at Object.errorAndThrow [as getDeviceInfoFromCaps] (/usr/local/lib/node_modules/appium/node_modules/_appium-android-driver@4.18.1@appium-android-driver/lib/android-helpers.js:200:16)
2020-06-16 06:05:32:019 - [debug] [35m[W3C][39m     at AndroidUiautomator2Driver.startUiAutomator2Session (/usr/local/lib/node_modules/appium/node_modules/_appium-uiautomator2-driver@1.34.0@appium-uiautomator2-driver/lib/driver.js:263:26)
2020-06-16 06:05:32:019 - [debug] [35m[W3C][39m     at AndroidUiautomator2Driver.createSession (/usr/local/lib/node_modules/appium/node_modules/_appium-uiautomator2-driver@1.34.0@appium-uiautomator2-driver/lib/driver.js:210:7)
2020-06-16 06:05:32:019 - [debug] [35m[W3C][39m     at AppiumDriver.createSession (/usr/local/lib/node_modules/appium/lib/appium.js:362:35)
2020-06-16 06:05:32:019 - [debug] [35m[W3C][39m     at AppiumDriver.executeCommand (/usr/local/lib/node_modules/appium/node_modules/_appium-base-driver@3.20.1@appium-base-driver/lib/basedriver/driver.js:377:13)
2020-06-16 06:05:32:020 - [debug] [35m[W3C][39m     at AppiumDriver.executeCommand (/usr/local/lib/node_modules/appium/lib/appium.js:491:14)
2020-06-16 06:05:32:020 - [debug] [35m[W3C][39m     at asyncHandler (/usr/local/lib/node_modules/appium/node_modules/_appium-base-driver@3.20.1@appium-base-driver/lib/protocol/protocol.js:285:21)
2020-06-16 06:05:32:038 - [35m[HTTP][39m [37m<-- POST /wd/hub/session [39m[31m500[39m [90m527 ms - 673[39m
2020-06-16 06:05:32:038 - [35m[HTTP][39m [90m[39m
2020-06-16 06:05:32:248 - [35m[HTTP][39m [37m-->[39m [37mPOST[39m [37m/wd/hub/session[39m
2020-06-16 06:05:32:249 - [35m[HTTP][39m [90m{"capabilities":{"firstMatch":[{"platformName":"Android","appium:deviceName":"emulator-5554","appium:udid":"emulator-5554","appium:appPackage":"com.xueqiu.android","appium:platformVersion":"9","appium:appActivity":".view.WelcomeActivityAlias","appium:newCommandTimeout":120,"appium:systemPort":6727,"appium:noReset":true,"appium:autoGrantPermissions":true}]},"desiredCapabilities":{"platformName":"Android","deviceName":"emulator-5554","udid":"emulator-5554","appPackage":"com.xueqiu.android","platformVersion":"9","appActivity":".view.WelcomeActivityAlias","newCommandTimeout":120,"systemPort":6727,"noReset":true,"autoGrantPermissions":true}}[39m
2020-06-16 06:05:32:249 - [debug] [35m[W3C][39m Calling AppiumDriver.createSession() with args: [{"platformName":"Android","deviceName":"emulator-5554","udid":"emulator-5554","appPackage":"com.xueqiu.android","platformVersion":"9","appActivity":".view.WelcomeActivityAlias","newCommandTimeout":120,"systemPort":6727,"noReset":true,"autoGrantPermissions":true},null,{"firstMatch":[{"platformName":"Android","appium:deviceName":"emulator-5554","appium:udid":"emulator-5554","appium:appPackage":"com.xueqiu.android","appium:platformVersion":"9","appium:appActivity":".view.WelcomeActivityAlias","appium:newCommandTimeout":120,"appium:systemPort":6727,"appium:noReset":true,"appium:autoGrantPermissions":true}]}]
2020-06-16 06:05:32:249 - [debug] [35m[BaseDriver][39m Event 'newSessionRequested' logged at 1592258732249 (06:05:32 GMT+0800 (China Standard Time))
2020-06-16 06:05:32:251 - [35m[Appium][39m 
2020-06-16 06:05:32:251 - [35m[Appium][39m ======================================================================
2020-06-16 06:05:32:251 - [35m[Appium][39m   DEPRECATION WARNING:
2020-06-16 06:05:32:251 - [35m[Appium][39m 
2020-06-16 06:05:32:252 - [35m[Appium][39m   The 'automationName' capability was not provided in the desired 
2020-06-16 06:05:32:252 - [35m[Appium][39m   capabilities for this Android session
2020-06-16 06:05:32:252 - [35m[Appium][39m 
2020-06-16 06:05:32:252 - [35m[Appium][39m   Setting 'automationName=UiAutomator2' by default and using the 
2020-06-16 06:05:32:252 - [35m[Appium][39m   UiAutomator2 Driver
2020-06-16 06:05:32:252 - [35m[Appium][39m 
2020-06-16 06:05:32:252 - [35m[Appium][39m   The next major version of Appium (2.x) will **require** the 
2020-06-16 06:05:32:252 - [35m[Appium][39m   'automationName' capability to be set for all sessions on all 
2020-06-16 06:05:32:252 - [35m[Appium][39m   platforms
2020-06-16 06:05:32:253 - [35m[Appium][39m 
2020-06-16 06:05:32:253 - [35m[Appium][39m   In previous versions (Appium <= 1.13.x), the default was 
2020-06-16 06:05:32:253 - [35m[Appium][39m   'automationName=UiAutomator1'
2020-06-16 06:05:32:253 - [35m[Appium][39m 
2020-06-16 06:05:32:253 - [35m[Appium][39m   If you wish to use that automation instead of UiAutomator2, please 
2020-06-16 06:05:32:254 - [35m[Appium][39m   add 'automationName=UiAutomator1' to your desired capabilities
2020-06-16 06:05:32:254 - [35m[Appium][39m 
2020-06-16 06:05:32:254 - [35m[Appium][39m   For more information about drivers, please visit 
2020-06-16 06:05:32:255 - [35m[Appium][39m   http://appium.io/docs/en/about-appium/intro/ and explore the 
2020-06-16 06:05:32:255 - [35m[Appium][39m   'Drivers' menu
2020-06-16 06:05:32:256 - [35m[Appium][39m 
2020-06-16 06:05:32:256 - [35m[Appium][39m ======================================================================
2020-06-16 06:05:32:257 - [35m[Appium][39m 
2020-06-16 06:05:32:257 - [35m[Appium][39m Appium v1.14.1 creating new AndroidUiautomator2Driver (v1.34.0) session
2020-06-16 06:05:32:258 - [35m[Appium][39m Capabilities:
2020-06-16 06:05:32:258 - [35m[Appium][39m   platformName: Android
2020-06-16 06:05:32:259 - [35m[Appium][39m   deviceName: emulator-5554
2020-06-16 06:05:32:259 - [35m[Appium][39m   udid: emulator-5554
2020-06-16 06:05:32:259 - [35m[Appium][39m   appPackage: com.xueqiu.android
2020-06-16 06:05:32:259 - [35m[Appium][39m   platformVersion: 9
2020-06-16 06:05:32:259 - [35m[Appium][39m   appActivity: .view.WelcomeActivityAlias
2020-06-16 06:05:32:260 - [35m[Appium][39m   newCommandTimeout: 120
2020-06-16 06:05:32:260 - [35m[Appium][39m   systemPort: 6727
2020-06-16 06:05:32:260 - [35m[Appium][39m   noReset: true
2020-06-16 06:05:32:260 - [35m[Appium][39m   autoGrantPermissions: true
2020-06-16 06:05:32:261 - [debug] [35m[BaseDriver][39m W3C capabilities and MJSONWP desired capabilities were provided
2020-06-16 06:05:32:261 - [debug] [35m[BaseDriver][39m Creating session with W3C capabilities: {
2020-06-16 06:05:32:261 - [debug] [35m[BaseDriver][39m   "alwaysMatch": {
2020-06-16 06:05:32:262 - [debug] [35m[BaseDriver][39m     "platformName": "Android",
2020-06-16 06:05:32:262 - [debug] [35m[BaseDriver][39m     "appium:deviceName": "emulator-5554",
2020-06-16 06:05:32:263 - [debug] [35m[BaseDriver][39m     "appium:udid": "emulator-5554",
2020-06-16 06:05:32:263 - [debug] [35m[BaseDriver][39m     "appium:appPackage": "com.xueqiu.android",
2020-06-16 06:05:32:263 - [debug] [35m[BaseDriver][39m     "appium:platformVersion": "9",
2020-06-16 06:05:32:263 - [debug] [35m[BaseDriver][39m     "appium:appActivity": ".view.WelcomeActivityAlias",
2020-06-16 06:05:32:263 - [debug] [35m[BaseDriver][39m     "appium:newCommandTimeout": 120,
2020-06-16 06:05:32:263 - [debug] [35m[BaseDriver][39m     "appium:systemPort": 6727,
2020-06-16 06:05:32:263 - [debug] [35m[BaseDriver][39m     "appium:noReset": true,
2020-06-16 06:05:32:264 - [debug] [35m[BaseDriver][39m     "appium:autoGrantPermissions": true
2020-06-16 06:05:32:264 - [debug] [35m[BaseDriver][39m   },
2020-06-16 06:05:32:264 - [debug] [35m[BaseDriver][39m   "firstMatch": [
2020-06-16 06:05:32:264 - [debug] [35m[BaseDriver][39m     {}
2020-06-16 06:05:32:264 - [debug] [35m[BaseDriver][39m   ]
2020-06-16 06:05:32:264 - [debug] [35m[BaseDriver][39m }
2020-06-16 06:05:32:270 - [35m[BaseDriver][39m Session created with session id: a9e13c65-e686-4fd6-9725-6f4f48626aad
2020-06-16 06:05:32:271 - [35m[ADB][39m Using 'adb' from '/Users/tangyao/Android/sdk/platform-tools/adb'
2020-06-16 06:05:32:272 - [35m[AndroidDriver][39m Retrieving device list
2020-06-16 06:05:32:272 - [debug] [35m[ADB][39m Trying to find a connected android device
2020-06-16 06:05:32:272 - [debug] [35m[ADB][39m Getting connected devices...
2020-06-16 06:05:32:281 - [debug] [35m[ADB][39m 1 device(s) connected
2020-06-16 06:05:32:282 - [35m[AndroidDriver][39m Error: Device emulator-5554 was not in the list of connected devices
2020-06-16 06:05:32:283 - [35m[AndroidDriver][39m     at Object.wrappedLogger.errorAndThrow (/usr/local/lib/node_modules/appium/node_modules/_appium-support@2.32.0@appium-support/lib/logging.js:78:13)
2020-06-16 06:05:32:283 - [35m[AndroidDriver][39m     at Object.errorAndThrow [as getDeviceInfoFromCaps] (/usr/local/lib/node_modules/appium/node_modules/_appium-android-driver@4.18.1@appium-android-driver/lib/android-helpers.js:200:16)
2020-06-16 06:05:32:283 - [35m[AndroidDriver][39m     at AndroidUiautomator2Driver.startUiAutomator2Session (/usr/local/lib/node_modules/appium/node_modules/_appium-uiautomator2-driver@1.34.0@appium-uiautomator2-driver/lib/driver.js:263:26)
2020-06-16 06:05:32:283 - [35m[AndroidDriver][39m     at AndroidUiautomator2Driver.createSession (/usr/local/lib/node_modules/appium/node_modules/_appium-uiautomator2-driver@1.34.0@appium-uiautomator2-driver/lib/driver.js:210:7)
2020-06-16 06:05:32:283 - [35m[AndroidDriver][39m     at AppiumDriver.createSession (/usr/local/lib/node_modules/appium/lib/appium.js:362:35)
2020-06-16 06:05:32:283 - [35m[AndroidDriver][39m     at AppiumDriver.executeCommand (/usr/local/lib/node_modules/appium/node_modules/_appium-base-driver@3.20.1@appium-base-driver/lib/basedriver/driver.js:377:13)
2020-06-16 06:05:32:283 - [35m[AndroidDriver][39m     at AppiumDriver.executeCommand (/usr/local/lib/node_modules/appium/lib/appium.js:491:14)
2020-06-16 06:05:32:284 - [35m[AndroidDriver][39m     at asyncHandler (/usr/local/lib/node_modules/appium/node_modules/_appium-base-driver@3.20.1@appium-base-driver/lib/protocol/protocol.js:285:21)
2020-06-16 06:05:32:284 - [debug] [35m[UiAutomator2][39m Deleting UiAutomator2 session
2020-06-16 06:05:32:284 - [debug] [35m[BaseDriver][39m Event 'newSessionStarted' logged at 1592258732284 (06:05:32 GMT+0800 (China Standard Time))
2020-06-16 06:05:32:284 - [debug] [35m[W3C][39m Encountered internal error running command: Error: Device emulator-5554 was not in the list of connected devices
2020-06-16 06:05:32:284 - [debug] [35m[W3C][39m     at Object.wrappedLogger.errorAndThrow (/usr/local/lib/node_modules/appium/node_modules/_appium-support@2.32.0@appium-support/lib/logging.js:78:13)
2020-06-16 06:05:32:285 - [debug] [35m[W3C][39m     at Object.errorAndThrow [as getDeviceInfoFromCaps] (/usr/local/lib/node_modules/appium/node_modules/_appium-android-driver@4.18.1@appium-android-driver/lib/android-helpers.js:200:16)
2020-06-16 06:05:32:285 - [debug] [35m[W3C][39m     at AndroidUiautomator2Driver.startUiAutomator2Session (/usr/local/lib/node_modules/appium/node_modules/_appium-uiautomator2-driver@1.34.0@appium-uiautomator2-driver/lib/driver.js:263:26)
2020-06-16 06:05:32:285 - [debug] [35m[W3C][39m     at AndroidUiautomator2Driver.createSession (/usr/local/lib/node_modules/appium/node_modules/_appium-uiautomator2-driver@1.34.0@appium-uiautomator2-driver/lib/driver.js:210:7)
2020-06-16 06:05:32:285 - [debug] [35m[W3C][39m     at AppiumDriver.createSession (/usr/local/lib/node_modules/appium/lib/appium.js:362:35)
2020-06-16 06:05:32:285 - [debug] [35m[W3C][39m     at AppiumDriver.executeCommand (/usr/local/lib/node_modules/appium/node_modules/_appium-base-driver@3.20.1@appium-base-driver/lib/basedriver/driver.js:377:13)
2020-06-16 06:05:32:285 - [debug] [35m[W3C][39m     at AppiumDriver.executeCommand (/usr/local/lib/node_modules/appium/lib/appium.js:491:14)
2020-06-16 06:05:32:285 - [debug] [35m[W3C][39m     at asyncHandler (/usr/local/lib/node_modules/appium/node_modules/_appium-base-driver@3.20.1@appium-base-driver/lib/protocol/protocol.js:285:21)
2020-06-16 06:05:32:288 - [35m[HTTP][39m [37m<-- POST /wd/hub/session [39m[31m500[39m [90m38 ms - 673[39m
2020-06-16 06:05:32:288 - [35m[HTTP][39m [90m[39m
2020-06-16 06:05:32:371 - [35m[HTTP][39m [37m-->[39m [37mPOST[39m [37m/wd/hub/session[39m
2020-06-16 06:05:32:371 - [35m[HTTP][39m [90m{"capabilities":{"firstMatch":[{"platformName":"Android","appium:deviceName":"emulator-5554","appium:udid":"emulator-5554","appium:appPackage":"com.xueqiu.android","appium:platformVersion":"9","appium:appActivity":".view.WelcomeActivityAlias","appium:newCommandTimeout":120,"appium:systemPort":6727,"appium:noReset":true,"appium:autoGrantPermissions":true}]},"desiredCapabilities":{"platformName":"Android","deviceName":"emulator-5554","udid":"emulator-5554","appPackage":"com.xueqiu.android","platformVersion":"9","appActivity":".view.WelcomeActivityAlias","newCommandTimeout":120,"systemPort":6727,"noReset":true,"autoGrantPermissions":true}}[39m
2020-06-16 06:05:32:372 - [debug] [35m[W3C][39m Calling AppiumDriver.createSession() with args: [{"platformName":"Android","deviceName":"emulator-5554","udid":"emulator-5554","appPackage":"com.xueqiu.android","platformVersion":"9","appActivity":".view.WelcomeActivityAlias","newCommandTimeout":120,"systemPort":6727,"noReset":true,"autoGrantPermissions":true},null,{"firstMatch":[{"platformName":"Android","appium:deviceName":"emulator-5554","appium:udid":"emulator-5554","appium:appPackage":"com.xueqiu.android","appium:platformVersion":"9","appium:appActivity":".view.WelcomeActivityAlias","appium:newCommandTimeout":120,"appium:systemPort":6727,"appium:noReset":true,"appium:autoGrantPermissions":true}]}]
2020-06-16 06:05:32:372 - [debug] [35m[BaseDriver][39m Event 'newSessionRequested' logged at 1592258732372 (06:05:32 GMT+0800 (China Standard Time))
2020-06-16 06:05:32:373 - [35m[Appium][39m 
2020-06-16 06:05:32:373 - [35m[Appium][39m ======================================================================
2020-06-16 06:05:32:373 - [35m[Appium][39m   DEPRECATION WARNING:
2020-06-16 06:05:32:374 - [35m[Appium][39m 
2020-06-16 06:05:32:374 - [35m[Appium][39m   The 'automationName' capability was not provided in the desired 
2020-06-16 06:05:32:374 - [35m[Appium][39m   capabilities for this Android session
2020-06-16 06:05:32:374 - [35m[Appium][39m 
2020-06-16 06:05:32:374 - [35m[Appium][39m   Setting 'automationName=UiAutomator2' by default and using the 
2020-06-16 06:05:32:374 - [35m[Appium][39m   UiAutomator2 Driver
2020-06-16 06:05:32:374 - [35m[Appium][39m 
2020-06-16 06:05:32:374 - [35m[Appium][39m   The next major version of Appium (2.x) will **require** the 
2020-06-16 06:05:32:375 - [35m[Appium][39m   'automationName' capability to be set for all sessions on all 
2020-06-16 06:05:32:375 - [35m[Appium][39m   platforms
2020-06-16 06:05:32:375 - [35m[Appium][39m 
2020-06-16 06:05:32:375 - [35m[Appium][39m   In previous versions (Appium <= 1.13.x), the default was 
2020-06-16 06:05:32:375 - [35m[Appium][39m   'automationName=UiAutomator1'
2020-06-16 06:05:32:376 - [35m[Appium][39m 
2020-06-16 06:05:32:376 - [35m[Appium][39m   If you wish to use that automation instead of UiAutomator2, please 
2020-06-16 06:05:32:376 - [35m[Appium][39m   add 'automationName=UiAutomator1' to your desired capabilities
2020-06-16 06:05:32:376 - [35m[Appium][39m 
2020-06-16 06:05:32:376 - [35m[Appium][39m   For more information about drivers, please visit 
2020-06-16 06:05:32:376 - [35m[Appium][39m   http://appium.io/docs/en/about-appium/intro/ and explore the 
2020-06-16 06:05:32:376 - [35m[Appium][39m   'Drivers' menu
2020-06-16 06:05:32:376 - [35m[Appium][39m 
2020-06-16 06:05:32:377 - [35m[Appium][39m ======================================================================
2020-06-16 06:05:32:377 - [35m[Appium][39m 
2020-06-16 06:05:32:377 - [35m[Appium][39m Appium v1.14.1 creating new AndroidUiautomator2Driver (v1.34.0) session
2020-06-16 06:05:32:377 - [35m[Appium][39m Capabilities:
2020-06-16 06:05:32:377 - [35m[Appium][39m   platformName: Android
2020-06-16 06:05:32:377 - [35m[Appium][39m   deviceName: emulator-5554
2020-06-16 06:05:32:377 - [35m[Appium][39m   udid: emulator-5554
2020-06-16 06:05:32:377 - [35m[Appium][39m   appPackage: com.xueqiu.android
2020-06-16 06:05:32:378 - [35m[Appium][39m   platformVersion: 9
2020-06-16 06:05:32:378 - [35m[Appium][39m   appActivity: .view.WelcomeActivityAlias
2020-06-16 06:05:32:378 - [35m[Appium][39m   newCommandTimeout: 120
2020-06-16 06:05:32:378 - [35m[Appium][39m   systemPort: 6727
2020-06-16 06:05:32:378 - [35m[Appium][39m   noReset: true
2020-06-16 06:05:32:378 - [35m[Appium][39m   autoGrantPermissions: true
2020-06-16 06:05:32:379 - [debug] [35m[BaseDriver][39m W3C capabilities and MJSONWP desired capabilities were provided
2020-06-16 06:05:32:379 - [debug] [35m[BaseDriver][39m Creating session with W3C capabilities: {
2020-06-16 06:05:32:380 - [debug] [35m[BaseDriver][39m   "alwaysMatch": {
2020-06-16 06:05:32:380 - [debug] [35m[BaseDriver][39m     "platformName": "Android",
2020-06-16 06:05:32:380 - [debug] [35m[BaseDriver][39m     "appium:deviceName": "emulator-5554",
2020-06-16 06:05:32:380 - [debug] [35m[BaseDriver][39m     "appium:udid": "emulator-5554",
2020-06-16 06:05:32:380 - [debug] [35m[BaseDriver][39m     "appium:appPackage": "com.xueqiu.android",
2020-06-16 06:05:32:380 - [debug] [35m[BaseDriver][39m     "appium:platformVersion": "9",
2020-06-16 06:05:32:380 - [debug] [35m[BaseDriver][39m     "appium:appActivity": ".view.WelcomeActivityAlias",
2020-06-16 06:05:32:380 - [debug] [35m[BaseDriver][39m     "appium:newCommandTimeout": 120,
2020-06-16 06:05:32:380 - [debug] [35m[BaseDriver][39m     "appium:systemPort": 6727,
2020-06-16 06:05:32:381 - [debug] [35m[BaseDriver][39m     "appium:noReset": true,
2020-06-16 06:05:32:381 - [debug] [35m[BaseDriver][39m     "appium:autoGrantPermissions": true
2020-06-16 06:05:32:381 - [debug] [35m[BaseDriver][39m   },
2020-06-16 06:05:32:381 - [debug] [35m[BaseDriver][39m   "firstMatch": [
2020-06-16 06:05:32:381 - [debug] [35m[BaseDriver][39m     {}
2020-06-16 06:05:32:381 - [debug] [35m[BaseDriver][39m   ]
2020-06-16 06:05:32:381 - [debug] [35m[BaseDriver][39m }
2020-06-16 06:05:32:385 - [35m[BaseDriver][39m Session created with session id: a6670dd1-5469-4c4d-a98f-c58e816d1697
2020-06-16 06:05:32:387 - [35m[ADB][39m Using 'adb' from '/Users/tangyao/Android/sdk/platform-tools/adb'
2020-06-16 06:05:32:388 - [35m[AndroidDriver][39m Retrieving device list
2020-06-16 06:05:32:388 - [debug] [35m[ADB][39m Trying to find a connected android device
2020-06-16 06:05:32:389 - [debug] [35m[ADB][39m Getting connected devices...
2020-06-16 06:05:32:402 - [debug] [35m[ADB][39m 1 device(s) connected
2020-06-16 06:05:32:404 - [35m[AndroidDriver][39m Error: Device emulator-5554 was not in the list of connected devices
2020-06-16 06:05:32:404 - [35m[AndroidDriver][39m     at Object.wrappedLogger.errorAndThrow (/usr/local/lib/node_modules/appium/node_modules/_appium-support@2.32.0@appium-support/lib/logging.js:78:13)
2020-06-16 06:05:32:404 - [35m[AndroidDriver][39m     at Object.errorAndThrow [as getDeviceInfoFromCaps] (/usr/local/lib/node_modules/appium/node_modules/_appium-android-driver@4.18.1@appium-android-driver/lib/android-helpers.js:200:16)
2020-06-16 06:05:32:404 - [35m[AndroidDriver][39m     at AndroidUiautomator2Driver.startUiAutomator2Session (/usr/local/lib/node_modules/appium/node_modules/_appium-uiautomator2-driver@1.34.0@appium-uiautomator2-driver/lib/driver.js:263:26)
2020-06-16 06:05:32:405 - [35m[AndroidDriver][39m     at AndroidUiautomator2Driver.createSession (/usr/local/lib/node_modules/appium/node_modules/_appium-uiautomator2-driver@1.34.0@appium-uiautomator2-driver/lib/driver.js:210:7)
2020-06-16 06:05:32:405 - [35m[AndroidDriver][39m     at AppiumDriver.createSession (/usr/local/lib/node_modules/appium/lib/appium.js:362:35)
2020-06-16 06:05:32:405 - [35m[AndroidDriver][39m     at AppiumDriver.executeCommand (/usr/local/lib/node_modules/appium/node_modules/_appium-base-driver@3.20.1@appium-base-driver/lib/basedriver/driver.js:377:13)
2020-06-16 06:05:32:405 - [35m[AndroidDriver][39m     at AppiumDriver.executeCommand (/usr/local/lib/node_modules/appium/lib/appium.js:491:14)
2020-06-16 06:05:32:405 - [35m[AndroidDriver][39m     at asyncHandler (/usr/local/lib/node_modules/appium/node_modules/_appium-base-driver@3.20.1@appium-base-driver/lib/protocol/protocol.js:285:21)
2020-06-16 06:05:32:406 - [debug] [35m[UiAutomator2][39m Deleting UiAutomator2 session
2020-06-16 06:05:32:406 - [debug] [35m[BaseDriver][39m Event 'newSessionStarted' logged at 1592258732406 (06:05:32 GMT+0800 (China Standard Time))
2020-06-16 06:05:32:406 - [debug] [35m[W3C][39m Encountered internal error running command: Error: Device emulator-5554 was not in the list of connected devices
2020-06-16 06:05:32:406 - [debug] [35m[W3C][39m     at Object.wrappedLogger.errorAndThrow (/usr/local/lib/node_modules/appium/node_modules/_appium-support@2.32.0@appium-support/lib/logging.js:78:13)
2020-06-16 06:05:32:406 - [debug] [35m[W3C][39m     at Object.errorAndThrow [as getDeviceInfoFromCaps] (/usr/local/lib/node_modules/appium/node_modules/_appium-android-driver@4.18.1@appium-android-driver/lib/android-helpers.js:200:16)
2020-06-16 06:05:32:406 - [debug] [35m[W3C][39m     at AndroidUiautomator2Driver.startUiAutomator2Session (/usr/local/lib/node_modules/appium/node_modules/_appium-uiautomator2-driver@1.34.0@appium-uiautomator2-driver/lib/driver.js:263:26)
2020-06-16 06:05:32:407 - [debug] [35m[W3C][39m     at AndroidUiautomator2Driver.createSession (/usr/local/lib/node_modules/appium/node_modules/_appium-uiautomator2-driver@1.34.0@appium-uiautomator2-driver/lib/driver.js:210:7)
2020-06-16 06:05:32:407 - [debug] [35m[W3C][39m     at AppiumDriver.createSession (/usr/local/lib/node_modules/appium/lib/appium.js:362:35)
2020-06-16 06:05:32:407 - [debug] [35m[W3C][39m     at AppiumDriver.executeCommand (/usr/local/lib/node_modules/appium/node_modules/_appium-base-driver@3.20.1@appium-base-driver/lib/basedriver/driver.js:377:13)
2020-06-16 06:05:32:407 - [debug] [35m[W3C][39m     at AppiumDriver.executeCommand (/usr/local/lib/node_modules/appium/lib/appium.js:491:14)
2020-06-16 06:05:32:407 - [debug] [35m[W3C][39m     at asyncHandler (/usr/local/lib/node_modules/appium/node_modules/_appium-base-driver@3.20.1@appium-base-driver/lib/protocol/protocol.js:285:21)
2020-06-16 06:05:32:409 - [35m[HTTP][39m [37m<-- POST /wd/hub/session [39m[31m500[39m [90m38 ms - 673[39m
2020-06-16 06:05:32:409 - [35m[HTTP][39m [90m[39m
2020-06-16 06:06:47:673 - [35m[Appium][39m Received SIGTERM - shutting down
