2020-05-20 23:04:38:916 - [35m[Appium][39m Welcome to Appium v1.14.1
2020-05-20 23:04:38:923 - [35m[Appium][39m Non-default server args:
2020-05-20 23:04:38:924 - [35m[Appium][39m   port: 4725
2020-05-20 23:04:38:924 - [35m[Appium][39m   bootstrapPort: 6725
2020-05-20 23:04:38:924 - [35m[Appium][39m   logTimestamp: true
2020-05-20 23:04:38:924 - [35m[Appium][39m   localTimezone: true
2020-05-20 23:04:38:925 - [35m[Appium][39m   udid: 5483e9c3
2020-05-20 23:04:38:925 - [35m[Appium][39m Deprecated server args:
2020-05-20 23:04:38:925 - [35m[Appium][39m   [31m-U,--udid[39m => --default-capabilities '{"udid":"5483e9c3"}'
2020-05-20 23:04:38:925 - [35m[Appium][39m Default capabilities, which will be added to each request unless overridden by desired capabilities:
2020-05-20 23:04:38:926 - [35m[Appium][39m   udid: 5483e9c3
2020-05-20 23:04:38:949 - [35m[Appium][39m Appium REST http interface listener started on 0.0.0.0:4725
2020-05-20 23:04:41:512 - [35m[HTTP][39m [37m-->[39m [37mPOST[39m [37m/wd/hub/session[39m
2020-05-20 23:04:41:512 - [35m[HTTP][39m [90m{"capabilities":{"firstMatch":[{"platformName":"Android","appium:deviceName":"5483e9c3","appium:appPackage":"com.xueqiu.android","appium:platformVersion":"7.1.2","appium:appActivity":".view.WelcomeActivityAlias","appium:unicodeKeyboard":true,"appium:resetKeyboard":true,"appium:newCommandTimeout":120,"appium:systemPort":6725,"appium:noReset":true,"appium:autoGrantPermissions":true}]},"desiredCapabilities":{"platformName":"Android","deviceName":"5483e9c3","appPackage":"com.xueqiu.android","platformVersion":"7.1.2","appActivity":".view.WelcomeActivityAlias","unicodeKeyboard":true,"resetKeyboard":true,"newCommandTimeout":120,"systemPort":6725,"noReset":true,"autoGrantPermissions":true}}[39m
2020-05-20 23:04:41:514 - [debug] [35m[W3C][39m Calling AppiumDriver.createSession() with args: [{"platformName":"Android","deviceName":"5483e9c3","appPackage":"com.xueqiu.android","platformVersion":"7.1.2","appActivity":".view.WelcomeActivityAlias","unicodeKeyboard":true,"resetKeyboard":true,"newCommandTimeout":120,"systemPort":6725,"noReset":true,"autoGrantPermissions":true},null,{"firstMatch":[{"platformName":"Android","appium:deviceName":"5483e9c3","appium:appPackage":"com.xueqiu.android","appium:platformVersion":"7.1.2","appium:appActivity":".view.WelcomeActivityAlias","appium:unicodeKeyboard":true,"appium:resetKeyboard":true,"appium:newCommandTimeout":120,"appium:systemPort":6725,"appium:noReset":true,"appium:autoGrantPermissions":true}]}]
2020-05-20 23:04:41:515 - [debug] [35m[BaseDriver][39m Event 'newSessionRequested' logged at 1589987081515 (23:04:41 GMT+0800 (China Standard Time))
2020-05-20 23:04:41:518 - [35m[BaseDriver][39m The capabilities ["udid"] are not standard capabilities and should have an extension prefix
2020-05-20 23:04:41:522 - [35m[Appium][39m 
2020-05-20 23:04:41:523 - [35m[Appium][39m ======================================================================
2020-05-20 23:04:41:523 - [35m[Appium][39m   DEPRECATION WARNING:
2020-05-20 23:04:41:523 - [35m[Appium][39m 
2020-05-20 23:04:41:523 - [35m[Appium][39m   The 'automationName' capability was not provided in the desired 
2020-05-20 23:04:41:523 - [35m[Appium][39m   capabilities for this Android session
2020-05-20 23:04:41:523 - [35m[Appium][39m 
2020-05-20 23:04:41:524 - [35m[Appium][39m   Setting 'automationName=UiAutomator2' by default and using the 
2020-05-20 23:04:41:524 - [35m[Appium][39m   UiAutomator2 Driver
2020-05-20 23:04:41:524 - [35m[Appium][39m 
2020-05-20 23:04:41:524 - [35m[Appium][39m   The next major version of Appium (2.x) will **require** the 
2020-05-20 23:04:41:524 - [35m[Appium][39m   'automationName' capability to be set for all sessions on all 
2020-05-20 23:04:41:524 - [35m[Appium][39m   platforms
2020-05-20 23:04:41:524 - [35m[Appium][39m 
2020-05-20 23:04:41:525 - [35m[Appium][39m   In previous versions (Appium <= 1.13.x), the default was 
2020-05-20 23:04:41:525 - [35m[Appium][39m   'automationName=UiAutomator1'
2020-05-20 23:04:41:525 - [35m[Appium][39m 
2020-05-20 23:04:41:525 - [35m[Appium][39m   If you wish to use that automation instead of UiAutomator2, please 
2020-05-20 23:04:41:525 - [35m[Appium][39m   add 'automationName=UiAutomator1' to your desired capabilities
2020-05-20 23:04:41:525 - [35m[Appium][39m 
2020-05-20 23:04:41:525 - [35m[Appium][39m   For more information about drivers, please visit 
2020-05-20 23:04:41:525 - [35m[Appium][39m   http://appium.io/docs/en/about-appium/intro/ and explore the 
2020-05-20 23:04:41:526 - [35m[Appium][39m   'Drivers' menu
2020-05-20 23:04:41:526 - [35m[Appium][39m 
2020-05-20 23:04:41:526 - [35m[Appium][39m ======================================================================
2020-05-20 23:04:41:526 - [35m[Appium][39m 
2020-05-20 23:04:41:747 - [35m[Appium][39m Appium v1.14.1 creating new AndroidUiautomator2Driver (v1.34.0) session
2020-05-20 23:04:41:747 - [35m[Appium][39m Capabilities:
2020-05-20 23:04:41:747 - [35m[Appium][39m   platformName: Android
2020-05-20 23:04:41:748 - [35m[Appium][39m   udid: 5483e9c3
2020-05-20 23:04:41:748 - [35m[Appium][39m   deviceName: 5483e9c3
2020-05-20 23:04:41:748 - [35m[Appium][39m   appPackage: com.xueqiu.android
2020-05-20 23:04:41:748 - [35m[Appium][39m   platformVersion: 7.1.2
2020-05-20 23:04:41:748 - [35m[Appium][39m   appActivity: .view.WelcomeActivityAlias
2020-05-20 23:04:41:748 - [35m[Appium][39m   unicodeKeyboard: true
2020-05-20 23:04:41:748 - [35m[Appium][39m   resetKeyboard: true
2020-05-20 23:04:41:749 - [35m[Appium][39m   newCommandTimeout: 120
2020-05-20 23:04:41:749 - [35m[Appium][39m   systemPort: 6725
2020-05-20 23:04:41:749 - [35m[Appium][39m   noReset: true
2020-05-20 23:04:41:749 - [35m[Appium][39m   autoGrantPermissions: true
2020-05-20 23:04:41:751 - [debug] [35m[BaseDriver][39m W3C capabilities and MJSONWP desired capabilities were provided
2020-05-20 23:04:41:751 - [debug] [35m[BaseDriver][39m Creating session with W3C capabilities: {
2020-05-20 23:04:41:752 - [debug] [35m[BaseDriver][39m   "alwaysMatch": {
2020-05-20 23:04:41:752 - [debug] [35m[BaseDriver][39m     "platformName": "Android",
2020-05-20 23:04:41:752 - [debug] [35m[BaseDriver][39m     "appium:udid": "5483e9c3",
2020-05-20 23:04:41:752 - [debug] [35m[BaseDriver][39m     "appium:deviceName": "5483e9c3",
2020-05-20 23:04:41:752 - [debug] [35m[BaseDriver][39m     "appium:appPackage": "com.xueqiu.android",
2020-05-20 23:04:41:752 - [debug] [35m[BaseDriver][39m     "appium:platformVersion": "7.1.2",
2020-05-20 23:04:41:752 - [debug] [35m[BaseDriver][39m     "appium:appActivity": ".view.WelcomeActivityAlias",
2020-05-20 23:04:41:752 - [debug] [35m[BaseDriver][39m     "appium:unicodeKeyboard": true,
2020-05-20 23:04:41:752 - [debug] [35m[BaseDriver][39m     "appium:resetKeyboard": true,
2020-05-20 23:04:41:753 - [debug] [35m[BaseDriver][39m     "appium:newCommandTimeout": 120,
2020-05-20 23:04:41:753 - [debug] [35m[BaseDriver][39m     "appium:systemPort": 6725,
2020-05-20 23:04:41:753 - [debug] [35m[BaseDriver][39m     "appium:noReset": true,
2020-05-20 23:04:41:753 - [debug] [35m[BaseDriver][39m     "appium:autoGrantPermissions": true
2020-05-20 23:04:41:753 - [debug] [35m[BaseDriver][39m   },
2020-05-20 23:04:41:753 - [debug] [35m[BaseDriver][39m   "firstMatch": [
2020-05-20 23:04:41:753 - [debug] [35m[BaseDriver][39m     {}
2020-05-20 23:04:41:753 - [debug] [35m[BaseDriver][39m   ]
2020-05-20 23:04:41:753 - [debug] [35m[BaseDriver][39m }
2020-05-20 23:04:41:762 - [35m[BaseDriver][39m Session created with session id: ab95e8bb-c481-4343-ac78-0b815fee1c5b
2020-05-20 23:04:41:846 - [35m[ADB][39m Found 42 'build-tools' folders under '/Users/tangyao/Android/sdk' (newest first):
2020-05-20 23:04:41:846 - [35m[ADB][39m     /Users/tangyao/Android/sdk/build-tools/30.0.0-rc2
2020-05-20 23:04:41:846 - [35m[ADB][39m     /Users/tangyao/Android/sdk/build-tools/29.0.2
2020-05-20 23:04:41:846 - [35m[ADB][39m     /Users/tangyao/Android/sdk/build-tools/29.0.0-rc2
2020-05-20 23:04:41:846 - [35m[ADB][39m     /Users/tangyao/Android/sdk/build-tools/28.0.3
2020-05-20 23:04:41:846 - [35m[ADB][39m     /Users/tangyao/Android/sdk/build-tools/28.0.2
2020-05-20 23:04:41:847 - [35m[ADB][39m     /Users/tangyao/Android/sdk/build-tools/28.0.1
2020-05-20 23:04:41:847 - [35m[ADB][39m     /Users/tangyao/Android/sdk/build-tools/28.0.0
2020-05-20 23:04:41:847 - [35m[ADB][39m     /Users/tangyao/Android/sdk/build-tools/28.0.0-rc2
2020-05-20 23:04:41:847 - [35m[ADB][39m     /Users/tangyao/Android/sdk/build-tools/28.0.0-rc1
2020-05-20 23:04:41:847 - [35m[ADB][39m     /Users/tangyao/Android/sdk/build-tools/27.0.3
2020-05-20 23:04:41:847 - [35m[ADB][39m     /Users/tangyao/Android/sdk/build-tools/26.0.1
2020-05-20 23:04:41:847 - [35m[ADB][39m     /Users/tangyao/Android/sdk/build-tools/26.0.0
2020-05-20 23:04:41:847 - [35m[ADB][39m     /Users/tangyao/Android/sdk/build-tools/25.0.3
2020-05-20 23:04:41:848 - [35m[ADB][39m     /Users/tangyao/Android/sdk/build-tools/25.0.2
2020-05-20 23:04:41:848 - [35m[ADB][39m     /Users/tangyao/Android/sdk/build-tools/25.0.1
2020-05-20 23:04:41:848 - [35m[ADB][39m     /Users/tangyao/Android/sdk/build-tools/25.0.0
2020-05-20 23:04:41:848 - [35m[ADB][39m     /Users/tangyao/Android/sdk/build-tools/24.0.3
2020-05-20 23:04:41:848 - [35m[ADB][39m     /Users/tangyao/Android/sdk/build-tools/24.0.2
2020-05-20 23:04:41:848 - [35m[ADB][39m     /Users/tangyao/Android/sdk/build-tools/24.0.1
2020-05-20 23:04:41:848 - [35m[ADB][39m     /Users/tangyao/Android/sdk/build-tools/24.0.0
2020-05-20 23:04:41:848 - [35m[ADB][39m     /Users/tangyao/Android/sdk/build-tools/23.0.3
2020-05-20 23:04:41:849 - [35m[ADB][39m     /Users/tangyao/Android/sdk/build-tools/23.0.2
2020-05-20 23:04:41:849 - [35m[ADB][39m     /Users/tangyao/Android/sdk/build-tools/23.0.1
2020-05-20 23:04:41:849 - [35m[ADB][39m     /Users/tangyao/Android/sdk/build-tools/23.0.0
2020-05-20 23:04:41:849 - [35m[ADB][39m     /Users/tangyao/Android/sdk/build-tools/22.0.1
2020-05-20 23:04:41:849 - [35m[ADB][39m     /Users/tangyao/Android/sdk/build-tools/22.0.0
2020-05-20 23:04:41:849 - [35m[ADB][39m     /Users/tangyao/Android/sdk/build-tools/21.1.2
2020-05-20 23:04:41:849 - [35m[ADB][39m     /Users/tangyao/Android/sdk/build-tools/21.1.1
2020-05-20 23:04:41:850 - [35m[ADB][39m     /Users/tangyao/Android/sdk/build-tools/21.1.0
2020-05-20 23:04:41:850 - [35m[ADB][39m     /Users/tangyao/Android/sdk/build-tools/21.0.2
2020-05-20 23:04:41:850 - [35m[ADB][39m     /Users/tangyao/Android/sdk/build-tools/21.0.1
2020-05-20 23:04:41:850 - [35m[ADB][39m     /Users/tangyao/Android/sdk/build-tools/21.0.0
2020-05-20 23:04:41:850 - [35m[ADB][39m     /Users/tangyao/Android/sdk/build-tools/20.0.0
2020-05-20 23:04:41:850 - [35m[ADB][39m     /Users/tangyao/Android/sdk/build-tools/19.1.0
2020-05-20 23:04:41:850 - [35m[ADB][39m     /Users/tangyao/Android/sdk/build-tools/19.0.3
2020-05-20 23:04:41:850 - [35m[ADB][39m     /Users/tangyao/Android/sdk/build-tools/19.0.2
2020-05-20 23:04:41:850 - [35m[ADB][39m     /Users/tangyao/Android/sdk/build-tools/19.0.1
2020-05-20 23:04:41:851 - [35m[ADB][39m     /Users/tangyao/Android/sdk/build-tools/19.0.0
2020-05-20 23:04:41:851 - [35m[ADB][39m     /Users/tangyao/Android/sdk/build-tools/18.1.1
2020-05-20 23:04:41:851 - [35m[ADB][39m     /Users/tangyao/Android/sdk/build-tools/18.1.0
2020-05-20 23:04:41:851 - [35m[ADB][39m     /Users/tangyao/Android/sdk/build-tools/18.0.1
2020-05-20 23:04:41:851 - [35m[ADB][39m     /Users/tangyao/Android/sdk/build-tools/17.0.0
2020-05-20 23:04:41:859 - [35m[ADB][39m Using 'adb' from '/Users/tangyao/Android/sdk/platform-tools/adb'
2020-05-20 23:04:41:859 - [35m[AndroidDriver][39m Retrieving device list
2020-05-20 23:04:41:859 - [debug] [35m[ADB][39m Trying to find a connected android device
2020-05-20 23:04:41:860 - [debug] [35m[ADB][39m Getting connected devices...
2020-05-20 23:04:41:953 - [debug] [35m[ADB][39m 2 device(s) connected
2020-05-20 23:04:41:954 - [35m[AndroidDriver][39m Using device: 5483e9c3
2020-05-20 23:04:41:956 - [35m[ADB][39m Using 'adb' from '/Users/tangyao/Android/sdk/platform-tools/adb'
2020-05-20 23:04:41:957 - [debug] [35m[ADB][39m Setting device id to 5483e9c3
2020-05-20 23:04:41:958 - [debug] [35m[ADB][39m Running '/Users/tangyao/Android/sdk/platform-tools/adb -P 5037 -s 5483e9c3 shell getprop ro.build.version.sdk'
2020-05-20 23:04:42:033 - [debug] [35m[ADB][39m Current device property 'ro.build.version.sdk': 29
2020-05-20 23:04:42:034 - [debug] [35m[ADB][39m Device API level: 29
2020-05-20 23:04:42:034 - [35m[UiAutomator2][39m Relaxing hidden api policy
2020-05-20 23:04:42:035 - [debug] [35m[ADB][39m Running '/Users/tangyao/Android/sdk/platform-tools/adb -P 5037 -s 5483e9c3 shell settings put global hidden_api_policy_pre_p_apps 1'
2020-05-20 23:04:42:133 - [debug] [35m[ADB][39m Running '/Users/tangyao/Android/sdk/platform-tools/adb -P 5037 -s 5483e9c3 shell settings put global hidden_api_policy_p_apps 1'
2020-05-20 23:04:42:245 - [debug] [35m[ADB][39m Running '/Users/tangyao/Android/sdk/platform-tools/adb -P 5037 -s 5483e9c3 shell settings put global hidden_api_policy 1'
2020-05-20 23:04:42:358 - [35m[AndroidDriver][39m No app sent in, not parsing package/activity
2020-05-20 23:04:42:359 - [debug] [35m[ADB][39m Running '/Users/tangyao/Android/sdk/platform-tools/adb -P 5037 -s 5483e9c3 wait-for-device'
2020-05-20 23:04:42:372 - [debug] [35m[ADB][39m Running '/Users/tangyao/Android/sdk/platform-tools/adb -P 5037 -s 5483e9c3 shell echo ping'
2020-05-20 23:04:42:435 - [debug] [35m[AndroidDriver][39m Pushing settings apk to device...
2020-05-20 23:04:42:435 - [debug] [35m[ADB][39m Getting install status for io.appium.settings
2020-05-20 23:04:42:436 - [debug] [35m[ADB][39m Running '/Users/tangyao/Android/sdk/platform-tools/adb -P 5037 -s 5483e9c3 shell dumpsys package io.appium.settings'
2020-05-20 23:04:42:549 - [debug] [35m[ADB][39m 'io.appium.settings' is installed
2020-05-20 23:04:42:549 - [debug] [35m[ADB][39m Getting package info for 'io.appium.settings'
2020-05-20 23:04:42:549 - [debug] [35m[ADB][39m Running '/Users/tangyao/Android/sdk/platform-tools/adb -P 5037 -s 5483e9c3 shell dumpsys package io.appium.settings'
2020-05-20 23:04:42:687 - [35m[ADB][39m Using 'apkanalyzer' from '/Users/tangyao/Android/sdk/tools/bin/apkanalyzer'
2020-05-20 23:04:42:687 - [debug] [35m[ADB][39m Starting '/Users/tangyao/Android/sdk/tools/bin/apkanalyzer' with args ["manifest","print","/usr/local/lib/node_modules/appium/node_modules/_io.appium.settings@2.14.1@io.appium.settings/apks/settings_apk-debug.apk"]
2020-05-20 23:04:45:551 - [debug] [35m[ADB][39m The version name of the installed 'io.appium.settings' is greater or equal to the application version name ('2.14.1' >= '2.14.1')
2020-05-20 23:04:45:552 - [debug] [35m[ADB][39m There is no need to install/upgrade '/usr/local/lib/node_modules/appium/node_modules/_io.appium.settings@2.14.1@io.appium.settings/apks/settings_apk-debug.apk'
2020-05-20 23:04:45:553 - [debug] [35m[ADB][39m Getting IDs of all 'io.appium.settings' processes
2020-05-20 23:04:45:554 - [debug] [35m[ADB][39m Running '/Users/tangyao/Android/sdk/platform-tools/adb -P 5037 -s 5483e9c3 shell 'pgrep --help; echo $?''
2020-05-20 23:04:45:647 - [debug] [35m[ADB][39m Running '/Users/tangyao/Android/sdk/platform-tools/adb -P 5037 -s 5483e9c3 shell pgrep -f io\.appium\.settings'
2020-05-20 23:04:45:751 - [debug] [35m[AndroidDriver][39m io.appium.settings is already running. There is no need to reset its permissions.
2020-05-20 23:04:45:751 - [debug] [35m[ADB][39m Running '/Users/tangyao/Android/sdk/platform-tools/adb -P 5037 -s 5483e9c3 shell appops set io.appium.settings android\:mock_location allow'
2020-05-20 23:04:45:872 - [debug] [35m[Logcat][39m Starting logcat capture
2020-05-20 23:04:45:950 - [debug] [35m[AndroidDriver][39m Enabling Unicode keyboard support
2020-05-20 23:04:45:951 - [debug] [35m[ADB][39m Running '/Users/tangyao/Android/sdk/platform-tools/adb -P 5037 -s 5483e9c3 shell settings get secure default_input_method'
2020-05-20 23:04:46:031 - [debug] [35m[AndroidDriver][39m Unsetting previous IME io.appium.settings/.UnicodeIME
2020-05-20 23:04:46:032 - [debug] [35m[AndroidDriver][39m Setting IME to 'io.appium.settings/.UnicodeIME'
2020-05-20 23:04:46:032 - [debug] [35m[ADB][39m Running '/Users/tangyao/Android/sdk/platform-tools/adb -P 5037 -s 5483e9c3 shell ime enable io.appium.settings/.UnicodeIME'
2020-05-20 23:04:46:098 - [debug] [35m[ADB][39m Running '/Users/tangyao/Android/sdk/platform-tools/adb -P 5037 -s 5483e9c3 shell ime set io.appium.settings/.UnicodeIME'
2020-05-20 23:04:46:166 - [debug] [35m[ADB][39m Getting install status for io.appium.uiautomator2.server
2020-05-20 23:04:46:167 - [debug] [35m[ADB][39m Running '/Users/tangyao/Android/sdk/platform-tools/adb -P 5037 -s 5483e9c3 shell dumpsys package io.appium.uiautomator2.server'
2020-05-20 23:04:46:245 - [debug] [35m[ADB][39m 'io.appium.uiautomator2.server' is installed
2020-05-20 23:04:46:246 - [debug] [35m[ADB][39m Getting package info for 'io.appium.uiautomator2.server'
2020-05-20 23:04:46:246 - [debug] [35m[ADB][39m Running '/Users/tangyao/Android/sdk/platform-tools/adb -P 5037 -s 5483e9c3 shell dumpsys package io.appium.uiautomator2.server'
2020-05-20 23:04:46:324 - [debug] [35m[ADB][39m Starting '/Users/tangyao/Android/sdk/tools/bin/apkanalyzer' with args ["manifest","print","/usr/local/lib/node_modules/appium/node_modules/_appium-uiautomator2-server@3.8.1@appium-uiautomator2-server/apks/appium-uiautomator2-server-v3.8.1.apk"]
2020-05-20 23:04:48:963 - [debug] [35m[ADB][39m The version name of the installed 'io.appium.uiautomator2.server' is greater or equal to the application version name ('3.8.1' >= '3.8.1')
2020-05-20 23:04:48:963 - [debug] [35m[UiAutomator2][39m io.appium.uiautomator2.server installation state: sameVersionInstalled
2020-05-20 23:04:48:964 - [debug] [35m[ADB][39m Checking app cert for /usr/local/lib/node_modules/appium/node_modules/_appium-uiautomator2-server@3.8.1@appium-uiautomator2-server/apks/appium-uiautomator2-server-v3.8.1.apk
2020-05-20 23:04:48:965 - [35m[ADB][39m Using 'apksigner' from '/Users/tangyao/Android/sdk/build-tools/30.0.0-rc2/apksigner'
2020-05-20 23:04:48:966 - [debug] [35m[ADB][39m Starting '/Users/tangyao/Android/sdk/build-tools/30.0.0-rc2/apksigner' with args '["verify","--print-certs","/usr/local/lib/node_modules/appium/node_modules/_appium-uiautomator2-server@3.8.1@appium-uiautomator2-server/apks/appium-uiautomator2-server-v3.8.1.apk"]'
2020-05-20 23:04:49:200 - [35m[ADB][39m Got an error during apksigner execution: Command '/Users/tangyao/Android/sdk/build-tools/30.0.0-rc2/apksigner verify --print-certs /usr/local/lib/node_modules/appium/node_modules/_appium-uiautomator2-server\@3.8.1\@appium-uiautomator2-server/apks/appium-uiautomator2-server-v3.8.1.apk' exited with code 1
2020-05-20 23:04:49:200 - [35m[ADB][39m apksigner stderr: Error: A JNI error has occurred, please check your installation and try again
2020-05-20 23:04:49:200 - [35m[ADB][39m Exception in thread "main" java.lang.UnsupportedClassVersionError: com/android/apksigner/ApkSignerTool has been compiled by a more recent version of the Java Runtime (class file version 53.0), this version of the Java Runtime only recognizes class file versions up to 52.0
2020-05-20 23:04:49:200 - [35m[ADB][39m 	at java.lang.ClassLoader.defineClass1(Native Method)
2020-05-20 23:04:49:200 - [35m[ADB][39m 	at java.lang.ClassLoader.defineClass(ClassLoader.java:763)
2020-05-20 23:04:49:201 - [35m[ADB][39m 	at java.security.SecureClassLoader.defineClass(SecureClassLoader.java:142)
2020-05-20 23:04:49:201 - [35m[ADB][39m 	at java.net.URLClassLoader.defineClass(URLClassLoader.java:467)
2020-05-20 23:04:49:201 - [35m[ADB][39m 	at java.net.URLClassLoader.access$100(URLClassLoader.java:73)
2020-05-20 23:04:49:201 - [35m[ADB][39m 	at java.net.URLClassLoader$1.run(URLClassLoader.java:368)
2020-05-20 23:04:49:201 - [35m[ADB][39m 	at java.net.URLClassLoader$1.run(URLClassLoader.java:362)
2020-05-20 23:04:49:201 - [35m[ADB][39m 	at java.security.AccessController.doPrivileged(Native Method)
2020-05-20 23:04:49:201 - [35m[ADB][39m 	at java.net.URLClassLoader.findClass(URLClassLoader.java:361)
2020-05-20 23:04:49:201 - [35m[ADB][39m 	at java.lang.ClassLoader.loadClass(ClassLoader.java:424)
2020-05-20 23:04:49:202 - [35m[ADB][39m 	at sun.misc.Launcher$AppClassLoader.loadClass(Launcher.java:349)
2020-05-20 23:04:49:202 - [35m[ADB][39m 	at java.lang.ClassLoader.loadClass(ClassLoader.java:357)
2020-05-20 23:04:49:202 - [35m[ADB][39m 	at sun.launcher.LauncherHelper.checkAndLoadMain(LauncherHelper.java:495)
2020-05-20 23:04:49:202 - [35m[ADB][39m 
2020-05-20 23:04:49:202 - [35m[ADB][39m Cannot use apksigner tool for signature verification. Original error: Command '/Users/tangyao/Android/sdk/build-tools/30.0.0-rc2/apksigner verify --print-certs /usr/local/lib/node_modules/appium/node_modules/_appium-uiautomator2-server\@3.8.1\@appium-uiautomator2-server/apks/appium-uiautomator2-server-v3.8.1.apk' exited with code 1
2020-05-20 23:04:49:202 - [debug] [35m[ADB][39m Defaulting to verify.jar
2020-05-20 23:04:49:670 - [debug] [35m[ADB][39m '/usr/local/lib/node_modules/appium/node_modules/_appium-uiautomator2-server@3.8.1@appium-uiautomator2-server/apks/appium-uiautomator2-server-v3.8.1.apk' is already signed.
2020-05-20 23:04:49:670 - [debug] [35m[ADB][39m Getting install status for io.appium.uiautomator2.server.test
2020-05-20 23:04:49:671 - [debug] [35m[ADB][39m Running '/Users/tangyao/Android/sdk/platform-tools/adb -P 5037 -s 5483e9c3 shell dumpsys package io.appium.uiautomator2.server.test'
2020-05-20 23:04:49:805 - [debug] [35m[ADB][39m 'io.appium.uiautomator2.server.test' is installed
2020-05-20 23:04:49:805 - [debug] [35m[ADB][39m Checking app cert for /usr/local/lib/node_modules/appium/node_modules/_appium-uiautomator2-server@3.8.1@appium-uiautomator2-server/apks/appium-uiautomator2-server-debug-androidTest.apk
2020-05-20 23:04:49:809 - [debug] [35m[ADB][39m Starting '/Users/tangyao/Android/sdk/build-tools/30.0.0-rc2/apksigner' with args '["verify","--print-certs","/usr/local/lib/node_modules/appium/node_modules/_appium-uiautomator2-server@3.8.1@appium-uiautomator2-server/apks/appium-uiautomator2-server-debug-androidTest.apk"]'
2020-05-20 23:04:49:973 - [35m[ADB][39m Got an error during apksigner execution: Command '/Users/tangyao/Android/sdk/build-tools/30.0.0-rc2/apksigner verify --print-certs /usr/local/lib/node_modules/appium/node_modules/_appium-uiautomator2-server\@3.8.1\@appium-uiautomator2-server/apks/appium-uiautomator2-server-debug-androidTest.apk' exited with code 1
2020-05-20 23:04:49:973 - [35m[ADB][39m apksigner stderr: Error: A JNI error has occurred, please check your installation and try again
2020-05-20 23:04:49:973 - [35m[ADB][39m Exception in thread "main" java.lang.UnsupportedClassVersionError: com/android/apksigner/ApkSignerTool has been compiled by a more recent version of the Java Runtime (class file version 53.0), this version of the Java Runtime only recognizes class file versions up to 52.0
2020-05-20 23:04:49:973 - [35m[ADB][39m 	at java.lang.ClassLoader.defineClass1(Native Method)
2020-05-20 23:04:49:973 - [35m[ADB][39m 	at java.lang.ClassLoader.defineClass(ClassLoader.java:763)
2020-05-20 23:04:49:973 - [35m[ADB][39m 	at java.security.SecureClassLoader.defineClass(SecureClassLoader.java:142)
2020-05-20 23:04:49:973 - [35m[ADB][39m 	at java.net.URLClassLoader.defineClass(URLClassLoader.java:467)
2020-05-20 23:04:49:974 - [35m[ADB][39m 	at java.net.URLClassLoader.access$100(URLClassLoader.java:73)
2020-05-20 23:04:49:974 - [35m[ADB][39m 	at java.net.URLClassLoader$1.run(URLClassLoader.java:368)
2020-05-20 23:04:49:974 - [35m[ADB][39m 	at java.net.URLClassLoader$1.run(URLClassLoader.java:362)
2020-05-20 23:04:49:974 - [35m[ADB][39m 	at java.security.AccessController.doPrivileged(Native Method)
2020-05-20 23:04:49:974 - [35m[ADB][39m 	at java.net.URLClassLoader.findClass(URLClassLoader.java:361)
2020-05-20 23:04:49:974 - [35m[ADB][39m 	at java.lang.ClassLoader.loadClass(ClassLoader.java:424)
2020-05-20 23:04:49:974 - [35m[ADB][39m 	at sun.misc.Launcher$AppClassLoader.loadClass(Launcher.java:349)
2020-05-20 23:04:49:974 - [35m[ADB][39m 	at java.lang.ClassLoader.loadClass(ClassLoader.java:357)
2020-05-20 23:04:49:974 - [35m[ADB][39m 	at sun.launcher.LauncherHelper.checkAndLoadMain(LauncherHelper.java:495)
2020-05-20 23:04:49:975 - [35m[ADB][39m 
2020-05-20 23:04:49:975 - [35m[ADB][39m Cannot use apksigner tool for signature verification. Original error: Command '/Users/tangyao/Android/sdk/build-tools/30.0.0-rc2/apksigner verify --print-certs /usr/local/lib/node_modules/appium/node_modules/_appium-uiautomator2-server\@3.8.1\@appium-uiautomator2-server/apks/appium-uiautomator2-server-debug-androidTest.apk' exited with code 1
2020-05-20 23:04:49:975 - [debug] [35m[ADB][39m Defaulting to verify.jar
2020-05-20 23:04:50:267 - [debug] [35m[ADB][39m '/usr/local/lib/node_modules/appium/node_modules/_appium-uiautomator2-server@3.8.1@appium-uiautomator2-server/apks/appium-uiautomator2-server-debug-androidTest.apk' is already signed.
2020-05-20 23:04:50:268 - [35m[UiAutomator2][39m Server packages are not going to be (re)installed
2020-05-20 23:04:50:268 - [debug] [35m[UiAutomator2][39m Waiting up to 30000ms for services to be available
2020-05-20 23:04:50:269 - [debug] [35m[ADB][39m Running '/Users/tangyao/Android/sdk/platform-tools/adb -P 5037 -s 5483e9c3 shell pm list instrumentation'
2020-05-20 23:04:50:392 - [debug] [35m[UiAutomator2][39m Instrumentation target 'io.appium.uiautomator2.server.test/androidx.test.runner.AndroidJUnitRunner' is available
2020-05-20 23:04:50:393 - [debug] [35m[UiAutomator2][39m Forwarding UiAutomator2 Server port 6790 to 6725
2020-05-20 23:04:50:393 - [debug] [35m[ADB][39m Forwarding system: 6725 to device: 6790
2020-05-20 23:04:50:393 - [debug] [35m[ADB][39m Running '/Users/tangyao/Android/sdk/platform-tools/adb -P 5037 -s 5483e9c3 forward tcp\:6725 tcp\:6790'
2020-05-20 23:04:50:404 - [debug] [35m[UiAutomator2][39m No app capability. Assuming it is already on the device
2020-05-20 23:04:50:405 - [debug] [35m[UiAutomator2][39m Performing shallow cleanup of automation leftovers
2020-05-20 23:04:50:449 - [debug] [35m[UiAutomator2][39m No obsolete sessions have been detected (Error: socket hang up)
2020-05-20 23:04:50:450 - [debug] [35m[ADB][39m Running '/Users/tangyao/Android/sdk/platform-tools/adb -P 5037 -s 5483e9c3 shell am force-stop io.appium.uiautomator2.server.test'
2020-05-20 23:04:50:585 - [35m[UiAutomator2][39m Starting UIAutomator2 server 3.8.1
2020-05-20 23:04:50:586 - [35m[UiAutomator2][39m Using UIAutomator2 server from '/usr/local/lib/node_modules/appium/node_modules/_appium-uiautomator2-server@3.8.1@appium-uiautomator2-server/apks/appium-uiautomator2-server-v3.8.1.apk' and test from '/usr/local/lib/node_modules/appium/node_modules/_appium-uiautomator2-server@3.8.1@appium-uiautomator2-server/apks/appium-uiautomator2-server-debug-androidTest.apk'
2020-05-20 23:04:50:586 - [35m[UiAutomator2][39m Waiting up to 30000ms for UiAutomator2 to be online...
2020-05-20 23:04:50:586 - [debug] [35m[ADB][39m Creating ADB subprocess with args: ["-P",5037,"-s","5483e9c3","shell","am","instrument","-w","io.appium.uiautomator2.server.test/androidx.test.runner.AndroidJUnitRunner"]
2020-05-20 23:04:51:574 - [debug] [35m[Instrumentation][39m io.appium.uiautomator2.server.test.AppiumUiAutomator2Server:
2020-05-20 23:04:51:591 - [debug] [35m[WD Proxy][39m Matched '/status' to command name 'getStatus'
2020-05-20 23:04:51:592 - [debug] [35m[WD Proxy][39m Proxying [GET /status] to [GET http://localhost:6725/wd/hub/status] with no body
2020-05-20 23:04:51:614 - [35m[WD Proxy][39m Got an unexpected response: {"code":"ECONNRESET"}
2020-05-20 23:04:52:618 - [debug] [35m[WD Proxy][39m Matched '/status' to command name 'getStatus'
2020-05-20 23:04:52:619 - [debug] [35m[WD Proxy][39m Proxying [GET /status] to [GET http://localhost:6725/wd/hub/status] with no body
2020-05-20 23:04:52:633 - [35m[WD Proxy][39m Got an unexpected response: {"code":"ECONNRESET"}
2020-05-20 23:04:53:636 - [debug] [35m[WD Proxy][39m Matched '/status' to command name 'getStatus'
2020-05-20 23:04:53:637 - [debug] [35m[WD Proxy][39m Proxying [GET /status] to [GET http://localhost:6725/wd/hub/status] with no body
2020-05-20 23:04:53:740 - [debug] [35m[WD Proxy][39m Got response with status 200: {"sessionId":"None","status":0,"value":"Status Invoked"}
2020-05-20 23:04:53:741 - [debug] [35m[WD Proxy][39m Determined the downstream protocol as 'MJSONWP'
2020-05-20 23:04:53:741 - [debug] [35m[UiAutomator2][39m The initialization of the instrumentation process took 3156ms
2020-05-20 23:04:53:741 - [debug] [35m[WD Proxy][39m Matched '/session' to command name 'createSession'
2020-05-20 23:04:53:742 - [debug] [35m[WD Proxy][39m Proxying [POST /session] to [POST http://localhost:6725/wd/hub/session] with body: {"desiredCapabilities":{"platform":"LINUX","webStorageEnabled":false,"takesScreenshot":true,"javascriptEnabled":true,"databaseEnabled":false,"networkConnectionEnabled":true,"locationContextEnabled":false,"warnings":{},"desired":{"platformName":"Android","udid":"5483e9c3","deviceName":"5483e9c3","appPackage":"com.xueqiu.android","platformVersion":"7.1.2","appActivity":".view.WelcomeActivityAlias","unicodeKeyboard":true,"resetKeyboard":true,"newCommandTimeout":120,"systemPort":6725,"noReset":true,"autoGrantPermissions":true},"platformName":"Android","udid":"5483e9c3","deviceName":"5483e9c3","appPackage":"com.xueqiu.android","platformVersion":"7.1.2","appActivity":".view.WelcomeActivityAlias","unicodeKeyboard":true,"resetKeyboard":true,"newCommandTimeout":120,"systemPort":6725,"noReset":true,"autoGrantPermissions":true,"deviceUDID":"5483e9c3"}}
2020-05-20 23:04:53:790 - [debug] [35m[WD Proxy][39m Got response with status 200: {"sessionId":"d5da1e9f-194e-4c49-80bb-f8df59f20de7","status":0,"value":"Created Session"}
2020-05-20 23:04:53:791 - [debug] [35m[WD Proxy][39m Determined the downstream protocol as 'MJSONWP' per session creation request
2020-05-20 23:04:53:805 - [debug] [35m[WD Proxy][39m Proxying [GET /appium/device/info] to [GET http://localhost:6725/wd/hub/session/d5da1e9f-194e-4c49-80bb-f8df59f20de7/appium/device/info] with no body
2020-05-20 23:04:53:861 - [debug] [35m[WD Proxy][39m Got response with status 200: {"sessionId":"d5da1e9f-194e-4c49-80bb-f8df59f20de7","status":0,"value":{"androidId":"405f120cdfa7799f","manufacturer":"Xiaomi","model":"MI 8","brand":"Xiaomi","apiVersion":"29","platformVersion":"10","carrierName":"","realDisplaySize":"1080x2248","displayDensity":440,"networks":[{"type":1,"typeName":"WIFI","subtype":0,"subtypeName":"","isConnected":true,"detailedState":"CONNECTED","state":"CONNECTED","extraInfo":null,"isAvailable":true,"isFailover":false,"isRoaming":false,"capabilities":{"transportTypes":"NET_CAPABILITY_SUPL","networkCapabilities":"","linkUpstreamBandwidthKbps":1048576,"linkDownBandwidthKbps":1048576,"signalStrength":-48,"networkSpecifier":null,"SSID":null}}],"locale":"zh_CN","timeZone":"Asia\/Shanghai"}}
2020-05-20 23:04:53:863 - [debug] [35m[ADB][39m Running '/Users/tangyao/Android/sdk/platform-tools/adb -P 5037 -s 5483e9c3 shell dumpsys window'
2020-05-20 23:04:54:009 - [35m[AndroidDriver][39m Screen already unlocked, doing nothing
2020-05-20 23:04:54:009 - [35m[UiAutomator2][39m UiAutomator2 did not start the activity we were waiting for, 'com.xueqiu.android/.view.WelcomeActivityAlias'. Starting it ourselves
2020-05-20 23:04:54:011 - [debug] [35m[ADB][39m Running '/Users/tangyao/Android/sdk/platform-tools/adb -P 5037 -s 5483e9c3 shell am start -W -n com.xueqiu.android/.view.WelcomeActivityAlias -S -a android.intent.action.MAIN -c android.intent.category.LAUNCHER -f 0x10200000'
2020-05-20 23:04:54:780 - [debug] [35m[WD Proxy][39m Proxying [GET /appium/device/pixel_ratio] to [GET http://localhost:6725/wd/hub/session/d5da1e9f-194e-4c49-80bb-f8df59f20de7/appium/device/pixel_ratio] with body: {}
2020-05-20 23:04:54:797 - [debug] [35m[WD Proxy][39m Got response with status 200: {"sessionId":"d5da1e9f-194e-4c49-80bb-f8df59f20de7","status":0,"value":2.75}
2020-05-20 23:04:54:798 - [debug] [35m[WD Proxy][39m Matched '/appium/device/system_bars' to command name 'getSystemBars'
2020-05-20 23:04:54:799 - [debug] [35m[WD Proxy][39m Proxying [GET /appium/device/system_bars] to [GET http://localhost:6725/wd/hub/session/d5da1e9f-194e-4c49-80bb-f8df59f20de7/appium/device/system_bars] with body: {}
2020-05-20 23:04:54:808 - [debug] [35m[WD Proxy][39m Got response with status 200: {"sessionId":"d5da1e9f-194e-4c49-80bb-f8df59f20de7","status":0,"value":{"statusBar":89}}
2020-05-20 23:04:54:809 - [debug] [35m[WD Proxy][39m Matched '/window/current/size' to command name 'getWindowSize'
2020-05-20 23:04:54:809 - [debug] [35m[WD Proxy][39m Proxying [GET /window/current/size] to [GET http://localhost:6725/wd/hub/session/d5da1e9f-194e-4c49-80bb-f8df59f20de7/window/current/size] with body: {}
2020-05-20 23:04:54:818 - [debug] [35m[WD Proxy][39m Got response with status 200: {"sessionId":"d5da1e9f-194e-4c49-80bb-f8df59f20de7","status":0,"value":{"height":2029,"width":1080}}
2020-05-20 23:04:54:818 - [35m[Appium][39m New AndroidUiautomator2Driver session created successfully, session ab95e8bb-c481-4343-ac78-0b815fee1c5b added to master session list
2020-05-20 23:04:54:819 - [debug] [35m[BaseDriver][39m Event 'newSessionStarted' logged at 1589987094819 (23:04:54 GMT+0800 (China Standard Time))
2020-05-20 23:04:54:820 - [debug] [35m[W3C (ab95e8bb)][39m Cached the protocol value 'W3C' for the new session ab95e8bb-c481-4343-ac78-0b815fee1c5b
2020-05-20 23:04:54:820 - [debug] [35m[W3C (ab95e8bb)][39m Responding to client with driver.createSession() result: {"capabilities":{"platform":"LINUX","webStorageEnabled":false,"takesScreenshot":true,"javascriptEnabled":true,"databaseEnabled":false,"networkConnectionEnabled":true,"locationContextEnabled":false,"warnings":{},"desired":{"platformName":"Android","udid":"5483e9c3","deviceName":"5483e9c3","appPackage":"com.xueqiu.android","platformVersion":"7.1.2","appActivity":".view.WelcomeActivityAlias","unicodeKeyboard":true,"resetKeyboard":true,"newCommandTimeout":120,"systemPort":6725,"noReset":true,"autoGrantPermissions":true},"platformName":"Android","udid":"5483e9c3","deviceName":"5483e9c3","appPackage":"com.xueqiu.android","platformVersion":"10","appActivity":".view.WelcomeActivityAlias","unicodeKeyboard":true,"resetKeyboard":true,"newCommandTimeout":120,"systemPort":6725,"noReset":true,"autoGrantPermissions":true,"deviceUDID":"5483e9c3","deviceApiLevel":29,"deviceScreenSize":"1080x2248","deviceScreenDensity":440,"deviceModel":"MI 8","deviceManufacturer":"Xiaomi","pixelRatio":2.75,"statBarHeight":89,"viewportRect"...
2020-05-20 23:04:54:827 - [35m[HTTP][39m [37m<-- POST /wd/hub/session [39m[32m200[39m [90m13313 ms - 1131[39m
2020-05-20 23:04:54:827 - [35m[HTTP][39m [90m[39m
2020-05-20 23:04:54:831 - [35m[HTTP][39m [37m-->[39m [37mPOST[39m [37m/wd/hub/session/ab95e8bb-c481-4343-ac78-0b815fee1c5b/timeouts[39m
2020-05-20 23:04:54:831 - [35m[HTTP][39m [90m{"implicit":5000}[39m
2020-05-20 23:04:54:834 - [debug] [35m[W3C (ab95e8bb)][39m Calling AppiumDriver.timeouts() with args: [null,null,null,null,5000,"ab95e8bb-c481-4343-ac78-0b815fee1c5b"]
2020-05-20 23:04:54:861 - [debug] [35m[BaseDriver][39m W3C timeout argument: {"implicit":5000}}
2020-05-20 23:04:54:861 - [debug] [35m[BaseDriver][39m Set implicit wait to 5000ms
2020-05-20 23:04:54:862 - [debug] [35m[W3C (ab95e8bb)][39m Responding to client with driver.timeouts() result: null
2020-05-20 23:04:54:863 - [35m[HTTP][39m [37m<-- POST /wd/hub/session/ab95e8bb-c481-4343-ac78-0b815fee1c5b/timeouts [39m[32m200[39m [90m32 ms - 14[39m
2020-05-20 23:04:54:864 - [35m[HTTP][39m [90m[39m
2020-05-20 23:04:56:881 - [35m[HTTP][39m [37m-->[39m [37mPOST[39m [37m/wd/hub/session/ab95e8bb-c481-4343-ac78-0b815fee1c5b/element[39m
2020-05-20 23:04:56:882 - [35m[HTTP][39m [90m{"using":"xpath","value":"//*[@text='我的']"}[39m
2020-05-20 23:04:56:885 - [debug] [35m[W3C (ab95e8bb)][39m Calling AppiumDriver.findElement() with args: ["xpath","//*[@text='我的']","ab95e8bb-c481-4343-ac78-0b815fee1c5b"]
2020-05-20 23:04:56:886 - [debug] [35m[BaseDriver][39m Valid locator strategies for this request: xpath, id, class name, accessibility id, -android uiautomator
2020-05-20 23:04:56:886 - [debug] [35m[BaseDriver][39m Waiting up to 5000 ms for condition
2020-05-20 23:04:56:887 - [debug] [35m[WD Proxy][39m Matched '/element' to command name 'findElement'
2020-05-20 23:04:56:887 - [debug] [35m[WD Proxy][39m Proxying [POST /element] to [POST http://localhost:6725/wd/hub/session/d5da1e9f-194e-4c49-80bb-f8df59f20de7/element] with body: {"strategy":"xpath","selector":"//*[@text='我的']","context":"","multiple":false}
2020-05-20 23:04:57:539 - [35m[WD Proxy][39m Got an unexpected response: {"sessionId":"d5da1e9f-194e-4c49-80bb-f8df59f20de7","status":7,"value":"An element could not be located on the page using the given search parameters."}
2020-05-20 23:04:57:540 - [debug] [35m[MJSONWP][39m Matched JSONWP error code 7 to NoSuchElementError
2020-05-20 23:04:57:540 - [debug] [35m[BaseDriver][39m Waited for 653 ms so far
2020-05-20 23:04:58:045 - [debug] [35m[WD Proxy][39m Matched '/element' to command name 'findElement'
2020-05-20 23:04:58:046 - [debug] [35m[WD Proxy][39m Proxying [POST /element] to [POST http://localhost:6725/wd/hub/session/d5da1e9f-194e-4c49-80bb-f8df59f20de7/element] with body: {"strategy":"xpath","selector":"//*[@text='我的']","context":"","multiple":false}
2020-05-20 23:04:58:507 - [35m[WD Proxy][39m Got an unexpected response: {"sessionId":"d5da1e9f-194e-4c49-80bb-f8df59f20de7","status":7,"value":"An element could not be located on the page using the given search parameters."}
2020-05-20 23:04:58:508 - [debug] [35m[MJSONWP][39m Matched JSONWP error code 7 to NoSuchElementError
2020-05-20 23:04:58:508 - [debug] [35m[BaseDriver][39m Waited for 1621 ms so far
2020-05-20 23:04:59:014 - [debug] [35m[WD Proxy][39m Matched '/element' to command name 'findElement'
2020-05-20 23:04:59:014 - [debug] [35m[WD Proxy][39m Proxying [POST /element] to [POST http://localhost:6725/wd/hub/session/d5da1e9f-194e-4c49-80bb-f8df59f20de7/element] with body: {"strategy":"xpath","selector":"//*[@text='我的']","context":"","multiple":false}
2020-05-20 23:04:59:502 - [35m[WD Proxy][39m Got an unexpected response: {"sessionId":"d5da1e9f-194e-4c49-80bb-f8df59f20de7","status":7,"value":"An element could not be located on the page using the given search parameters."}
2020-05-20 23:04:59:503 - [debug] [35m[MJSONWP][39m Matched JSONWP error code 7 to NoSuchElementError
2020-05-20 23:04:59:505 - [debug] [35m[BaseDriver][39m Waited for 2617 ms so far
2020-05-20 23:05:00:005 - [debug] [35m[WD Proxy][39m Matched '/element' to command name 'findElement'
2020-05-20 23:05:00:006 - [debug] [35m[WD Proxy][39m Proxying [POST /element] to [POST http://localhost:6725/wd/hub/session/d5da1e9f-194e-4c49-80bb-f8df59f20de7/element] with body: {"strategy":"xpath","selector":"//*[@text='我的']","context":"","multiple":false}
2020-05-20 23:05:00:100 - [35m[WD Proxy][39m Got an unexpected response: {"sessionId":"d5da1e9f-194e-4c49-80bb-f8df59f20de7","status":7,"value":"An element could not be located on the page using the given search parameters."}
2020-05-20 23:05:00:101 - [debug] [35m[MJSONWP][39m Matched JSONWP error code 7 to NoSuchElementError
2020-05-20 23:05:00:101 - [debug] [35m[BaseDriver][39m Waited for 3214 ms so far
2020-05-20 23:05:00:604 - [debug] [35m[WD Proxy][39m Matched '/element' to command name 'findElement'
2020-05-20 23:05:00:604 - [debug] [35m[WD Proxy][39m Proxying [POST /element] to [POST http://localhost:6725/wd/hub/session/d5da1e9f-194e-4c49-80bb-f8df59f20de7/element] with body: {"strategy":"xpath","selector":"//*[@text='我的']","context":"","multiple":false}
2020-05-20 23:05:01:231 - [35m[WD Proxy][39m Got an unexpected response: {"sessionId":"d5da1e9f-194e-4c49-80bb-f8df59f20de7","status":7,"value":"An element could not be located on the page using the given search parameters."}
2020-05-20 23:05:01:231 - [debug] [35m[MJSONWP][39m Matched JSONWP error code 7 to NoSuchElementError
2020-05-20 23:05:01:232 - [debug] [35m[BaseDriver][39m Waited for 4344 ms so far
2020-05-20 23:05:01:736 - [debug] [35m[WD Proxy][39m Matched '/element' to command name 'findElement'
2020-05-20 23:05:01:737 - [debug] [35m[WD Proxy][39m Proxying [POST /element] to [POST http://localhost:6725/wd/hub/session/d5da1e9f-194e-4c49-80bb-f8df59f20de7/element] with body: {"strategy":"xpath","selector":"//*[@text='我的']","context":"","multiple":false}
2020-05-20 23:05:01:858 - [35m[WD Proxy][39m Got an unexpected response: {"sessionId":"d5da1e9f-194e-4c49-80bb-f8df59f20de7","status":7,"value":"An element could not be located on the page using the given search parameters."}
2020-05-20 23:05:01:858 - [debug] [35m[MJSONWP][39m Matched JSONWP error code 7 to NoSuchElementError
2020-05-20 23:05:01:858 - [debug] [35m[BaseDriver][39m Waited for 4971 ms so far
2020-05-20 23:05:02:359 - [debug] [35m[WD Proxy][39m Matched '/element' to command name 'findElement'
2020-05-20 23:05:02:360 - [debug] [35m[WD Proxy][39m Proxying [POST /element] to [POST http://localhost:6725/wd/hub/session/d5da1e9f-194e-4c49-80bb-f8df59f20de7/element] with body: {"strategy":"xpath","selector":"//*[@text='我的']","context":"","multiple":false}
2020-05-20 23:05:05:145 - [debug] [35m[WD Proxy][39m Got response with status 200: {"sessionId":"d5da1e9f-194e-4c49-80bb-f8df59f20de7","status":0,"value":{"ELEMENT":"8081ff14-03d0-4946-97e7-118fc541673b"}}
2020-05-20 23:05:05:145 - [debug] [35m[W3C (ab95e8bb)][39m Responding to client with driver.findElement() result: {"element-6066-11e4-a52e-4f735466cecf":"8081ff14-03d0-4946-97e7-118fc541673b","ELEMENT":"8081ff14-03d0-4946-97e7-118fc541673b"}
2020-05-20 23:05:05:147 - [35m[HTTP][39m [37m<-- POST /wd/hub/session/ab95e8bb-c481-4343-ac78-0b815fee1c5b/element [39m[32m200[39m [90m8265 ms - 137[39m
2020-05-20 23:05:05:147 - [35m[HTTP][39m [90m[39m
2020-05-20 23:05:05:150 - [35m[HTTP][39m [37m-->[39m [37mPOST[39m [37m/wd/hub/session/ab95e8bb-c481-4343-ac78-0b815fee1c5b/element/8081ff14-03d0-4946-97e7-118fc541673b/click[39m
2020-05-20 23:05:05:150 - [35m[HTTP][39m [90m{"id":"8081ff14-03d0-4946-97e7-118fc541673b"}[39m
2020-05-20 23:05:05:152 - [debug] [35m[W3C (ab95e8bb)][39m Calling AppiumDriver.click() with args: ["8081ff14-03d0-4946-97e7-118fc541673b","ab95e8bb-c481-4343-ac78-0b815fee1c5b"]
2020-05-20 23:05:05:157 - [debug] [35m[WD Proxy][39m Matched '/element/8081ff14-03d0-4946-97e7-118fc541673b/click' to command name 'click'
2020-05-20 23:05:05:157 - [debug] [35m[WD Proxy][39m Proxying [POST /element/8081ff14-03d0-4946-97e7-118fc541673b/click] to [POST http://localhost:6725/wd/hub/session/d5da1e9f-194e-4c49-80bb-f8df59f20de7/element/8081ff14-03d0-4946-97e7-118fc541673b/click] with body: {"element":"8081ff14-03d0-4946-97e7-118fc541673b"}
2020-05-20 23:05:05:273 - [debug] [35m[WD Proxy][39m Got response with status 200: {"sessionId":"d5da1e9f-194e-4c49-80bb-f8df59f20de7","status":0,"value":true}
2020-05-20 23:05:05:273 - [debug] [35m[W3C (ab95e8bb)][39m Responding to client with driver.click() result: true
2020-05-20 23:05:05:275 - [35m[HTTP][39m [37m<-- POST /wd/hub/session/ab95e8bb-c481-4343-ac78-0b815fee1c5b/element/8081ff14-03d0-4946-97e7-118fc541673b/click [39m[32m200[39m [90m124 ms - 14[39m
2020-05-20 23:05:05:275 - [35m[HTTP][39m [90m[39m
2020-05-20 23:05:05:280 - [35m[HTTP][39m [37m-->[39m [37mPOST[39m [37m/wd/hub/session/ab95e8bb-c481-4343-ac78-0b815fee1c5b/element[39m
2020-05-20 23:05:05:280 - [35m[HTTP][39m [90m{"using":"xpath","value":"//*[@text='微信']"}[39m
2020-05-20 23:05:05:281 - [debug] [35m[W3C (ab95e8bb)][39m Calling AppiumDriver.findElement() with args: ["xpath","//*[@text='微信']","ab95e8bb-c481-4343-ac78-0b815fee1c5b"]
2020-05-20 23:05:05:282 - [debug] [35m[BaseDriver][39m Valid locator strategies for this request: xpath, id, class name, accessibility id, -android uiautomator
2020-05-20 23:05:05:283 - [debug] [35m[BaseDriver][39m Waiting up to 5000 ms for condition
2020-05-20 23:05:05:283 - [debug] [35m[WD Proxy][39m Matched '/element' to command name 'findElement'
2020-05-20 23:05:05:284 - [debug] [35m[WD Proxy][39m Proxying [POST /element] to [POST http://localhost:6725/wd/hub/session/d5da1e9f-194e-4c49-80bb-f8df59f20de7/element] with body: {"strategy":"xpath","selector":"//*[@text='微信']","context":"","multiple":false}
2020-05-20 23:05:06:025 - [debug] [35m[WD Proxy][39m Got response with status 200: {"sessionId":"d5da1e9f-194e-4c49-80bb-f8df59f20de7","status":0,"value":{"ELEMENT":"eb9aab18-9371-4fba-bfc1-79fca695ea27"}}
2020-05-20 23:05:06:026 - [debug] [35m[W3C (ab95e8bb)][39m Responding to client with driver.findElement() result: {"element-6066-11e4-a52e-4f735466cecf":"eb9aab18-9371-4fba-bfc1-79fca695ea27","ELEMENT":"eb9aab18-9371-4fba-bfc1-79fca695ea27"}
2020-05-20 23:05:06:027 - [35m[HTTP][39m [37m<-- POST /wd/hub/session/ab95e8bb-c481-4343-ac78-0b815fee1c5b/element [39m[32m200[39m [90m747 ms - 137[39m
2020-05-20 23:05:06:027 - [35m[HTTP][39m [90m[39m
2020-05-20 23:05:06:029 - [35m[HTTP][39m [37m-->[39m [37mPOST[39m [37m/wd/hub/session/ab95e8bb-c481-4343-ac78-0b815fee1c5b/element/eb9aab18-9371-4fba-bfc1-79fca695ea27/click[39m
2020-05-20 23:05:06:029 - [35m[HTTP][39m [90m{"id":"eb9aab18-9371-4fba-bfc1-79fca695ea27"}[39m
2020-05-20 23:05:06:030 - [debug] [35m[W3C (ab95e8bb)][39m Calling AppiumDriver.click() with args: ["eb9aab18-9371-4fba-bfc1-79fca695ea27","ab95e8bb-c481-4343-ac78-0b815fee1c5b"]
2020-05-20 23:05:06:031 - [debug] [35m[WD Proxy][39m Matched '/element/eb9aab18-9371-4fba-bfc1-79fca695ea27/click' to command name 'click'
2020-05-20 23:05:06:032 - [debug] [35m[WD Proxy][39m Proxying [POST /element/eb9aab18-9371-4fba-bfc1-79fca695ea27/click] to [POST http://localhost:6725/wd/hub/session/d5da1e9f-194e-4c49-80bb-f8df59f20de7/element/eb9aab18-9371-4fba-bfc1-79fca695ea27/click] with body: {"element":"eb9aab18-9371-4fba-bfc1-79fca695ea27"}
2020-05-20 23:05:06:294 - [debug] [35m[WD Proxy][39m Got response with status 200: {"sessionId":"d5da1e9f-194e-4c49-80bb-f8df59f20de7","status":0,"value":true}
2020-05-20 23:05:06:294 - [debug] [35m[W3C (ab95e8bb)][39m Responding to client with driver.click() result: true
2020-05-20 23:05:06:295 - [35m[HTTP][39m [37m<-- POST /wd/hub/session/ab95e8bb-c481-4343-ac78-0b815fee1c5b/element/eb9aab18-9371-4fba-bfc1-79fca695ea27/click [39m[32m200[39m [90m266 ms - 14[39m
2020-05-20 23:05:06:296 - [35m[HTTP][39m [90m[39m
2020-05-20 23:05:06:297 - [35m[HTTP][39m [37m-->[39m [37mPOST[39m [37m/wd/hub/session/ab95e8bb-c481-4343-ac78-0b815fee1c5b/element[39m
2020-05-20 23:05:06:298 - [35m[HTTP][39m [90m{"using":"xpath","value":"//*[@class='android.widget.Toast']"}[39m
2020-05-20 23:05:06:298 - [debug] [35m[W3C (ab95e8bb)][39m Calling AppiumDriver.findElement() with args: ["xpath","//*[@class='android.widget.Toast']","ab95e8bb-c481-4343-ac78-0b815fee1c5b"]
2020-05-20 23:05:06:299 - [debug] [35m[BaseDriver][39m Valid locator strategies for this request: xpath, id, class name, accessibility id, -android uiautomator
2020-05-20 23:05:06:300 - [debug] [35m[BaseDriver][39m Waiting up to 5000 ms for condition
2020-05-20 23:05:06:300 - [debug] [35m[WD Proxy][39m Matched '/element' to command name 'findElement'
2020-05-20 23:05:06:300 - [debug] [35m[WD Proxy][39m Proxying [POST /element] to [POST http://localhost:6725/wd/hub/session/d5da1e9f-194e-4c49-80bb-f8df59f20de7/element] with body: {"strategy":"xpath","selector":"//*[@class='android.widget.Toast']","context":"","multiple":false}
2020-05-20 23:05:07:242 - [debug] [35m[WD Proxy][39m Got response with status 200: {"sessionId":"d5da1e9f-194e-4c49-80bb-f8df59f20de7","status":0,"value":{"ELEMENT":"f2115262-d186-45b8-ac99-74e16df92e07"}}
2020-05-20 23:05:07:243 - [debug] [35m[W3C (ab95e8bb)][39m Responding to client with driver.findElement() result: {"element-6066-11e4-a52e-4f735466cecf":"f2115262-d186-45b8-ac99-74e16df92e07","ELEMENT":"f2115262-d186-45b8-ac99-74e16df92e07"}
2020-05-20 23:05:07:244 - [35m[HTTP][39m [37m<-- POST /wd/hub/session/ab95e8bb-c481-4343-ac78-0b815fee1c5b/element [39m[32m200[39m [90m946 ms - 137[39m
2020-05-20 23:05:07:244 - [35m[HTTP][39m [90m[39m
2020-05-20 23:05:07:247 - [35m[HTTP][39m [37m-->[39m [37mGET[39m [37m/wd/hub/session/ab95e8bb-c481-4343-ac78-0b815fee1c5b/element/f2115262-d186-45b8-ac99-74e16df92e07/text[39m
2020-05-20 23:05:07:247 - [35m[HTTP][39m [90m{}[39m
2020-05-20 23:05:07:249 - [35m[W3C (ab95e8bb)][39m Driver proxy active, passing request on via HTTP proxy
2020-05-20 23:05:07:251 - [debug] [35m[WD Proxy][39m Matched '/wd/hub/session/ab95e8bb-c481-4343-ac78-0b815fee1c5b/element/f2115262-d186-45b8-ac99-74e16df92e07/text' to command name 'getText'
2020-05-20 23:05:07:251 - [debug] [35m[WD Proxy][39m Proxying [GET /wd/hub/session/ab95e8bb-c481-4343-ac78-0b815fee1c5b/element/f2115262-d186-45b8-ac99-74e16df92e07/text] to [GET http://localhost:6725/wd/hub/session/d5da1e9f-194e-4c49-80bb-f8df59f20de7/element/f2115262-d186-45b8-ac99-74e16df92e07/text] with body: {}
2020-05-20 23:05:07:469 - [debug] [35m[WD Proxy][39m Got response with status 200: {"sessionId":"d5da1e9f-194e-4c49-80bb-f8df59f20de7","status":0,"value":"您尚未安装微信，请先安装微信"}
2020-05-20 23:05:07:470 - [35m[WD Proxy][39m Replacing sessionId d5da1e9f-194e-4c49-80bb-f8df59f20de7 with ab95e8bb-c481-4343-ac78-0b815fee1c5b
2020-05-20 23:05:07:471 - [35m[HTTP][39m [37m<-- GET /wd/hub/session/ab95e8bb-c481-4343-ac78-0b815fee1c5b/element/f2115262-d186-45b8-ac99-74e16df92e07/text [39m[32m200[39m [90m223 ms - 105[39m
2020-05-20 23:05:07:472 - [35m[HTTP][39m [90m[39m
2020-05-20 23:05:07:475 - [35m[HTTP][39m [37m-->[39m [37mGET[39m [37m/wd/hub/session/ab95e8bb-c481-4343-ac78-0b815fee1c5b/screenshot[39m
2020-05-20 23:05:07:475 - [35m[HTTP][39m [90m{}[39m
2020-05-20 23:05:07:476 - [debug] [35m[W3C (ab95e8bb)][39m Calling AppiumDriver.getScreenshot() with args: ["ab95e8bb-c481-4343-ac78-0b815fee1c5b"]
2020-05-20 23:05:07:478 - [debug] [35m[WD Proxy][39m Matched '/screenshot' to command name 'getScreenshot'
2020-05-20 23:05:07:478 - [debug] [35m[WD Proxy][39m Proxying [GET /screenshot] to [GET http://localhost:6725/wd/hub/session/d5da1e9f-194e-4c49-80bb-f8df59f20de7/screenshot] with no body
2020-05-20 23:05:08:176 - [debug] [35m[WD Proxy][39m Got response with status 200: {"sessionId":"d5da1e9f-194e-4c49-80bb-f8df59f20de7","status":0,"value":"iVBORw0KGgoAAAANSUhEUgAABDgAAAjICAYAAAA+Ih\/iAAAAAXNSR0IArs4c6QAAAARzQklUCAgI\nCHwIZIgAACAASURBVHic7L15uG1LVR\/6G3OttZvT3\/5y4QIqgqIiBFBRhKgJ2NA8QRRUIKZ5ISbP\nJt\/78r0kz5e8JF\/yvsSXPPXTaPyeMbZREKO+JKKJEURpLgQQgqACgrT34u3O2WfvvZo53h\/VjRo1\najZrr73PPpdb9+4z16xZ9atRVaOpOWY19PVfwQwAILjASIH8Pal45HEhSRk4pV0TuzdY2AC4BjAG\nW6fnNkYfXCLc92hCO81rTqFNKP0uQl\/5Hc+JeRz9Mi\/IbhcmEHfQLPuJALRGmloQeYm50t8EsE1X\n0aARj3ydQl9Tvb0lHQDQMoiosx1jMVE8UtsRyOZlFWZXl9i6MsfkcIVmsQLatp7+OOXhFGLzpMHi\n7A7mZ7cVuJW4gif7NKiasbJRo72SltR9oIuZHV\/UyhhZfi8vjynDh539A0yWSwBAQ00sN6iUgnpq\nxG+fFkBDE5UulU9oirgCW+IqbFJxum0INND2hAw0GLuX7gJ7ON2nDjskPEXYvaFi6zvTr2vrj5J2\nE\/WsymQ3dnf\/8DFiHyfdFezrRdZOqRx3MqQpa9yDPZDBBTaj7c+nbQAByy3C5VunWOyUY0c3PgvG\nWj4XjcOAbOEw1iNKLR7HfkTFOFDa+mD7dXxqq1Cmu4YiQnly7JCPMV38+U+3mB3oAQJQ8FX2jMz0\nkSzq4Cxp6zX6xuWBsm451bJ2vWKHhCOxe8N1YOunBVHyPmRglITXiJetrfMpbAbcQF6n6cKuXUU6\nBqfoLmwZV8POKuPCfBd44A4454ZKF97DTYdBwJV5dDkWfW2ejhsCtXbPS2WcA4VWsTI51ZzqwKCg\nIF...
2020-05-20 23:05:08:180 - [debug] [35m[W3C (ab95e8bb)][39m Responding to client with driver.getScreenshot() result: "iVBORw0KGgoAAAANSUhEUgAABDgAAAjICAYAAAA+Ih/iAAAAAXNSR0IArs4c6QAAAARzQklUCAgI\nCHwIZIgAACAASURBVHic7L15uG1LVR/6G3OttZvT3/5y4QIqgqIiBFBRhKgJ2NA8QRRUIKZ5ISbP\nJt/78r0kz5e8JF/yvsSXPPXTaPyeMbZREKO+JKKJEURpLgQQgqACgrT34u3O2WfvvZo53h/VjRo1\najZrr73PPpdb9+4z16xZ9atRVaOpOWY19PVfwQwAILjASIH8Pal45HEhSRk4pV0TuzdY2AC4BjAG\nW6fnNkYfXCLc92hCO81rTqFNKP0uQl/5Hc+JeRz9Mi/IbhcmEHfQLPuJALRGmloQeYm50t8EsE1X\n0aARj3ydQl9Tvb0lHQDQMoiosx1jMVE8UtsRyOZlFWZXl9i6MsfkcIVmsQLatp7+OOXhFGLzpMHi\n7A7mZ7cVuJW4gif7NKiasbJRo72SltR9oIuZHV/UyhhZfi8vjynDh539A0yWSwBAQ00sN6iUgnpq\nxG+fFkBDE5UulU9oirgCW+IqbFJxum0INND2hAw0GLuX7gJ7ON2nDjskPEXYvaFi6zvTr2vrj5J2\nE/WsymQ3dnf/8DFiHyfdFezrRdZOqRx3MqQpa9yDPZDBBTaj7c+nbQAByy3C5VunWOyUY0c3PgvG\nWj4XjcOAbOEw1iNKLR7HfkTFOFDa+mD7dXxqq1Cmu4YiQnly7JCPMV38+U+3mB3oAQJQ8FX2jMz0\nkSzq4Cxp6zX6xuWBsm451bJ2vWKHhCOxe8N1YOunBVHyPmRglITXiJetrfMpbAbcQF6n6cKuXUU6\nBqfoLmwZV8POKuPCfBd44A4454ZKF97DTYdBwJV5dDkWfW2ejhsCtXbPS2WcA4VWsTI51ZzqwKCg\nIFsAjaBrjHPDF00tg4nAjTMsQZVHx0agNzodjMYj0WCcGtjxEBX63KIjtH9wUCQD48qMxibQRRQd\nIcF4Od...
2020-05-20 23:05:08:184 - [35m[HTTP][39m [37m<-- GET /wd/hub/session/ab95e8bb-c481-4343-ac78-0b815fee1c5b/screenshot [39m[32m200[39m [90m709 ms - 576646[39m
2020-05-20 23:05:08:185 - [35m[HTTP][39m [90m[39m
2020-05-20 23:05:08:206 - [35m[HTTP][39m [37m-->[39m [37mPOST[39m [37m/wd/hub/session/ab95e8bb-c481-4343-ac78-0b815fee1c5b/appium/app/close[39m
2020-05-20 23:05:08:207 - [35m[HTTP][39m [90m{}[39m
2020-05-20 23:05:08:213 - [debug] [35m[W3C (ab95e8bb)][39m Calling AppiumDriver.closeApp() with args: ["ab95e8bb-c481-4343-ac78-0b815fee1c5b"]
2020-05-20 23:05:08:214 - [debug] [35m[ADB][39m Running '/Users/tangyao/Android/sdk/platform-tools/adb -P 5037 -s 5483e9c3 shell am force-stop com.xueqiu.android'
2020-05-20 23:05:08:375 - [debug] [35m[W3C (ab95e8bb)][39m Responding to client with driver.closeApp() result: null
2020-05-20 23:05:08:376 - [35m[HTTP][39m [37m<-- POST /wd/hub/session/ab95e8bb-c481-4343-ac78-0b815fee1c5b/appium/app/close [39m[32m200[39m [90m170 ms - 14[39m
2020-05-20 23:05:08:376 - [35m[HTTP][39m [90m[39m
2020-05-20 23:05:08:378 - [35m[HTTP][39m [37m-->[39m [37mDELETE[39m [37m/wd/hub/session/ab95e8bb-c481-4343-ac78-0b815fee1c5b[39m
2020-05-20 23:05:08:378 - [35m[HTTP][39m [90m{}[39m
2020-05-20 23:05:08:378 - [debug] [35m[W3C (ab95e8bb)][39m Calling AppiumDriver.deleteSession() with args: ["ab95e8bb-c481-4343-ac78-0b815fee1c5b"]
2020-05-20 23:05:08:379 - [debug] [35m[BaseDriver][39m Event 'quitSessionRequested' logged at 1589987108379 (23:05:08 GMT+0800 (China Standard Time))
2020-05-20 23:05:08:379 - [35m[Appium][39m Removing session ab95e8bb-c481-4343-ac78-0b815fee1c5b from our master session list
2020-05-20 23:05:08:380 - [debug] [35m[UiAutomator2][39m Deleting UiAutomator2 session
2020-05-20 23:05:08:381 - [debug] [35m[UiAutomator2][39m Deleting UiAutomator2 server session
2020-05-20 23:05:08:381 - [debug] [35m[WD Proxy][39m Matched '/' to command name 'deleteSession'
2020-05-20 23:05:08:381 - [debug] [35m[WD Proxy][39m Proxying [DELETE /] to [DELETE http://localhost:6725/wd/hub/session/d5da1e9f-194e-4c49-80bb-f8df59f20de7] with no body
2020-05-20 23:05:08:403 - [debug] [35m[WD Proxy][39m Got response with status 200: {"sessionId":"d5da1e9f-194e-4c49-80bb-f8df59f20de7","status":0,"value":"Session deleted"}
2020-05-20 23:05:08:404 - [debug] [35m[UiAutomator2][39m Resetting IME to 'io.appium.settings/.UnicodeIME'
2020-05-20 23:05:08:405 - [debug] [35m[ADB][39m Running '/Users/tangyao/Android/sdk/platform-tools/adb -P 5037 -s 5483e9c3 shell ime set io.appium.settings/.UnicodeIME'
2020-05-20 23:05:08:454 - [debug] [35m[ADB][39m Running '/Users/tangyao/Android/sdk/platform-tools/adb -P 5037 -s 5483e9c3 shell am force-stop com.xueqiu.android'
2020-05-20 23:05:08:495 - [debug] [35m[Logcat][39m Stopping logcat capture
2020-05-20 23:05:08:497 - [debug] [35m[ADB][39m Removing forwarded port socket connection: 6725 
2020-05-20 23:05:08:497 - [debug] [35m[ADB][39m Running '/Users/tangyao/Android/sdk/platform-tools/adb -P 5037 -s 5483e9c3 forward --remove tcp\:6725'
2020-05-20 23:05:08:506 - [35m[UiAutomator2][39m Restoring hidden api policy to the device default configuration
2020-05-20 23:05:08:507 - [debug] [35m[ADB][39m Running '/Users/tangyao/Android/sdk/platform-tools/adb -P 5037 -s 5483e9c3 shell settings delete global hidden_api_policy_pre_p_apps'
2020-05-20 23:05:08:545 - [debug] [35m[ADB][39m Running '/Users/tangyao/Android/sdk/platform-tools/adb -P 5037 -s 5483e9c3 shell settings delete global hidden_api_policy_p_apps'
2020-05-20 23:05:08:583 - [debug] [35m[ADB][39m Running '/Users/tangyao/Android/sdk/platform-tools/adb -P 5037 -s 5483e9c3 shell settings delete global hidden_api_policy'
2020-05-20 23:05:08:613 - [debug] [35m[Instrumentation][39m .
2020-05-20 23:05:08:643 - [debug] [35m[BaseDriver][39m Event 'quitSessionFinished' logged at 1589987108643 (23:05:08 GMT+0800 (China Standard Time))
2020-05-20 23:05:08:644 - [debug] [35m[W3C (ab95e8bb)][39m Received response: null
2020-05-20 23:05:08:644 - [debug] [35m[W3C (ab95e8bb)][39m But deleting session, so not returning
2020-05-20 23:05:08:644 - [debug] [35m[W3C (ab95e8bb)][39m Responding to client with driver.deleteSession() result: null
2020-05-20 23:05:08:645 - [35m[HTTP][39m [37m<-- DELETE /wd/hub/session/ab95e8bb-c481-4343-ac78-0b815fee1c5b [39m[32m200[39m [90m267 ms - 14[39m
2020-05-20 23:05:08:645 - [35m[HTTP][39m [90m[39m
2020-05-20 23:05:08:787 - [35m[Appium][39m Received SIGTERM - shutting down
2020-05-20 23:05:08:816 - [debug] [35m[Instrumentation][39m Time: 17.043
2020-05-20 23:05:08:816 - [debug] [35m[Instrumentation][39m 
2020-05-20 23:05:08:817 - [debug] [35m[Instrumentation][39m OK (1 test)
2020-05-20 23:05:09:129 - [debug] [35m[Instrumentation][39m The process has exited with code 0
