2020-06-16 00:00:30,540 DEFAULT INFO 删除旧的报告
2020-06-16 00:00:32,658 DEFAULT INFO appium -p 4726 -bp 6726 -U 5483e9c3 --log-timestamp --local-timezone
2020-06-16 00:00:37,721 DEFAULT INFO 读取配置文件成功
2020-06-16 00:00:37,722 DEFAULT INFO {'platformName': 'Android', 'appPackage': 'com.xueqiu.android', 'appActivity': '.view.WelcomeActivityAlias', 'autoGrantPermissions': True, 'noReset': True, 'newCommandTimeout': 120}
2020-06-16 00:00:40,123 DEFAULT INFO 读取配置文件成功
2020-06-16 00:00:40,124 DEFAULT INFO {'platformName': 'Android', 'appPackage': 'com.xueqiu.android', 'appActivity': '.view.WelcomeActivityAlias', 'autoGrantPermissions': True, 'noReset': True, 'newCommandTimeout': 120}
2020-06-16 00:01:05,702 DEFAULT INFO 启动App成功
2020-06-16 00:01:17,229 DEFAULT INFO 读取配置文件成功
2020-06-16 00:01:17,230 DEFAULT INFO {'platformName': 'Android', 'appPackage': 'com.xueqiu.android', 'appActivity': '.view.WelcomeActivityAlias', 'autoGrantPermissions': True, 'noReset': True, 'newCommandTimeout': 120}
2020-06-16 00:01:41,106 DEFAULT INFO 启动App成功
2020-06-16 00:01:49,671 DEFAULT INFO ['NATIVE_APP']
2020-06-16 00:02:22,951 DEFAULT INFO 删除旧的报告
2020-06-16 00:02:24,443 DEFAULT INFO appium -p 4726 -bp 6726 -U 5483e9c3 --log-timestamp --local-timezone
2020-06-16 00:02:29,462 DEFAULT INFO 读取配置文件成功
2020-06-16 00:02:29,463 DEFAULT INFO {'platformName': 'Android', 'appPackage': 'com.xueqiu.android', 'appActivity': '.view.WelcomeActivityAlias', 'autoGrantPermissions': True, 'noReset': True, 'newCommandTimeout': 120}
2020-06-16 00:02:54,515 DEFAULT INFO 启动App成功
2020-06-16 00:03:07,771 DEFAULT INFO 贵州茅台
2020-06-16 00:03:08,239 DEFAULT INFO 读取配置文件成功
2020-06-16 00:03:08,240 DEFAULT INFO {'platformName': 'Android', 'appPackage': 'com.xueqiu.android', 'appActivity': '.view.WelcomeActivityAlias', 'autoGrantPermissions': True, 'noReset': True, 'newCommandTimeout': 120}
2020-06-16 00:03:32,360 DEFAULT INFO 启动App成功
2020-06-16 00:03:43,923 DEFAULT INFO 读取配置文件成功
2020-06-16 00:03:43,924 DEFAULT INFO {'platformName': 'Android', 'appPackage': 'com.xueqiu.android', 'appActivity': '.view.WelcomeActivityAlias', 'autoGrantPermissions': True, 'noReset': True, 'newCommandTimeout': 120}
2020-06-16 00:04:06,281 DEFAULT INFO 启动App成功
2020-06-16 00:04:15,029 DEFAULT INFO ['NATIVE_APP']
2020-06-16 00:04:19,515 DEFAULT INFO 生成报告……
2020-06-16 06:03:38,032 DEFAULT INFO 删除旧的报告
2020-06-16 06:03:38,565 DEFAULT INFO appium -p 4726 -bp 6726 -U 5483e9c3 --log-timestamp --local-timezone
2020-06-16 06:03:43,582 DEFAULT INFO 读取配置文件成功
2020-06-16 06:03:43,584 DEFAULT INFO {'platformName': 'Android', 'appPackage': 'com.xueqiu.android', 'appActivity': '.view.WelcomeActivityAlias', 'autoGrantPermissions': True, 'noReset': True, 'newCommandTimeout': 120}
2020-06-16 06:03:55,691 DEFAULT INFO 启动App成功
2020-06-16 06:04:12,022 DEFAULT INFO 贵州茅台
2020-06-16 06:04:12,398 DEFAULT INFO 读取配置文件成功
2020-06-16 06:04:12,399 DEFAULT INFO {'platformName': 'Android', 'appPackage': 'com.xueqiu.android', 'appActivity': '.view.WelcomeActivityAlias', 'autoGrantPermissions': True, 'noReset': True, 'newCommandTimeout': 120}
2020-06-16 06:04:25,234 DEFAULT INFO 启动App成功
2020-06-16 06:04:36,508 DEFAULT INFO 读取配置文件成功
2020-06-16 06:04:36,508 DEFAULT INFO {'platformName': 'Android', 'appPackage': 'com.xueqiu.android', 'appActivity': '.view.WelcomeActivityAlias', 'autoGrantPermissions': True, 'noReset': True, 'newCommandTimeout': 120}
2020-06-16 06:04:46,661 DEFAULT INFO 启动App成功
2020-06-16 06:04:53,591 DEFAULT INFO ['NATIVE_APP']
2020-06-16 06:04:57,257 DEFAULT INFO 生成报告……
2020-06-16 06:05:25,840 DEFAULT INFO 删除旧的报告
2020-06-16 06:05:26,442 DEFAULT INFO appium -p 4727 -bp 6727 -U emulator-5554 --log-timestamp --local-timezone
2020-06-16 06:05:26,442 DEFAULT INFO appium -p 4726 -bp 6726 -U 5483e9c3 --log-timestamp --local-timezone
2020-06-16 06:05:31,453 DEFAULT INFO 读取配置文件成功
2020-06-16 06:05:31,453 DEFAULT INFO 读取配置文件成功
2020-06-16 06:05:31,454 DEFAULT INFO {'platformName': 'Android', 'appPackage': 'com.xueqiu.android', 'appActivity': '.view.WelcomeActivityAlias', 'autoGrantPermissions': True, 'noReset': True, 'newCommandTimeout': 120}
2020-06-16 06:05:31,455 DEFAULT INFO {'platformName': 'Android', 'appPackage': 'com.xueqiu.android', 'appActivity': '.view.WelcomeActivityAlias', 'autoGrantPermissions': True, 'noReset': True, 'newCommandTimeout': 120}
2020-06-16 06:05:32,228 DEFAULT INFO 读取配置文件成功
2020-06-16 06:05:32,243 DEFAULT INFO {'platformName': 'Android', 'appPackage': 'com.xueqiu.android', 'appActivity': '.view.WelcomeActivityAlias', 'autoGrantPermissions': True, 'noReset': True, 'newCommandTimeout': 120}
2020-06-16 06:05:32,365 DEFAULT INFO 读取配置文件成功
2020-06-16 06:05:32,366 DEFAULT INFO {'platformName': 'Android', 'appPackage': 'com.xueqiu.android', 'appActivity': '.view.WelcomeActivityAlias', 'autoGrantPermissions': True, 'noReset': True, 'newCommandTimeout': 120}
2020-06-16 06:05:44,947 DEFAULT INFO 启动App成功
2020-06-16 06:05:57,600 DEFAULT INFO 贵州茅台
2020-06-16 06:05:58,063 DEFAULT INFO 读取配置文件成功
2020-06-16 06:05:58,064 DEFAULT INFO {'platformName': 'Android', 'appPackage': 'com.xueqiu.android', 'appActivity': '.view.WelcomeActivityAlias', 'autoGrantPermissions': True, 'noReset': True, 'newCommandTimeout': 120}
2020-06-16 06:06:10,966 DEFAULT INFO 启动App成功
2020-06-16 06:06:21,996 DEFAULT INFO 读取配置文件成功
2020-06-16 06:06:21,998 DEFAULT INFO {'platformName': 'Android', 'appPackage': 'com.xueqiu.android', 'appActivity': '.view.WelcomeActivityAlias', 'autoGrantPermissions': True, 'noReset': True, 'newCommandTimeout': 120}
2020-06-16 06:06:34,631 DEFAULT INFO 启动App成功
2020-06-16 06:06:43,178 DEFAULT INFO ['NATIVE_APP']
2020-06-16 06:06:47,674 DEFAULT INFO 生成报告……
2020-06-16 06:07:16,879 DEFAULT INFO 删除旧的报告
2020-06-16 06:07:17,387 DEFAULT INFO appium -p 4726 -bp 6726 -U 5483e9c3 --log-timestamp --local-timezone
2020-06-16 06:07:17,388 DEFAULT INFO appium -p 4727 -bp 6727 -U emulator-5554 --log-timestamp --local-timezone
2020-06-16 06:07:22,404 DEFAULT INFO 读取配置文件成功
2020-06-16 06:07:22,404 DEFAULT INFO 读取配置文件成功
2020-06-16 06:07:22,405 DEFAULT INFO {'platformName': 'Android', 'appPackage': 'com.xueqiu.android', 'appActivity': '.view.WelcomeActivityAlias', 'autoGrantPermissions': True, 'noReset': True, 'newCommandTimeout': 120}
2020-06-16 06:07:22,405 DEFAULT INFO {'platformName': 'Android', 'appPackage': 'com.xueqiu.android', 'appActivity': '.view.WelcomeActivityAlias', 'autoGrantPermissions': True, 'noReset': True, 'newCommandTimeout': 120}
2020-06-16 06:07:36,471 DEFAULT INFO 启动App成功
2020-06-16 06:07:38,823 DEFAULT INFO 启动App成功
2020-06-16 06:07:49,028 DEFAULT INFO 贵州茅台
2020-06-16 06:07:49,451 DEFAULT INFO 读取配置文件成功
2020-06-16 06:07:49,452 DEFAULT INFO {'platformName': 'Android', 'appPackage': 'com.xueqiu.android', 'appActivity': '.view.WelcomeActivityAlias', 'autoGrantPermissions': True, 'noReset': True, 'newCommandTimeout': 120}
2020-06-16 06:08:02,240 DEFAULT INFO 启动App成功
2020-06-16 06:08:13,536 DEFAULT INFO 读取配置文件成功
2020-06-16 06:08:13,536 DEFAULT INFO {'platformName': 'Android', 'appPackage': 'com.xueqiu.android', 'appActivity': '.view.WelcomeActivityAlias', 'autoGrantPermissions': True, 'noReset': True, 'newCommandTimeout': 120}
2020-06-16 06:08:25,033 DEFAULT INFO 启动App成功
2020-06-16 06:08:33,399 DEFAULT INFO ['NATIVE_APP']
2020-06-16 06:08:40,242 DEFAULT INFO 读取配置文件成功
2020-06-16 06:08:40,243 DEFAULT INFO {'platformName': 'Android', 'appPackage': 'com.xueqiu.android', 'appActivity': '.view.WelcomeActivityAlias', 'autoGrantPermissions': True, 'noReset': True, 'newCommandTimeout': 120}
2020-06-16 06:08:52,504 DEFAULT INFO 启动App成功
2020-06-16 06:09:16,702 DEFAULT INFO 读取配置文件成功
2020-06-16 06:09:16,706 DEFAULT INFO {'platformName': 'Android', 'appPackage': 'com.xueqiu.android', 'appActivity': '.view.WelcomeActivityAlias', 'autoGrantPermissions': True, 'noReset': True, 'newCommandTimeout': 120}
2020-06-16 06:09:29,958 DEFAULT INFO 启动App成功
2020-06-16 06:09:38,633 DEFAULT INFO ['NATIVE_APP']
2020-06-16 06:09:50,991 DEFAULT INFO 生成报告……
2020-06-16 06:21:49,558 DEFAULT INFO 删除旧的报告
2020-06-16 06:21:50,208 DEFAULT INFO appium -p 4726 -bp 6726 --log-timestamp --local-timezone
2020-06-16 06:21:50,211 DEFAULT INFO appium -p 4727 -bp 6727 --log-timestamp --local-timezone
2020-06-16 06:21:55,229 DEFAULT INFO 读取配置文件成功
2020-06-16 06:21:55,229 DEFAULT INFO 读取配置文件成功
2020-06-16 06:21:55,230 DEFAULT INFO {'platformName': 'Android', 'appPackage': 'com.xueqiu.android', 'appActivity': '.view.WelcomeActivityAlias', 'autoGrantPermissions': True, 'noReset': True, 'newCommandTimeout': 120}
2020-06-16 06:21:55,230 DEFAULT INFO {'platformName': 'Android', 'appPackage': 'com.xueqiu.android', 'appActivity': '.view.WelcomeActivityAlias', 'autoGrantPermissions': True, 'noReset': True, 'newCommandTimeout': 120}
2020-06-16 06:22:10,650 DEFAULT INFO 启动App成功
2020-06-16 06:22:11,600 DEFAULT INFO 启动App成功
2020-06-16 06:22:23,671 DEFAULT INFO 贵州茅台
2020-06-16 06:22:24,123 DEFAULT INFO 读取配置文件成功
2020-06-16 06:22:24,124 DEFAULT INFO {'platformName': 'Android', 'appPackage': 'com.xueqiu.android', 'appActivity': '.view.WelcomeActivityAlias', 'autoGrantPermissions': True, 'noReset': True, 'newCommandTimeout': 120}
2020-06-16 06:22:35,642 DEFAULT INFO 启动App成功
2020-06-16 06:22:46,981 DEFAULT INFO 读取配置文件成功
2020-06-16 06:22:46,983 DEFAULT INFO {'platformName': 'Android', 'appPackage': 'com.xueqiu.android', 'appActivity': '.view.WelcomeActivityAlias', 'autoGrantPermissions': True, 'noReset': True, 'newCommandTimeout': 120}
2020-06-16 06:22:57,850 DEFAULT INFO 启动App成功
2020-06-16 06:23:06,335 DEFAULT INFO ['NATIVE_APP']
2020-06-16 06:23:13,087 DEFAULT INFO 读取配置文件成功
2020-06-16 06:23:13,088 DEFAULT INFO {'platformName': 'Android', 'appPackage': 'com.xueqiu.android', 'appActivity': '.view.WelcomeActivityAlias', 'autoGrantPermissions': True, 'noReset': True, 'newCommandTimeout': 120}
2020-06-16 06:23:23,423 DEFAULT INFO 启动App成功
2020-06-16 06:23:46,469 DEFAULT INFO 读取配置文件成功
2020-06-16 06:23:46,470 DEFAULT INFO {'platformName': 'Android', 'appPackage': 'com.xueqiu.android', 'appActivity': '.view.WelcomeActivityAlias', 'autoGrantPermissions': True, 'noReset': True, 'newCommandTimeout': 120}
2020-06-16 06:23:57,240 DEFAULT INFO 启动App成功
2020-06-16 06:24:05,495 DEFAULT INFO ['NATIVE_APP']
2020-06-16 06:24:17,657 DEFAULT INFO 生成报告……
2020-06-16 06:29:36,273 DEFAULT INFO 删除旧的报告
2020-06-16 06:29:36,958 DEFAULT INFO appium -p 4726 -bp 6726 --log-timestamp --local-timezone
2020-06-16 06:29:36,959 DEFAULT INFO appium -p 4727 -bp 6727 --log-timestamp --local-timezone
2020-06-16 06:29:41,976 DEFAULT INFO 读取配置文件成功
2020-06-16 06:29:41,976 DEFAULT INFO 读取配置文件成功
2020-06-16 06:29:41,977 DEFAULT INFO {'platformName': 'Android', 'appPackage': 'com.xueqiu.android', 'appActivity': '.view.WelcomeActivityAlias', 'autoGrantPermissions': True, 'noReset': True, 'newCommandTimeout': 120}
2020-06-16 06:29:41,977 DEFAULT INFO {'platformName': 'Android', 'appPackage': 'com.xueqiu.android', 'appActivity': '.view.WelcomeActivityAlias', 'autoGrantPermissions': True, 'noReset': True, 'newCommandTimeout': 120}
2020-06-16 06:29:42,631 DEFAULT INFO 读取配置文件成功
2020-06-16 06:29:42,633 DEFAULT INFO {'platformName': 'Android', 'appPackage': 'com.xueqiu.android', 'appActivity': '.view.WelcomeActivityAlias', 'autoGrantPermissions': True, 'noReset': True, 'newCommandTimeout': 120}
2020-06-16 06:29:42,656 DEFAULT INFO 读取配置文件成功
2020-06-16 06:29:42,659 DEFAULT INFO {'platformName': 'Android', 'appPackage': 'com.xueqiu.android', 'appActivity': '.view.WelcomeActivityAlias', 'autoGrantPermissions': True, 'noReset': True, 'newCommandTimeout': 120}
2020-06-16 06:29:42,758 DEFAULT INFO 读取配置文件成功
2020-06-16 06:29:42,758 DEFAULT INFO {'platformName': 'Android', 'appPackage': 'com.xueqiu.android', 'appActivity': '.view.WelcomeActivityAlias', 'autoGrantPermissions': True, 'noReset': True, 'newCommandTimeout': 120}
2020-06-16 06:29:42,770 DEFAULT INFO 读取配置文件成功
2020-06-16 06:29:42,771 DEFAULT INFO {'platformName': 'Android', 'appPackage': 'com.xueqiu.android', 'appActivity': '.view.WelcomeActivityAlias', 'autoGrantPermissions': True, 'noReset': True, 'newCommandTimeout': 120}
2020-06-16 06:29:43,222 DEFAULT INFO 生成报告……
2020-06-16 06:30:29,710 DEFAULT INFO 删除旧的报告
2020-06-16 06:30:30,318 DEFAULT INFO appium -p 4726 -bp 6726 --log-timestamp --local-timezone
2020-06-16 06:30:30,318 DEFAULT INFO appium -p 4727 -bp 6727 --log-timestamp --local-timezone
2020-06-16 06:30:35,330 DEFAULT INFO 读取配置文件成功
2020-06-16 06:30:35,330 DEFAULT INFO 读取配置文件成功
2020-06-16 06:30:35,334 DEFAULT INFO {'platformName': 'Android', 'appPackage': 'com.xueqiu.android', 'appActivity': '.view.WelcomeActivityAlias', 'autoGrantPermissions': True, 'noReset': True, 'newCommandTimeout': 120}
2020-06-16 06:30:35,334 DEFAULT INFO {'platformName': 'Android', 'appPackage': 'com.xueqiu.android', 'appActivity': '.view.WelcomeActivityAlias', 'autoGrantPermissions': True, 'noReset': True, 'newCommandTimeout': 120}
2020-06-16 06:30:50,216 DEFAULT INFO 启动App成功
2020-06-16 06:30:51,254 DEFAULT INFO 启动App成功
2020-06-16 06:31:02,724 DEFAULT INFO 贵州茅台
2020-06-16 06:31:03,126 DEFAULT INFO 读取配置文件成功
2020-06-16 06:31:03,127 DEFAULT INFO {'platformName': 'Android', 'appPackage': 'com.xueqiu.android', 'appActivity': '.view.WelcomeActivityAlias', 'autoGrantPermissions': True, 'noReset': True, 'newCommandTimeout': 120}
2020-06-16 06:31:15,203 DEFAULT INFO 启动App成功
2020-06-16 06:31:26,774 DEFAULT INFO 读取配置文件成功
2020-06-16 06:31:26,775 DEFAULT INFO {'platformName': 'Android', 'appPackage': 'com.xueqiu.android', 'appActivity': '.view.WelcomeActivityAlias', 'autoGrantPermissions': True, 'noReset': True, 'newCommandTimeout': 120}
2020-06-16 06:31:38,184 DEFAULT INFO 启动App成功
2020-06-16 06:31:46,721 DEFAULT INFO ['NATIVE_APP']
2020-06-16 06:31:53,671 DEFAULT INFO 读取配置文件成功
2020-06-16 06:31:53,672 DEFAULT INFO {'platformName': 'Android', 'appPackage': 'com.xueqiu.android', 'appActivity': '.view.WelcomeActivityAlias', 'autoGrantPermissions': True, 'noReset': True, 'newCommandTimeout': 120}
2020-06-16 06:32:03,981 DEFAULT INFO 启动App成功
2020-06-16 06:32:26,035 DEFAULT INFO 读取配置文件成功
2020-06-16 06:32:26,036 DEFAULT INFO {'platformName': 'Android', 'appPackage': 'com.xueqiu.android', 'appActivity': '.view.WelcomeActivityAlias', 'autoGrantPermissions': True, 'noReset': True, 'newCommandTimeout': 120}
2020-06-16 06:32:36,462 DEFAULT INFO 启动App成功
2020-06-16 06:32:43,755 DEFAULT INFO ['NATIVE_APP']
2020-06-16 06:32:55,655 DEFAULT INFO 生成报告……
