2020-05-20 23:11:53:866 - [35m[Appium][39m Welcome to Appium v1.14.1
2020-05-20 23:11:53:869 - [35m[Appium][39m Non-default server args:
2020-05-20 23:11:53:870 - [35m[Appium][39m   port: 4725
2020-05-20 23:11:53:870 - [35m[Appium][39m   bootstrapPort: 6725
2020-05-20 23:11:53:870 - [35m[Appium][39m   logTimestamp: true
2020-05-20 23:11:53:870 - [35m[Appium][39m   localTimezone: true
2020-05-20 23:11:53:871 - [35m[Appium][39m   udid: 5483e9c3
2020-05-20 23:11:53:871 - [35m[Appium][39m Deprecated server args:
2020-05-20 23:11:53:871 - [35m[Appium][39m   [31m-U,--udid[39m => --default-capabilities '{"udid":"5483e9c3"}'
2020-05-20 23:11:53:872 - [35m[Appium][39m Default capabilities, which will be added to each request unless overridden by desired capabilities:
2020-05-20 23:11:53:872 - [35m[Appium][39m   udid: 5483e9c3
2020-05-20 23:11:53:900 - [35m[Appium][39m Appium REST http interface listener started on 0.0.0.0:4725
2020-05-20 23:11:56:701 - [35m[HTTP][39m [37m-->[39m [37mPOST[39m [37m/wd/hub/session[39m
2020-05-20 23:11:56:702 - [35m[HTTP][39m [90m{"capabilities":{"firstMatch":[{"platformName":"Android","appium:deviceName":"5483e9c3","appium:appPackage":"com.xueqiu.android","appium:platformVersion":"7.1.2","appium:appActivity":".view.WelcomeActivityAlias","appium:unicodeKeyboard":true,"appium:resetKeyboard":true,"appium:newCommandTimeout":120,"appium:systemPort":6725,"appium:noReset":true,"appium:autoGrantPermissions":true}]},"desiredCapabilities":{"platformName":"Android","deviceName":"5483e9c3","appPackage":"com.xueqiu.android","platformVersion":"7.1.2","appActivity":".view.WelcomeActivityAlias","unicodeKeyboard":true,"resetKeyboard":true,"newCommandTimeout":120,"systemPort":6725,"noReset":true,"autoGrantPermissions":true}}[39m
2020-05-20 23:11:56:703 - [debug] [35m[W3C][39m Calling AppiumDriver.createSession() with args: [{"platformName":"Android","deviceName":"5483e9c3","appPackage":"com.xueqiu.android","platformVersion":"7.1.2","appActivity":".view.WelcomeActivityAlias","unicodeKeyboard":true,"resetKeyboard":true,"newCommandTimeout":120,"systemPort":6725,"noReset":true,"autoGrantPermissions":true},null,{"firstMatch":[{"platformName":"Android","appium:deviceName":"5483e9c3","appium:appPackage":"com.xueqiu.android","appium:platformVersion":"7.1.2","appium:appActivity":".view.WelcomeActivityAlias","appium:unicodeKeyboard":true,"appium:resetKeyboard":true,"appium:newCommandTimeout":120,"appium:systemPort":6725,"appium:noReset":true,"appium:autoGrantPermissions":true}]}]
2020-05-20 23:11:56:705 - [debug] [35m[BaseDriver][39m Event 'newSessionRequested' logged at 1589987516704 (23:11:56 GMT+0800 (China Standard Time))
2020-05-20 23:11:56:708 - [35m[BaseDriver][39m The capabilities ["udid"] are not standard capabilities and should have an extension prefix
2020-05-20 23:11:56:711 - [35m[Appium][39m 
2020-05-20 23:11:56:711 - [35m[Appium][39m ======================================================================
2020-05-20 23:11:56:712 - [35m[Appium][39m   DEPRECATION WARNING:
2020-05-20 23:11:56:712 - [35m[Appium][39m 
2020-05-20 23:11:56:712 - [35m[Appium][39m   The 'automationName' capability was not provided in the desired 
2020-05-20 23:11:56:712 - [35m[Appium][39m   capabilities for this Android session
2020-05-20 23:11:56:712 - [35m[Appium][39m 
2020-05-20 23:11:56:712 - [35m[Appium][39m   Setting 'automationName=UiAutomator2' by default and using the 
2020-05-20 23:11:56:713 - [35m[Appium][39m   UiAutomator2 Driver
2020-05-20 23:11:56:713 - [35m[Appium][39m 
2020-05-20 23:11:56:713 - [35m[Appium][39m   The next major version of Appium (2.x) will **require** the 
2020-05-20 23:11:56:713 - [35m[Appium][39m   'automationName' capability to be set for all sessions on all 
2020-05-20 23:11:56:713 - [35m[Appium][39m   platforms
2020-05-20 23:11:56:713 - [35m[Appium][39m 
2020-05-20 23:11:56:713 - [35m[Appium][39m   In previous versions (Appium <= 1.13.x), the default was 
2020-05-20 23:11:56:713 - [35m[Appium][39m   'automationName=UiAutomator1'
2020-05-20 23:11:56:714 - [35m[Appium][39m 
2020-05-20 23:11:56:714 - [35m[Appium][39m   If you wish to use that automation instead of UiAutomator2, please 
2020-05-20 23:11:56:714 - [35m[Appium][39m   add 'automationName=UiAutomator1' to your desired capabilities
2020-05-20 23:11:56:714 - [35m[Appium][39m 
2020-05-20 23:11:56:714 - [35m[Appium][39m   For more information about drivers, please visit 
2020-05-20 23:11:56:715 - [35m[Appium][39m   http://appium.io/docs/en/about-appium/intro/ and explore the 
2020-05-20 23:11:56:715 - [35m[Appium][39m   'Drivers' menu
2020-05-20 23:11:56:715 - [35m[Appium][39m 
2020-05-20 23:11:56:715 - [35m[Appium][39m ======================================================================
2020-05-20 23:11:56:716 - [35m[Appium][39m 
2020-05-20 23:11:56:989 - [35m[Appium][39m Appium v1.14.1 creating new AndroidUiautomator2Driver (v1.34.0) session
2020-05-20 23:11:56:989 - [35m[Appium][39m Capabilities:
2020-05-20 23:11:56:989 - [35m[Appium][39m   platformName: Android
2020-05-20 23:11:56:990 - [35m[Appium][39m   udid: 5483e9c3
2020-05-20 23:11:56:990 - [35m[Appium][39m   deviceName: 5483e9c3
2020-05-20 23:11:56:990 - [35m[Appium][39m   appPackage: com.xueqiu.android
2020-05-20 23:11:56:990 - [35m[Appium][39m   platformVersion: 7.1.2
2020-05-20 23:11:56:990 - [35m[Appium][39m   appActivity: .view.WelcomeActivityAlias
2020-05-20 23:11:56:990 - [35m[Appium][39m   unicodeKeyboard: true
2020-05-20 23:11:56:990 - [35m[Appium][39m   resetKeyboard: true
2020-05-20 23:11:56:991 - [35m[Appium][39m   newCommandTimeout: 120
2020-05-20 23:11:56:991 - [35m[Appium][39m   systemPort: 6725
2020-05-20 23:11:56:991 - [35m[Appium][39m   noReset: true
2020-05-20 23:11:56:991 - [35m[Appium][39m   autoGrantPermissions: true
2020-05-20 23:11:56:993 - [debug] [35m[BaseDriver][39m W3C capabilities and MJSONWP desired capabilities were provided
2020-05-20 23:11:56:993 - [debug] [35m[BaseDriver][39m Creating session with W3C capabilities: {
2020-05-20 23:11:56:993 - [debug] [35m[BaseDriver][39m   "alwaysMatch": {
2020-05-20 23:11:56:994 - [debug] [35m[BaseDriver][39m     "platformName": "Android",
2020-05-20 23:11:56:994 - [debug] [35m[BaseDriver][39m     "appium:udid": "5483e9c3",
2020-05-20 23:11:56:994 - [debug] [35m[BaseDriver][39m     "appium:deviceName": "5483e9c3",
2020-05-20 23:11:56:994 - [debug] [35m[BaseDriver][39m     "appium:appPackage": "com.xueqiu.android",
2020-05-20 23:11:56:994 - [debug] [35m[BaseDriver][39m     "appium:platformVersion": "7.1.2",
2020-05-20 23:11:56:994 - [debug] [35m[BaseDriver][39m     "appium:appActivity": ".view.WelcomeActivityAlias",
2020-05-20 23:11:56:994 - [debug] [35m[BaseDriver][39m     "appium:unicodeKeyboard": true,
2020-05-20 23:11:56:994 - [debug] [35m[BaseDriver][39m     "appium:resetKeyboard": true,
2020-05-20 23:11:56:995 - [debug] [35m[BaseDriver][39m     "appium:newCommandTimeout": 120,
2020-05-20 23:11:56:995 - [debug] [35m[BaseDriver][39m     "appium:systemPort": 6725,
2020-05-20 23:11:56:995 - [debug] [35m[BaseDriver][39m     "appium:noReset": true,
2020-05-20 23:11:56:995 - [debug] [35m[BaseDriver][39m     "appium:autoGrantPermissions": true
2020-05-20 23:11:56:995 - [debug] [35m[BaseDriver][39m   },
2020-05-20 23:11:56:995 - [debug] [35m[BaseDriver][39m   "firstMatch": [
2020-05-20 23:11:56:995 - [debug] [35m[BaseDriver][39m     {}
2020-05-20 23:11:56:995 - [debug] [35m[BaseDriver][39m   ]
2020-05-20 23:11:56:995 - [debug] [35m[BaseDriver][39m }
2020-05-20 23:11:57:004 - [35m[BaseDriver][39m Session created with session id: 1c27f91f-e7a8-4662-87c6-b2ba2c869b34
2020-05-20 23:11:57:040 - [35m[ADB][39m Found 42 'build-tools' folders under '/Users/tangyao/Android/sdk' (newest first):
2020-05-20 23:11:57:040 - [35m[ADB][39m     /Users/tangyao/Android/sdk/build-tools/30.0.0-rc2
2020-05-20 23:11:57:040 - [35m[ADB][39m     /Users/tangyao/Android/sdk/build-tools/29.0.2
2020-05-20 23:11:57:040 - [35m[ADB][39m     /Users/tangyao/Android/sdk/build-tools/29.0.0-rc2
2020-05-20 23:11:57:041 - [35m[ADB][39m     /Users/tangyao/Android/sdk/build-tools/28.0.3
2020-05-20 23:11:57:041 - [35m[ADB][39m     /Users/tangyao/Android/sdk/build-tools/28.0.2
2020-05-20 23:11:57:041 - [35m[ADB][39m     /Users/tangyao/Android/sdk/build-tools/28.0.1
2020-05-20 23:11:57:041 - [35m[ADB][39m     /Users/tangyao/Android/sdk/build-tools/28.0.0
2020-05-20 23:11:57:041 - [35m[ADB][39m     /Users/tangyao/Android/sdk/build-tools/28.0.0-rc2
2020-05-20 23:11:57:041 - [35m[ADB][39m     /Users/tangyao/Android/sdk/build-tools/28.0.0-rc1
2020-05-20 23:11:57:041 - [35m[ADB][39m     /Users/tangyao/Android/sdk/build-tools/27.0.3
2020-05-20 23:11:57:042 - [35m[ADB][39m     /Users/tangyao/Android/sdk/build-tools/26.0.1
2020-05-20 23:11:57:042 - [35m[ADB][39m     /Users/tangyao/Android/sdk/build-tools/26.0.0
2020-05-20 23:11:57:042 - [35m[ADB][39m     /Users/tangyao/Android/sdk/build-tools/25.0.3
2020-05-20 23:11:57:042 - [35m[ADB][39m     /Users/tangyao/Android/sdk/build-tools/25.0.2
2020-05-20 23:11:57:043 - [35m[ADB][39m     /Users/tangyao/Android/sdk/build-tools/25.0.1
2020-05-20 23:11:57:043 - [35m[ADB][39m     /Users/tangyao/Android/sdk/build-tools/25.0.0
2020-05-20 23:11:57:043 - [35m[ADB][39m     /Users/tangyao/Android/sdk/build-tools/24.0.3
2020-05-20 23:11:57:043 - [35m[ADB][39m     /Users/tangyao/Android/sdk/build-tools/24.0.2
2020-05-20 23:11:57:043 - [35m[ADB][39m     /Users/tangyao/Android/sdk/build-tools/24.0.1
2020-05-20 23:11:57:043 - [35m[ADB][39m     /Users/tangyao/Android/sdk/build-tools/24.0.0
2020-05-20 23:11:57:043 - [35m[ADB][39m     /Users/tangyao/Android/sdk/build-tools/23.0.3
2020-05-20 23:11:57:043 - [35m[ADB][39m     /Users/tangyao/Android/sdk/build-tools/23.0.2
2020-05-20 23:11:57:044 - [35m[ADB][39m     /Users/tangyao/Android/sdk/build-tools/23.0.1
2020-05-20 23:11:57:044 - [35m[ADB][39m     /Users/tangyao/Android/sdk/build-tools/23.0.0
2020-05-20 23:11:57:044 - [35m[ADB][39m     /Users/tangyao/Android/sdk/build-tools/22.0.1
2020-05-20 23:11:57:044 - [35m[ADB][39m     /Users/tangyao/Android/sdk/build-tools/22.0.0
2020-05-20 23:11:57:044 - [35m[ADB][39m     /Users/tangyao/Android/sdk/build-tools/21.1.2
2020-05-20 23:11:57:044 - [35m[ADB][39m     /Users/tangyao/Android/sdk/build-tools/21.1.1
2020-05-20 23:11:57:044 - [35m[ADB][39m     /Users/tangyao/Android/sdk/build-tools/21.1.0
2020-05-20 23:11:57:044 - [35m[ADB][39m     /Users/tangyao/Android/sdk/build-tools/21.0.2
2020-05-20 23:11:57:045 - [35m[ADB][39m     /Users/tangyao/Android/sdk/build-tools/21.0.1
2020-05-20 23:11:57:045 - [35m[ADB][39m     /Users/tangyao/Android/sdk/build-tools/21.0.0
2020-05-20 23:11:57:045 - [35m[ADB][39m     /Users/tangyao/Android/sdk/build-tools/20.0.0
2020-05-20 23:11:57:045 - [35m[ADB][39m     /Users/tangyao/Android/sdk/build-tools/19.1.0
2020-05-20 23:11:57:045 - [35m[ADB][39m     /Users/tangyao/Android/sdk/build-tools/19.0.3
2020-05-20 23:11:57:045 - [35m[ADB][39m     /Users/tangyao/Android/sdk/build-tools/19.0.2
2020-05-20 23:11:57:046 - [35m[ADB][39m     /Users/tangyao/Android/sdk/build-tools/19.0.1
2020-05-20 23:11:57:046 - [35m[ADB][39m     /Users/tangyao/Android/sdk/build-tools/19.0.0
2020-05-20 23:11:57:046 - [35m[ADB][39m     /Users/tangyao/Android/sdk/build-tools/18.1.1
2020-05-20 23:11:57:046 - [35m[ADB][39m     /Users/tangyao/Android/sdk/build-tools/18.1.0
2020-05-20 23:11:57:046 - [35m[ADB][39m     /Users/tangyao/Android/sdk/build-tools/18.0.1
2020-05-20 23:11:57:046 - [35m[ADB][39m     /Users/tangyao/Android/sdk/build-tools/17.0.0
2020-05-20 23:11:57:047 - [35m[ADB][39m Using 'adb' from '/Users/tangyao/Android/sdk/platform-tools/adb'
2020-05-20 23:11:57:048 - [35m[AndroidDriver][39m Retrieving device list
2020-05-20 23:11:57:048 - [debug] [35m[ADB][39m Trying to find a connected android device
2020-05-20 23:11:57:048 - [debug] [35m[ADB][39m Getting connected devices...
2020-05-20 23:11:57:104 - [debug] [35m[ADB][39m 2 device(s) connected
2020-05-20 23:11:57:104 - [35m[AndroidDriver][39m Using device: 5483e9c3
2020-05-20 23:11:57:108 - [35m[ADB][39m Using 'adb' from '/Users/tangyao/Android/sdk/platform-tools/adb'
2020-05-20 23:11:57:109 - [debug] [35m[ADB][39m Setting device id to 5483e9c3
2020-05-20 23:11:57:110 - [debug] [35m[ADB][39m Running '/Users/tangyao/Android/sdk/platform-tools/adb -P 5037 -s 5483e9c3 shell getprop ro.build.version.sdk'
2020-05-20 23:11:57:185 - [debug] [35m[ADB][39m Current device property 'ro.build.version.sdk': 29
2020-05-20 23:11:57:185 - [debug] [35m[ADB][39m Device API level: 29
2020-05-20 23:11:57:185 - [35m[UiAutomator2][39m Relaxing hidden api policy
2020-05-20 23:11:57:186 - [debug] [35m[ADB][39m Running '/Users/tangyao/Android/sdk/platform-tools/adb -P 5037 -s 5483e9c3 shell settings put global hidden_api_policy_pre_p_apps 1'
2020-05-20 23:11:57:280 - [debug] [35m[ADB][39m Running '/Users/tangyao/Android/sdk/platform-tools/adb -P 5037 -s 5483e9c3 shell settings put global hidden_api_policy_p_apps 1'
2020-05-20 23:11:57:368 - [debug] [35m[ADB][39m Running '/Users/tangyao/Android/sdk/platform-tools/adb -P 5037 -s 5483e9c3 shell settings put global hidden_api_policy 1'
2020-05-20 23:11:57:473 - [35m[AndroidDriver][39m No app sent in, not parsing package/activity
2020-05-20 23:11:57:474 - [debug] [35m[ADB][39m Running '/Users/tangyao/Android/sdk/platform-tools/adb -P 5037 -s 5483e9c3 wait-for-device'
2020-05-20 23:11:57:485 - [debug] [35m[ADB][39m Running '/Users/tangyao/Android/sdk/platform-tools/adb -P 5037 -s 5483e9c3 shell echo ping'
2020-05-20 23:11:57:543 - [debug] [35m[AndroidDriver][39m Pushing settings apk to device...
2020-05-20 23:11:57:544 - [debug] [35m[ADB][39m Getting install status for io.appium.settings
2020-05-20 23:11:57:544 - [debug] [35m[ADB][39m Running '/Users/tangyao/Android/sdk/platform-tools/adb -P 5037 -s 5483e9c3 shell dumpsys package io.appium.settings'
2020-05-20 23:11:57:695 - [debug] [35m[ADB][39m 'io.appium.settings' is installed
2020-05-20 23:11:57:696 - [debug] [35m[ADB][39m Getting package info for 'io.appium.settings'
2020-05-20 23:11:57:696 - [debug] [35m[ADB][39m Running '/Users/tangyao/Android/sdk/platform-tools/adb -P 5037 -s 5483e9c3 shell dumpsys package io.appium.settings'
2020-05-20 23:11:57:808 - [35m[ADB][39m Using 'apkanalyzer' from '/Users/tangyao/Android/sdk/tools/bin/apkanalyzer'
2020-05-20 23:11:57:808 - [debug] [35m[ADB][39m Starting '/Users/tangyao/Android/sdk/tools/bin/apkanalyzer' with args ["manifest","print","/usr/local/lib/node_modules/appium/node_modules/_io.appium.settings@2.14.1@io.appium.settings/apks/settings_apk-debug.apk"]
2020-05-20 23:12:00:623 - [debug] [35m[ADB][39m The version name of the installed 'io.appium.settings' is greater or equal to the application version name ('2.14.1' >= '2.14.1')
2020-05-20 23:12:00:624 - [debug] [35m[ADB][39m There is no need to install/upgrade '/usr/local/lib/node_modules/appium/node_modules/_io.appium.settings@2.14.1@io.appium.settings/apks/settings_apk-debug.apk'
2020-05-20 23:12:00:625 - [debug] [35m[ADB][39m Getting IDs of all 'io.appium.settings' processes
2020-05-20 23:12:00:626 - [debug] [35m[ADB][39m Running '/Users/tangyao/Android/sdk/platform-tools/adb -P 5037 -s 5483e9c3 shell 'pgrep --help; echo $?''
2020-05-20 23:12:00:718 - [debug] [35m[ADB][39m Running '/Users/tangyao/Android/sdk/platform-tools/adb -P 5037 -s 5483e9c3 shell pgrep -f io\.appium\.settings'
2020-05-20 23:12:00:846 - [debug] [35m[AndroidDriver][39m io.appium.settings is already running. There is no need to reset its permissions.
2020-05-20 23:12:00:846 - [debug] [35m[ADB][39m Running '/Users/tangyao/Android/sdk/platform-tools/adb -P 5037 -s 5483e9c3 shell appops set io.appium.settings android\:mock_location allow'
2020-05-20 23:12:00:958 - [debug] [35m[Logcat][39m Starting logcat capture
2020-05-20 23:12:01:027 - [debug] [35m[AndroidDriver][39m Enabling Unicode keyboard support
2020-05-20 23:12:01:028 - [debug] [35m[ADB][39m Running '/Users/tangyao/Android/sdk/platform-tools/adb -P 5037 -s 5483e9c3 shell settings get secure default_input_method'
2020-05-20 23:12:01:110 - [debug] [35m[AndroidDriver][39m Unsetting previous IME io.appium.settings/.UnicodeIME
2020-05-20 23:12:01:110 - [debug] [35m[AndroidDriver][39m Setting IME to 'io.appium.settings/.UnicodeIME'
2020-05-20 23:12:01:111 - [debug] [35m[ADB][39m Running '/Users/tangyao/Android/sdk/platform-tools/adb -P 5037 -s 5483e9c3 shell ime enable io.appium.settings/.UnicodeIME'
2020-05-20 23:12:01:167 - [debug] [35m[ADB][39m Running '/Users/tangyao/Android/sdk/platform-tools/adb -P 5037 -s 5483e9c3 shell ime set io.appium.settings/.UnicodeIME'
2020-05-20 23:12:01:244 - [debug] [35m[ADB][39m Getting install status for io.appium.uiautomator2.server
2020-05-20 23:12:01:246 - [debug] [35m[ADB][39m Running '/Users/tangyao/Android/sdk/platform-tools/adb -P 5037 -s 5483e9c3 shell dumpsys package io.appium.uiautomator2.server'
2020-05-20 23:12:01:324 - [debug] [35m[ADB][39m 'io.appium.uiautomator2.server' is installed
2020-05-20 23:12:01:326 - [debug] [35m[ADB][39m Getting package info for 'io.appium.uiautomator2.server'
2020-05-20 23:12:01:326 - [debug] [35m[ADB][39m Running '/Users/tangyao/Android/sdk/platform-tools/adb -P 5037 -s 5483e9c3 shell dumpsys package io.appium.uiautomator2.server'
2020-05-20 23:12:01:404 - [debug] [35m[ADB][39m Starting '/Users/tangyao/Android/sdk/tools/bin/apkanalyzer' with args ["manifest","print","/usr/local/lib/node_modules/appium/node_modules/_appium-uiautomator2-server@3.8.1@appium-uiautomator2-server/apks/appium-uiautomator2-server-v3.8.1.apk"]
2020-05-20 23:12:03:862 - [debug] [35m[ADB][39m The version name of the installed 'io.appium.uiautomator2.server' is greater or equal to the application version name ('3.8.1' >= '3.8.1')
2020-05-20 23:12:03:862 - [debug] [35m[UiAutomator2][39m io.appium.uiautomator2.server installation state: sameVersionInstalled
2020-05-20 23:12:03:863 - [debug] [35m[ADB][39m Checking app cert for /usr/local/lib/node_modules/appium/node_modules/_appium-uiautomator2-server@3.8.1@appium-uiautomator2-server/apks/appium-uiautomator2-server-v3.8.1.apk
2020-05-20 23:12:03:864 - [35m[ADB][39m Using 'apksigner' from '/Users/tangyao/Android/sdk/build-tools/30.0.0-rc2/apksigner'
2020-05-20 23:12:03:864 - [debug] [35m[ADB][39m Starting '/Users/tangyao/Android/sdk/build-tools/30.0.0-rc2/apksigner' with args '["verify","--print-certs","/usr/local/lib/node_modules/appium/node_modules/_appium-uiautomator2-server@3.8.1@appium-uiautomator2-server/apks/appium-uiautomator2-server-v3.8.1.apk"]'
2020-05-20 23:12:04:081 - [35m[ADB][39m Got an error during apksigner execution: Command '/Users/tangyao/Android/sdk/build-tools/30.0.0-rc2/apksigner verify --print-certs /usr/local/lib/node_modules/appium/node_modules/_appium-uiautomator2-server\@3.8.1\@appium-uiautomator2-server/apks/appium-uiautomator2-server-v3.8.1.apk' exited with code 1
2020-05-20 23:12:04:081 - [35m[ADB][39m apksigner stderr: Error: A JNI error has occurred, please check your installation and try again
2020-05-20 23:12:04:081 - [35m[ADB][39m Exception in thread "main" java.lang.UnsupportedClassVersionError: com/android/apksigner/ApkSignerTool has been compiled by a more recent version of the Java Runtime (class file version 53.0), this version of the Java Runtime only recognizes class file versions up to 52.0
2020-05-20 23:12:04:081 - [35m[ADB][39m 	at java.lang.ClassLoader.defineClass1(Native Method)
2020-05-20 23:12:04:081 - [35m[ADB][39m 	at java.lang.ClassLoader.defineClass(ClassLoader.java:763)
2020-05-20 23:12:04:081 - [35m[ADB][39m 	at java.security.SecureClassLoader.defineClass(SecureClassLoader.java:142)
2020-05-20 23:12:04:081 - [35m[ADB][39m 	at java.net.URLClassLoader.defineClass(URLClassLoader.java:467)
2020-05-20 23:12:04:081 - [35m[ADB][39m 	at java.net.URLClassLoader.access$100(URLClassLoader.java:73)
2020-05-20 23:12:04:082 - [35m[ADB][39m 	at java.net.URLClassLoader$1.run(URLClassLoader.java:368)
2020-05-20 23:12:04:082 - [35m[ADB][39m 	at java.net.URLClassLoader$1.run(URLClassLoader.java:362)
2020-05-20 23:12:04:082 - [35m[ADB][39m 	at java.security.AccessController.doPrivileged(Native Method)
2020-05-20 23:12:04:082 - [35m[ADB][39m 	at java.net.URLClassLoader.findClass(URLClassLoader.java:361)
2020-05-20 23:12:04:082 - [35m[ADB][39m 	at java.lang.ClassLoader.loadClass(ClassLoader.java:424)
2020-05-20 23:12:04:082 - [35m[ADB][39m 	at sun.misc.Launcher$AppClassLoader.loadClass(Launcher.java:349)
2020-05-20 23:12:04:082 - [35m[ADB][39m 	at java.lang.ClassLoader.loadClass(ClassLoader.java:357)
2020-05-20 23:12:04:082 - [35m[ADB][39m 	at sun.launcher.LauncherHelper.checkAndLoadMain(LauncherHelper.java:495)
2020-05-20 23:12:04:082 - [35m[ADB][39m 
2020-05-20 23:12:04:083 - [35m[ADB][39m Cannot use apksigner tool for signature verification. Original error: Command '/Users/tangyao/Android/sdk/build-tools/30.0.0-rc2/apksigner verify --print-certs /usr/local/lib/node_modules/appium/node_modules/_appium-uiautomator2-server\@3.8.1\@appium-uiautomator2-server/apks/appium-uiautomator2-server-v3.8.1.apk' exited with code 1
2020-05-20 23:12:04:083 - [debug] [35m[ADB][39m Defaulting to verify.jar
2020-05-20 23:12:04:511 - [debug] [35m[ADB][39m '/usr/local/lib/node_modules/appium/node_modules/_appium-uiautomator2-server@3.8.1@appium-uiautomator2-server/apks/appium-uiautomator2-server-v3.8.1.apk' is already signed.
2020-05-20 23:12:04:512 - [debug] [35m[ADB][39m Getting install status for io.appium.uiautomator2.server.test
2020-05-20 23:12:04:512 - [debug] [35m[ADB][39m Running '/Users/tangyao/Android/sdk/platform-tools/adb -P 5037 -s 5483e9c3 shell dumpsys package io.appium.uiautomator2.server.test'
2020-05-20 23:12:04:625 - [debug] [35m[ADB][39m 'io.appium.uiautomator2.server.test' is installed
2020-05-20 23:12:04:625 - [debug] [35m[ADB][39m Checking app cert for /usr/local/lib/node_modules/appium/node_modules/_appium-uiautomator2-server@3.8.1@appium-uiautomator2-server/apks/appium-uiautomator2-server-debug-androidTest.apk
2020-05-20 23:12:04:626 - [debug] [35m[ADB][39m Starting '/Users/tangyao/Android/sdk/build-tools/30.0.0-rc2/apksigner' with args '["verify","--print-certs","/usr/local/lib/node_modules/appium/node_modules/_appium-uiautomator2-server@3.8.1@appium-uiautomator2-server/apks/appium-uiautomator2-server-debug-androidTest.apk"]'
2020-05-20 23:12:04:813 - [35m[ADB][39m Got an error during apksigner execution: Command '/Users/tangyao/Android/sdk/build-tools/30.0.0-rc2/apksigner verify --print-certs /usr/local/lib/node_modules/appium/node_modules/_appium-uiautomator2-server\@3.8.1\@appium-uiautomator2-server/apks/appium-uiautomator2-server-debug-androidTest.apk' exited with code 1
2020-05-20 23:12:04:813 - [35m[ADB][39m apksigner stderr: Error: A JNI error has occurred, please check your installation and try again
2020-05-20 23:12:04:813 - [35m[ADB][39m Exception in thread "main" java.lang.UnsupportedClassVersionError: com/android/apksigner/ApkSignerTool has been compiled by a more recent version of the Java Runtime (class file version 53.0), this version of the Java Runtime only recognizes class file versions up to 52.0
2020-05-20 23:12:04:813 - [35m[ADB][39m 	at java.lang.ClassLoader.defineClass1(Native Method)
2020-05-20 23:12:04:813 - [35m[ADB][39m 	at java.lang.ClassLoader.defineClass(ClassLoader.java:763)
2020-05-20 23:12:04:813 - [35m[ADB][39m 	at java.security.SecureClassLoader.defineClass(SecureClassLoader.java:142)
2020-05-20 23:12:04:813 - [35m[ADB][39m 	at java.net.URLClassLoader.defineClass(URLClassLoader.java:467)
2020-05-20 23:12:04:813 - [35m[ADB][39m 	at java.net.URLClassLoader.access$100(URLClassLoader.java:73)
2020-05-20 23:12:04:814 - [35m[ADB][39m 	at java.net.URLClassLoader$1.run(URLClassLoader.java:368)
2020-05-20 23:12:04:814 - [35m[ADB][39m 	at java.net.URLClassLoader$1.run(URLClassLoader.java:362)
2020-05-20 23:12:04:814 - [35m[ADB][39m 	at java.security.AccessController.doPrivileged(Native Method)
2020-05-20 23:12:04:814 - [35m[ADB][39m 	at java.net.URLClassLoader.findClass(URLClassLoader.java:361)
2020-05-20 23:12:04:814 - [35m[ADB][39m 	at java.lang.ClassLoader.loadClass(ClassLoader.java:424)
2020-05-20 23:12:04:814 - [35m[ADB][39m 	at sun.misc.Launcher$AppClassLoader.loadClass(Launcher.java:349)
2020-05-20 23:12:04:814 - [35m[ADB][39m 	at java.lang.ClassLoader.loadClass(ClassLoader.java:357)
2020-05-20 23:12:04:814 - [35m[ADB][39m 	at sun.launcher.LauncherHelper.checkAndLoadMain(LauncherHelper.java:495)
2020-05-20 23:12:04:814 - [35m[ADB][39m 
2020-05-20 23:12:04:815 - [35m[ADB][39m Cannot use apksigner tool for signature verification. Original error: Command '/Users/tangyao/Android/sdk/build-tools/30.0.0-rc2/apksigner verify --print-certs /usr/local/lib/node_modules/appium/node_modules/_appium-uiautomator2-server\@3.8.1\@appium-uiautomator2-server/apks/appium-uiautomator2-server-debug-androidTest.apk' exited with code 1
2020-05-20 23:12:04:815 - [debug] [35m[ADB][39m Defaulting to verify.jar
2020-05-20 23:12:05:202 - [debug] [35m[ADB][39m '/usr/local/lib/node_modules/appium/node_modules/_appium-uiautomator2-server@3.8.1@appium-uiautomator2-server/apks/appium-uiautomator2-server-debug-androidTest.apk' is already signed.
2020-05-20 23:12:05:202 - [35m[UiAutomator2][39m Server packages are not going to be (re)installed
2020-05-20 23:12:05:203 - [debug] [35m[UiAutomator2][39m Waiting up to 30000ms for services to be available
2020-05-20 23:12:05:203 - [debug] [35m[ADB][39m Running '/Users/tangyao/Android/sdk/platform-tools/adb -P 5037 -s 5483e9c3 shell pm list instrumentation'
2020-05-20 23:12:05:311 - [debug] [35m[UiAutomator2][39m Instrumentation target 'io.appium.uiautomator2.server.test/androidx.test.runner.AndroidJUnitRunner' is available
2020-05-20 23:12:05:311 - [debug] [35m[UiAutomator2][39m Forwarding UiAutomator2 Server port 6790 to 6725
2020-05-20 23:12:05:312 - [debug] [35m[ADB][39m Forwarding system: 6725 to device: 6790
2020-05-20 23:12:05:312 - [debug] [35m[ADB][39m Running '/Users/tangyao/Android/sdk/platform-tools/adb -P 5037 -s 5483e9c3 forward tcp\:6725 tcp\:6790'
2020-05-20 23:12:05:324 - [debug] [35m[UiAutomator2][39m No app capability. Assuming it is already on the device
2020-05-20 23:12:05:325 - [debug] [35m[UiAutomator2][39m Performing shallow cleanup of automation leftovers
2020-05-20 23:12:05:357 - [debug] [35m[UiAutomator2][39m No obsolete sessions have been detected (Error: socket hang up)
2020-05-20 23:12:05:357 - [debug] [35m[ADB][39m Running '/Users/tangyao/Android/sdk/platform-tools/adb -P 5037 -s 5483e9c3 shell am force-stop io.appium.uiautomator2.server.test'
2020-05-20 23:12:05:473 - [35m[UiAutomator2][39m Starting UIAutomator2 server 3.8.1
2020-05-20 23:12:05:473 - [35m[UiAutomator2][39m Using UIAutomator2 server from '/usr/local/lib/node_modules/appium/node_modules/_appium-uiautomator2-server@3.8.1@appium-uiautomator2-server/apks/appium-uiautomator2-server-v3.8.1.apk' and test from '/usr/local/lib/node_modules/appium/node_modules/_appium-uiautomator2-server@3.8.1@appium-uiautomator2-server/apks/appium-uiautomator2-server-debug-androidTest.apk'
2020-05-20 23:12:05:473 - [35m[UiAutomator2][39m Waiting up to 30000ms for UiAutomator2 to be online...
2020-05-20 23:12:05:473 - [debug] [35m[ADB][39m Creating ADB subprocess with args: ["-P",5037,"-s","5483e9c3","shell","am","instrument","-w","io.appium.uiautomator2.server.test/androidx.test.runner.AndroidJUnitRunner"]
2020-05-20 23:12:06:453 - [debug] [35m[Instrumentation][39m io.appium.uiautomator2.server.test.AppiumUiAutomator2Server:
2020-05-20 23:12:06:479 - [debug] [35m[WD Proxy][39m Matched '/status' to command name 'getStatus'
2020-05-20 23:12:06:480 - [debug] [35m[WD Proxy][39m Proxying [GET /status] to [GET http://localhost:6725/wd/hub/status] with no body
2020-05-20 23:12:06:492 - [35m[WD Proxy][39m Got an unexpected response: {"code":"ECONNRESET"}
2020-05-20 23:12:07:497 - [debug] [35m[WD Proxy][39m Matched '/status' to command name 'getStatus'
2020-05-20 23:12:07:498 - [debug] [35m[WD Proxy][39m Proxying [GET /status] to [GET http://localhost:6725/wd/hub/status] with no body
2020-05-20 23:12:07:507 - [35m[WD Proxy][39m Got an unexpected response: {"code":"ECONNRESET"}
2020-05-20 23:12:08:512 - [debug] [35m[WD Proxy][39m Matched '/status' to command name 'getStatus'
2020-05-20 23:12:08:513 - [debug] [35m[WD Proxy][39m Proxying [GET /status] to [GET http://localhost:6725/wd/hub/status] with no body
2020-05-20 23:12:08:611 - [debug] [35m[WD Proxy][39m Got response with status 200: {"sessionId":"None","status":0,"value":"Status Invoked"}
2020-05-20 23:12:08:611 - [debug] [35m[WD Proxy][39m Determined the downstream protocol as 'MJSONWP'
2020-05-20 23:12:08:611 - [debug] [35m[UiAutomator2][39m The initialization of the instrumentation process took 3139ms
2020-05-20 23:12:08:612 - [debug] [35m[WD Proxy][39m Matched '/session' to command name 'createSession'
2020-05-20 23:12:08:612 - [debug] [35m[WD Proxy][39m Proxying [POST /session] to [POST http://localhost:6725/wd/hub/session] with body: {"desiredCapabilities":{"platform":"LINUX","webStorageEnabled":false,"takesScreenshot":true,"javascriptEnabled":true,"databaseEnabled":false,"networkConnectionEnabled":true,"locationContextEnabled":false,"warnings":{},"desired":{"platformName":"Android","udid":"5483e9c3","deviceName":"5483e9c3","appPackage":"com.xueqiu.android","platformVersion":"7.1.2","appActivity":".view.WelcomeActivityAlias","unicodeKeyboard":true,"resetKeyboard":true,"newCommandTimeout":120,"systemPort":6725,"noReset":true,"autoGrantPermissions":true},"platformName":"Android","udid":"5483e9c3","deviceName":"5483e9c3","appPackage":"com.xueqiu.android","platformVersion":"7.1.2","appActivity":".view.WelcomeActivityAlias","unicodeKeyboard":true,"resetKeyboard":true,"newCommandTimeout":120,"systemPort":6725,"noReset":true,"autoGrantPermissions":true,"deviceUDID":"5483e9c3"}}
2020-05-20 23:12:08:656 - [debug] [35m[WD Proxy][39m Got response with status 200: {"sessionId":"ae9d951f-85b2-4794-b351-c03f6fbe535c","status":0,"value":"Created Session"}
2020-05-20 23:12:08:657 - [debug] [35m[WD Proxy][39m Determined the downstream protocol as 'MJSONWP' per session creation request
2020-05-20 23:12:08:670 - [debug] [35m[WD Proxy][39m Proxying [GET /appium/device/info] to [GET http://localhost:6725/wd/hub/session/ae9d951f-85b2-4794-b351-c03f6fbe535c/appium/device/info] with no body
2020-05-20 23:12:08:736 - [debug] [35m[WD Proxy][39m Got response with status 200: {"sessionId":"ae9d951f-85b2-4794-b351-c03f6fbe535c","status":0,"value":{"androidId":"405f120cdfa7799f","manufacturer":"Xiaomi","model":"MI 8","brand":"Xiaomi","apiVersion":"29","platformVersion":"10","carrierName":"","realDisplaySize":"1080x2248","displayDensity":440,"networks":[{"type":1,"typeName":"WIFI","subtype":0,"subtypeName":"","isConnected":true,"detailedState":"CONNECTED","state":"CONNECTED","extraInfo":null,"isAvailable":true,"isFailover":false,"isRoaming":false,"capabilities":{"transportTypes":"NET_CAPABILITY_SUPL","networkCapabilities":"","linkUpstreamBandwidthKbps":1048576,"linkDownBandwidthKbps":1048576,"signalStrength":-44,"networkSpecifier":null,"SSID":null}}],"locale":"zh_CN","timeZone":"Asia\/Shanghai"}}
2020-05-20 23:12:08:737 - [debug] [35m[ADB][39m Running '/Users/tangyao/Android/sdk/platform-tools/adb -P 5037 -s 5483e9c3 shell dumpsys window'
2020-05-20 23:12:08:885 - [35m[AndroidDriver][39m Screen already unlocked, doing nothing
2020-05-20 23:12:08:886 - [35m[UiAutomator2][39m UiAutomator2 did not start the activity we were waiting for, 'com.xueqiu.android/.view.WelcomeActivityAlias'. Starting it ourselves
2020-05-20 23:12:08:887 - [debug] [35m[ADB][39m Running '/Users/tangyao/Android/sdk/platform-tools/adb -P 5037 -s 5483e9c3 shell am start -W -n com.xueqiu.android/.view.WelcomeActivityAlias -S -a android.intent.action.MAIN -c android.intent.category.LAUNCHER -f 0x10200000'
2020-05-20 23:12:09:655 - [debug] [35m[WD Proxy][39m Proxying [GET /appium/device/pixel_ratio] to [GET http://localhost:6725/wd/hub/session/ae9d951f-85b2-4794-b351-c03f6fbe535c/appium/device/pixel_ratio] with body: {}
2020-05-20 23:12:09:671 - [debug] [35m[WD Proxy][39m Got response with status 200: {"sessionId":"ae9d951f-85b2-4794-b351-c03f6fbe535c","status":0,"value":2.75}
2020-05-20 23:12:09:673 - [debug] [35m[WD Proxy][39m Matched '/appium/device/system_bars' to command name 'getSystemBars'
2020-05-20 23:12:09:673 - [debug] [35m[WD Proxy][39m Proxying [GET /appium/device/system_bars] to [GET http://localhost:6725/wd/hub/session/ae9d951f-85b2-4794-b351-c03f6fbe535c/appium/device/system_bars] with body: {}
2020-05-20 23:12:09:689 - [debug] [35m[WD Proxy][39m Got response with status 200: {"sessionId":"ae9d951f-85b2-4794-b351-c03f6fbe535c","status":0,"value":{"statusBar":89}}
2020-05-20 23:12:09:690 - [debug] [35m[WD Proxy][39m Matched '/window/current/size' to command name 'getWindowSize'
2020-05-20 23:12:09:690 - [debug] [35m[WD Proxy][39m Proxying [GET /window/current/size] to [GET http://localhost:6725/wd/hub/session/ae9d951f-85b2-4794-b351-c03f6fbe535c/window/current/size] with body: {}
2020-05-20 23:12:09:700 - [debug] [35m[WD Proxy][39m Got response with status 200: {"sessionId":"ae9d951f-85b2-4794-b351-c03f6fbe535c","status":0,"value":{"height":2029,"width":1080}}
2020-05-20 23:12:09:701 - [35m[Appium][39m New AndroidUiautomator2Driver session created successfully, session 1c27f91f-e7a8-4662-87c6-b2ba2c869b34 added to master session list
2020-05-20 23:12:09:702 - [debug] [35m[BaseDriver][39m Event 'newSessionStarted' logged at 1589987529702 (23:12:09 GMT+0800 (China Standard Time))
2020-05-20 23:12:09:702 - [debug] [35m[W3C (1c27f91f)][39m Cached the protocol value 'W3C' for the new session 1c27f91f-e7a8-4662-87c6-b2ba2c869b34
2020-05-20 23:12:09:703 - [debug] [35m[W3C (1c27f91f)][39m Responding to client with driver.createSession() result: {"capabilities":{"platform":"LINUX","webStorageEnabled":false,"takesScreenshot":true,"javascriptEnabled":true,"databaseEnabled":false,"networkConnectionEnabled":true,"locationContextEnabled":false,"warnings":{},"desired":{"platformName":"Android","udid":"5483e9c3","deviceName":"5483e9c3","appPackage":"com.xueqiu.android","platformVersion":"7.1.2","appActivity":".view.WelcomeActivityAlias","unicodeKeyboard":true,"resetKeyboard":true,"newCommandTimeout":120,"systemPort":6725,"noReset":true,"autoGrantPermissions":true},"platformName":"Android","udid":"5483e9c3","deviceName":"5483e9c3","appPackage":"com.xueqiu.android","platformVersion":"10","appActivity":".view.WelcomeActivityAlias","unicodeKeyboard":true,"resetKeyboard":true,"newCommandTimeout":120,"systemPort":6725,"noReset":true,"autoGrantPermissions":true,"deviceUDID":"5483e9c3","deviceApiLevel":29,"deviceScreenSize":"1080x2248","deviceScreenDensity":440,"deviceModel":"MI 8","deviceManufacturer":"Xiaomi","pixelRatio":2.75,"statBarHeight":89,"viewportRect"...
2020-05-20 23:12:09:707 - [35m[HTTP][39m [37m<-- POST /wd/hub/session [39m[32m200[39m [90m13004 ms - 1131[39m
2020-05-20 23:12:09:707 - [35m[HTTP][39m [90m[39m
2020-05-20 23:12:09:713 - [35m[HTTP][39m [37m-->[39m [37mPOST[39m [37m/wd/hub/session/1c27f91f-e7a8-4662-87c6-b2ba2c869b34/timeouts[39m
2020-05-20 23:12:09:713 - [35m[HTTP][39m [90m{"implicit":5000}[39m
2020-05-20 23:12:09:715 - [debug] [35m[W3C (1c27f91f)][39m Calling AppiumDriver.timeouts() with args: [null,null,null,null,5000,"1c27f91f-e7a8-4662-87c6-b2ba2c869b34"]
2020-05-20 23:12:09:745 - [debug] [35m[BaseDriver][39m W3C timeout argument: {"implicit":5000}}
2020-05-20 23:12:09:746 - [debug] [35m[BaseDriver][39m Set implicit wait to 5000ms
2020-05-20 23:12:09:747 - [debug] [35m[W3C (1c27f91f)][39m Responding to client with driver.timeouts() result: null
2020-05-20 23:12:09:748 - [35m[HTTP][39m [37m<-- POST /wd/hub/session/1c27f91f-e7a8-4662-87c6-b2ba2c869b34/timeouts [39m[32m200[39m [90m35 ms - 14[39m
2020-05-20 23:12:09:748 - [35m[HTTP][39m [90m[39m
2020-05-20 23:12:11:768 - [35m[HTTP][39m [37m-->[39m [37mPOST[39m [37m/wd/hub/session/1c27f91f-e7a8-4662-87c6-b2ba2c869b34/element[39m
2020-05-20 23:12:11:769 - [35m[HTTP][39m [90m{"using":"xpath","value":"//*[@text='我的']"}[39m
2020-05-20 23:12:11:771 - [debug] [35m[W3C (1c27f91f)][39m Calling AppiumDriver.findElement() with args: ["xpath","//*[@text='我的']","1c27f91f-e7a8-4662-87c6-b2ba2c869b34"]
2020-05-20 23:12:11:772 - [debug] [35m[BaseDriver][39m Valid locator strategies for this request: xpath, id, class name, accessibility id, -android uiautomator
2020-05-20 23:12:11:773 - [debug] [35m[BaseDriver][39m Waiting up to 5000 ms for condition
2020-05-20 23:12:11:773 - [debug] [35m[WD Proxy][39m Matched '/element' to command name 'findElement'
2020-05-20 23:12:11:774 - [debug] [35m[WD Proxy][39m Proxying [POST /element] to [POST http://localhost:6725/wd/hub/session/ae9d951f-85b2-4794-b351-c03f6fbe535c/element] with body: {"strategy":"xpath","selector":"//*[@text='我的']","context":"","multiple":false}
2020-05-20 23:12:12:419 - [35m[WD Proxy][39m Got an unexpected response: {"sessionId":"ae9d951f-85b2-4794-b351-c03f6fbe535c","status":7,"value":"An element could not be located on the page using the given search parameters."}
2020-05-20 23:12:12:420 - [debug] [35m[MJSONWP][39m Matched JSONWP error code 7 to NoSuchElementError
2020-05-20 23:12:12:420 - [debug] [35m[BaseDriver][39m Waited for 647 ms so far
2020-05-20 23:12:12:924 - [debug] [35m[WD Proxy][39m Matched '/element' to command name 'findElement'
2020-05-20 23:12:12:925 - [debug] [35m[WD Proxy][39m Proxying [POST /element] to [POST http://localhost:6725/wd/hub/session/ae9d951f-85b2-4794-b351-c03f6fbe535c/element] with body: {"strategy":"xpath","selector":"//*[@text='我的']","context":"","multiple":false}
2020-05-20 23:12:13:019 - [35m[WD Proxy][39m Got an unexpected response: {"sessionId":"ae9d951f-85b2-4794-b351-c03f6fbe535c","status":7,"value":"An element could not be located on the page using the given search parameters."}
2020-05-20 23:12:13:019 - [debug] [35m[MJSONWP][39m Matched JSONWP error code 7 to NoSuchElementError
2020-05-20 23:12:13:020 - [debug] [35m[BaseDriver][39m Waited for 1247 ms so far
2020-05-20 23:12:13:526 - [debug] [35m[WD Proxy][39m Matched '/element' to command name 'findElement'
2020-05-20 23:12:13:527 - [debug] [35m[WD Proxy][39m Proxying [POST /element] to [POST http://localhost:6725/wd/hub/session/ae9d951f-85b2-4794-b351-c03f6fbe535c/element] with body: {"strategy":"xpath","selector":"//*[@text='我的']","context":"","multiple":false}
2020-05-20 23:12:13:631 - [35m[WD Proxy][39m Got an unexpected response: {"sessionId":"ae9d951f-85b2-4794-b351-c03f6fbe535c","status":7,"value":"An element could not be located on the page using the given search parameters."}
2020-05-20 23:12:13:632 - [debug] [35m[MJSONWP][39m Matched JSONWP error code 7 to NoSuchElementError
2020-05-20 23:12:13:632 - [debug] [35m[BaseDriver][39m Waited for 1859 ms so far
2020-05-20 23:12:14:135 - [debug] [35m[WD Proxy][39m Matched '/element' to command name 'findElement'
2020-05-20 23:12:14:136 - [debug] [35m[WD Proxy][39m Proxying [POST /element] to [POST http://localhost:6725/wd/hub/session/ae9d951f-85b2-4794-b351-c03f6fbe535c/element] with body: {"strategy":"xpath","selector":"//*[@text='我的']","context":"","multiple":false}
2020-05-20 23:12:14:218 - [35m[WD Proxy][39m Got an unexpected response: {"sessionId":"ae9d951f-85b2-4794-b351-c03f6fbe535c","status":7,"value":"An element could not be located on the page using the given search parameters."}
2020-05-20 23:12:14:218 - [debug] [35m[MJSONWP][39m Matched JSONWP error code 7 to NoSuchElementError
2020-05-20 23:12:14:218 - [debug] [35m[BaseDriver][39m Waited for 2445 ms so far
2020-05-20 23:12:14:720 - [debug] [35m[WD Proxy][39m Matched '/element' to command name 'findElement'
2020-05-20 23:12:14:720 - [debug] [35m[WD Proxy][39m Proxying [POST /element] to [POST http://localhost:6725/wd/hub/session/ae9d951f-85b2-4794-b351-c03f6fbe535c/element] with body: {"strategy":"xpath","selector":"//*[@text='我的']","context":"","multiple":false}
2020-05-20 23:12:14:828 - [35m[WD Proxy][39m Got an unexpected response: {"sessionId":"ae9d951f-85b2-4794-b351-c03f6fbe535c","status":7,"value":"An element could not be located on the page using the given search parameters."}
2020-05-20 23:12:14:829 - [debug] [35m[MJSONWP][39m Matched JSONWP error code 7 to NoSuchElementError
2020-05-20 23:12:14:829 - [debug] [35m[BaseDriver][39m Waited for 3056 ms so far
2020-05-20 23:12:15:330 - [debug] [35m[WD Proxy][39m Matched '/element' to command name 'findElement'
2020-05-20 23:12:15:330 - [debug] [35m[WD Proxy][39m Proxying [POST /element] to [POST http://localhost:6725/wd/hub/session/ae9d951f-85b2-4794-b351-c03f6fbe535c/element] with body: {"strategy":"xpath","selector":"//*[@text='我的']","context":"","multiple":false}
2020-05-20 23:12:17:414 - [debug] [35m[WD Proxy][39m Got response with status 200: {"sessionId":"ae9d951f-85b2-4794-b351-c03f6fbe535c","status":0,"value":{"ELEMENT":"ddde0df5-e783-4f76-94ad-bb439dd7e19d"}}
2020-05-20 23:12:17:422 - [debug] [35m[W3C (1c27f91f)][39m Responding to client with driver.findElement() result: {"element-6066-11e4-a52e-4f735466cecf":"ddde0df5-e783-4f76-94ad-bb439dd7e19d","ELEMENT":"ddde0df5-e783-4f76-94ad-bb439dd7e19d"}
2020-05-20 23:12:17:423 - [35m[HTTP][39m [37m<-- POST /wd/hub/session/1c27f91f-e7a8-4662-87c6-b2ba2c869b34/element [39m[32m200[39m [90m5654 ms - 137[39m
2020-05-20 23:12:17:423 - [35m[HTTP][39m [90m[39m
2020-05-20 23:12:17:425 - [35m[HTTP][39m [37m-->[39m [37mPOST[39m [37m/wd/hub/session/1c27f91f-e7a8-4662-87c6-b2ba2c869b34/element/ddde0df5-e783-4f76-94ad-bb439dd7e19d/click[39m
2020-05-20 23:12:17:426 - [35m[HTTP][39m [90m{"id":"ddde0df5-e783-4f76-94ad-bb439dd7e19d"}[39m
2020-05-20 23:12:17:428 - [debug] [35m[W3C (1c27f91f)][39m Calling AppiumDriver.click() with args: ["ddde0df5-e783-4f76-94ad-bb439dd7e19d","1c27f91f-e7a8-4662-87c6-b2ba2c869b34"]
2020-05-20 23:12:17:429 - [debug] [35m[WD Proxy][39m Matched '/element/ddde0df5-e783-4f76-94ad-bb439dd7e19d/click' to command name 'click'
2020-05-20 23:12:17:429 - [debug] [35m[WD Proxy][39m Proxying [POST /element/ddde0df5-e783-4f76-94ad-bb439dd7e19d/click] to [POST http://localhost:6725/wd/hub/session/ae9d951f-85b2-4794-b351-c03f6fbe535c/element/ddde0df5-e783-4f76-94ad-bb439dd7e19d/click] with body: {"element":"ddde0df5-e783-4f76-94ad-bb439dd7e19d"}
2020-05-20 23:12:17:632 - [debug] [35m[WD Proxy][39m Got response with status 200: {"sessionId":"ae9d951f-85b2-4794-b351-c03f6fbe535c","status":0,"value":true}
2020-05-20 23:12:17:632 - [debug] [35m[W3C (1c27f91f)][39m Responding to client with driver.click() result: true
2020-05-20 23:12:17:633 - [35m[HTTP][39m [37m<-- POST /wd/hub/session/1c27f91f-e7a8-4662-87c6-b2ba2c869b34/element/ddde0df5-e783-4f76-94ad-bb439dd7e19d/click [39m[32m200[39m [90m207 ms - 14[39m
2020-05-20 23:12:17:633 - [35m[HTTP][39m [90m[39m
2020-05-20 23:12:17:643 - [35m[HTTP][39m [37m-->[39m [37mPOST[39m [37m/wd/hub/session/1c27f91f-e7a8-4662-87c6-b2ba2c869b34/element[39m
2020-05-20 23:12:17:644 - [35m[HTTP][39m [90m{"using":"xpath","value":"//*[@text='微信']"}[39m
2020-05-20 23:12:17:644 - [debug] [35m[W3C (1c27f91f)][39m Calling AppiumDriver.findElement() with args: ["xpath","//*[@text='微信']","1c27f91f-e7a8-4662-87c6-b2ba2c869b34"]
2020-05-20 23:12:17:645 - [debug] [35m[BaseDriver][39m Valid locator strategies for this request: xpath, id, class name, accessibility id, -android uiautomator
2020-05-20 23:12:17:645 - [debug] [35m[BaseDriver][39m Waiting up to 5000 ms for condition
2020-05-20 23:12:17:646 - [debug] [35m[WD Proxy][39m Matched '/element' to command name 'findElement'
2020-05-20 23:12:17:646 - [debug] [35m[WD Proxy][39m Proxying [POST /element] to [POST http://localhost:6725/wd/hub/session/ae9d951f-85b2-4794-b351-c03f6fbe535c/element] with body: {"strategy":"xpath","selector":"//*[@text='微信']","context":"","multiple":false}
2020-05-20 23:12:18:450 - [debug] [35m[WD Proxy][39m Got response with status 200: {"sessionId":"ae9d951f-85b2-4794-b351-c03f6fbe535c","status":0,"value":{"ELEMENT":"5208a014-4923-4290-a15c-b3489e6a9d2e"}}
2020-05-20 23:12:18:451 - [debug] [35m[W3C (1c27f91f)][39m Responding to client with driver.findElement() result: {"element-6066-11e4-a52e-4f735466cecf":"5208a014-4923-4290-a15c-b3489e6a9d2e","ELEMENT":"5208a014-4923-4290-a15c-b3489e6a9d2e"}
2020-05-20 23:12:18:452 - [35m[HTTP][39m [37m<-- POST /wd/hub/session/1c27f91f-e7a8-4662-87c6-b2ba2c869b34/element [39m[32m200[39m [90m808 ms - 137[39m
2020-05-20 23:12:18:453 - [35m[HTTP][39m [90m[39m
2020-05-20 23:12:18:456 - [35m[HTTP][39m [37m-->[39m [37mPOST[39m [37m/wd/hub/session/1c27f91f-e7a8-4662-87c6-b2ba2c869b34/element/5208a014-4923-4290-a15c-b3489e6a9d2e/click[39m
2020-05-20 23:12:18:456 - [35m[HTTP][39m [90m{"id":"5208a014-4923-4290-a15c-b3489e6a9d2e"}[39m
2020-05-20 23:12:18:457 - [debug] [35m[W3C (1c27f91f)][39m Calling AppiumDriver.click() with args: ["5208a014-4923-4290-a15c-b3489e6a9d2e","1c27f91f-e7a8-4662-87c6-b2ba2c869b34"]
2020-05-20 23:12:18:463 - [debug] [35m[WD Proxy][39m Matched '/element/5208a014-4923-4290-a15c-b3489e6a9d2e/click' to command name 'click'
2020-05-20 23:12:18:464 - [debug] [35m[WD Proxy][39m Proxying [POST /element/5208a014-4923-4290-a15c-b3489e6a9d2e/click] to [POST http://localhost:6725/wd/hub/session/ae9d951f-85b2-4794-b351-c03f6fbe535c/element/5208a014-4923-4290-a15c-b3489e6a9d2e/click] with body: {"element":"5208a014-4923-4290-a15c-b3489e6a9d2e"}
2020-05-20 23:12:18:568 - [debug] [35m[WD Proxy][39m Got response with status 200: {"sessionId":"ae9d951f-85b2-4794-b351-c03f6fbe535c","status":0,"value":true}
2020-05-20 23:12:18:569 - [debug] [35m[W3C (1c27f91f)][39m Responding to client with driver.click() result: true
2020-05-20 23:12:18:570 - [35m[HTTP][39m [37m<-- POST /wd/hub/session/1c27f91f-e7a8-4662-87c6-b2ba2c869b34/element/5208a014-4923-4290-a15c-b3489e6a9d2e/click [39m[32m200[39m [90m114 ms - 14[39m
2020-05-20 23:12:18:570 - [35m[HTTP][39m [90m[39m
2020-05-20 23:12:18:572 - [35m[HTTP][39m [37m-->[39m [37mPOST[39m [37m/wd/hub/session/1c27f91f-e7a8-4662-87c6-b2ba2c869b34/element[39m
2020-05-20 23:12:18:573 - [35m[HTTP][39m [90m{"using":"xpath","value":"//*[@class='android.widget.Toast']"}[39m
2020-05-20 23:12:18:573 - [debug] [35m[W3C (1c27f91f)][39m Calling AppiumDriver.findElement() with args: ["xpath","//*[@class='android.widget.Toast']","1c27f91f-e7a8-4662-87c6-b2ba2c869b34"]
2020-05-20 23:12:18:574 - [debug] [35m[BaseDriver][39m Valid locator strategies for this request: xpath, id, class name, accessibility id, -android uiautomator
2020-05-20 23:12:18:574 - [debug] [35m[BaseDriver][39m Waiting up to 5000 ms for condition
2020-05-20 23:12:18:575 - [debug] [35m[WD Proxy][39m Matched '/element' to command name 'findElement'
2020-05-20 23:12:18:575 - [debug] [35m[WD Proxy][39m Proxying [POST /element] to [POST http://localhost:6725/wd/hub/session/ae9d951f-85b2-4794-b351-c03f6fbe535c/element] with body: {"strategy":"xpath","selector":"//*[@class='android.widget.Toast']","context":"","multiple":false}
2020-05-20 23:12:19:420 - [debug] [35m[WD Proxy][39m Got response with status 200: {"sessionId":"ae9d951f-85b2-4794-b351-c03f6fbe535c","status":0,"value":{"ELEMENT":"263d279b-684f-46c4-a7be-85f9dc5a717b"}}
2020-05-20 23:12:19:421 - [debug] [35m[W3C (1c27f91f)][39m Responding to client with driver.findElement() result: {"element-6066-11e4-a52e-4f735466cecf":"263d279b-684f-46c4-a7be-85f9dc5a717b","ELEMENT":"263d279b-684f-46c4-a7be-85f9dc5a717b"}
2020-05-20 23:12:19:422 - [35m[HTTP][39m [37m<-- POST /wd/hub/session/1c27f91f-e7a8-4662-87c6-b2ba2c869b34/element [39m[32m200[39m [90m850 ms - 137[39m
2020-05-20 23:12:19:423 - [35m[HTTP][39m [90m[39m
2020-05-20 23:12:19:426 - [35m[HTTP][39m [37m-->[39m [37mGET[39m [37m/wd/hub/session/1c27f91f-e7a8-4662-87c6-b2ba2c869b34/element/263d279b-684f-46c4-a7be-85f9dc5a717b/text[39m
2020-05-20 23:12:19:426 - [35m[HTTP][39m [90m{}[39m
2020-05-20 23:12:19:428 - [35m[W3C (1c27f91f)][39m Driver proxy active, passing request on via HTTP proxy
2020-05-20 23:12:19:433 - [debug] [35m[WD Proxy][39m Matched '/wd/hub/session/1c27f91f-e7a8-4662-87c6-b2ba2c869b34/element/263d279b-684f-46c4-a7be-85f9dc5a717b/text' to command name 'getText'
2020-05-20 23:12:19:434 - [debug] [35m[WD Proxy][39m Proxying [GET /wd/hub/session/1c27f91f-e7a8-4662-87c6-b2ba2c869b34/element/263d279b-684f-46c4-a7be-85f9dc5a717b/text] to [GET http://localhost:6725/wd/hub/session/ae9d951f-85b2-4794-b351-c03f6fbe535c/element/263d279b-684f-46c4-a7be-85f9dc5a717b/text] with body: {}
2020-05-20 23:12:19:680 - [debug] [35m[WD Proxy][39m Got response with status 200: {"sessionId":"ae9d951f-85b2-4794-b351-c03f6fbe535c","status":0,"value":"您尚未安装微信，请先安装微信"}
2020-05-20 23:12:19:680 - [35m[WD Proxy][39m Replacing sessionId ae9d951f-85b2-4794-b351-c03f6fbe535c with 1c27f91f-e7a8-4662-87c6-b2ba2c869b34
2020-05-20 23:12:19:682 - [35m[HTTP][39m [37m<-- GET /wd/hub/session/1c27f91f-e7a8-4662-87c6-b2ba2c869b34/element/263d279b-684f-46c4-a7be-85f9dc5a717b/text [39m[32m200[39m [90m255 ms - 105[39m
2020-05-20 23:12:19:682 - [35m[HTTP][39m [90m[39m
2020-05-20 23:12:19:686 - [35m[HTTP][39m [37m-->[39m [37mGET[39m [37m/wd/hub/session/1c27f91f-e7a8-4662-87c6-b2ba2c869b34/screenshot[39m
2020-05-20 23:12:19:686 - [35m[HTTP][39m [90m{}[39m
2020-05-20 23:12:19:687 - [debug] [35m[W3C (1c27f91f)][39m Calling AppiumDriver.getScreenshot() with args: ["1c27f91f-e7a8-4662-87c6-b2ba2c869b34"]
2020-05-20 23:12:19:690 - [debug] [35m[WD Proxy][39m Matched '/screenshot' to command name 'getScreenshot'
2020-05-20 23:12:19:690 - [debug] [35m[WD Proxy][39m Proxying [GET /screenshot] to [GET http://localhost:6725/wd/hub/session/ae9d951f-85b2-4794-b351-c03f6fbe535c/screenshot] with no body
2020-05-20 23:12:20:377 - [debug] [35m[WD Proxy][39m Got response with status 200: {"sessionId":"ae9d951f-85b2-4794-b351-c03f6fbe535c","status":0,"value":"iVBORw0KGgoAAAANSUhEUgAABDgAAAjICAYAAAA+Ih\/iAAAAAXNSR0IArs4c6QAAAARzQklUCAgI\nCHwIZIgAACAASURBVHic7L15uG1JVSf4W\/ucc+99774pM19mQpIpCTKjCAqWKCpqIUiBTA5YCpRW\n2eVUfthff9VWW5ZV3XZVf136lS1lqWU3TSkOJSilthaIbckkYCaNKCJOgCBDZkJO7707nXP26j9i\nWrFixR7OPfe9+9KMzHfP3jsifrEiYg2x146BnvslzAAAgguMFMjfk3qO\/FlIYgc+FHZvsLDjI+Ph\nGGwrPXN8sH+acM+thOWsrD0xwOR+zVCrOyrPRB5i7s6\/SuBUB5NmWR4BaMdgp7zEApzIt6e6tvIG\nGmXDMhWJqu2tMQMJ4prZkZEltWgCQKCyTYyks505Ni\/M0cwXaPaXvhAj7VHKwzHF5kmDg1NbWJzc\ndF3JVE8cyu3CDKw0Via6+lHwH3F2m5UJcrxCNU3YRVMlrlOHWDQOqPd0scDm7h4AoGmamKdl2JRT\n438dfiiKaCLS5GUTmgH2gZKwKewM06gXEQ20PSE\/DcYebtfG032ssEPCY4TdGzpsfTX9YWz9qmnX\nUU9L1wzA7u8fPkLso6TbwL5aZO0Yy7E5Rq5hy4pUsQcwucJmXvanL2wAsHN2govXT2CNG934jFPi\nMLgLNHIJTCBnw8Ug0Bz\/MbI0IR2BwFBjgFBu636jLSeRL9AVeYXT+BKMpiWc++QyHwf0yhoZzyL5\nBf1W2mjrZQlHIg95\/deLjQexQ8KR2L3hKrD104IoeR8yMErCa8TL1tb5FDbD2dsiTRd27VdVsgW7\nx13Y8lkNW6ZtHeEMYLkF3PcwxnLWwAr6Xbxoky5G6Kk3gwBCchYUGP2cFJRxesAg\/yLg6HcFUuhr\nCTnG...
2020-05-20 23:12:20:380 - [debug] [35m[W3C (1c27f91f)][39m Responding to client with driver.getScreenshot() result: "iVBORw0KGgoAAAANSUhEUgAABDgAAAjICAYAAAA+Ih/iAAAAAXNSR0IArs4c6QAAAARzQklUCAgI\nCHwIZIgAACAASURBVHic7L15uG1JVSf4W/ucc+99774pM19mQpIpCTKjCAqWKCpqIUiBTA5YCpRW\n2eVUfthff9VWW5ZV3XZVf136lS1lqWU3TSkOJSilthaIbckkYCaNKCJOgCBDZkJO7707nXP26j9i\nWrFixR7OPfe9+9KMzHfP3jsifrEiYg2x146BnvslzAAAgguMFMjfk3qO/FlIYgc+FHZvsLDjI+Ph\nGGwrPXN8sH+acM+thOWsrD0xwOR+zVCrOyrPRB5i7s6/SuBUB5NmWR4BaMdgp7zEApzIt6e6tvIG\nGmXDMhWJqu2tMQMJ4prZkZEltWgCQKCyTYyks505Ni/M0cwXaPaXvhAj7VHKwzHF5kmDg1NbWJzc\ndF3JVE8cyu3CDKw0Via6+lHwH3F2m5UJcrxCNU3YRVMlrlOHWDQOqPd0scDm7h4AoGmamKdl2JRT\n438dfiiKaCLS5GUTmgH2gZKwKewM06gXEQ20PSE/DcYebtfG032ssEPCY4TdGzpsfTX9YWz9qmnX\nUU9L1wzA7u8fPkLso6TbwL5aZO0Yy7E5Rq5hy4pUsQcwucJmXvanL2wAsHN2govXT2CNG934jFPi\nMLgLNHIJTCBnw8Ug0Bz/MbI0IR2BwFBjgFBu636jLSeRL9AVeYXT+BKMpiWc++QyHwf0yhoZzyL5\nBf1W2mjrZQlHIg95/deLjQexQ8KR2L3hKrD104IoeR8yMErCa8TL1tb5FDbD2dsiTRd27VdVsgW7\nx13Y8lkNW6ZtHeEMYLkF3PcwxnLWwAr6Xbxoky5G6Kk3gwBCchYUGP2cFJRxesAg/yLg6HcFUuhr\nCTnGueHJIXZqm71iJUAYHVbGCL6iqvEyb4Ro4G4Rt0ni0JMubzJkycgFQyCNV0yD0jCFMN1bYrYz\nx2xnDp...
2020-05-20 23:12:20:385 - [35m[HTTP][39m [37m<-- GET /wd/hub/session/1c27f91f-e7a8-4662-87c6-b2ba2c869b34/screenshot [39m[32m200[39m [90m698 ms - 576416[39m
2020-05-20 23:12:20:385 - [35m[HTTP][39m [90m[39m
2020-05-20 23:12:20:404 - [35m[HTTP][39m [37m-->[39m [37mPOST[39m [37m/wd/hub/session/1c27f91f-e7a8-4662-87c6-b2ba2c869b34/appium/app/close[39m
2020-05-20 23:12:20:404 - [35m[HTTP][39m [90m{}[39m
2020-05-20 23:12:20:409 - [debug] [35m[W3C (1c27f91f)][39m Calling AppiumDriver.closeApp() with args: ["1c27f91f-e7a8-4662-87c6-b2ba2c869b34"]
2020-05-20 23:12:20:410 - [debug] [35m[ADB][39m Running '/Users/tangyao/Android/sdk/platform-tools/adb -P 5037 -s 5483e9c3 shell am force-stop com.xueqiu.android'
2020-05-20 23:12:20:575 - [debug] [35m[W3C (1c27f91f)][39m Responding to client with driver.closeApp() result: null
2020-05-20 23:12:20:576 - [35m[HTTP][39m [37m<-- POST /wd/hub/session/1c27f91f-e7a8-4662-87c6-b2ba2c869b34/appium/app/close [39m[32m200[39m [90m172 ms - 14[39m
2020-05-20 23:12:20:577 - [35m[HTTP][39m [90m[39m
2020-05-20 23:12:20:579 - [35m[HTTP][39m [37m-->[39m [37mDELETE[39m [37m/wd/hub/session/1c27f91f-e7a8-4662-87c6-b2ba2c869b34[39m
2020-05-20 23:12:20:579 - [35m[HTTP][39m [90m{}[39m
2020-05-20 23:12:20:579 - [debug] [35m[W3C (1c27f91f)][39m Calling AppiumDriver.deleteSession() with args: ["1c27f91f-e7a8-4662-87c6-b2ba2c869b34"]
2020-05-20 23:12:20:579 - [debug] [35m[BaseDriver][39m Event 'quitSessionRequested' logged at 1589987540579 (23:12:20 GMT+0800 (China Standard Time))
2020-05-20 23:12:20:580 - [35m[Appium][39m Removing session 1c27f91f-e7a8-4662-87c6-b2ba2c869b34 from our master session list
2020-05-20 23:12:20:580 - [debug] [35m[UiAutomator2][39m Deleting UiAutomator2 session
2020-05-20 23:12:20:581 - [debug] [35m[UiAutomator2][39m Deleting UiAutomator2 server session
2020-05-20 23:12:20:581 - [debug] [35m[WD Proxy][39m Matched '/' to command name 'deleteSession'
2020-05-20 23:12:20:582 - [debug] [35m[WD Proxy][39m Proxying [DELETE /] to [DELETE http://localhost:6725/wd/hub/session/ae9d951f-85b2-4794-b351-c03f6fbe535c] with no body
2020-05-20 23:12:20:608 - [debug] [35m[WD Proxy][39m Got response with status 200: {"sessionId":"ae9d951f-85b2-4794-b351-c03f6fbe535c","status":0,"value":"Session deleted"}
2020-05-20 23:12:20:608 - [debug] [35m[UiAutomator2][39m Resetting IME to 'io.appium.settings/.UnicodeIME'
2020-05-20 23:12:20:609 - [debug] [35m[ADB][39m Running '/Users/tangyao/Android/sdk/platform-tools/adb -P 5037 -s 5483e9c3 shell ime set io.appium.settings/.UnicodeIME'
2020-05-20 23:12:20:653 - [debug] [35m[ADB][39m Running '/Users/tangyao/Android/sdk/platform-tools/adb -P 5037 -s 5483e9c3 shell am force-stop com.xueqiu.android'
2020-05-20 23:12:20:694 - [debug] [35m[Logcat][39m Stopping logcat capture
2020-05-20 23:12:20:696 - [debug] [35m[ADB][39m Removing forwarded port socket connection: 6725 
2020-05-20 23:12:20:697 - [debug] [35m[ADB][39m Running '/Users/tangyao/Android/sdk/platform-tools/adb -P 5037 -s 5483e9c3 forward --remove tcp\:6725'
2020-05-20 23:12:20:709 - [35m[UiAutomator2][39m Restoring hidden api policy to the device default configuration
2020-05-20 23:12:20:709 - [debug] [35m[ADB][39m Running '/Users/tangyao/Android/sdk/platform-tools/adb -P 5037 -s 5483e9c3 shell settings delete global hidden_api_policy_pre_p_apps'
2020-05-20 23:12:20:750 - [debug] [35m[ADB][39m Running '/Users/tangyao/Android/sdk/platform-tools/adb -P 5037 -s 5483e9c3 shell settings delete global hidden_api_policy_p_apps'
2020-05-20 23:12:20:790 - [debug] [35m[ADB][39m Running '/Users/tangyao/Android/sdk/platform-tools/adb -P 5037 -s 5483e9c3 shell settings delete global hidden_api_policy'
2020-05-20 23:12:20:857 - [debug] [35m[BaseDriver][39m Event 'quitSessionFinished' logged at 1589987540857 (23:12:20 GMT+0800 (China Standard Time))
2020-05-20 23:12:20:857 - [debug] [35m[W3C (1c27f91f)][39m Received response: null
2020-05-20 23:12:20:858 - [debug] [35m[W3C (1c27f91f)][39m But deleting session, so not returning
2020-05-20 23:12:20:858 - [debug] [35m[W3C (1c27f91f)][39m Responding to client with driver.deleteSession() result: null
2020-05-20 23:12:20:859 - [35m[HTTP][39m [37m<-- DELETE /wd/hub/session/1c27f91f-e7a8-4662-87c6-b2ba2c869b34 [39m[32m200[39m [90m280 ms - 14[39m
2020-05-20 23:12:20:859 - [35m[HTTP][39m [90m[39m
2020-05-20 23:12:21:304 - [35m[Appium][39m Received SIGTERM - shutting down
2020-05-20 23:12:21:492 - [debug] [35m[Instrumentation][39m .
2020-05-20 23:12:21:935 - [debug] [35m[Instrumentation][39m Time: 15.048
2020-05-20 23:12:21:935 - [debug] [35m[Instrumentation][39m 
2020-05-20 23:12:21:935 - [debug] [35m[Instrumentation][39m OK (1 test)
2020-05-20 23:12:22:267 - [debug] [35m[Instrumentation][39m The process has exited with code 0
