2020-05-20 22:53:48:893 - [35m[Appium][39m Welcome to Appium v1.14.1
2020-05-20 22:53:48:896 - [35m[Appium][39m Non-default server args:
2020-05-20 22:53:48:897 - [35m[Appium][39m   port: 4725
2020-05-20 22:53:48:897 - [35m[Appium][39m   bootstrapPort: 6725
2020-05-20 22:53:48:897 - [35m[Appium][39m   logTimestamp: true
2020-05-20 22:53:48:897 - [35m[Appium][39m   localTimezone: true
2020-05-20 22:53:48:898 - [35m[Appium][39m   udid: 5483e9c3
2020-05-20 22:53:48:898 - [35m[Appium][39m Deprecated server args:
2020-05-20 22:53:48:898 - [35m[Appium][39m   [31m-U,--udid[39m => --default-capabilities '{"udid":"5483e9c3"}'
2020-05-20 22:53:48:899 - [35m[Appium][39m Default capabilities, which will be added to each request unless overridden by desired capabilities:
2020-05-20 22:53:48:899 - [35m[Appium][39m   udid: 5483e9c3
2020-05-20 22:53:48:922 - [35m[Appium][39m Appium REST http interface listener started on 0.0.0.0:4725
2020-05-20 22:53:51:406 - [35m[HTTP][39m [37m-->[39m [37mPOST[39m [37m/wd/hub/session[39m
2020-05-20 22:53:51:407 - [35m[HTTP][39m [90m{"capabilities":{"firstMatch":[{"platformName":"Android","appium:deviceName":"5483e9c3","appium:appPackage":"com.xueqiu.android","appium:platformVersion":"7.1.2","appium:appActivity":".view.WelcomeActivityAlias","appium:unicodeKeyboard":true,"appium:resetKeyboard":true,"appium:newCommandTimeout":120,"appium:systemPort":6725,"appium:noReset":true,"appium:autoGrantPermissions":true}]},"desiredCapabilities":{"platformName":"Android","deviceName":"5483e9c3","appPackage":"com.xueqiu.android","platformVersion":"7.1.2","appActivity":".view.WelcomeActivityAlias","unicodeKeyboard":true,"resetKeyboard":true,"newCommandTimeout":120,"systemPort":6725,"noReset":true,"autoGrantPermissions":true}}[39m
2020-05-20 22:53:51:408 - [debug] [35m[W3C][39m Calling AppiumDriver.createSession() with args: [{"platformName":"Android","deviceName":"5483e9c3","appPackage":"com.xueqiu.android","platformVersion":"7.1.2","appActivity":".view.WelcomeActivityAlias","unicodeKeyboard":true,"resetKeyboard":true,"newCommandTimeout":120,"systemPort":6725,"noReset":true,"autoGrantPermissions":true},null,{"firstMatch":[{"platformName":"Android","appium:deviceName":"5483e9c3","appium:appPackage":"com.xueqiu.android","appium:platformVersion":"7.1.2","appium:appActivity":".view.WelcomeActivityAlias","appium:unicodeKeyboard":true,"appium:resetKeyboard":true,"appium:newCommandTimeout":120,"appium:systemPort":6725,"appium:noReset":true,"appium:autoGrantPermissions":true}]}]
2020-05-20 22:53:51:409 - [debug] [35m[BaseDriver][39m Event 'newSessionRequested' logged at 1589986431409 (22:53:51 GMT+0800 (China Standard Time))
2020-05-20 22:53:51:412 - [35m[BaseDriver][39m The capabilities ["udid"] are not standard capabilities and should have an extension prefix
2020-05-20 22:53:51:416 - [35m[Appium][39m 
2020-05-20 22:53:51:416 - [35m[Appium][39m ======================================================================
2020-05-20 22:53:51:416 - [35m[Appium][39m   DEPRECATION WARNING:
2020-05-20 22:53:51:416 - [35m[Appium][39m 
2020-05-20 22:53:51:417 - [35m[Appium][39m   The 'automationName' capability was not provided in the desired 
2020-05-20 22:53:51:417 - [35m[Appium][39m   capabilities for this Android session
2020-05-20 22:53:51:417 - [35m[Appium][39m 
2020-05-20 22:53:51:417 - [35m[Appium][39m   Setting 'automationName=UiAutomator2' by default and using the 
2020-05-20 22:53:51:417 - [35m[Appium][39m   UiAutomator2 Driver
2020-05-20 22:53:51:417 - [35m[Appium][39m 
2020-05-20 22:53:51:417 - [35m[Appium][39m   The next major version of Appium (2.x) will **require** the 
2020-05-20 22:53:51:417 - [35m[Appium][39m   'automationName' capability to be set for all sessions on all 
2020-05-20 22:53:51:418 - [35m[Appium][39m   platforms
2020-05-20 22:53:51:418 - [35m[Appium][39m 
2020-05-20 22:53:51:418 - [35m[Appium][39m   In previous versions (Appium <= 1.13.x), the default was 
2020-05-20 22:53:51:418 - [35m[Appium][39m   'automationName=UiAutomator1'
2020-05-20 22:53:51:418 - [35m[Appium][39m 
2020-05-20 22:53:51:418 - [35m[Appium][39m   If you wish to use that automation instead of UiAutomator2, please 
2020-05-20 22:53:51:418 - [35m[Appium][39m   add 'automationName=UiAutomator1' to your desired capabilities
2020-05-20 22:53:51:418 - [35m[Appium][39m 
2020-05-20 22:53:51:418 - [35m[Appium][39m   For more information about drivers, please visit 
2020-05-20 22:53:51:419 - [35m[Appium][39m   http://appium.io/docs/en/about-appium/intro/ and explore the 
2020-05-20 22:53:51:419 - [35m[Appium][39m   'Drivers' menu
2020-05-20 22:53:51:419 - [35m[Appium][39m 
2020-05-20 22:53:51:419 - [35m[Appium][39m ======================================================================
2020-05-20 22:53:51:419 - [35m[Appium][39m 
2020-05-20 22:53:51:669 - [35m[Appium][39m Appium v1.14.1 creating new AndroidUiautomator2Driver (v1.34.0) session
2020-05-20 22:53:51:669 - [35m[Appium][39m Capabilities:
2020-05-20 22:53:51:670 - [35m[Appium][39m   platformName: Android
2020-05-20 22:53:51:670 - [35m[Appium][39m   udid: 5483e9c3
2020-05-20 22:53:51:670 - [35m[Appium][39m   deviceName: 5483e9c3
2020-05-20 22:53:51:670 - [35m[Appium][39m   appPackage: com.xueqiu.android
2020-05-20 22:53:51:670 - [35m[Appium][39m   platformVersion: 7.1.2
2020-05-20 22:53:51:670 - [35m[Appium][39m   appActivity: .view.WelcomeActivityAlias
2020-05-20 22:53:51:670 - [35m[Appium][39m   unicodeKeyboard: true
2020-05-20 22:53:51:671 - [35m[Appium][39m   resetKeyboard: true
2020-05-20 22:53:51:671 - [35m[Appium][39m   newCommandTimeout: 120
2020-05-20 22:53:51:671 - [35m[Appium][39m   systemPort: 6725
2020-05-20 22:53:51:671 - [35m[Appium][39m   noReset: true
2020-05-20 22:53:51:671 - [35m[Appium][39m   autoGrantPermissions: true
2020-05-20 22:53:51:673 - [debug] [35m[BaseDriver][39m W3C capabilities and MJSONWP desired capabilities were provided
2020-05-20 22:53:51:673 - [debug] [35m[BaseDriver][39m Creating session with W3C capabilities: {
2020-05-20 22:53:51:673 - [debug] [35m[BaseDriver][39m   "alwaysMatch": {
2020-05-20 22:53:51:674 - [debug] [35m[BaseDriver][39m     "platformName": "Android",
2020-05-20 22:53:51:674 - [debug] [35m[BaseDriver][39m     "appium:udid": "5483e9c3",
2020-05-20 22:53:51:674 - [debug] [35m[BaseDriver][39m     "appium:deviceName": "5483e9c3",
2020-05-20 22:53:51:674 - [debug] [35m[BaseDriver][39m     "appium:appPackage": "com.xueqiu.android",
2020-05-20 22:53:51:674 - [debug] [35m[BaseDriver][39m     "appium:platformVersion": "7.1.2",
2020-05-20 22:53:51:674 - [debug] [35m[BaseDriver][39m     "appium:appActivity": ".view.WelcomeActivityAlias",
2020-05-20 22:53:51:674 - [debug] [35m[BaseDriver][39m     "appium:unicodeKeyboard": true,
2020-05-20 22:53:51:674 - [debug] [35m[BaseDriver][39m     "appium:resetKeyboard": true,
2020-05-20 22:53:51:674 - [debug] [35m[BaseDriver][39m     "appium:newCommandTimeout": 120,
2020-05-20 22:53:51:675 - [debug] [35m[BaseDriver][39m     "appium:systemPort": 6725,
2020-05-20 22:53:51:675 - [debug] [35m[BaseDriver][39m     "appium:noReset": true,
2020-05-20 22:53:51:675 - [debug] [35m[BaseDriver][39m     "appium:autoGrantPermissions": true
2020-05-20 22:53:51:675 - [debug] [35m[BaseDriver][39m   },
2020-05-20 22:53:51:675 - [debug] [35m[BaseDriver][39m   "firstMatch": [
2020-05-20 22:53:51:675 - [debug] [35m[BaseDriver][39m     {}
2020-05-20 22:53:51:675 - [debug] [35m[BaseDriver][39m   ]
2020-05-20 22:53:51:675 - [debug] [35m[BaseDriver][39m }
2020-05-20 22:53:51:683 - [35m[BaseDriver][39m Session created with session id: a988423e-3596-492b-82a0-39d146405bd8
2020-05-20 22:53:51:723 - [35m[ADB][39m Found 42 'build-tools' folders under '/Users/tangyao/Android/sdk' (newest first):
2020-05-20 22:53:51:723 - [35m[ADB][39m     /Users/tangyao/Android/sdk/build-tools/30.0.0-rc2
2020-05-20 22:53:51:724 - [35m[ADB][39m     /Users/tangyao/Android/sdk/build-tools/29.0.2
2020-05-20 22:53:51:724 - [35m[ADB][39m     /Users/tangyao/Android/sdk/build-tools/29.0.0-rc2
2020-05-20 22:53:51:724 - [35m[ADB][39m     /Users/tangyao/Android/sdk/build-tools/28.0.3
2020-05-20 22:53:51:724 - [35m[ADB][39m     /Users/tangyao/Android/sdk/build-tools/28.0.2
2020-05-20 22:53:51:724 - [35m[ADB][39m     /Users/tangyao/Android/sdk/build-tools/28.0.1
2020-05-20 22:53:51:724 - [35m[ADB][39m     /Users/tangyao/Android/sdk/build-tools/28.0.0
2020-05-20 22:53:51:724 - [35m[ADB][39m     /Users/tangyao/Android/sdk/build-tools/28.0.0-rc2
2020-05-20 22:53:51:724 - [35m[ADB][39m     /Users/tangyao/Android/sdk/build-tools/28.0.0-rc1
2020-05-20 22:53:51:725 - [35m[ADB][39m     /Users/tangyao/Android/sdk/build-tools/27.0.3
2020-05-20 22:53:51:725 - [35m[ADB][39m     /Users/tangyao/Android/sdk/build-tools/26.0.1
2020-05-20 22:53:51:725 - [35m[ADB][39m     /Users/tangyao/Android/sdk/build-tools/26.0.0
2020-05-20 22:53:51:725 - [35m[ADB][39m     /Users/tangyao/Android/sdk/build-tools/25.0.3
2020-05-20 22:53:51:725 - [35m[ADB][39m     /Users/tangyao/Android/sdk/build-tools/25.0.2
2020-05-20 22:53:51:725 - [35m[ADB][39m     /Users/tangyao/Android/sdk/build-tools/25.0.1
2020-05-20 22:53:51:725 - [35m[ADB][39m     /Users/tangyao/Android/sdk/build-tools/25.0.0
2020-05-20 22:53:51:725 - [35m[ADB][39m     /Users/tangyao/Android/sdk/build-tools/24.0.3
2020-05-20 22:53:51:726 - [35m[ADB][39m     /Users/tangyao/Android/sdk/build-tools/24.0.2
2020-05-20 22:53:51:726 - [35m[ADB][39m     /Users/tangyao/Android/sdk/build-tools/24.0.1
2020-05-20 22:53:51:726 - [35m[ADB][39m     /Users/tangyao/Android/sdk/build-tools/24.0.0
2020-05-20 22:53:51:726 - [35m[ADB][39m     /Users/tangyao/Android/sdk/build-tools/23.0.3
2020-05-20 22:53:51:726 - [35m[ADB][39m     /Users/tangyao/Android/sdk/build-tools/23.0.2
2020-05-20 22:53:51:726 - [35m[ADB][39m     /Users/tangyao/Android/sdk/build-tools/23.0.1
2020-05-20 22:53:51:726 - [35m[ADB][39m     /Users/tangyao/Android/sdk/build-tools/23.0.0
2020-05-20 22:53:51:726 - [35m[ADB][39m     /Users/tangyao/Android/sdk/build-tools/22.0.1
2020-05-20 22:53:51:726 - [35m[ADB][39m     /Users/tangyao/Android/sdk/build-tools/22.0.0
2020-05-20 22:53:51:727 - [35m[ADB][39m     /Users/tangyao/Android/sdk/build-tools/21.1.2
2020-05-20 22:53:51:727 - [35m[ADB][39m     /Users/tangyao/Android/sdk/build-tools/21.1.1
2020-05-20 22:53:51:727 - [35m[ADB][39m     /Users/tangyao/Android/sdk/build-tools/21.1.0
2020-05-20 22:53:51:727 - [35m[ADB][39m     /Users/tangyao/Android/sdk/build-tools/21.0.2
2020-05-20 22:53:51:727 - [35m[ADB][39m     /Users/tangyao/Android/sdk/build-tools/21.0.1
2020-05-20 22:53:51:727 - [35m[ADB][39m     /Users/tangyao/Android/sdk/build-tools/21.0.0
2020-05-20 22:53:51:727 - [35m[ADB][39m     /Users/tangyao/Android/sdk/build-tools/20.0.0
2020-05-20 22:53:51:727 - [35m[ADB][39m     /Users/tangyao/Android/sdk/build-tools/19.1.0
2020-05-20 22:53:51:727 - [35m[ADB][39m     /Users/tangyao/Android/sdk/build-tools/19.0.3
2020-05-20 22:53:51:728 - [35m[ADB][39m     /Users/tangyao/Android/sdk/build-tools/19.0.2
2020-05-20 22:53:51:728 - [35m[ADB][39m     /Users/tangyao/Android/sdk/build-tools/19.0.1
2020-05-20 22:53:51:728 - [35m[ADB][39m     /Users/tangyao/Android/sdk/build-tools/19.0.0
2020-05-20 22:53:51:729 - [35m[ADB][39m     /Users/tangyao/Android/sdk/build-tools/18.1.1
2020-05-20 22:53:51:729 - [35m[ADB][39m     /Users/tangyao/Android/sdk/build-tools/18.1.0
2020-05-20 22:53:51:729 - [35m[ADB][39m     /Users/tangyao/Android/sdk/build-tools/18.0.1
2020-05-20 22:53:51:729 - [35m[ADB][39m     /Users/tangyao/Android/sdk/build-tools/17.0.0
2020-05-20 22:53:51:734 - [35m[ADB][39m Using 'adb' from '/Users/tangyao/Android/sdk/platform-tools/adb'
2020-05-20 22:53:51:735 - [35m[AndroidDriver][39m Retrieving device list
2020-05-20 22:53:51:735 - [debug] [35m[ADB][39m Trying to find a connected android device
2020-05-20 22:53:51:735 - [debug] [35m[ADB][39m Getting connected devices...
2020-05-20 22:53:51:770 - [debug] [35m[ADB][39m 2 device(s) connected
2020-05-20 22:53:51:771 - [35m[AndroidDriver][39m Using device: 5483e9c3
2020-05-20 22:53:51:772 - [35m[ADB][39m Using 'adb' from '/Users/tangyao/Android/sdk/platform-tools/adb'
2020-05-20 22:53:51:772 - [debug] [35m[ADB][39m Setting device id to 5483e9c3
2020-05-20 22:53:51:773 - [debug] [35m[ADB][39m Running '/Users/tangyao/Android/sdk/platform-tools/adb -P 5037 -s 5483e9c3 shell getprop ro.build.version.sdk'
2020-05-20 22:53:51:862 - [debug] [35m[ADB][39m Current device property 'ro.build.version.sdk': 29
2020-05-20 22:53:51:863 - [debug] [35m[ADB][39m Device API level: 29
2020-05-20 22:53:51:863 - [35m[UiAutomator2][39m Relaxing hidden api policy
2020-05-20 22:53:51:863 - [debug] [35m[ADB][39m Running '/Users/tangyao/Android/sdk/platform-tools/adb -P 5037 -s 5483e9c3 shell settings put global hidden_api_policy_pre_p_apps 1'
2020-05-20 22:53:51:948 - [debug] [35m[ADB][39m Running '/Users/tangyao/Android/sdk/platform-tools/adb -P 5037 -s 5483e9c3 shell settings put global hidden_api_policy_p_apps 1'
2020-05-20 22:53:52:033 - [debug] [35m[ADB][39m Running '/Users/tangyao/Android/sdk/platform-tools/adb -P 5037 -s 5483e9c3 shell settings put global hidden_api_policy 1'
2020-05-20 22:53:52:130 - [35m[AndroidDriver][39m No app sent in, not parsing package/activity
2020-05-20 22:53:52:131 - [debug] [35m[ADB][39m Running '/Users/tangyao/Android/sdk/platform-tools/adb -P 5037 -s 5483e9c3 wait-for-device'
2020-05-20 22:53:52:140 - [debug] [35m[ADB][39m Running '/Users/tangyao/Android/sdk/platform-tools/adb -P 5037 -s 5483e9c3 shell echo ping'
2020-05-20 22:53:52:197 - [debug] [35m[AndroidDriver][39m Pushing settings apk to device...
2020-05-20 22:53:52:198 - [debug] [35m[ADB][39m Getting install status for io.appium.settings
2020-05-20 22:53:52:198 - [debug] [35m[ADB][39m Running '/Users/tangyao/Android/sdk/platform-tools/adb -P 5037 -s 5483e9c3 shell dumpsys package io.appium.settings'
2020-05-20 22:53:52:292 - [debug] [35m[ADB][39m 'io.appium.settings' is installed
2020-05-20 22:53:52:292 - [debug] [35m[ADB][39m Getting package info for 'io.appium.settings'
2020-05-20 22:53:52:293 - [debug] [35m[ADB][39m Running '/Users/tangyao/Android/sdk/platform-tools/adb -P 5037 -s 5483e9c3 shell dumpsys package io.appium.settings'
2020-05-20 22:53:52:365 - [35m[ADB][39m Using 'apkanalyzer' from '/Users/tangyao/Android/sdk/tools/bin/apkanalyzer'
2020-05-20 22:53:52:365 - [debug] [35m[ADB][39m Starting '/Users/tangyao/Android/sdk/tools/bin/apkanalyzer' with args ["manifest","print","/usr/local/lib/node_modules/appium/node_modules/_io.appium.settings@2.14.1@io.appium.settings/apks/settings_apk-debug.apk"]
2020-05-20 22:53:55:157 - [debug] [35m[ADB][39m The version name of the installed 'io.appium.settings' is greater or equal to the application version name ('2.14.1' >= '2.14.1')
2020-05-20 22:53:55:158 - [debug] [35m[ADB][39m There is no need to install/upgrade '/usr/local/lib/node_modules/appium/node_modules/_io.appium.settings@2.14.1@io.appium.settings/apks/settings_apk-debug.apk'
2020-05-20 22:53:55:158 - [debug] [35m[ADB][39m Getting IDs of all 'io.appium.settings' processes
2020-05-20 22:53:55:159 - [debug] [35m[ADB][39m Running '/Users/tangyao/Android/sdk/platform-tools/adb -P 5037 -s 5483e9c3 shell 'pgrep --help; echo $?''
2020-05-20 22:53:55:257 - [debug] [35m[ADB][39m Running '/Users/tangyao/Android/sdk/platform-tools/adb -P 5037 -s 5483e9c3 shell pgrep -f io\.appium\.settings'
2020-05-20 22:53:55:361 - [debug] [35m[AndroidDriver][39m io.appium.settings is already running. There is no need to reset its permissions.
2020-05-20 22:53:55:362 - [debug] [35m[ADB][39m Running '/Users/tangyao/Android/sdk/platform-tools/adb -P 5037 -s 5483e9c3 shell appops set io.appium.settings android\:mock_location allow'
2020-05-20 22:53:55:467 - [debug] [35m[Logcat][39m Starting logcat capture
2020-05-20 22:53:55:523 - [debug] [35m[AndroidDriver][39m Enabling Unicode keyboard support
2020-05-20 22:53:55:523 - [debug] [35m[ADB][39m Running '/Users/tangyao/Android/sdk/platform-tools/adb -P 5037 -s 5483e9c3 shell settings get secure default_input_method'
2020-05-20 22:53:55:607 - [debug] [35m[AndroidDriver][39m Unsetting previous IME io.appium.settings/.UnicodeIME
2020-05-20 22:53:55:607 - [debug] [35m[AndroidDriver][39m Setting IME to 'io.appium.settings/.UnicodeIME'
2020-05-20 22:53:55:608 - [debug] [35m[ADB][39m Running '/Users/tangyao/Android/sdk/platform-tools/adb -P 5037 -s 5483e9c3 shell ime enable io.appium.settings/.UnicodeIME'
2020-05-20 22:53:55:673 - [debug] [35m[ADB][39m Running '/Users/tangyao/Android/sdk/platform-tools/adb -P 5037 -s 5483e9c3 shell ime set io.appium.settings/.UnicodeIME'
2020-05-20 22:53:55:741 - [debug] [35m[ADB][39m Getting install status for io.appium.uiautomator2.server
2020-05-20 22:53:55:742 - [debug] [35m[ADB][39m Running '/Users/tangyao/Android/sdk/platform-tools/adb -P 5037 -s 5483e9c3 shell dumpsys package io.appium.uiautomator2.server'
2020-05-20 22:53:55:812 - [debug] [35m[ADB][39m 'io.appium.uiautomator2.server' is installed
2020-05-20 22:53:55:812 - [debug] [35m[ADB][39m Getting package info for 'io.appium.uiautomator2.server'
2020-05-20 22:53:55:813 - [debug] [35m[ADB][39m Running '/Users/tangyao/Android/sdk/platform-tools/adb -P 5037 -s 5483e9c3 shell dumpsys package io.appium.uiautomator2.server'
2020-05-20 22:53:55:892 - [debug] [35m[ADB][39m Starting '/Users/tangyao/Android/sdk/tools/bin/apkanalyzer' with args ["manifest","print","/usr/local/lib/node_modules/appium/node_modules/_appium-uiautomator2-server@3.8.1@appium-uiautomator2-server/apks/appium-uiautomator2-server-v3.8.1.apk"]
2020-05-20 22:53:58:200 - [debug] [35m[ADB][39m The version name of the installed 'io.appium.uiautomator2.server' is greater or equal to the application version name ('3.8.1' >= '3.8.1')
2020-05-20 22:53:58:200 - [debug] [35m[UiAutomator2][39m io.appium.uiautomator2.server installation state: sameVersionInstalled
2020-05-20 22:53:58:201 - [debug] [35m[ADB][39m Checking app cert for /usr/local/lib/node_modules/appium/node_modules/_appium-uiautomator2-server@3.8.1@appium-uiautomator2-server/apks/appium-uiautomator2-server-v3.8.1.apk
2020-05-20 22:53:58:202 - [35m[ADB][39m Using 'apksigner' from '/Users/tangyao/Android/sdk/build-tools/30.0.0-rc2/apksigner'
2020-05-20 22:53:58:202 - [debug] [35m[ADB][39m Starting '/Users/tangyao/Android/sdk/build-tools/30.0.0-rc2/apksigner' with args '["verify","--print-certs","/usr/local/lib/node_modules/appium/node_modules/_appium-uiautomator2-server@3.8.1@appium-uiautomator2-server/apks/appium-uiautomator2-server-v3.8.1.apk"]'
2020-05-20 22:53:58:386 - [35m[ADB][39m Got an error during apksigner execution: Command '/Users/tangyao/Android/sdk/build-tools/30.0.0-rc2/apksigner verify --print-certs /usr/local/lib/node_modules/appium/node_modules/_appium-uiautomator2-server\@3.8.1\@appium-uiautomator2-server/apks/appium-uiautomator2-server-v3.8.1.apk' exited with code 1
2020-05-20 22:53:58:386 - [35m[ADB][39m apksigner stderr: Error: A JNI error has occurred, please check your installation and try again
2020-05-20 22:53:58:387 - [35m[ADB][39m Exception in thread "main" java.lang.UnsupportedClassVersionError: com/android/apksigner/ApkSignerTool has been compiled by a more recent version of the Java Runtime (class file version 53.0), this version of the Java Runtime only recognizes class file versions up to 52.0
2020-05-20 22:53:58:387 - [35m[ADB][39m 	at java.lang.ClassLoader.defineClass1(Native Method)
2020-05-20 22:53:58:387 - [35m[ADB][39m 	at java.lang.ClassLoader.defineClass(ClassLoader.java:763)
2020-05-20 22:53:58:387 - [35m[ADB][39m 	at java.security.SecureClassLoader.defineClass(SecureClassLoader.java:142)
2020-05-20 22:53:58:387 - [35m[ADB][39m 	at java.net.URLClassLoader.defineClass(URLClassLoader.java:467)
2020-05-20 22:53:58:387 - [35m[ADB][39m 	at java.net.URLClassLoader.access$100(URLClassLoader.java:73)
2020-05-20 22:53:58:387 - [35m[ADB][39m 	at java.net.URLClassLoader$1.run(URLClassLoader.java:368)
2020-05-20 22:53:58:387 - [35m[ADB][39m 	at java.net.URLClassLoader$1.run(URLClassLoader.java:362)
2020-05-20 22:53:58:387 - [35m[ADB][39m 	at java.security.AccessController.doPrivileged(Native Method)
2020-05-20 22:53:58:388 - [35m[ADB][39m 	at java.net.URLClassLoader.findClass(URLClassLoader.java:361)
2020-05-20 22:53:58:388 - [35m[ADB][39m 	at java.lang.ClassLoader.loadClass(ClassLoader.java:424)
2020-05-20 22:53:58:388 - [35m[ADB][39m 	at sun.misc.Launcher$AppClassLoader.loadClass(Launcher.java:349)
2020-05-20 22:53:58:388 - [35m[ADB][39m 	at java.lang.ClassLoader.loadClass(ClassLoader.java:357)
2020-05-20 22:53:58:388 - [35m[ADB][39m 	at sun.launcher.LauncherHelper.checkAndLoadMain(LauncherHelper.java:495)
2020-05-20 22:53:58:388 - [35m[ADB][39m 
2020-05-20 22:53:58:388 - [35m[ADB][39m Cannot use apksigner tool for signature verification. Original error: Command '/Users/tangyao/Android/sdk/build-tools/30.0.0-rc2/apksigner verify --print-certs /usr/local/lib/node_modules/appium/node_modules/_appium-uiautomator2-server\@3.8.1\@appium-uiautomator2-server/apks/appium-uiautomator2-server-v3.8.1.apk' exited with code 1
2020-05-20 22:53:58:388 - [debug] [35m[ADB][39m Defaulting to verify.jar
2020-05-20 22:53:58:769 - [debug] [35m[ADB][39m '/usr/local/lib/node_modules/appium/node_modules/_appium-uiautomator2-server@3.8.1@appium-uiautomator2-server/apks/appium-uiautomator2-server-v3.8.1.apk' is already signed.
2020-05-20 22:53:58:769 - [debug] [35m[ADB][39m Getting install status for io.appium.uiautomator2.server.test
2020-05-20 22:53:58:769 - [debug] [35m[ADB][39m Running '/Users/tangyao/Android/sdk/platform-tools/adb -P 5037 -s 5483e9c3 shell dumpsys package io.appium.uiautomator2.server.test'
2020-05-20 22:53:58:870 - [debug] [35m[ADB][39m 'io.appium.uiautomator2.server.test' is installed
2020-05-20 22:53:58:871 - [debug] [35m[ADB][39m Checking app cert for /usr/local/lib/node_modules/appium/node_modules/_appium-uiautomator2-server@3.8.1@appium-uiautomator2-server/apks/appium-uiautomator2-server-debug-androidTest.apk
2020-05-20 22:53:58:871 - [debug] [35m[ADB][39m Starting '/Users/tangyao/Android/sdk/build-tools/30.0.0-rc2/apksigner' with args '["verify","--print-certs","/usr/local/lib/node_modules/appium/node_modules/_appium-uiautomator2-server@3.8.1@appium-uiautomator2-server/apks/appium-uiautomator2-server-debug-androidTest.apk"]'
2020-05-20 22:53:59:048 - [35m[ADB][39m Got an error during apksigner execution: Command '/Users/tangyao/Android/sdk/build-tools/30.0.0-rc2/apksigner verify --print-certs /usr/local/lib/node_modules/appium/node_modules/_appium-uiautomator2-server\@3.8.1\@appium-uiautomator2-server/apks/appium-uiautomator2-server-debug-androidTest.apk' exited with code 1
2020-05-20 22:53:59:048 - [35m[ADB][39m apksigner stderr: Error: A JNI error has occurred, please check your installation and try again
2020-05-20 22:53:59:048 - [35m[ADB][39m Exception in thread "main" java.lang.UnsupportedClassVersionError: com/android/apksigner/ApkSignerTool has been compiled by a more recent version of the Java Runtime (class file version 53.0), this version of the Java Runtime only recognizes class file versions up to 52.0
2020-05-20 22:53:59:048 - [35m[ADB][39m 	at java.lang.ClassLoader.defineClass1(Native Method)
2020-05-20 22:53:59:048 - [35m[ADB][39m 	at java.lang.ClassLoader.defineClass(ClassLoader.java:763)
2020-05-20 22:53:59:048 - [35m[ADB][39m 	at java.security.SecureClassLoader.defineClass(SecureClassLoader.java:142)
2020-05-20 22:53:59:048 - [35m[ADB][39m 	at java.net.URLClassLoader.defineClass(URLClassLoader.java:467)
2020-05-20 22:53:59:048 - [35m[ADB][39m 	at java.net.URLClassLoader.access$100(URLClassLoader.java:73)
2020-05-20 22:53:59:049 - [35m[ADB][39m 	at java.net.URLClassLoader$1.run(URLClassLoader.java:368)
2020-05-20 22:53:59:049 - [35m[ADB][39m 	at java.net.URLClassLoader$1.run(URLClassLoader.java:362)
2020-05-20 22:53:59:049 - [35m[ADB][39m 	at java.security.AccessController.doPrivileged(Native Method)
2020-05-20 22:53:59:049 - [35m[ADB][39m 	at java.net.URLClassLoader.findClass(URLClassLoader.java:361)
2020-05-20 22:53:59:049 - [35m[ADB][39m 	at java.lang.ClassLoader.loadClass(ClassLoader.java:424)
2020-05-20 22:53:59:049 - [35m[ADB][39m 	at sun.misc.Launcher$AppClassLoader.loadClass(Launcher.java:349)
2020-05-20 22:53:59:049 - [35m[ADB][39m 	at java.lang.ClassLoader.loadClass(ClassLoader.java:357)
2020-05-20 22:53:59:049 - [35m[ADB][39m 	at sun.launcher.LauncherHelper.checkAndLoadMain(LauncherHelper.java:495)
2020-05-20 22:53:59:049 - [35m[ADB][39m 
2020-05-20 22:53:59:050 - [35m[ADB][39m Cannot use apksigner tool for signature verification. Original error: Command '/Users/tangyao/Android/sdk/build-tools/30.0.0-rc2/apksigner verify --print-certs /usr/local/lib/node_modules/appium/node_modules/_appium-uiautomator2-server\@3.8.1\@appium-uiautomator2-server/apks/appium-uiautomator2-server-debug-androidTest.apk' exited with code 1
2020-05-20 22:53:59:050 - [debug] [35m[ADB][39m Defaulting to verify.jar
2020-05-20 22:53:59:397 - [debug] [35m[ADB][39m '/usr/local/lib/node_modules/appium/node_modules/_appium-uiautomator2-server@3.8.1@appium-uiautomator2-server/apks/appium-uiautomator2-server-debug-androidTest.apk' is already signed.
2020-05-20 22:53:59:398 - [35m[UiAutomator2][39m Server packages are not going to be (re)installed
2020-05-20 22:53:59:398 - [debug] [35m[UiAutomator2][39m Waiting up to 30000ms for services to be available
2020-05-20 22:53:59:399 - [debug] [35m[ADB][39m Running '/Users/tangyao/Android/sdk/platform-tools/adb -P 5037 -s 5483e9c3 shell pm list instrumentation'
2020-05-20 22:53:59:509 - [debug] [35m[UiAutomator2][39m Instrumentation target 'io.appium.uiautomator2.server.test/androidx.test.runner.AndroidJUnitRunner' is available
2020-05-20 22:53:59:510 - [debug] [35m[UiAutomator2][39m Forwarding UiAutomator2 Server port 6790 to 6725
2020-05-20 22:53:59:510 - [debug] [35m[ADB][39m Forwarding system: 6725 to device: 6790
2020-05-20 22:53:59:510 - [debug] [35m[ADB][39m Running '/Users/tangyao/Android/sdk/platform-tools/adb -P 5037 -s 5483e9c3 forward tcp\:6725 tcp\:6790'
2020-05-20 22:53:59:523 - [debug] [35m[UiAutomator2][39m No app capability. Assuming it is already on the device
2020-05-20 22:53:59:523 - [debug] [35m[UiAutomator2][39m Performing shallow cleanup of automation leftovers
2020-05-20 22:53:59:561 - [debug] [35m[UiAutomator2][39m No obsolete sessions have been detected (Error: socket hang up)
2020-05-20 22:53:59:561 - [debug] [35m[ADB][39m Running '/Users/tangyao/Android/sdk/platform-tools/adb -P 5037 -s 5483e9c3 shell am force-stop io.appium.uiautomator2.server.test'
2020-05-20 22:53:59:681 - [35m[UiAutomator2][39m Starting UIAutomator2 server 3.8.1
2020-05-20 22:53:59:681 - [35m[UiAutomator2][39m Using UIAutomator2 server from '/usr/local/lib/node_modules/appium/node_modules/_appium-uiautomator2-server@3.8.1@appium-uiautomator2-server/apks/appium-uiautomator2-server-v3.8.1.apk' and test from '/usr/local/lib/node_modules/appium/node_modules/_appium-uiautomator2-server@3.8.1@appium-uiautomator2-server/apks/appium-uiautomator2-server-debug-androidTest.apk'
2020-05-20 22:53:59:682 - [35m[UiAutomator2][39m Waiting up to 30000ms for UiAutomator2 to be online...
2020-05-20 22:53:59:682 - [debug] [35m[ADB][39m Creating ADB subprocess with args: ["-P",5037,"-s","5483e9c3","shell","am","instrument","-w","io.appium.uiautomator2.server.test/androidx.test.runner.AndroidJUnitRunner"]
2020-05-20 22:54:00:691 - [debug] [35m[WD Proxy][39m Matched '/status' to command name 'getStatus'
2020-05-20 22:54:00:692 - [debug] [35m[WD Proxy][39m Proxying [GET /status] to [GET http://localhost:6725/wd/hub/status] with no body
2020-05-20 22:54:00:702 - [35m[WD Proxy][39m Got an unexpected response: {"code":"ECONNRESET"}
2020-05-20 22:54:00:708 - [debug] [35m[Instrumentation][39m io.appium.uiautomator2.server.test.AppiumUiAutomator2Server:
2020-05-20 22:54:01:707 - [debug] [35m[WD Proxy][39m Matched '/status' to command name 'getStatus'
2020-05-20 22:54:01:707 - [debug] [35m[WD Proxy][39m Proxying [GET /status] to [GET http://localhost:6725/wd/hub/status] with no body
2020-05-20 22:54:01:723 - [35m[WD Proxy][39m Got an unexpected response: {"code":"ECONNRESET"}
2020-05-20 22:54:02:728 - [debug] [35m[WD Proxy][39m Matched '/status' to command name 'getStatus'
2020-05-20 22:54:02:729 - [debug] [35m[WD Proxy][39m Proxying [GET /status] to [GET http://localhost:6725/wd/hub/status] with no body
2020-05-20 22:54:02:825 - [debug] [35m[WD Proxy][39m Got response with status 200: {"sessionId":"None","status":0,"value":"Status Invoked"}
2020-05-20 22:54:02:826 - [debug] [35m[WD Proxy][39m Determined the downstream protocol as 'MJSONWP'
2020-05-20 22:54:02:826 - [debug] [35m[UiAutomator2][39m The initialization of the instrumentation process took 3145ms
2020-05-20 22:54:02:826 - [debug] [35m[WD Proxy][39m Matched '/session' to command name 'createSession'
2020-05-20 22:54:02:827 - [debug] [35m[WD Proxy][39m Proxying [POST /session] to [POST http://localhost:6725/wd/hub/session] with body: {"desiredCapabilities":{"platform":"LINUX","webStorageEnabled":false,"takesScreenshot":true,"javascriptEnabled":true,"databaseEnabled":false,"networkConnectionEnabled":true,"locationContextEnabled":false,"warnings":{},"desired":{"platformName":"Android","udid":"5483e9c3","deviceName":"5483e9c3","appPackage":"com.xueqiu.android","platformVersion":"7.1.2","appActivity":".view.WelcomeActivityAlias","unicodeKeyboard":true,"resetKeyboard":true,"newCommandTimeout":120,"systemPort":6725,"noReset":true,"autoGrantPermissions":true},"platformName":"Android","udid":"5483e9c3","deviceName":"5483e9c3","appPackage":"com.xueqiu.android","platformVersion":"7.1.2","appActivity":".view.WelcomeActivityAlias","unicodeKeyboard":true,"resetKeyboard":true,"newCommandTimeout":120,"systemPort":6725,"noReset":true,"autoGrantPermissions":true,"deviceUDID":"5483e9c3"}}
2020-05-20 22:54:02:867 - [debug] [35m[WD Proxy][39m Got response with status 200: {"sessionId":"eab3342e-95c4-4bad-bcfd-bdcbdf240552","status":0,"value":"Created Session"}
2020-05-20 22:54:02:867 - [debug] [35m[WD Proxy][39m Determined the downstream protocol as 'MJSONWP' per session creation request
2020-05-20 22:54:02:880 - [debug] [35m[WD Proxy][39m Proxying [GET /appium/device/info] to [GET http://localhost:6725/wd/hub/session/eab3342e-95c4-4bad-bcfd-bdcbdf240552/appium/device/info] with no body
2020-05-20 22:54:02:955 - [debug] [35m[WD Proxy][39m Got response with status 200: {"sessionId":"eab3342e-95c4-4bad-bcfd-bdcbdf240552","status":0,"value":{"androidId":"405f120cdfa7799f","manufacturer":"Xiaomi","model":"MI 8","brand":"Xiaomi","apiVersion":"29","platformVersion":"10","carrierName":"","realDisplaySize":"1080x2248","displayDensity":440,"networks":[{"type":1,"typeName":"WIFI","subtype":0,"subtypeName":"","isConnected":true,"detailedState":"CONNECTED","state":"CONNECTED","extraInfo":null,"isAvailable":true,"isFailover":false,"isRoaming":false,"capabilities":{"transportTypes":"NET_CAPABILITY_SUPL","networkCapabilities":"","linkUpstreamBandwidthKbps":1048576,"linkDownBandwidthKbps":1048576,"signalStrength":-39,"networkSpecifier":null,"SSID":null}}],"locale":"zh_CN","timeZone":"Asia\/Shanghai"}}
2020-05-20 22:54:02:956 - [debug] [35m[ADB][39m Running '/Users/tangyao/Android/sdk/platform-tools/adb -P 5037 -s 5483e9c3 shell dumpsys window'
2020-05-20 22:54:03:053 - [35m[AndroidDriver][39m Screen already unlocked, doing nothing
2020-05-20 22:54:03:054 - [35m[UiAutomator2][39m UiAutomator2 did not start the activity we were waiting for, 'com.xueqiu.android/.view.WelcomeActivityAlias'. Starting it ourselves
2020-05-20 22:54:03:055 - [debug] [35m[ADB][39m Running '/Users/tangyao/Android/sdk/platform-tools/adb -P 5037 -s 5483e9c3 shell am start -W -n com.xueqiu.android/.view.WelcomeActivityAlias -S -a android.intent.action.MAIN -c android.intent.category.LAUNCHER -f 0x10200000'
2020-05-20 22:54:03:795 - [debug] [35m[WD Proxy][39m Proxying [GET /appium/device/pixel_ratio] to [GET http://localhost:6725/wd/hub/session/eab3342e-95c4-4bad-bcfd-bdcbdf240552/appium/device/pixel_ratio] with body: {}
2020-05-20 22:54:03:809 - [debug] [35m[WD Proxy][39m Got response with status 200: {"sessionId":"eab3342e-95c4-4bad-bcfd-bdcbdf240552","status":0,"value":2.75}
2020-05-20 22:54:03:811 - [debug] [35m[WD Proxy][39m Matched '/appium/device/system_bars' to command name 'getSystemBars'
2020-05-20 22:54:03:811 - [debug] [35m[WD Proxy][39m Proxying [GET /appium/device/system_bars] to [GET http://localhost:6725/wd/hub/session/eab3342e-95c4-4bad-bcfd-bdcbdf240552/appium/device/system_bars] with body: {}
2020-05-20 22:54:03:826 - [debug] [35m[WD Proxy][39m Got response with status 200: {"sessionId":"eab3342e-95c4-4bad-bcfd-bdcbdf240552","status":0,"value":{"statusBar":89}}
2020-05-20 22:54:03:826 - [debug] [35m[WD Proxy][39m Matched '/window/current/size' to command name 'getWindowSize'
2020-05-20 22:54:03:827 - [debug] [35m[WD Proxy][39m Proxying [GET /window/current/size] to [GET http://localhost:6725/wd/hub/session/eab3342e-95c4-4bad-bcfd-bdcbdf240552/window/current/size] with body: {}
2020-05-20 22:54:03:838 - [debug] [35m[WD Proxy][39m Got response with status 200: {"sessionId":"eab3342e-95c4-4bad-bcfd-bdcbdf240552","status":0,"value":{"height":2029,"width":1080}}
2020-05-20 22:54:03:839 - [35m[Appium][39m New AndroidUiautomator2Driver session created successfully, session a988423e-3596-492b-82a0-39d146405bd8 added to master session list
2020-05-20 22:54:03:840 - [debug] [35m[BaseDriver][39m Event 'newSessionStarted' logged at 1589986443840 (22:54:03 GMT+0800 (China Standard Time))
2020-05-20 22:54:03:841 - [debug] [35m[W3C (a988423e)][39m Cached the protocol value 'W3C' for the new session a988423e-3596-492b-82a0-39d146405bd8
2020-05-20 22:54:03:841 - [debug] [35m[W3C (a988423e)][39m Responding to client with driver.createSession() result: {"capabilities":{"platform":"LINUX","webStorageEnabled":false,"takesScreenshot":true,"javascriptEnabled":true,"databaseEnabled":false,"networkConnectionEnabled":true,"locationContextEnabled":false,"warnings":{},"desired":{"platformName":"Android","udid":"5483e9c3","deviceName":"5483e9c3","appPackage":"com.xueqiu.android","platformVersion":"7.1.2","appActivity":".view.WelcomeActivityAlias","unicodeKeyboard":true,"resetKeyboard":true,"newCommandTimeout":120,"systemPort":6725,"noReset":true,"autoGrantPermissions":true},"platformName":"Android","udid":"5483e9c3","deviceName":"5483e9c3","appPackage":"com.xueqiu.android","platformVersion":"10","appActivity":".view.WelcomeActivityAlias","unicodeKeyboard":true,"resetKeyboard":true,"newCommandTimeout":120,"systemPort":6725,"noReset":true,"autoGrantPermissions":true,"deviceUDID":"5483e9c3","deviceApiLevel":29,"deviceScreenSize":"1080x2248","deviceScreenDensity":440,"deviceModel":"MI 8","deviceManufacturer":"Xiaomi","pixelRatio":2.75,"statBarHeight":89,"viewportRect"...
2020-05-20 22:54:03:849 - [35m[HTTP][39m [37m<-- POST /wd/hub/session [39m[32m200[39m [90m12440 ms - 1131[39m
2020-05-20 22:54:03:850 - [35m[HTTP][39m [90m[39m
2020-05-20 22:54:03:856 - [35m[HTTP][39m [37m-->[39m [37mPOST[39m [37m/wd/hub/session/a988423e-3596-492b-82a0-39d146405bd8/timeouts[39m
2020-05-20 22:54:03:856 - [35m[HTTP][39m [90m{"implicit":5000}[39m
2020-05-20 22:54:03:860 - [debug] [35m[W3C (a988423e)][39m Calling AppiumDriver.timeouts() with args: [null,null,null,null,5000,"a988423e-3596-492b-82a0-39d146405bd8"]
2020-05-20 22:54:03:887 - [debug] [35m[BaseDriver][39m W3C timeout argument: {"implicit":5000}}
2020-05-20 22:54:03:887 - [debug] [35m[BaseDriver][39m Set implicit wait to 5000ms
2020-05-20 22:54:03:888 - [debug] [35m[W3C (a988423e)][39m Responding to client with driver.timeouts() result: null
2020-05-20 22:54:03:889 - [35m[HTTP][39m [37m<-- POST /wd/hub/session/a988423e-3596-492b-82a0-39d146405bd8/timeouts [39m[32m200[39m [90m32 ms - 14[39m
2020-05-20 22:54:03:889 - [35m[HTTP][39m [90m[39m
2020-05-20 22:54:05:899 - [35m[HTTP][39m [37m-->[39m [37mPOST[39m [37m/wd/hub/session/a988423e-3596-492b-82a0-39d146405bd8/element[39m
2020-05-20 22:54:05:899 - [35m[HTTP][39m [90m{"using":"xpath","value":"//*[@text='我的']"}[39m
2020-05-20 22:54:05:902 - [debug] [35m[W3C (a988423e)][39m Calling AppiumDriver.findElement() with args: ["xpath","//*[@text='我的']","a988423e-3596-492b-82a0-39d146405bd8"]
2020-05-20 22:54:05:903 - [debug] [35m[BaseDriver][39m Valid locator strategies for this request: xpath, id, class name, accessibility id, -android uiautomator
2020-05-20 22:54:05:904 - [debug] [35m[BaseDriver][39m Waiting up to 5000 ms for condition
2020-05-20 22:54:05:905 - [debug] [35m[WD Proxy][39m Matched '/element' to command name 'findElement'
2020-05-20 22:54:05:905 - [debug] [35m[WD Proxy][39m Proxying [POST /element] to [POST http://localhost:6725/wd/hub/session/eab3342e-95c4-4bad-bcfd-bdcbdf240552/element] with body: {"strategy":"xpath","selector":"//*[@text='我的']","context":"","multiple":false}
2020-05-20 22:54:06:554 - [35m[WD Proxy][39m Got an unexpected response: {"sessionId":"eab3342e-95c4-4bad-bcfd-bdcbdf240552","status":7,"value":"An element could not be located on the page using the given search parameters."}
2020-05-20 22:54:06:554 - [debug] [35m[MJSONWP][39m Matched JSONWP error code 7 to NoSuchElementError
2020-05-20 22:54:06:555 - [debug] [35m[BaseDriver][39m Waited for 651 ms so far
2020-05-20 22:54:07:061 - [debug] [35m[WD Proxy][39m Matched '/element' to command name 'findElement'
2020-05-20 22:54:07:062 - [debug] [35m[WD Proxy][39m Proxying [POST /element] to [POST http://localhost:6725/wd/hub/session/eab3342e-95c4-4bad-bcfd-bdcbdf240552/element] with body: {"strategy":"xpath","selector":"//*[@text='我的']","context":"","multiple":false}
2020-05-20 22:54:07:168 - [35m[WD Proxy][39m Got an unexpected response: {"sessionId":"eab3342e-95c4-4bad-bcfd-bdcbdf240552","status":7,"value":"An element could not be located on the page using the given search parameters."}
2020-05-20 22:54:07:168 - [debug] [35m[MJSONWP][39m Matched JSONWP error code 7 to NoSuchElementError
2020-05-20 22:54:07:169 - [debug] [35m[BaseDriver][39m Waited for 1265 ms so far
2020-05-20 22:54:07:675 - [debug] [35m[WD Proxy][39m Matched '/element' to command name 'findElement'
2020-05-20 22:54:07:675 - [debug] [35m[WD Proxy][39m Proxying [POST /element] to [POST http://localhost:6725/wd/hub/session/eab3342e-95c4-4bad-bcfd-bdcbdf240552/element] with body: {"strategy":"xpath","selector":"//*[@text='我的']","context":"","multiple":false}
2020-05-20 22:54:07:812 - [35m[WD Proxy][39m Got an unexpected response: {"sessionId":"eab3342e-95c4-4bad-bcfd-bdcbdf240552","status":7,"value":"An element could not be located on the page using the given search parameters."}
2020-05-20 22:54:07:813 - [debug] [35m[MJSONWP][39m Matched JSONWP error code 7 to NoSuchElementError
2020-05-20 22:54:07:813 - [debug] [35m[BaseDriver][39m Waited for 1909 ms so far
2020-05-20 22:54:08:317 - [debug] [35m[WD Proxy][39m Matched '/element' to command name 'findElement'
2020-05-20 22:54:08:317 - [debug] [35m[WD Proxy][39m Proxying [POST /element] to [POST http://localhost:6725/wd/hub/session/eab3342e-95c4-4bad-bcfd-bdcbdf240552/element] with body: {"strategy":"xpath","selector":"//*[@text='我的']","context":"","multiple":false}
2020-05-20 22:54:08:423 - [35m[WD Proxy][39m Got an unexpected response: {"sessionId":"eab3342e-95c4-4bad-bcfd-bdcbdf240552","status":7,"value":"An element could not be located on the page using the given search parameters."}
2020-05-20 22:54:08:423 - [debug] [35m[MJSONWP][39m Matched JSONWP error code 7 to NoSuchElementError
2020-05-20 22:54:08:424 - [debug] [35m[BaseDriver][39m Waited for 2520 ms so far
2020-05-20 22:54:08:929 - [debug] [35m[WD Proxy][39m Matched '/element' to command name 'findElement'
2020-05-20 22:54:08:930 - [debug] [35m[WD Proxy][39m Proxying [POST /element] to [POST http://localhost:6725/wd/hub/session/eab3342e-95c4-4bad-bcfd-bdcbdf240552/element] with body: {"strategy":"xpath","selector":"//*[@text='我的']","context":"","multiple":false}
2020-05-20 22:54:08:989 - [35m[WD Proxy][39m Got an unexpected response: {"sessionId":"eab3342e-95c4-4bad-bcfd-bdcbdf240552","status":7,"value":"An element could not be located on the page using the given search parameters."}
2020-05-20 22:54:08:990 - [debug] [35m[MJSONWP][39m Matched JSONWP error code 7 to NoSuchElementError
2020-05-20 22:54:08:991 - [debug] [35m[BaseDriver][39m Waited for 3087 ms so far
2020-05-20 22:54:09:493 - [debug] [35m[WD Proxy][39m Matched '/element' to command name 'findElement'
2020-05-20 22:54:09:493 - [debug] [35m[WD Proxy][39m Proxying [POST /element] to [POST http://localhost:6725/wd/hub/session/eab3342e-95c4-4bad-bcfd-bdcbdf240552/element] with body: {"strategy":"xpath","selector":"//*[@text='我的']","context":"","multiple":false}
2020-05-20 22:54:12:052 - [debug] [35m[WD Proxy][39m Got response with status 200: {"sessionId":"eab3342e-95c4-4bad-bcfd-bdcbdf240552","status":0,"value":{"ELEMENT":"c5f4cf02-f9b1-41e8-ac37-9d57be977521"}}
2020-05-20 22:54:12:053 - [debug] [35m[W3C (a988423e)][39m Responding to client with driver.findElement() result: {"element-6066-11e4-a52e-4f735466cecf":"c5f4cf02-f9b1-41e8-ac37-9d57be977521","ELEMENT":"c5f4cf02-f9b1-41e8-ac37-9d57be977521"}
2020-05-20 22:54:12:054 - [35m[HTTP][39m [37m<-- POST /wd/hub/session/a988423e-3596-492b-82a0-39d146405bd8/element [39m[32m200[39m [90m6156 ms - 137[39m
2020-05-20 22:54:12:054 - [35m[HTTP][39m [90m[39m
2020-05-20 22:54:12:056 - [35m[HTTP][39m [37m-->[39m [37mPOST[39m [37m/wd/hub/session/a988423e-3596-492b-82a0-39d146405bd8/element/c5f4cf02-f9b1-41e8-ac37-9d57be977521/click[39m
2020-05-20 22:54:12:056 - [35m[HTTP][39m [90m{"id":"c5f4cf02-f9b1-41e8-ac37-9d57be977521"}[39m
2020-05-20 22:54:12:058 - [debug] [35m[W3C (a988423e)][39m Calling AppiumDriver.click() with args: ["c5f4cf02-f9b1-41e8-ac37-9d57be977521","a988423e-3596-492b-82a0-39d146405bd8"]
2020-05-20 22:54:12:060 - [debug] [35m[WD Proxy][39m Matched '/element/c5f4cf02-f9b1-41e8-ac37-9d57be977521/click' to command name 'click'
2020-05-20 22:54:12:060 - [debug] [35m[WD Proxy][39m Proxying [POST /element/c5f4cf02-f9b1-41e8-ac37-9d57be977521/click] to [POST http://localhost:6725/wd/hub/session/eab3342e-95c4-4bad-bcfd-bdcbdf240552/element/c5f4cf02-f9b1-41e8-ac37-9d57be977521/click] with body: {"element":"c5f4cf02-f9b1-41e8-ac37-9d57be977521"}
2020-05-20 22:54:12:124 - [debug] [35m[WD Proxy][39m Got response with status 200: {"sessionId":"eab3342e-95c4-4bad-bcfd-bdcbdf240552","status":0,"value":true}
2020-05-20 22:54:12:125 - [debug] [35m[W3C (a988423e)][39m Responding to client with driver.click() result: true
2020-05-20 22:54:12:125 - [35m[HTTP][39m [37m<-- POST /wd/hub/session/a988423e-3596-492b-82a0-39d146405bd8/element/c5f4cf02-f9b1-41e8-ac37-9d57be977521/click [39m[32m200[39m [90m69 ms - 14[39m
2020-05-20 22:54:12:126 - [35m[HTTP][39m [90m[39m
2020-05-20 22:54:12:128 - [35m[HTTP][39m [37m-->[39m [37mPOST[39m [37m/wd/hub/session/a988423e-3596-492b-82a0-39d146405bd8/element[39m
2020-05-20 22:54:12:128 - [35m[HTTP][39m [90m{"using":"xpath","value":"//*[@text='微信']"}[39m
2020-05-20 22:54:12:129 - [debug] [35m[W3C (a988423e)][39m Calling AppiumDriver.findElement() with args: ["xpath","//*[@text='微信']","a988423e-3596-492b-82a0-39d146405bd8"]
2020-05-20 22:54:12:130 - [debug] [35m[BaseDriver][39m Valid locator strategies for this request: xpath, id, class name, accessibility id, -android uiautomator
2020-05-20 22:54:12:130 - [debug] [35m[BaseDriver][39m Waiting up to 5000 ms for condition
2020-05-20 22:54:12:131 - [debug] [35m[WD Proxy][39m Matched '/element' to command name 'findElement'
2020-05-20 22:54:12:131 - [debug] [35m[WD Proxy][39m Proxying [POST /element] to [POST http://localhost:6725/wd/hub/session/eab3342e-95c4-4bad-bcfd-bdcbdf240552/element] with body: {"strategy":"xpath","selector":"//*[@text='微信']","context":"","multiple":false}
2020-05-20 22:54:12:915 - [debug] [35m[WD Proxy][39m Got response with status 200: {"sessionId":"eab3342e-95c4-4bad-bcfd-bdcbdf240552","status":0,"value":{"ELEMENT":"88e151be-b530-4320-b0c9-bda3096be17e"}}
2020-05-20 22:54:12:915 - [debug] [35m[W3C (a988423e)][39m Responding to client with driver.findElement() result: {"element-6066-11e4-a52e-4f735466cecf":"88e151be-b530-4320-b0c9-bda3096be17e","ELEMENT":"88e151be-b530-4320-b0c9-bda3096be17e"}
2020-05-20 22:54:12:916 - [35m[HTTP][39m [37m<-- POST /wd/hub/session/a988423e-3596-492b-82a0-39d146405bd8/element [39m[32m200[39m [90m787 ms - 137[39m
2020-05-20 22:54:12:916 - [35m[HTTP][39m [90m[39m
2020-05-20 22:54:12:918 - [35m[HTTP][39m [37m-->[39m [37mPOST[39m [37m/wd/hub/session/a988423e-3596-492b-82a0-39d146405bd8/element/88e151be-b530-4320-b0c9-bda3096be17e/click[39m
2020-05-20 22:54:12:918 - [35m[HTTP][39m [90m{"id":"88e151be-b530-4320-b0c9-bda3096be17e"}[39m
2020-05-20 22:54:12:919 - [debug] [35m[W3C (a988423e)][39m Calling AppiumDriver.click() with args: ["88e151be-b530-4320-b0c9-bda3096be17e","a988423e-3596-492b-82a0-39d146405bd8"]
2020-05-20 22:54:12:921 - [debug] [35m[WD Proxy][39m Matched '/element/88e151be-b530-4320-b0c9-bda3096be17e/click' to command name 'click'
2020-05-20 22:54:12:922 - [debug] [35m[WD Proxy][39m Proxying [POST /element/88e151be-b530-4320-b0c9-bda3096be17e/click] to [POST http://localhost:6725/wd/hub/session/eab3342e-95c4-4bad-bcfd-bdcbdf240552/element/88e151be-b530-4320-b0c9-bda3096be17e/click] with body: {"element":"88e151be-b530-4320-b0c9-bda3096be17e"}
2020-05-20 22:54:13:046 - [debug] [35m[WD Proxy][39m Got response with status 200: {"sessionId":"eab3342e-95c4-4bad-bcfd-bdcbdf240552","status":0,"value":true}
2020-05-20 22:54:13:046 - [debug] [35m[W3C (a988423e)][39m Responding to client with driver.click() result: true
2020-05-20 22:54:13:047 - [35m[HTTP][39m [37m<-- POST /wd/hub/session/a988423e-3596-492b-82a0-39d146405bd8/element/88e151be-b530-4320-b0c9-bda3096be17e/click [39m[32m200[39m [90m129 ms - 14[39m
2020-05-20 22:54:13:047 - [35m[HTTP][39m [90m[39m
2020-05-20 22:54:13:049 - [35m[HTTP][39m [37m-->[39m [37mPOST[39m [37m/wd/hub/session/a988423e-3596-492b-82a0-39d146405bd8/element[39m
2020-05-20 22:54:13:049 - [35m[HTTP][39m [90m{"using":"xpath","value":"//*[@class='android.widget.Toast']"}[39m
2020-05-20 22:54:13:049 - [debug] [35m[W3C (a988423e)][39m Calling AppiumDriver.findElement() with args: ["xpath","//*[@class='android.widget.Toast']","a988423e-3596-492b-82a0-39d146405bd8"]
2020-05-20 22:54:13:050 - [debug] [35m[BaseDriver][39m Valid locator strategies for this request: xpath, id, class name, accessibility id, -android uiautomator
2020-05-20 22:54:13:050 - [debug] [35m[BaseDriver][39m Waiting up to 5000 ms for condition
2020-05-20 22:54:13:051 - [debug] [35m[WD Proxy][39m Matched '/element' to command name 'findElement'
2020-05-20 22:54:13:051 - [debug] [35m[WD Proxy][39m Proxying [POST /element] to [POST http://localhost:6725/wd/hub/session/eab3342e-95c4-4bad-bcfd-bdcbdf240552/element] with body: {"strategy":"xpath","selector":"//*[@class='android.widget.Toast']","context":"","multiple":false}
2020-05-20 22:54:14:110 - [debug] [35m[WD Proxy][39m Got response with status 200: {"sessionId":"eab3342e-95c4-4bad-bcfd-bdcbdf240552","status":0,"value":{"ELEMENT":"ab6223a9-ccd6-4450-a5f5-5d1b649258e6"}}
2020-05-20 22:54:14:111 - [debug] [35m[W3C (a988423e)][39m Responding to client with driver.findElement() result: {"element-6066-11e4-a52e-4f735466cecf":"ab6223a9-ccd6-4450-a5f5-5d1b649258e6","ELEMENT":"ab6223a9-ccd6-4450-a5f5-5d1b649258e6"}
2020-05-20 22:54:14:111 - [35m[HTTP][39m [37m<-- POST /wd/hub/session/a988423e-3596-492b-82a0-39d146405bd8/element [39m[32m200[39m [90m1063 ms - 137[39m
2020-05-20 22:54:14:112 - [35m[HTTP][39m [90m[39m
2020-05-20 22:54:14:114 - [35m[HTTP][39m [37m-->[39m [37mGET[39m [37m/wd/hub/session/a988423e-3596-492b-82a0-39d146405bd8/element/ab6223a9-ccd6-4450-a5f5-5d1b649258e6/text[39m
2020-05-20 22:54:14:115 - [35m[HTTP][39m [90m{}[39m
2020-05-20 22:54:14:116 - [35m[W3C (a988423e)][39m Driver proxy active, passing request on via HTTP proxy
2020-05-20 22:54:14:118 - [debug] [35m[WD Proxy][39m Matched '/wd/hub/session/a988423e-3596-492b-82a0-39d146405bd8/element/ab6223a9-ccd6-4450-a5f5-5d1b649258e6/text' to command name 'getText'
2020-05-20 22:54:14:118 - [debug] [35m[WD Proxy][39m Proxying [GET /wd/hub/session/a988423e-3596-492b-82a0-39d146405bd8/element/ab6223a9-ccd6-4450-a5f5-5d1b649258e6/text] to [GET http://localhost:6725/wd/hub/session/eab3342e-95c4-4bad-bcfd-bdcbdf240552/element/ab6223a9-ccd6-4450-a5f5-5d1b649258e6/text] with body: {}
2020-05-20 22:54:14:320 - [debug] [35m[WD Proxy][39m Got response with status 200: {"sessionId":"eab3342e-95c4-4bad-bcfd-bdcbdf240552","status":0,"value":"您尚未安装微信，请先安装微信"}
2020-05-20 22:54:14:320 - [35m[WD Proxy][39m Replacing sessionId eab3342e-95c4-4bad-bcfd-bdcbdf240552 with a988423e-3596-492b-82a0-39d146405bd8
2020-05-20 22:54:14:321 - [35m[HTTP][39m [37m<-- GET /wd/hub/session/a988423e-3596-492b-82a0-39d146405bd8/element/ab6223a9-ccd6-4450-a5f5-5d1b649258e6/text [39m[32m200[39m [90m207 ms - 105[39m
2020-05-20 22:54:14:322 - [35m[HTTP][39m [90m[39m
2020-05-20 22:54:14:327 - [35m[HTTP][39m [37m-->[39m [37mGET[39m [37m/wd/hub/session/a988423e-3596-492b-82a0-39d146405bd8/screenshot[39m
2020-05-20 22:54:14:327 - [35m[HTTP][39m [90m{}[39m
2020-05-20 22:54:14:329 - [debug] [35m[W3C (a988423e)][39m Calling AppiumDriver.getScreenshot() with args: ["a988423e-3596-492b-82a0-39d146405bd8"]
2020-05-20 22:54:14:330 - [debug] [35m[WD Proxy][39m Matched '/screenshot' to command name 'getScreenshot'
2020-05-20 22:54:14:330 - [debug] [35m[WD Proxy][39m Proxying [GET /screenshot] to [GET http://localhost:6725/wd/hub/session/eab3342e-95c4-4bad-bcfd-bdcbdf240552/screenshot] with no body
2020-05-20 22:54:14:979 - [debug] [35m[WD Proxy][39m Got response with status 200: {"sessionId":"eab3342e-95c4-4bad-bcfd-bdcbdf240552","status":0,"value":"iVBORw0KGgoAAAANSUhEUgAABDgAAAjICAYAAAA+Ih\/iAAAAAXNSR0IArs4c6QAAAARzQklUCAgI\nCHwIZIgAACAASURBVHic7L15uGVJVSf6W3ufc+7NvDlWZdZIDcyCLYpSqIBM2oAogyCDtDi0Tcvg\ne\/Zr+drX\/T677X5+9rPV9tlOaL9HK4LaIjwUBUGwBVSwqhBRWxksoLSgoKqoIfPevPeeYa\/3R0wr\nVkTs4dxzM29CRdXNvc+OiF+siFhD7LVjoGc+nhkAQDCBEQLZ36SeI37mkqSBQ9olsTtDBpvbMg\/B\n1um5MRcC7rumwtYpSvCITby7T0KpzjqNJIEZTASwuW8llwhcSEOgtG0ssbIZE7q7frcFW19qBC+4\n\/ERAQmuGsZhCw1riqCFwxSCmPM0ttKBhUIFjfVJm05bmh287AqV87LBFqBYNJptzjM\/NUE3noNki\nW8Xk2T7Iw0HEXqxPMNtYw2IyAiOVo2JgdS\/Lb+KfvbFyZQsQxXpRGobhkyLtbWXoOqjnxTo0ACp7\nHdB\/G2c3AQAVVZ4mq9LSNiOKn\/hyCOTyqzgjU6TS57Dz+aN0Gb6iPtg62L7pwk7r2Qe7H90HEtsl\nPEDYnaGga1vTL2vr95J2FfXUfd8Tu71\/eB+x95PuAvbFImsHVI5bGTIra9yB3ZPBBTaj6c6nyyNg\ndrjCvVeOQrl2LEkxuLVjsi6sbLLNZ8fNJNKzeK6JIZAoNowPTQrVaw0DFZlxp8YXNo1Z5WdGvSCc\nuH2BJLTKWmY8IvueOka\/ArvSKVcuD3TxyNrFiu0SDsTuDBeBrR8lRMnfLgMjJbxEvG9tTvMpbAbM\nS4NO04ZduqpK+sdt2PJZCduHxt+dvazB1qV1ltbsi5Cui6I1m0bQwIqFuSLjMBAOAqeIzc8Y3Clf\n9...
2020-05-20 22:54:14:981 - [debug] [35m[W3C (a988423e)][39m Responding to client with driver.getScreenshot() result: "iVBORw0KGgoAAAANSUhEUgAABDgAAAjICAYAAAA+Ih/iAAAAAXNSR0IArs4c6QAAAARzQklUCAgI\nCHwIZIgAACAASURBVHic7L15uGVJVSf6W3ufc+7NvDlWZdZIDcyCLYpSqIBM2oAogyCDtDi0Tcvg\ne/Zr+drX/T677X5+9rPV9tlOaL9HK4LaIjwUBUGwBVSwqhBRWxksoLSgoKqoIfPevPeeYa/3R0wr\nVkTs4dxzM29CRdXNvc+OiF+siFhD7LVjoGc+nhkAQDCBEQLZ36SeI37mkqSBQ9olsTtDBpvbMg/B\n1um5MRcC7rumwtYpSvCITby7T0KpzjqNJIEZTASwuW8llwhcSEOgtG0ssbIZE7q7frcFW19qBC+4\n/ERAQmuGsZhCw1riqCFwxSCmPM0ttKBhUIFjfVJm05bmh287AqV87LBFqBYNJptzjM/NUE3noNki\nW8Xk2T7Iw0HEXqxPMNtYw2IyAiOVo2JgdS/Lb+KfvbFyZQsQxXpRGobhkyLtbWXoOqjnxTo0ACp7\nHdB/G2c3AQAVVZ4mq9LSNiOKn/hyCOTyqzgjU6TS57Dz+aN0Gb6iPtg62L7pwk7r2Qe7H90HEtsl\nPEDYnaGga1vTL2vr95J2FfXUfd8Tu71/eB+x95PuAvbFImsHVI5bGTIra9yB3ZPBBTaj6c6nyyNg\ndrjCvVeOQrl2LEkxuLVjsi6sbLLNZ8fNJNKzeK6JIZAoNowPTQrVaw0DFZlxp8YXNo1Z5WdGvSCc\nuH2BJLTKWmY8IvueOka/ArvSKVcuD3TxyNrFiu0SDsTuDBeBrR8lRMnfLgMjJbxEvG9tTvMpbAbM\nS4NO04ZduqpK+sdt2PJZCduHxt+dvazB1qV1ltbsi5Cui6I1m0bQwIqFuSLjMBAOAqeIzc8Y3Clf\n94IeOTmIfRnEQeeT7ONSn/cMxAyujNI1NXGdlAMUfOPbiqGdHFyZe1bRncG3j7N3eeMG8cxUPTZG\nYIDJOF...
2020-05-20 22:54:14:987 - [35m[HTTP][39m [37m<-- GET /wd/hub/session/a988423e-3596-492b-82a0-39d146405bd8/screenshot [39m[32m200[39m [90m659 ms - 578100[39m
2020-05-20 22:54:14:988 - [35m[HTTP][39m [90m[39m
2020-05-20 22:54:15:007 - [35m[HTTP][39m [37m-->[39m [37mPOST[39m [37m/wd/hub/session/a988423e-3596-492b-82a0-39d146405bd8/appium/app/close[39m
2020-05-20 22:54:15:007 - [35m[HTTP][39m [90m{}[39m
2020-05-20 22:54:15:012 - [debug] [35m[W3C (a988423e)][39m Calling AppiumDriver.closeApp() with args: ["a988423e-3596-492b-82a0-39d146405bd8"]
2020-05-20 22:54:15:013 - [debug] [35m[ADB][39m Running '/Users/tangyao/Android/sdk/platform-tools/adb -P 5037 -s 5483e9c3 shell am force-stop com.xueqiu.android'
2020-05-20 22:54:15:150 - [debug] [35m[W3C (a988423e)][39m Responding to client with driver.closeApp() result: null
2020-05-20 22:54:15:151 - [35m[HTTP][39m [37m<-- POST /wd/hub/session/a988423e-3596-492b-82a0-39d146405bd8/appium/app/close [39m[32m200[39m [90m144 ms - 14[39m
2020-05-20 22:54:15:151 - [35m[HTTP][39m [90m[39m
2020-05-20 22:54:15:153 - [35m[HTTP][39m [37m-->[39m [37mDELETE[39m [37m/wd/hub/session/a988423e-3596-492b-82a0-39d146405bd8[39m
2020-05-20 22:54:15:153 - [35m[HTTP][39m [90m{}[39m
2020-05-20 22:54:15:154 - [debug] [35m[W3C (a988423e)][39m Calling AppiumDriver.deleteSession() with args: ["a988423e-3596-492b-82a0-39d146405bd8"]
2020-05-20 22:54:15:154 - [debug] [35m[BaseDriver][39m Event 'quitSessionRequested' logged at 1589986455154 (22:54:15 GMT+0800 (China Standard Time))
2020-05-20 22:54:15:155 - [35m[Appium][39m Removing session a988423e-3596-492b-82a0-39d146405bd8 from our master session list
2020-05-20 22:54:15:156 - [debug] [35m[UiAutomator2][39m Deleting UiAutomator2 session
2020-05-20 22:54:15:157 - [debug] [35m[UiAutomator2][39m Deleting UiAutomator2 server session
2020-05-20 22:54:15:157 - [debug] [35m[WD Proxy][39m Matched '/' to command name 'deleteSession'
2020-05-20 22:54:15:157 - [debug] [35m[WD Proxy][39m Proxying [DELETE /] to [DELETE http://localhost:6725/wd/hub/session/eab3342e-95c4-4bad-bcfd-bdcbdf240552] with no body
2020-05-20 22:54:15:179 - [debug] [35m[WD Proxy][39m Got response with status 200: {"sessionId":"eab3342e-95c4-4bad-bcfd-bdcbdf240552","status":0,"value":"Session deleted"}
2020-05-20 22:54:15:179 - [debug] [35m[UiAutomator2][39m Resetting IME to 'io.appium.settings/.UnicodeIME'
2020-05-20 22:54:15:180 - [debug] [35m[ADB][39m Running '/Users/tangyao/Android/sdk/platform-tools/adb -P 5037 -s 5483e9c3 shell ime set io.appium.settings/.UnicodeIME'
2020-05-20 22:54:15:225 - [debug] [35m[ADB][39m Running '/Users/tangyao/Android/sdk/platform-tools/adb -P 5037 -s 5483e9c3 shell am force-stop com.xueqiu.android'
2020-05-20 22:54:15:266 - [debug] [35m[Logcat][39m Stopping logcat capture
2020-05-20 22:54:15:268 - [debug] [35m[ADB][39m Removing forwarded port socket connection: 6725 
2020-05-20 22:54:15:269 - [debug] [35m[ADB][39m Running '/Users/tangyao/Android/sdk/platform-tools/adb -P 5037 -s 5483e9c3 forward --remove tcp\:6725'
2020-05-20 22:54:15:280 - [35m[UiAutomator2][39m Restoring hidden api policy to the device default configuration
2020-05-20 22:54:15:281 - [debug] [35m[ADB][39m Running '/Users/tangyao/Android/sdk/platform-tools/adb -P 5037 -s 5483e9c3 shell settings delete global hidden_api_policy_pre_p_apps'
2020-05-20 22:54:15:322 - [debug] [35m[ADB][39m Running '/Users/tangyao/Android/sdk/platform-tools/adb -P 5037 -s 5483e9c3 shell settings delete global hidden_api_policy_p_apps'
2020-05-20 22:54:15:363 - [debug] [35m[ADB][39m Running '/Users/tangyao/Android/sdk/platform-tools/adb -P 5037 -s 5483e9c3 shell settings delete global hidden_api_policy'
2020-05-20 22:54:15:413 - [debug] [35m[BaseDriver][39m Event 'quitSessionFinished' logged at 1589986455413 (22:54:15 GMT+0800 (China Standard Time))
2020-05-20 22:54:15:414 - [debug] [35m[W3C (a988423e)][39m Received response: null
2020-05-20 22:54:15:414 - [debug] [35m[W3C (a988423e)][39m But deleting session, so not returning
2020-05-20 22:54:15:414 - [debug] [35m[W3C (a988423e)][39m Responding to client with driver.deleteSession() result: null
2020-05-20 22:54:15:415 - [35m[HTTP][39m [37m<-- DELETE /wd/hub/session/a988423e-3596-492b-82a0-39d146405bd8 [39m[32m200[39m [90m262 ms - 14[39m
2020-05-20 22:54:15:416 - [35m[HTTP][39m [90m[39m
2020-05-20 22:54:15:739 - [debug] [35m[Instrumentation][39m .
2020-05-20 22:54:15:943 - [35m[Appium][39m Received SIGTERM - shutting down
2020-05-20 22:54:16:174 - [debug] [35m[Instrumentation][39m Time: 15.04
2020-05-20 22:54:16:175 - [debug] [35m[Instrumentation][39m 
2020-05-20 22:54:16:175 - [debug] [35m[Instrumentation][39m OK (1 test)
2020-05-20 22:54:16:480 - [debug] [35m[Instrumentation][39m The process has exited with code 0
