2020-05-20 23:06:28:252 - [35m[Appium][39m Welcome to Appium v1.14.1
2020-05-20 23:06:28:257 - [35m[Appium][39m Non-default server args:
2020-05-20 23:06:28:258 - [35m[Appium][39m   port: 4725
2020-05-20 23:06:28:258 - [35m[Appium][39m   bootstrapPort: 6725
2020-05-20 23:06:28:258 - [35m[Appium][39m   logTimestamp: true
2020-05-20 23:06:28:258 - [35m[Appium][39m   localTimezone: true
2020-05-20 23:06:28:258 - [35m[Appium][39m   udid: 5483e9c3
2020-05-20 23:06:28:259 - [35m[Appium][39m Deprecated server args:
2020-05-20 23:06:28:259 - [35m[Appium][39m   [31m-U,--udid[39m => --default-capabilities '{"udid":"5483e9c3"}'
2020-05-20 23:06:28:260 - [35m[Appium][39m Default capabilities, which will be added to each request unless overridden by desired capabilities:
2020-05-20 23:06:28:260 - [35m[Appium][39m   udid: 5483e9c3
2020-05-20 23:06:28:286 - [35m[Appium][39m Appium REST http interface listener started on 0.0.0.0:4725
2020-05-20 23:06:30:823 - [35m[HTTP][39m [37m-->[39m [37mPOST[39m [37m/wd/hub/session[39m
2020-05-20 23:06:30:824 - [35m[HTTP][39m [90m{"capabilities":{"firstMatch":[{"platformName":"Android","appium:deviceName":"5483e9c3","appium:appPackage":"com.xueqiu.android","appium:platformVersion":"7.1.2","appium:appActivity":".view.WelcomeActivityAlias","appium:unicodeKeyboard":true,"appium:resetKeyboard":true,"appium:newCommandTimeout":120,"appium:systemPort":6725,"appium:noReset":true,"appium:autoGrantPermissions":true}]},"desiredCapabilities":{"platformName":"Android","deviceName":"5483e9c3","appPackage":"com.xueqiu.android","platformVersion":"7.1.2","appActivity":".view.WelcomeActivityAlias","unicodeKeyboard":true,"resetKeyboard":true,"newCommandTimeout":120,"systemPort":6725,"noReset":true,"autoGrantPermissions":true}}[39m
2020-05-20 23:06:30:825 - [debug] [35m[W3C][39m Calling AppiumDriver.createSession() with args: [{"platformName":"Android","deviceName":"5483e9c3","appPackage":"com.xueqiu.android","platformVersion":"7.1.2","appActivity":".view.WelcomeActivityAlias","unicodeKeyboard":true,"resetKeyboard":true,"newCommandTimeout":120,"systemPort":6725,"noReset":true,"autoGrantPermissions":true},null,{"firstMatch":[{"platformName":"Android","appium:deviceName":"5483e9c3","appium:appPackage":"com.xueqiu.android","appium:platformVersion":"7.1.2","appium:appActivity":".view.WelcomeActivityAlias","appium:unicodeKeyboard":true,"appium:resetKeyboard":true,"appium:newCommandTimeout":120,"appium:systemPort":6725,"appium:noReset":true,"appium:autoGrantPermissions":true}]}]
2020-05-20 23:06:30:826 - [debug] [35m[BaseDriver][39m Event 'newSessionRequested' logged at 1589987190826 (23:06:30 GMT+0800 (China Standard Time))
2020-05-20 23:06:30:829 - [35m[BaseDriver][39m The capabilities ["udid"] are not standard capabilities and should have an extension prefix
2020-05-20 23:06:30:833 - [35m[Appium][39m 
2020-05-20 23:06:30:833 - [35m[Appium][39m ======================================================================
2020-05-20 23:06:30:833 - [35m[Appium][39m   DEPRECATION WARNING:
2020-05-20 23:06:30:833 - [35m[Appium][39m 
2020-05-20 23:06:30:834 - [35m[Appium][39m   The 'automationName' capability was not provided in the desired 
2020-05-20 23:06:30:834 - [35m[Appium][39m   capabilities for this Android session
2020-05-20 23:06:30:834 - [35m[Appium][39m 
2020-05-20 23:06:30:834 - [35m[Appium][39m   Setting 'automationName=UiAutomator2' by default and using the 
2020-05-20 23:06:30:834 - [35m[Appium][39m   UiAutomator2 Driver
2020-05-20 23:06:30:834 - [35m[Appium][39m 
2020-05-20 23:06:30:834 - [35m[Appium][39m   The next major version of Appium (2.x) will **require** the 
2020-05-20 23:06:30:835 - [35m[Appium][39m   'automationName' capability to be set for all sessions on all 
2020-05-20 23:06:30:835 - [35m[Appium][39m   platforms
2020-05-20 23:06:30:835 - [35m[Appium][39m 
2020-05-20 23:06:30:835 - [35m[Appium][39m   In previous versions (Appium <= 1.13.x), the default was 
2020-05-20 23:06:30:835 - [35m[Appium][39m   'automationName=UiAutomator1'
2020-05-20 23:06:30:835 - [35m[Appium][39m 
2020-05-20 23:06:30:835 - [35m[Appium][39m   If you wish to use that automation instead of UiAutomator2, please 
2020-05-20 23:06:30:836 - [35m[Appium][39m   add 'automationName=UiAutomator1' to your desired capabilities
2020-05-20 23:06:30:836 - [35m[Appium][39m 
2020-05-20 23:06:30:836 - [35m[Appium][39m   For more information about drivers, please visit 
2020-05-20 23:06:30:836 - [35m[Appium][39m   http://appium.io/docs/en/about-appium/intro/ and explore the 
2020-05-20 23:06:30:836 - [35m[Appium][39m   'Drivers' menu
2020-05-20 23:06:30:836 - [35m[Appium][39m 
2020-05-20 23:06:30:836 - [35m[Appium][39m ======================================================================
2020-05-20 23:06:30:836 - [35m[Appium][39m 
2020-05-20 23:06:31:080 - [35m[Appium][39m Appium v1.14.1 creating new AndroidUiautomator2Driver (v1.34.0) session
2020-05-20 23:06:31:080 - [35m[Appium][39m Capabilities:
2020-05-20 23:06:31:080 - [35m[Appium][39m   platformName: Android
2020-05-20 23:06:31:080 - [35m[Appium][39m   udid: 5483e9c3
2020-05-20 23:06:31:081 - [35m[Appium][39m   deviceName: 5483e9c3
2020-05-20 23:06:31:081 - [35m[Appium][39m   appPackage: com.xueqiu.android
2020-05-20 23:06:31:081 - [35m[Appium][39m   platformVersion: 7.1.2
2020-05-20 23:06:31:081 - [35m[Appium][39m   appActivity: .view.WelcomeActivityAlias
2020-05-20 23:06:31:081 - [35m[Appium][39m   unicodeKeyboard: true
2020-05-20 23:06:31:081 - [35m[Appium][39m   resetKeyboard: true
2020-05-20 23:06:31:081 - [35m[Appium][39m   newCommandTimeout: 120
2020-05-20 23:06:31:082 - [35m[Appium][39m   systemPort: 6725
2020-05-20 23:06:31:082 - [35m[Appium][39m   noReset: true
2020-05-20 23:06:31:082 - [35m[Appium][39m   autoGrantPermissions: true
2020-05-20 23:06:31:085 - [debug] [35m[BaseDriver][39m W3C capabilities and MJSONWP desired capabilities were provided
2020-05-20 23:06:31:085 - [debug] [35m[BaseDriver][39m Creating session with W3C capabilities: {
2020-05-20 23:06:31:085 - [debug] [35m[BaseDriver][39m   "alwaysMatch": {
2020-05-20 23:06:31:085 - [debug] [35m[BaseDriver][39m     "platformName": "Android",
2020-05-20 23:06:31:086 - [debug] [35m[BaseDriver][39m     "appium:udid": "5483e9c3",
2020-05-20 23:06:31:086 - [debug] [35m[BaseDriver][39m     "appium:deviceName": "5483e9c3",
2020-05-20 23:06:31:086 - [debug] [35m[BaseDriver][39m     "appium:appPackage": "com.xueqiu.android",
2020-05-20 23:06:31:086 - [debug] [35m[BaseDriver][39m     "appium:platformVersion": "7.1.2",
2020-05-20 23:06:31:086 - [debug] [35m[BaseDriver][39m     "appium:appActivity": ".view.WelcomeActivityAlias",
2020-05-20 23:06:31:086 - [debug] [35m[BaseDriver][39m     "appium:unicodeKeyboard": true,
2020-05-20 23:06:31:086 - [debug] [35m[BaseDriver][39m     "appium:resetKeyboard": true,
2020-05-20 23:06:31:086 - [debug] [35m[BaseDriver][39m     "appium:newCommandTimeout": 120,
2020-05-20 23:06:31:086 - [debug] [35m[BaseDriver][39m     "appium:systemPort": 6725,
2020-05-20 23:06:31:087 - [debug] [35m[BaseDriver][39m     "appium:noReset": true,
2020-05-20 23:06:31:087 - [debug] [35m[BaseDriver][39m     "appium:autoGrantPermissions": true
2020-05-20 23:06:31:087 - [debug] [35m[BaseDriver][39m   },
2020-05-20 23:06:31:087 - [debug] [35m[BaseDriver][39m   "firstMatch": [
2020-05-20 23:06:31:087 - [debug] [35m[BaseDriver][39m     {}
2020-05-20 23:06:31:088 - [debug] [35m[BaseDriver][39m   ]
2020-05-20 23:06:31:088 - [debug] [35m[BaseDriver][39m }
2020-05-20 23:06:31:096 - [35m[BaseDriver][39m Session created with session id: 7d8404e5-7a11-4f57-9469-f6d0c49d3914
2020-05-20 23:06:31:136 - [35m[ADB][39m Found 42 'build-tools' folders under '/Users/tangyao/Android/sdk' (newest first):
2020-05-20 23:06:31:137 - [35m[ADB][39m     /Users/tangyao/Android/sdk/build-tools/30.0.0-rc2
2020-05-20 23:06:31:137 - [35m[ADB][39m     /Users/tangyao/Android/sdk/build-tools/29.0.2
2020-05-20 23:06:31:137 - [35m[ADB][39m     /Users/tangyao/Android/sdk/build-tools/29.0.0-rc2
2020-05-20 23:06:31:137 - [35m[ADB][39m     /Users/tangyao/Android/sdk/build-tools/28.0.3
2020-05-20 23:06:31:137 - [35m[ADB][39m     /Users/tangyao/Android/sdk/build-tools/28.0.2
2020-05-20 23:06:31:137 - [35m[ADB][39m     /Users/tangyao/Android/sdk/build-tools/28.0.1
2020-05-20 23:06:31:137 - [35m[ADB][39m     /Users/tangyao/Android/sdk/build-tools/28.0.0
2020-05-20 23:06:31:138 - [35m[ADB][39m     /Users/tangyao/Android/sdk/build-tools/28.0.0-rc2
2020-05-20 23:06:31:138 - [35m[ADB][39m     /Users/tangyao/Android/sdk/build-tools/28.0.0-rc1
2020-05-20 23:06:31:138 - [35m[ADB][39m     /Users/tangyao/Android/sdk/build-tools/27.0.3
2020-05-20 23:06:31:138 - [35m[ADB][39m     /Users/tangyao/Android/sdk/build-tools/26.0.1
2020-05-20 23:06:31:138 - [35m[ADB][39m     /Users/tangyao/Android/sdk/build-tools/26.0.0
2020-05-20 23:06:31:138 - [35m[ADB][39m     /Users/tangyao/Android/sdk/build-tools/25.0.3
2020-05-20 23:06:31:138 - [35m[ADB][39m     /Users/tangyao/Android/sdk/build-tools/25.0.2
2020-05-20 23:06:31:138 - [35m[ADB][39m     /Users/tangyao/Android/sdk/build-tools/25.0.1
2020-05-20 23:06:31:138 - [35m[ADB][39m     /Users/tangyao/Android/sdk/build-tools/25.0.0
2020-05-20 23:06:31:139 - [35m[ADB][39m     /Users/tangyao/Android/sdk/build-tools/24.0.3
2020-05-20 23:06:31:139 - [35m[ADB][39m     /Users/tangyao/Android/sdk/build-tools/24.0.2
2020-05-20 23:06:31:139 - [35m[ADB][39m     /Users/tangyao/Android/sdk/build-tools/24.0.1
2020-05-20 23:06:31:139 - [35m[ADB][39m     /Users/tangyao/Android/sdk/build-tools/24.0.0
2020-05-20 23:06:31:139 - [35m[ADB][39m     /Users/tangyao/Android/sdk/build-tools/23.0.3
2020-05-20 23:06:31:139 - [35m[ADB][39m     /Users/tangyao/Android/sdk/build-tools/23.0.2
2020-05-20 23:06:31:139 - [35m[ADB][39m     /Users/tangyao/Android/sdk/build-tools/23.0.1
2020-05-20 23:06:31:139 - [35m[ADB][39m     /Users/tangyao/Android/sdk/build-tools/23.0.0
2020-05-20 23:06:31:140 - [35m[ADB][39m     /Users/tangyao/Android/sdk/build-tools/22.0.1
2020-05-20 23:06:31:140 - [35m[ADB][39m     /Users/tangyao/Android/sdk/build-tools/22.0.0
2020-05-20 23:06:31:140 - [35m[ADB][39m     /Users/tangyao/Android/sdk/build-tools/21.1.2
2020-05-20 23:06:31:140 - [35m[ADB][39m     /Users/tangyao/Android/sdk/build-tools/21.1.1
2020-05-20 23:06:31:140 - [35m[ADB][39m     /Users/tangyao/Android/sdk/build-tools/21.1.0
2020-05-20 23:06:31:140 - [35m[ADB][39m     /Users/tangyao/Android/sdk/build-tools/21.0.2
2020-05-20 23:06:31:140 - [35m[ADB][39m     /Users/tangyao/Android/sdk/build-tools/21.0.1
2020-05-20 23:06:31:143 - [35m[ADB][39m     /Users/tangyao/Android/sdk/build-tools/21.0.0
2020-05-20 23:06:31:143 - [35m[ADB][39m     /Users/tangyao/Android/sdk/build-tools/20.0.0
2020-05-20 23:06:31:143 - [35m[ADB][39m     /Users/tangyao/Android/sdk/build-tools/19.1.0
2020-05-20 23:06:31:144 - [35m[ADB][39m     /Users/tangyao/Android/sdk/build-tools/19.0.3
2020-05-20 23:06:31:144 - [35m[ADB][39m     /Users/tangyao/Android/sdk/build-tools/19.0.2
2020-05-20 23:06:31:144 - [35m[ADB][39m     /Users/tangyao/Android/sdk/build-tools/19.0.1
2020-05-20 23:06:31:144 - [35m[ADB][39m     /Users/tangyao/Android/sdk/build-tools/19.0.0
2020-05-20 23:06:31:144 - [35m[ADB][39m     /Users/tangyao/Android/sdk/build-tools/18.1.1
2020-05-20 23:06:31:144 - [35m[ADB][39m     /Users/tangyao/Android/sdk/build-tools/18.1.0
2020-05-20 23:06:31:144 - [35m[ADB][39m     /Users/tangyao/Android/sdk/build-tools/18.0.1
2020-05-20 23:06:31:144 - [35m[ADB][39m     /Users/tangyao/Android/sdk/build-tools/17.0.0
2020-05-20 23:06:31:182 - [35m[ADB][39m Using 'adb' from '/Users/tangyao/Android/sdk/platform-tools/adb'
2020-05-20 23:06:31:182 - [35m[AndroidDriver][39m Retrieving device list
2020-05-20 23:06:31:182 - [debug] [35m[ADB][39m Trying to find a connected android device
2020-05-20 23:06:31:183 - [debug] [35m[ADB][39m Getting connected devices...
2020-05-20 23:06:31:223 - [debug] [35m[ADB][39m 2 device(s) connected
2020-05-20 23:06:31:224 - [35m[AndroidDriver][39m Using device: 5483e9c3
2020-05-20 23:06:31:226 - [35m[ADB][39m Using 'adb' from '/Users/tangyao/Android/sdk/platform-tools/adb'
2020-05-20 23:06:31:226 - [debug] [35m[ADB][39m Setting device id to 5483e9c3
2020-05-20 23:06:31:227 - [debug] [35m[ADB][39m Running '/Users/tangyao/Android/sdk/platform-tools/adb -P 5037 -s 5483e9c3 shell getprop ro.build.version.sdk'
2020-05-20 23:06:31:292 - [debug] [35m[ADB][39m Current device property 'ro.build.version.sdk': 29
2020-05-20 23:06:31:293 - [debug] [35m[ADB][39m Device API level: 29
2020-05-20 23:06:31:293 - [35m[UiAutomator2][39m Relaxing hidden api policy
2020-05-20 23:06:31:294 - [debug] [35m[ADB][39m Running '/Users/tangyao/Android/sdk/platform-tools/adb -P 5037 -s 5483e9c3 shell settings put global hidden_api_policy_pre_p_apps 1'
2020-05-20 23:06:31:405 - [debug] [35m[ADB][39m Running '/Users/tangyao/Android/sdk/platform-tools/adb -P 5037 -s 5483e9c3 shell settings put global hidden_api_policy_p_apps 1'
2020-05-20 23:06:31:527 - [debug] [35m[ADB][39m Running '/Users/tangyao/Android/sdk/platform-tools/adb -P 5037 -s 5483e9c3 shell settings put global hidden_api_policy 1'
2020-05-20 23:06:31:653 - [35m[AndroidDriver][39m No app sent in, not parsing package/activity
2020-05-20 23:06:31:655 - [debug] [35m[ADB][39m Running '/Users/tangyao/Android/sdk/platform-tools/adb -P 5037 -s 5483e9c3 wait-for-device'
2020-05-20 23:06:31:666 - [debug] [35m[ADB][39m Running '/Users/tangyao/Android/sdk/platform-tools/adb -P 5037 -s 5483e9c3 shell echo ping'
2020-05-20 23:06:31:730 - [debug] [35m[AndroidDriver][39m Pushing settings apk to device...
2020-05-20 23:06:31:731 - [debug] [35m[ADB][39m Getting install status for io.appium.settings
2020-05-20 23:06:31:731 - [debug] [35m[ADB][39m Running '/Users/tangyao/Android/sdk/platform-tools/adb -P 5037 -s 5483e9c3 shell dumpsys package io.appium.settings'
2020-05-20 23:06:31:839 - [debug] [35m[ADB][39m 'io.appium.settings' is installed
2020-05-20 23:06:31:839 - [debug] [35m[ADB][39m Getting package info for 'io.appium.settings'
2020-05-20 23:06:31:840 - [debug] [35m[ADB][39m Running '/Users/tangyao/Android/sdk/platform-tools/adb -P 5037 -s 5483e9c3 shell dumpsys package io.appium.settings'
2020-05-20 23:06:31:922 - [35m[ADB][39m Using 'apkanalyzer' from '/Users/tangyao/Android/sdk/tools/bin/apkanalyzer'
2020-05-20 23:06:31:923 - [debug] [35m[ADB][39m Starting '/Users/tangyao/Android/sdk/tools/bin/apkanalyzer' with args ["manifest","print","/usr/local/lib/node_modules/appium/node_modules/_io.appium.settings@2.14.1@io.appium.settings/apks/settings_apk-debug.apk"]
2020-05-20 23:06:34:511 - [debug] [35m[ADB][39m The version name of the installed 'io.appium.settings' is greater or equal to the application version name ('2.14.1' >= '2.14.1')
2020-05-20 23:06:34:511 - [debug] [35m[ADB][39m There is no need to install/upgrade '/usr/local/lib/node_modules/appium/node_modules/_io.appium.settings@2.14.1@io.appium.settings/apks/settings_apk-debug.apk'
2020-05-20 23:06:34:512 - [debug] [35m[ADB][39m Getting IDs of all 'io.appium.settings' processes
2020-05-20 23:06:34:512 - [debug] [35m[ADB][39m Running '/Users/tangyao/Android/sdk/platform-tools/adb -P 5037 -s 5483e9c3 shell 'pgrep --help; echo $?''
2020-05-20 23:06:34:614 - [debug] [35m[ADB][39m Running '/Users/tangyao/Android/sdk/platform-tools/adb -P 5037 -s 5483e9c3 shell pgrep -f io\.appium\.settings'
2020-05-20 23:06:34:718 - [debug] [35m[AndroidDriver][39m io.appium.settings is already running. There is no need to reset its permissions.
2020-05-20 23:06:34:718 - [debug] [35m[ADB][39m Running '/Users/tangyao/Android/sdk/platform-tools/adb -P 5037 -s 5483e9c3 shell appops set io.appium.settings android\:mock_location allow'
2020-05-20 23:06:34:833 - [debug] [35m[Logcat][39m Starting logcat capture
2020-05-20 23:06:34:904 - [debug] [35m[AndroidDriver][39m Enabling Unicode keyboard support
2020-05-20 23:06:34:904 - [debug] [35m[ADB][39m Running '/Users/tangyao/Android/sdk/platform-tools/adb -P 5037 -s 5483e9c3 shell settings get secure default_input_method'
2020-05-20 23:06:34:983 - [debug] [35m[AndroidDriver][39m Unsetting previous IME io.appium.settings/.UnicodeIME
2020-05-20 23:06:34:984 - [debug] [35m[AndroidDriver][39m Setting IME to 'io.appium.settings/.UnicodeIME'
2020-05-20 23:06:34:984 - [debug] [35m[ADB][39m Running '/Users/tangyao/Android/sdk/platform-tools/adb -P 5037 -s 5483e9c3 shell ime enable io.appium.settings/.UnicodeIME'
2020-05-20 23:06:35:039 - [debug] [35m[ADB][39m Running '/Users/tangyao/Android/sdk/platform-tools/adb -P 5037 -s 5483e9c3 shell ime set io.appium.settings/.UnicodeIME'
2020-05-20 23:06:35:117 - [debug] [35m[ADB][39m Getting install status for io.appium.uiautomator2.server
2020-05-20 23:06:35:117 - [debug] [35m[ADB][39m Running '/Users/tangyao/Android/sdk/platform-tools/adb -P 5037 -s 5483e9c3 shell dumpsys package io.appium.uiautomator2.server'
2020-05-20 23:06:35:202 - [debug] [35m[ADB][39m 'io.appium.uiautomator2.server' is installed
2020-05-20 23:06:35:202 - [debug] [35m[ADB][39m Getting package info for 'io.appium.uiautomator2.server'
2020-05-20 23:06:35:203 - [debug] [35m[ADB][39m Running '/Users/tangyao/Android/sdk/platform-tools/adb -P 5037 -s 5483e9c3 shell dumpsys package io.appium.uiautomator2.server'
2020-05-20 23:06:35:266 - [debug] [35m[ADB][39m Starting '/Users/tangyao/Android/sdk/tools/bin/apkanalyzer' with args ["manifest","print","/usr/local/lib/node_modules/appium/node_modules/_appium-uiautomator2-server@3.8.1@appium-uiautomator2-server/apks/appium-uiautomator2-server-v3.8.1.apk"]
2020-05-20 23:06:37:666 - [debug] [35m[ADB][39m The version name of the installed 'io.appium.uiautomator2.server' is greater or equal to the application version name ('3.8.1' >= '3.8.1')
2020-05-20 23:06:37:667 - [debug] [35m[UiAutomator2][39m io.appium.uiautomator2.server installation state: sameVersionInstalled
2020-05-20 23:06:37:667 - [debug] [35m[ADB][39m Checking app cert for /usr/local/lib/node_modules/appium/node_modules/_appium-uiautomator2-server@3.8.1@appium-uiautomator2-server/apks/appium-uiautomator2-server-v3.8.1.apk
2020-05-20 23:06:37:668 - [35m[ADB][39m Using 'apksigner' from '/Users/tangyao/Android/sdk/build-tools/30.0.0-rc2/apksigner'
2020-05-20 23:06:37:669 - [debug] [35m[ADB][39m Starting '/Users/tangyao/Android/sdk/build-tools/30.0.0-rc2/apksigner' with args '["verify","--print-certs","/usr/local/lib/node_modules/appium/node_modules/_appium-uiautomator2-server@3.8.1@appium-uiautomator2-server/apks/appium-uiautomator2-server-v3.8.1.apk"]'
2020-05-20 23:06:37:844 - [35m[ADB][39m Got an error during apksigner execution: Command '/Users/tangyao/Android/sdk/build-tools/30.0.0-rc2/apksigner verify --print-certs /usr/local/lib/node_modules/appium/node_modules/_appium-uiautomator2-server\@3.8.1\@appium-uiautomator2-server/apks/appium-uiautomator2-server-v3.8.1.apk' exited with code 1
2020-05-20 23:06:37:844 - [35m[ADB][39m apksigner stderr: Error: A JNI error has occurred, please check your installation and try again
2020-05-20 23:06:37:844 - [35m[ADB][39m Exception in thread "main" java.lang.UnsupportedClassVersionError: com/android/apksigner/ApkSignerTool has been compiled by a more recent version of the Java Runtime (class file version 53.0), this version of the Java Runtime only recognizes class file versions up to 52.0
2020-05-20 23:06:37:844 - [35m[ADB][39m 	at java.lang.ClassLoader.defineClass1(Native Method)
2020-05-20 23:06:37:845 - [35m[ADB][39m 	at java.lang.ClassLoader.defineClass(ClassLoader.java:763)
2020-05-20 23:06:37:845 - [35m[ADB][39m 	at java.security.SecureClassLoader.defineClass(SecureClassLoader.java:142)
2020-05-20 23:06:37:845 - [35m[ADB][39m 	at java.net.URLClassLoader.defineClass(URLClassLoader.java:467)
2020-05-20 23:06:37:845 - [35m[ADB][39m 	at java.net.URLClassLoader.access$100(URLClassLoader.java:73)
2020-05-20 23:06:37:845 - [35m[ADB][39m 	at java.net.URLClassLoader$1.run(URLClassLoader.java:368)
2020-05-20 23:06:37:845 - [35m[ADB][39m 	at java.net.URLClassLoader$1.run(URLClassLoader.java:362)
2020-05-20 23:06:37:845 - [35m[ADB][39m 	at java.security.AccessController.doPrivileged(Native Method)
2020-05-20 23:06:37:845 - [35m[ADB][39m 	at java.net.URLClassLoader.findClass(URLClassLoader.java:361)
2020-05-20 23:06:37:845 - [35m[ADB][39m 	at java.lang.ClassLoader.loadClass(ClassLoader.java:424)
2020-05-20 23:06:37:845 - [35m[ADB][39m 	at sun.misc.Launcher$AppClassLoader.loadClass(Launcher.java:349)
2020-05-20 23:06:37:846 - [35m[ADB][39m 	at java.lang.ClassLoader.loadClass(ClassLoader.java:357)
2020-05-20 23:06:37:846 - [35m[ADB][39m 	at sun.launcher.LauncherHelper.checkAndLoadMain(LauncherHelper.java:495)
2020-05-20 23:06:37:846 - [35m[ADB][39m 
2020-05-20 23:06:37:846 - [35m[ADB][39m Cannot use apksigner tool for signature verification. Original error: Command '/Users/tangyao/Android/sdk/build-tools/30.0.0-rc2/apksigner verify --print-certs /usr/local/lib/node_modules/appium/node_modules/_appium-uiautomator2-server\@3.8.1\@appium-uiautomator2-server/apks/appium-uiautomator2-server-v3.8.1.apk' exited with code 1
2020-05-20 23:06:37:846 - [debug] [35m[ADB][39m Defaulting to verify.jar
2020-05-20 23:06:38:244 - [debug] [35m[ADB][39m '/usr/local/lib/node_modules/appium/node_modules/_appium-uiautomator2-server@3.8.1@appium-uiautomator2-server/apks/appium-uiautomator2-server-v3.8.1.apk' is already signed.
2020-05-20 23:06:38:245 - [debug] [35m[ADB][39m Getting install status for io.appium.uiautomator2.server.test
2020-05-20 23:06:38:245 - [debug] [35m[ADB][39m Running '/Users/tangyao/Android/sdk/platform-tools/adb -P 5037 -s 5483e9c3 shell dumpsys package io.appium.uiautomator2.server.test'
2020-05-20 23:06:38:372 - [debug] [35m[ADB][39m 'io.appium.uiautomator2.server.test' is installed
2020-05-20 23:06:38:373 - [debug] [35m[ADB][39m Checking app cert for /usr/local/lib/node_modules/appium/node_modules/_appium-uiautomator2-server@3.8.1@appium-uiautomator2-server/apks/appium-uiautomator2-server-debug-androidTest.apk
2020-05-20 23:06:38:373 - [debug] [35m[ADB][39m Starting '/Users/tangyao/Android/sdk/build-tools/30.0.0-rc2/apksigner' with args '["verify","--print-certs","/usr/local/lib/node_modules/appium/node_modules/_appium-uiautomator2-server@3.8.1@appium-uiautomator2-server/apks/appium-uiautomator2-server-debug-androidTest.apk"]'
2020-05-20 23:06:38:575 - [35m[ADB][39m Got an error during apksigner execution: Command '/Users/tangyao/Android/sdk/build-tools/30.0.0-rc2/apksigner verify --print-certs /usr/local/lib/node_modules/appium/node_modules/_appium-uiautomator2-server\@3.8.1\@appium-uiautomator2-server/apks/appium-uiautomator2-server-debug-androidTest.apk' exited with code 1
2020-05-20 23:06:38:575 - [35m[ADB][39m apksigner stderr: Error: A JNI error has occurred, please check your installation and try again
2020-05-20 23:06:38:575 - [35m[ADB][39m Exception in thread "main" java.lang.UnsupportedClassVersionError: com/android/apksigner/ApkSignerTool has been compiled by a more recent version of the Java Runtime (class file version 53.0), this version of the Java Runtime only recognizes class file versions up to 52.0
2020-05-20 23:06:38:576 - [35m[ADB][39m 	at java.lang.ClassLoader.defineClass1(Native Method)
2020-05-20 23:06:38:576 - [35m[ADB][39m 	at java.lang.ClassLoader.defineClass(ClassLoader.java:763)
2020-05-20 23:06:38:576 - [35m[ADB][39m 	at java.security.SecureClassLoader.defineClass(SecureClassLoader.java:142)
2020-05-20 23:06:38:576 - [35m[ADB][39m 	at java.net.URLClassLoader.defineClass(URLClassLoader.java:467)
2020-05-20 23:06:38:576 - [35m[ADB][39m 	at java.net.URLClassLoader.access$100(URLClassLoader.java:73)
2020-05-20 23:06:38:576 - [35m[ADB][39m 	at java.net.URLClassLoader$1.run(URLClassLoader.java:368)
2020-05-20 23:06:38:576 - [35m[ADB][39m 	at java.net.URLClassLoader$1.run(URLClassLoader.java:362)
2020-05-20 23:06:38:576 - [35m[ADB][39m 	at java.security.AccessController.doPrivileged(Native Method)
2020-05-20 23:06:38:576 - [35m[ADB][39m 	at java.net.URLClassLoader.findClass(URLClassLoader.java:361)
2020-05-20 23:06:38:577 - [35m[ADB][39m 	at java.lang.ClassLoader.loadClass(ClassLoader.java:424)
2020-05-20 23:06:38:577 - [35m[ADB][39m 	at sun.misc.Launcher$AppClassLoader.loadClass(Launcher.java:349)
2020-05-20 23:06:38:577 - [35m[ADB][39m 	at java.lang.ClassLoader.loadClass(ClassLoader.java:357)
2020-05-20 23:06:38:577 - [35m[ADB][39m 	at sun.launcher.LauncherHelper.checkAndLoadMain(LauncherHelper.java:495)
2020-05-20 23:06:38:577 - [35m[ADB][39m 
2020-05-20 23:06:38:577 - [35m[ADB][39m Cannot use apksigner tool for signature verification. Original error: Command '/Users/tangyao/Android/sdk/build-tools/30.0.0-rc2/apksigner verify --print-certs /usr/local/lib/node_modules/appium/node_modules/_appium-uiautomator2-server\@3.8.1\@appium-uiautomator2-server/apks/appium-uiautomator2-server-debug-androidTest.apk' exited with code 1
2020-05-20 23:06:38:577 - [debug] [35m[ADB][39m Defaulting to verify.jar
2020-05-20 23:06:38:951 - [debug] [35m[ADB][39m '/usr/local/lib/node_modules/appium/node_modules/_appium-uiautomator2-server@3.8.1@appium-uiautomator2-server/apks/appium-uiautomator2-server-debug-androidTest.apk' is already signed.
2020-05-20 23:06:38:951 - [35m[UiAutomator2][39m Server packages are not going to be (re)installed
2020-05-20 23:06:38:952 - [debug] [35m[UiAutomator2][39m Waiting up to 30000ms for services to be available
2020-05-20 23:06:38:952 - [debug] [35m[ADB][39m Running '/Users/tangyao/Android/sdk/platform-tools/adb -P 5037 -s 5483e9c3 shell pm list instrumentation'
2020-05-20 23:06:39:060 - [debug] [35m[UiAutomator2][39m Instrumentation target 'io.appium.uiautomator2.server.test/androidx.test.runner.AndroidJUnitRunner' is available
2020-05-20 23:06:39:061 - [debug] [35m[UiAutomator2][39m Forwarding UiAutomator2 Server port 6790 to 6725
2020-05-20 23:06:39:061 - [debug] [35m[ADB][39m Forwarding system: 6725 to device: 6790
2020-05-20 23:06:39:061 - [debug] [35m[ADB][39m Running '/Users/tangyao/Android/sdk/platform-tools/adb -P 5037 -s 5483e9c3 forward tcp\:6725 tcp\:6790'
2020-05-20 23:06:39:072 - [debug] [35m[UiAutomator2][39m No app capability. Assuming it is already on the device
2020-05-20 23:06:39:072 - [debug] [35m[UiAutomator2][39m Performing shallow cleanup of automation leftovers
2020-05-20 23:06:39:115 - [debug] [35m[UiAutomator2][39m No obsolete sessions have been detected (Error: socket hang up)
2020-05-20 23:06:39:116 - [debug] [35m[ADB][39m Running '/Users/tangyao/Android/sdk/platform-tools/adb -P 5037 -s 5483e9c3 shell am force-stop io.appium.uiautomator2.server.test'
2020-05-20 23:06:39:233 - [35m[UiAutomator2][39m Starting UIAutomator2 server 3.8.1
2020-05-20 23:06:39:233 - [35m[UiAutomator2][39m Using UIAutomator2 server from '/usr/local/lib/node_modules/appium/node_modules/_appium-uiautomator2-server@3.8.1@appium-uiautomator2-server/apks/appium-uiautomator2-server-v3.8.1.apk' and test from '/usr/local/lib/node_modules/appium/node_modules/_appium-uiautomator2-server@3.8.1@appium-uiautomator2-server/apks/appium-uiautomator2-server-debug-androidTest.apk'
2020-05-20 23:06:39:234 - [35m[UiAutomator2][39m Waiting up to 30000ms for UiAutomator2 to be online...
2020-05-20 23:06:39:234 - [debug] [35m[ADB][39m Creating ADB subprocess with args: ["-P",5037,"-s","5483e9c3","shell","am","instrument","-w","io.appium.uiautomator2.server.test/androidx.test.runner.AndroidJUnitRunner"]
2020-05-20 23:06:40:207 - [debug] [35m[Instrumentation][39m io.appium.uiautomator2.server.test.AppiumUiAutomator2Server:
2020-05-20 23:06:40:239 - [debug] [35m[WD Proxy][39m Matched '/status' to command name 'getStatus'
2020-05-20 23:06:40:240 - [debug] [35m[WD Proxy][39m Proxying [GET /status] to [GET http://localhost:6725/wd/hub/status] with no body
2020-05-20 23:06:40:257 - [35m[WD Proxy][39m Got an unexpected response: {"code":"ECONNRESET"}
2020-05-20 23:06:41:263 - [debug] [35m[WD Proxy][39m Matched '/status' to command name 'getStatus'
2020-05-20 23:06:41:264 - [debug] [35m[WD Proxy][39m Proxying [GET /status] to [GET http://localhost:6725/wd/hub/status] with no body
2020-05-20 23:06:41:274 - [35m[WD Proxy][39m Got an unexpected response: {"code":"ECONNRESET"}
2020-05-20 23:06:42:279 - [debug] [35m[WD Proxy][39m Matched '/status' to command name 'getStatus'
2020-05-20 23:06:42:279 - [debug] [35m[WD Proxy][39m Proxying [GET /status] to [GET http://localhost:6725/wd/hub/status] with no body
2020-05-20 23:06:42:389 - [debug] [35m[WD Proxy][39m Got response with status 200: {"sessionId":"None","status":0,"value":"Status Invoked"}
2020-05-20 23:06:42:389 - [debug] [35m[WD Proxy][39m Determined the downstream protocol as 'MJSONWP'
2020-05-20 23:06:42:397 - [debug] [35m[UiAutomator2][39m The initialization of the instrumentation process took 3156ms
2020-05-20 23:06:42:398 - [debug] [35m[WD Proxy][39m Matched '/session' to command name 'createSession'
2020-05-20 23:06:42:398 - [debug] [35m[WD Proxy][39m Proxying [POST /session] to [POST http://localhost:6725/wd/hub/session] with body: {"desiredCapabilities":{"platform":"LINUX","webStorageEnabled":false,"takesScreenshot":true,"javascriptEnabled":true,"databaseEnabled":false,"networkConnectionEnabled":true,"locationContextEnabled":false,"warnings":{},"desired":{"platformName":"Android","udid":"5483e9c3","deviceName":"5483e9c3","appPackage":"com.xueqiu.android","platformVersion":"7.1.2","appActivity":".view.WelcomeActivityAlias","unicodeKeyboard":true,"resetKeyboard":true,"newCommandTimeout":120,"systemPort":6725,"noReset":true,"autoGrantPermissions":true},"platformName":"Android","udid":"5483e9c3","deviceName":"5483e9c3","appPackage":"com.xueqiu.android","platformVersion":"7.1.2","appActivity":".view.WelcomeActivityAlias","unicodeKeyboard":true,"resetKeyboard":true,"newCommandTimeout":120,"systemPort":6725,"noReset":true,"autoGrantPermissions":true,"deviceUDID":"5483e9c3"}}
2020-05-20 23:06:42:453 - [debug] [35m[WD Proxy][39m Got response with status 200: {"sessionId":"fb7f6ffc-9a3e-4572-ba8c-e8aad316beb3","status":0,"value":"Created Session"}
2020-05-20 23:06:42:453 - [debug] [35m[WD Proxy][39m Determined the downstream protocol as 'MJSONWP' per session creation request
2020-05-20 23:06:42:467 - [debug] [35m[WD Proxy][39m Proxying [GET /appium/device/info] to [GET http://localhost:6725/wd/hub/session/fb7f6ffc-9a3e-4572-ba8c-e8aad316beb3/appium/device/info] with no body
2020-05-20 23:06:42:528 - [debug] [35m[WD Proxy][39m Got response with status 200: {"sessionId":"fb7f6ffc-9a3e-4572-ba8c-e8aad316beb3","status":0,"value":{"androidId":"405f120cdfa7799f","manufacturer":"Xiaomi","model":"MI 8","brand":"Xiaomi","apiVersion":"29","platformVersion":"10","carrierName":"","realDisplaySize":"1080x2248","displayDensity":440,"networks":[{"type":1,"typeName":"WIFI","subtype":0,"subtypeName":"","isConnected":true,"detailedState":"CONNECTED","state":"CONNECTED","extraInfo":null,"isAvailable":true,"isFailover":false,"isRoaming":false,"capabilities":{"transportTypes":"NET_CAPABILITY_SUPL","networkCapabilities":"","linkUpstreamBandwidthKbps":1048576,"linkDownBandwidthKbps":1048576,"signalStrength":-48,"networkSpecifier":null,"SSID":null}}],"locale":"zh_CN","timeZone":"Asia\/Shanghai"}}
2020-05-20 23:06:42:528 - [debug] [35m[ADB][39m Running '/Users/tangyao/Android/sdk/platform-tools/adb -P 5037 -s 5483e9c3 shell dumpsys window'
2020-05-20 23:06:42:637 - [35m[AndroidDriver][39m Screen already unlocked, doing nothing
2020-05-20 23:06:42:637 - [35m[UiAutomator2][39m UiAutomator2 did not start the activity we were waiting for, 'com.xueqiu.android/.view.WelcomeActivityAlias'. Starting it ourselves
2020-05-20 23:06:42:638 - [debug] [35m[ADB][39m Running '/Users/tangyao/Android/sdk/platform-tools/adb -P 5037 -s 5483e9c3 shell am start -W -n com.xueqiu.android/.view.WelcomeActivityAlias -S -a android.intent.action.MAIN -c android.intent.category.LAUNCHER -f 0x10200000'
2020-05-20 23:06:43:387 - [debug] [35m[WD Proxy][39m Proxying [GET /appium/device/pixel_ratio] to [GET http://localhost:6725/wd/hub/session/fb7f6ffc-9a3e-4572-ba8c-e8aad316beb3/appium/device/pixel_ratio] with body: {}
2020-05-20 23:06:43:397 - [debug] [35m[WD Proxy][39m Got response with status 200: {"sessionId":"fb7f6ffc-9a3e-4572-ba8c-e8aad316beb3","status":0,"value":2.75}
2020-05-20 23:06:43:398 - [debug] [35m[WD Proxy][39m Matched '/appium/device/system_bars' to command name 'getSystemBars'
2020-05-20 23:06:43:398 - [debug] [35m[WD Proxy][39m Proxying [GET /appium/device/system_bars] to [GET http://localhost:6725/wd/hub/session/fb7f6ffc-9a3e-4572-ba8c-e8aad316beb3/appium/device/system_bars] with body: {}
2020-05-20 23:06:43:413 - [debug] [35m[WD Proxy][39m Got response with status 200: {"sessionId":"fb7f6ffc-9a3e-4572-ba8c-e8aad316beb3","status":0,"value":{"statusBar":89}}
2020-05-20 23:06:43:414 - [debug] [35m[WD Proxy][39m Matched '/window/current/size' to command name 'getWindowSize'
2020-05-20 23:06:43:414 - [debug] [35m[WD Proxy][39m Proxying [GET /window/current/size] to [GET http://localhost:6725/wd/hub/session/fb7f6ffc-9a3e-4572-ba8c-e8aad316beb3/window/current/size] with body: {}
2020-05-20 23:06:43:425 - [debug] [35m[WD Proxy][39m Got response with status 200: {"sessionId":"fb7f6ffc-9a3e-4572-ba8c-e8aad316beb3","status":0,"value":{"height":2029,"width":1080}}
2020-05-20 23:06:43:426 - [35m[Appium][39m New AndroidUiautomator2Driver session created successfully, session 7d8404e5-7a11-4f57-9469-f6d0c49d3914 added to master session list
2020-05-20 23:06:43:426 - [debug] [35m[BaseDriver][39m Event 'newSessionStarted' logged at 1589987203426 (23:06:43 GMT+0800 (China Standard Time))
2020-05-20 23:06:43:427 - [debug] [35m[W3C (7d8404e5)][39m Cached the protocol value 'W3C' for the new session 7d8404e5-7a11-4f57-9469-f6d0c49d3914
2020-05-20 23:06:43:428 - [debug] [35m[W3C (7d8404e5)][39m Responding to client with driver.createSession() result: {"capabilities":{"platform":"LINUX","webStorageEnabled":false,"takesScreenshot":true,"javascriptEnabled":true,"databaseEnabled":false,"networkConnectionEnabled":true,"locationContextEnabled":false,"warnings":{},"desired":{"platformName":"Android","udid":"5483e9c3","deviceName":"5483e9c3","appPackage":"com.xueqiu.android","platformVersion":"7.1.2","appActivity":".view.WelcomeActivityAlias","unicodeKeyboard":true,"resetKeyboard":true,"newCommandTimeout":120,"systemPort":6725,"noReset":true,"autoGrantPermissions":true},"platformName":"Android","udid":"5483e9c3","deviceName":"5483e9c3","appPackage":"com.xueqiu.android","platformVersion":"10","appActivity":".view.WelcomeActivityAlias","unicodeKeyboard":true,"resetKeyboard":true,"newCommandTimeout":120,"systemPort":6725,"noReset":true,"autoGrantPermissions":true,"deviceUDID":"5483e9c3","deviceApiLevel":29,"deviceScreenSize":"1080x2248","deviceScreenDensity":440,"deviceModel":"MI 8","deviceManufacturer":"Xiaomi","pixelRatio":2.75,"statBarHeight":89,"viewportRect"...
2020-05-20 23:06:43:434 - [35m[HTTP][39m [37m<-- POST /wd/hub/session [39m[32m200[39m [90m12608 ms - 1131[39m
2020-05-20 23:06:43:434 - [35m[HTTP][39m [90m[39m
2020-05-20 23:06:43:438 - [35m[HTTP][39m [37m-->[39m [37mPOST[39m [37m/wd/hub/session/7d8404e5-7a11-4f57-9469-f6d0c49d3914/timeouts[39m
2020-05-20 23:06:43:438 - [35m[HTTP][39m [90m{"implicit":5000}[39m
2020-05-20 23:06:43:441 - [debug] [35m[W3C (7d8404e5)][39m Calling AppiumDriver.timeouts() with args: [null,null,null,null,5000,"7d8404e5-7a11-4f57-9469-f6d0c49d3914"]
2020-05-20 23:06:43:471 - [debug] [35m[BaseDriver][39m W3C timeout argument: {"implicit":5000}}
2020-05-20 23:06:43:471 - [debug] [35m[BaseDriver][39m Set implicit wait to 5000ms
2020-05-20 23:06:43:472 - [debug] [35m[W3C (7d8404e5)][39m Responding to client with driver.timeouts() result: null
2020-05-20 23:06:43:473 - [35m[HTTP][39m [37m<-- POST /wd/hub/session/7d8404e5-7a11-4f57-9469-f6d0c49d3914/timeouts [39m[32m200[39m [90m34 ms - 14[39m
2020-05-20 23:06:43:473 - [35m[HTTP][39m [90m[39m
2020-05-20 23:06:45:490 - [35m[HTTP][39m [37m-->[39m [37mPOST[39m [37m/wd/hub/session/7d8404e5-7a11-4f57-9469-f6d0c49d3914/element[39m
2020-05-20 23:06:45:491 - [35m[HTTP][39m [90m{"using":"xpath","value":"//*[@text='我的']"}[39m
2020-05-20 23:06:45:494 - [debug] [35m[W3C (7d8404e5)][39m Calling AppiumDriver.findElement() with args: ["xpath","//*[@text='我的']","7d8404e5-7a11-4f57-9469-f6d0c49d3914"]
2020-05-20 23:06:45:495 - [debug] [35m[BaseDriver][39m Valid locator strategies for this request: xpath, id, class name, accessibility id, -android uiautomator
2020-05-20 23:06:45:495 - [debug] [35m[BaseDriver][39m Waiting up to 5000 ms for condition
2020-05-20 23:06:45:496 - [debug] [35m[WD Proxy][39m Matched '/element' to command name 'findElement'
2020-05-20 23:06:45:497 - [debug] [35m[WD Proxy][39m Proxying [POST /element] to [POST http://localhost:6725/wd/hub/session/fb7f6ffc-9a3e-4572-ba8c-e8aad316beb3/element] with body: {"strategy":"xpath","selector":"//*[@text='我的']","context":"","multiple":false}
2020-05-20 23:06:46:337 - [35m[WD Proxy][39m Got an unexpected response: {"sessionId":"fb7f6ffc-9a3e-4572-ba8c-e8aad316beb3","status":7,"value":"An element could not be located on the page using the given search parameters."}
2020-05-20 23:06:46:338 - [debug] [35m[MJSONWP][39m Matched JSONWP error code 7 to NoSuchElementError
2020-05-20 23:06:46:339 - [debug] [35m[BaseDriver][39m Waited for 843 ms so far
2020-05-20 23:06:46:843 - [debug] [35m[WD Proxy][39m Matched '/element' to command name 'findElement'
2020-05-20 23:06:46:843 - [debug] [35m[WD Proxy][39m Proxying [POST /element] to [POST http://localhost:6725/wd/hub/session/fb7f6ffc-9a3e-4572-ba8c-e8aad316beb3/element] with body: {"strategy":"xpath","selector":"//*[@text='我的']","context":"","multiple":false}
2020-05-20 23:06:46:941 - [35m[WD Proxy][39m Got an unexpected response: {"sessionId":"fb7f6ffc-9a3e-4572-ba8c-e8aad316beb3","status":7,"value":"An element could not be located on the page using the given search parameters."}
2020-05-20 23:06:46:941 - [debug] [35m[MJSONWP][39m Matched JSONWP error code 7 to NoSuchElementError
2020-05-20 23:06:46:942 - [debug] [35m[BaseDriver][39m Waited for 1446 ms so far
2020-05-20 23:06:47:446 - [debug] [35m[WD Proxy][39m Matched '/element' to command name 'findElement'
2020-05-20 23:06:47:446 - [debug] [35m[WD Proxy][39m Proxying [POST /element] to [POST http://localhost:6725/wd/hub/session/fb7f6ffc-9a3e-4572-ba8c-e8aad316beb3/element] with body: {"strategy":"xpath","selector":"//*[@text='我的']","context":"","multiple":false}
2020-05-20 23:06:47:554 - [35m[WD Proxy][39m Got an unexpected response: {"sessionId":"fb7f6ffc-9a3e-4572-ba8c-e8aad316beb3","status":7,"value":"An element could not be located on the page using the given search parameters."}
2020-05-20 23:06:47:554 - [debug] [35m[MJSONWP][39m Matched JSONWP error code 7 to NoSuchElementError
2020-05-20 23:06:47:555 - [debug] [35m[BaseDriver][39m Waited for 2059 ms so far
2020-05-20 23:06:48:057 - [debug] [35m[WD Proxy][39m Matched '/element' to command name 'findElement'
2020-05-20 23:06:48:058 - [debug] [35m[WD Proxy][39m Proxying [POST /element] to [POST http://localhost:6725/wd/hub/session/fb7f6ffc-9a3e-4572-ba8c-e8aad316beb3/element] with body: {"strategy":"xpath","selector":"//*[@text='我的']","context":"","multiple":false}
2020-05-20 23:06:48:163 - [35m[WD Proxy][39m Got an unexpected response: {"sessionId":"fb7f6ffc-9a3e-4572-ba8c-e8aad316beb3","status":7,"value":"An element could not be located on the page using the given search parameters."}
2020-05-20 23:06:48:163 - [debug] [35m[MJSONWP][39m Matched JSONWP error code 7 to NoSuchElementError
2020-05-20 23:06:48:164 - [debug] [35m[BaseDriver][39m Waited for 2668 ms so far
2020-05-20 23:06:48:667 - [debug] [35m[WD Proxy][39m Matched '/element' to command name 'findElement'
2020-05-20 23:06:48:667 - [debug] [35m[WD Proxy][39m Proxying [POST /element] to [POST http://localhost:6725/wd/hub/session/fb7f6ffc-9a3e-4572-ba8c-e8aad316beb3/element] with body: {"strategy":"xpath","selector":"//*[@text='我的']","context":"","multiple":false}
2020-05-20 23:06:48:898 - [35m[WD Proxy][39m Got an unexpected response: {"sessionId":"fb7f6ffc-9a3e-4572-ba8c-e8aad316beb3","status":7,"value":"An element could not be located on the page using the given search parameters."}
2020-05-20 23:06:48:899 - [debug] [35m[MJSONWP][39m Matched JSONWP error code 7 to NoSuchElementError
2020-05-20 23:06:48:899 - [debug] [35m[BaseDriver][39m Waited for 3403 ms so far
2020-05-20 23:06:49:409 - [debug] [35m[WD Proxy][39m Matched '/element' to command name 'findElement'
2020-05-20 23:06:49:409 - [debug] [35m[WD Proxy][39m Proxying [POST /element] to [POST http://localhost:6725/wd/hub/session/fb7f6ffc-9a3e-4572-ba8c-e8aad316beb3/element] with body: {"strategy":"xpath","selector":"//*[@text='我的']","context":"","multiple":false}
2020-05-20 23:06:51:664 - [debug] [35m[WD Proxy][39m Got response with status 200: {"sessionId":"fb7f6ffc-9a3e-4572-ba8c-e8aad316beb3","status":0,"value":{"ELEMENT":"c8e3d81d-0ba8-4eb2-9bcc-f9c90416779f"}}
2020-05-20 23:06:51:673 - [debug] [35m[W3C (7d8404e5)][39m Responding to client with driver.findElement() result: {"element-6066-11e4-a52e-4f735466cecf":"c8e3d81d-0ba8-4eb2-9bcc-f9c90416779f","ELEMENT":"c8e3d81d-0ba8-4eb2-9bcc-f9c90416779f"}
2020-05-20 23:06:51:674 - [35m[HTTP][39m [37m<-- POST /wd/hub/session/7d8404e5-7a11-4f57-9469-f6d0c49d3914/element [39m[32m200[39m [90m6183 ms - 137[39m
2020-05-20 23:06:51:674 - [35m[HTTP][39m [90m[39m
2020-05-20 23:06:51:676 - [35m[HTTP][39m [37m-->[39m [37mPOST[39m [37m/wd/hub/session/7d8404e5-7a11-4f57-9469-f6d0c49d3914/element/c8e3d81d-0ba8-4eb2-9bcc-f9c90416779f/click[39m
2020-05-20 23:06:51:676 - [35m[HTTP][39m [90m{"id":"c8e3d81d-0ba8-4eb2-9bcc-f9c90416779f"}[39m
2020-05-20 23:06:51:678 - [debug] [35m[W3C (7d8404e5)][39m Calling AppiumDriver.click() with args: ["c8e3d81d-0ba8-4eb2-9bcc-f9c90416779f","7d8404e5-7a11-4f57-9469-f6d0c49d3914"]
2020-05-20 23:06:51:679 - [debug] [35m[WD Proxy][39m Matched '/element/c8e3d81d-0ba8-4eb2-9bcc-f9c90416779f/click' to command name 'click'
2020-05-20 23:06:51:680 - [debug] [35m[WD Proxy][39m Proxying [POST /element/c8e3d81d-0ba8-4eb2-9bcc-f9c90416779f/click] to [POST http://localhost:6725/wd/hub/session/fb7f6ffc-9a3e-4572-ba8c-e8aad316beb3/element/c8e3d81d-0ba8-4eb2-9bcc-f9c90416779f/click] with body: {"element":"c8e3d81d-0ba8-4eb2-9bcc-f9c90416779f"}
2020-05-20 23:06:51:758 - [debug] [35m[WD Proxy][39m Got response with status 200: {"sessionId":"fb7f6ffc-9a3e-4572-ba8c-e8aad316beb3","status":0,"value":true}
2020-05-20 23:06:51:759 - [debug] [35m[W3C (7d8404e5)][39m Responding to client with driver.click() result: true
2020-05-20 23:06:51:760 - [35m[HTTP][39m [37m<-- POST /wd/hub/session/7d8404e5-7a11-4f57-9469-f6d0c49d3914/element/c8e3d81d-0ba8-4eb2-9bcc-f9c90416779f/click [39m[32m200[39m [90m84 ms - 14[39m
2020-05-20 23:06:51:760 - [35m[HTTP][39m [90m[39m
2020-05-20 23:06:51:763 - [35m[HTTP][39m [37m-->[39m [37mPOST[39m [37m/wd/hub/session/7d8404e5-7a11-4f57-9469-f6d0c49d3914/element[39m
2020-05-20 23:06:51:763 - [35m[HTTP][39m [90m{"using":"xpath","value":"//*[@text='微信']"}[39m
2020-05-20 23:06:51:764 - [debug] [35m[W3C (7d8404e5)][39m Calling AppiumDriver.findElement() with args: ["xpath","//*[@text='微信']","7d8404e5-7a11-4f57-9469-f6d0c49d3914"]
2020-05-20 23:06:51:765 - [debug] [35m[BaseDriver][39m Valid locator strategies for this request: xpath, id, class name, accessibility id, -android uiautomator
2020-05-20 23:06:51:766 - [debug] [35m[BaseDriver][39m Waiting up to 5000 ms for condition
2020-05-20 23:06:51:766 - [debug] [35m[WD Proxy][39m Matched '/element' to command name 'findElement'
2020-05-20 23:06:51:766 - [debug] [35m[WD Proxy][39m Proxying [POST /element] to [POST http://localhost:6725/wd/hub/session/fb7f6ffc-9a3e-4572-ba8c-e8aad316beb3/element] with body: {"strategy":"xpath","selector":"//*[@text='微信']","context":"","multiple":false}
2020-05-20 23:06:52:541 - [debug] [35m[WD Proxy][39m Got response with status 200: {"sessionId":"fb7f6ffc-9a3e-4572-ba8c-e8aad316beb3","status":0,"value":{"ELEMENT":"4fe4bb7f-216b-4a17-8370-d0f073a6044a"}}
2020-05-20 23:06:52:542 - [debug] [35m[W3C (7d8404e5)][39m Responding to client with driver.findElement() result: {"element-6066-11e4-a52e-4f735466cecf":"4fe4bb7f-216b-4a17-8370-d0f073a6044a","ELEMENT":"4fe4bb7f-216b-4a17-8370-d0f073a6044a"}
2020-05-20 23:06:52:543 - [35m[HTTP][39m [37m<-- POST /wd/hub/session/7d8404e5-7a11-4f57-9469-f6d0c49d3914/element [39m[32m200[39m [90m780 ms - 137[39m
2020-05-20 23:06:52:544 - [35m[HTTP][39m [90m[39m
2020-05-20 23:06:52:546 - [35m[HTTP][39m [37m-->[39m [37mPOST[39m [37m/wd/hub/session/7d8404e5-7a11-4f57-9469-f6d0c49d3914/element/4fe4bb7f-216b-4a17-8370-d0f073a6044a/click[39m
2020-05-20 23:06:52:546 - [35m[HTTP][39m [90m{"id":"4fe4bb7f-216b-4a17-8370-d0f073a6044a"}[39m
2020-05-20 23:06:52:547 - [debug] [35m[W3C (7d8404e5)][39m Calling AppiumDriver.click() with args: ["4fe4bb7f-216b-4a17-8370-d0f073a6044a","7d8404e5-7a11-4f57-9469-f6d0c49d3914"]
2020-05-20 23:06:52:549 - [debug] [35m[WD Proxy][39m Matched '/element/4fe4bb7f-216b-4a17-8370-d0f073a6044a/click' to command name 'click'
2020-05-20 23:06:52:549 - [debug] [35m[WD Proxy][39m Proxying [POST /element/4fe4bb7f-216b-4a17-8370-d0f073a6044a/click] to [POST http://localhost:6725/wd/hub/session/fb7f6ffc-9a3e-4572-ba8c-e8aad316beb3/element/4fe4bb7f-216b-4a17-8370-d0f073a6044a/click] with body: {"element":"4fe4bb7f-216b-4a17-8370-d0f073a6044a"}
2020-05-20 23:06:52:714 - [debug] [35m[WD Proxy][39m Got response with status 200: {"sessionId":"fb7f6ffc-9a3e-4572-ba8c-e8aad316beb3","status":0,"value":true}
2020-05-20 23:06:52:715 - [debug] [35m[W3C (7d8404e5)][39m Responding to client with driver.click() result: true
2020-05-20 23:06:52:716 - [35m[HTTP][39m [37m<-- POST /wd/hub/session/7d8404e5-7a11-4f57-9469-f6d0c49d3914/element/4fe4bb7f-216b-4a17-8370-d0f073a6044a/click [39m[32m200[39m [90m170 ms - 14[39m
2020-05-20 23:06:52:716 - [35m[HTTP][39m [90m[39m
2020-05-20 23:06:52:717 - [35m[HTTP][39m [37m-->[39m [37mPOST[39m [37m/wd/hub/session/7d8404e5-7a11-4f57-9469-f6d0c49d3914/element[39m
2020-05-20 23:06:52:718 - [35m[HTTP][39m [90m{"using":"xpath","value":"//*[@class='android.widget.Toast']"}[39m
2020-05-20 23:06:52:718 - [debug] [35m[W3C (7d8404e5)][39m Calling AppiumDriver.findElement() with args: ["xpath","//*[@class='android.widget.Toast']","7d8404e5-7a11-4f57-9469-f6d0c49d3914"]
2020-05-20 23:06:52:719 - [debug] [35m[BaseDriver][39m Valid locator strategies for this request: xpath, id, class name, accessibility id, -android uiautomator
2020-05-20 23:06:52:719 - [debug] [35m[BaseDriver][39m Waiting up to 5000 ms for condition
2020-05-20 23:06:52:720 - [debug] [35m[WD Proxy][39m Matched '/element' to command name 'findElement'
2020-05-20 23:06:52:720 - [debug] [35m[WD Proxy][39m Proxying [POST /element] to [POST http://localhost:6725/wd/hub/session/fb7f6ffc-9a3e-4572-ba8c-e8aad316beb3/element] with body: {"strategy":"xpath","selector":"//*[@class='android.widget.Toast']","context":"","multiple":false}
2020-05-20 23:06:53:531 - [debug] [35m[WD Proxy][39m Got response with status 200: {"sessionId":"fb7f6ffc-9a3e-4572-ba8c-e8aad316beb3","status":0,"value":{"ELEMENT":"4b537762-aba3-4c32-8d73-e1b13611ab26"}}
2020-05-20 23:06:53:532 - [debug] [35m[W3C (7d8404e5)][39m Responding to client with driver.findElement() result: {"element-6066-11e4-a52e-4f735466cecf":"4b537762-aba3-4c32-8d73-e1b13611ab26","ELEMENT":"4b537762-aba3-4c32-8d73-e1b13611ab26"}
2020-05-20 23:06:53:532 - [35m[HTTP][39m [37m<-- POST /wd/hub/session/7d8404e5-7a11-4f57-9469-f6d0c49d3914/element [39m[32m200[39m [90m815 ms - 137[39m
2020-05-20 23:06:53:533 - [35m[HTTP][39m [90m[39m
2020-05-20 23:06:53:536 - [35m[HTTP][39m [37m-->[39m [37mGET[39m [37m/wd/hub/session/7d8404e5-7a11-4f57-9469-f6d0c49d3914/element/4b537762-aba3-4c32-8d73-e1b13611ab26/text[39m
2020-05-20 23:06:53:536 - [35m[HTTP][39m [90m{}[39m
2020-05-20 23:06:53:538 - [35m[W3C (7d8404e5)][39m Driver proxy active, passing request on via HTTP proxy
2020-05-20 23:06:53:539 - [debug] [35m[WD Proxy][39m Matched '/wd/hub/session/7d8404e5-7a11-4f57-9469-f6d0c49d3914/element/4b537762-aba3-4c32-8d73-e1b13611ab26/text' to command name 'getText'
2020-05-20 23:06:53:539 - [debug] [35m[WD Proxy][39m Proxying [GET /wd/hub/session/7d8404e5-7a11-4f57-9469-f6d0c49d3914/element/4b537762-aba3-4c32-8d73-e1b13611ab26/text] to [GET http://localhost:6725/wd/hub/session/fb7f6ffc-9a3e-4572-ba8c-e8aad316beb3/element/4b537762-aba3-4c32-8d73-e1b13611ab26/text] with body: {}
2020-05-20 23:06:53:742 - [debug] [35m[WD Proxy][39m Got response with status 200: {"sessionId":"fb7f6ffc-9a3e-4572-ba8c-e8aad316beb3","status":0,"value":"您尚未安装微信，请先安装微信"}
2020-05-20 23:06:53:744 - [35m[WD Proxy][39m Replacing sessionId fb7f6ffc-9a3e-4572-ba8c-e8aad316beb3 with 7d8404e5-7a11-4f57-9469-f6d0c49d3914
2020-05-20 23:06:53:746 - [35m[HTTP][39m [37m<-- GET /wd/hub/session/7d8404e5-7a11-4f57-9469-f6d0c49d3914/element/4b537762-aba3-4c32-8d73-e1b13611ab26/text [39m[32m200[39m [90m209 ms - 105[39m
2020-05-20 23:06:53:748 - [35m[HTTP][39m [90m[39m
2020-05-20 23:06:53:759 - [35m[HTTP][39m [37m-->[39m [37mGET[39m [37m/wd/hub/session/7d8404e5-7a11-4f57-9469-f6d0c49d3914/screenshot[39m
2020-05-20 23:06:53:760 - [35m[HTTP][39m [90m{}[39m
2020-05-20 23:06:53:761 - [debug] [35m[W3C (7d8404e5)][39m Calling AppiumDriver.getScreenshot() with args: ["7d8404e5-7a11-4f57-9469-f6d0c49d3914"]
2020-05-20 23:06:53:762 - [debug] [35m[WD Proxy][39m Matched '/screenshot' to command name 'getScreenshot'
2020-05-20 23:06:53:762 - [debug] [35m[WD Proxy][39m Proxying [GET /screenshot] to [GET http://localhost:6725/wd/hub/session/fb7f6ffc-9a3e-4572-ba8c-e8aad316beb3/screenshot] with no body
2020-05-20 23:06:54:416 - [debug] [35m[WD Proxy][39m Got response with status 200: {"sessionId":"fb7f6ffc-9a3e-4572-ba8c-e8aad316beb3","status":0,"value":"iVBORw0KGgoAAAANSUhEUgAABDgAAAjICAYAAAA+Ih\/iAAAAAXNSR0IArs4c6QAAAARzQklUCAgI\nCHwIZIgAACAASURBVHic7L15vO1XVSf4Xb8z3HvffVOSlxASEgJCwmAxCIkyyFCoKLOGIcrUWNZH\nKSzF7urqai2Hsv1YVUrZJba0VFXblKClgIrSKmgVgmAlJGGmmBTCmISETO+9e9+9Z\/it\/mNPa6+9\n928495z37gvZ73PfOef32\/u71157Dfu3fnugZz2JGQBAMIkREtnfpK4jvuayFBOJjD2xW1OObpFY\n3+iDXcrP7C+ePMa455JhlgHEAFNofjHl7peu2XqoZoAABoE4XwERgQv3VE4ADKoJ7PDbaCIAdQdo\nl71mMJVpNZnI8lbXK5jovstPV7wrvz2uZScDzAyivBQzc5Y2Mh3QKFODaY3x1hSjk1PQbAaa1c0y\nvwp92MfY0401zA6tYz6oLI8bMrt7JVynln1kQJYttcX1P6yMIaPu3sSxkYsmGptoKKRse2pFSMc2\nV\/M5NrZPAQRUqELRUnmqfHtk2wm2zzJtJao6+AeKykf5WuSKrN63+x6HTZ2xu\/u1\/nTvG2yXcR9h\nt6YWX5\/Nv1dfv0jeZbSzZGeWMRZbGfYq6c5gny26to\/1OBkft2HbcWcZu4OQK2xGnYytSnT7SwTM\nRhVOnj\/AZCPNYMZmwW97fD+OI3XNVuMeh8RY0I0NmYMX8X5e5gEl1z0NHH778YHAluS7PpFtOHhH\njbVtkamTrlHmmihTGO9qbCrgNGKXUlYf6OzQtbMV22Xsid2azgJfP0yIkr+9UiIlvES85LYup7AZ\nxt8meZqwS5+qkez+b8KW10rYmgau\/e2do4TjDxg4K5DQrZ\/FE77ouktJSTCxDRaAfcBABw+6Bzcs\nE...
2020-05-20 23:06:54:419 - [debug] [35m[W3C (7d8404e5)][39m Responding to client with driver.getScreenshot() result: "iVBORw0KGgoAAAANSUhEUgAABDgAAAjICAYAAAA+Ih/iAAAAAXNSR0IArs4c6QAAAARzQklUCAgI\nCHwIZIgAACAASURBVHic7L15vO1XVSf4Xb8z3HvffVOSlxASEgJCwmAxCIkyyFCoKLOGIcrUWNZH\nKSzF7urqai2Hsv1YVUrZJba0VFXblKClgIrSKmgVgmAlJGGmmBTCmISETO+9e9+9Z/it/mNPa6+9\n928495z37gvZ73PfOef32/u71157Dfu3fnugZz2JGQBAMIkREtnfpK4jvuayFBOJjD2xW1OObpFY\n3+iDXcrP7C+ePMa455JhlgHEAFNofjHl7peu2XqoZoAABoE4XwERgQv3VE4ADKoJ7PDbaCIAdQdo\nl71mMJVpNZnI8lbXK5jovstPV7wrvz2uZScDzAyivBQzc5Y2Mh3QKFODaY3x1hSjk1PQbAaa1c0y\nvwp92MfY0401zA6tYz6oLI8bMrt7JVynln1kQJYttcX1P6yMIaPu3sSxkYsmGptoKKRse2pFSMc2\nV/M5NrZPAQRUqELRUnmqfHtk2wm2zzJtJao6+AeKykf5WuSKrN63+x6HTZ2xu/u1/nTvG2yXcR9h\nt6YWX5/Nv1dfv0jeZbSzZGeWMRZbGfYq6c5gny26to/1OBkft2HbcWcZu4OQK2xGnYytSnT7SwTM\nRhVOnj/AZCPNYMZmwW97fD+OI3XNVuMeh8RY0I0NmYMX8X5e5gEl1z0NHH778YHAluS7PpFtOHhH\njbVtkamTrlHmmihTGO9qbCrgNGKXUlYf6OzQtbMV22Xsid2azgJfP0yIkr+9UiIlvES85LYup7AZ\nxt8meZqwS5+qkez+b8KW10rYmgau/e2do4TjDxg4K5DQrZ/FE77ouktJSTCxDRaAfcBABw+6Bzcs\nEUzgioNhJGvEXQBB09kjuAEAXBkj5j5BADkM41lihwN3TTFPBzdEkKN3cIODg3EOLXJm+tM6sABh\n5IuYIt...
2020-05-20 23:06:54:424 - [35m[HTTP][39m [37m<-- GET /wd/hub/session/7d8404e5-7a11-4f57-9469-f6d0c49d3914/screenshot [39m[32m200[39m [90m664 ms - 576836[39m
2020-05-20 23:06:54:424 - [35m[HTTP][39m [90m[39m
2020-05-20 23:06:54:451 - [35m[HTTP][39m [37m-->[39m [37mPOST[39m [37m/wd/hub/session/7d8404e5-7a11-4f57-9469-f6d0c49d3914/appium/app/close[39m
2020-05-20 23:06:54:452 - [35m[HTTP][39m [90m{}[39m
2020-05-20 23:06:54:457 - [debug] [35m[W3C (7d8404e5)][39m Calling AppiumDriver.closeApp() with args: ["7d8404e5-7a11-4f57-9469-f6d0c49d3914"]
2020-05-20 23:06:54:459 - [debug] [35m[ADB][39m Running '/Users/tangyao/Android/sdk/platform-tools/adb -P 5037 -s 5483e9c3 shell am force-stop com.xueqiu.android'
2020-05-20 23:06:54:619 - [debug] [35m[W3C (7d8404e5)][39m Responding to client with driver.closeApp() result: null
2020-05-20 23:06:54:620 - [35m[HTTP][39m [37m<-- POST /wd/hub/session/7d8404e5-7a11-4f57-9469-f6d0c49d3914/appium/app/close [39m[32m200[39m [90m168 ms - 14[39m
2020-05-20 23:06:54:620 - [35m[HTTP][39m [90m[39m
2020-05-20 23:06:54:621 - [35m[HTTP][39m [37m-->[39m [37mDELETE[39m [37m/wd/hub/session/7d8404e5-7a11-4f57-9469-f6d0c49d3914[39m
2020-05-20 23:06:54:622 - [35m[HTTP][39m [90m{}[39m
2020-05-20 23:06:54:622 - [debug] [35m[W3C (7d8404e5)][39m Calling AppiumDriver.deleteSession() with args: ["7d8404e5-7a11-4f57-9469-f6d0c49d3914"]
2020-05-20 23:06:54:622 - [debug] [35m[BaseDriver][39m Event 'quitSessionRequested' logged at 1589987214622 (23:06:54 GMT+0800 (China Standard Time))
2020-05-20 23:06:54:623 - [35m[Appium][39m Removing session 7d8404e5-7a11-4f57-9469-f6d0c49d3914 from our master session list
2020-05-20 23:06:54:623 - [debug] [35m[UiAutomator2][39m Deleting UiAutomator2 session
2020-05-20 23:06:54:624 - [debug] [35m[UiAutomator2][39m Deleting UiAutomator2 server session
2020-05-20 23:06:54:624 - [debug] [35m[WD Proxy][39m Matched '/' to command name 'deleteSession'
2020-05-20 23:06:54:624 - [debug] [35m[WD Proxy][39m Proxying [DELETE /] to [DELETE http://localhost:6725/wd/hub/session/fb7f6ffc-9a3e-4572-ba8c-e8aad316beb3] with no body
2020-05-20 23:06:54:660 - [debug] [35m[WD Proxy][39m Got response with status 200: {"sessionId":"fb7f6ffc-9a3e-4572-ba8c-e8aad316beb3","status":0,"value":"Session deleted"}
2020-05-20 23:06:54:661 - [debug] [35m[UiAutomator2][39m Resetting IME to 'io.appium.settings/.UnicodeIME'
2020-05-20 23:06:54:662 - [debug] [35m[ADB][39m Running '/Users/tangyao/Android/sdk/platform-tools/adb -P 5037 -s 5483e9c3 shell ime set io.appium.settings/.UnicodeIME'
2020-05-20 23:06:54:715 - [debug] [35m[ADB][39m Running '/Users/tangyao/Android/sdk/platform-tools/adb -P 5037 -s 5483e9c3 shell am force-stop com.xueqiu.android'
2020-05-20 23:06:54:758 - [debug] [35m[Logcat][39m Stopping logcat capture
2020-05-20 23:06:54:761 - [debug] [35m[ADB][39m Removing forwarded port socket connection: 6725 
2020-05-20 23:06:54:761 - [debug] [35m[ADB][39m Running '/Users/tangyao/Android/sdk/platform-tools/adb -P 5037 -s 5483e9c3 forward --remove tcp\:6725'
2020-05-20 23:06:54:773 - [35m[UiAutomator2][39m Restoring hidden api policy to the device default configuration
2020-05-20 23:06:54:773 - [debug] [35m[ADB][39m Running '/Users/tangyao/Android/sdk/platform-tools/adb -P 5037 -s 5483e9c3 shell settings delete global hidden_api_policy_pre_p_apps'
2020-05-20 23:06:54:813 - [debug] [35m[ADB][39m Running '/Users/tangyao/Android/sdk/platform-tools/adb -P 5037 -s 5483e9c3 shell settings delete global hidden_api_policy_p_apps'
2020-05-20 23:06:54:854 - [debug] [35m[ADB][39m Running '/Users/tangyao/Android/sdk/platform-tools/adb -P 5037 -s 5483e9c3 shell settings delete global hidden_api_policy'
2020-05-20 23:06:54:914 - [debug] [35m[BaseDriver][39m Event 'quitSessionFinished' logged at 1589987214914 (23:06:54 GMT+0800 (China Standard Time))
2020-05-20 23:06:54:915 - [debug] [35m[W3C (7d8404e5)][39m Received response: null
2020-05-20 23:06:54:915 - [debug] [35m[W3C (7d8404e5)][39m But deleting session, so not returning
2020-05-20 23:06:54:915 - [debug] [35m[W3C (7d8404e5)][39m Responding to client with driver.deleteSession() result: null
2020-05-20 23:06:54:917 - [35m[HTTP][39m [37m<-- DELETE /wd/hub/session/7d8404e5-7a11-4f57-9469-f6d0c49d3914 [39m[32m200[39m [90m295 ms - 14[39m
2020-05-20 23:06:54:917 - [35m[HTTP][39m [90m[39m
2020-05-20 23:06:55:109 - [35m[Appium][39m Received SIGTERM - shutting down
2020-05-20 23:06:55:245 - [debug] [35m[Instrumentation][39m .
2020-05-20 23:06:55:737 - [debug] [35m[Instrumentation][39m Time: 15.047
2020-05-20 23:06:55:738 - [debug] [35m[Instrumentation][39m 
2020-05-20 23:06:55:738 - [debug] [35m[Instrumentation][39m OK (1 test)
2020-05-20 23:06:56:038 - [debug] [35m[Instrumentation][39m The process has exited with code 0
