2020-05-20 23:04:38:916 - [35m[Appium][39m Welcome to Appium v1.14.1
2020-05-20 23:04:38:923 - [35m[Appium][39m Non-default server args:
2020-05-20 23:04:38:923 - [35m[Appium][39m   port: 4727
2020-05-20 23:04:38:924 - [35m[Appium][39m   bootstrapPort: 6727
2020-05-20 23:04:38:924 - [35m[Appium][39m   logTimestamp: true
2020-05-20 23:04:38:924 - [35m[Appium][39m   localTimezone: true
2020-05-20 23:04:38:925 - [35m[Appium][39m   udid: emulator-5554
2020-05-20 23:04:38:925 - [35m[Appium][39m Deprecated server args:
2020-05-20 23:04:38:925 - [35m[Appium][39m   [31m-U,--udid[39m => --default-capabilities '{"udid":"emulator-5554"}'
2020-05-20 23:04:38:925 - [35m[Appium][39m Default capabilities, which will be added to each request unless overridden by desired capabilities:
2020-05-20 23:04:38:926 - [35m[Appium][39m   udid: emulator-5554
2020-05-20 23:04:38:949 - [35m[Appium][39m Appium REST http interface listener started on 0.0.0.0:4727
2020-05-20 23:04:41:512 - [35m[HTTP][39m [37m-->[39m [37mPOST[39m [37m/wd/hub/session[39m
2020-05-20 23:04:41:512 - [35m[HTTP][39m [90m{"capabilities":{"firstMatch":[{"platformName":"Android","appium:deviceName":"emulator-5554","appium:appPackage":"com.xueqiu.android","appium:platformVersion":"9","appium:appActivity":".view.WelcomeActivityAlias","appium:unicodeKeyboard":true,"appium:resetKeyboard":true,"appium:newCommandTimeout":120,"appium:systemPort":6727,"appium:noReset":true,"appium:autoGrantPermissions":true}]},"desiredCapabilities":{"platformName":"Android","deviceName":"emulator-5554","appPackage":"com.xueqiu.android","platformVersion":"9","appActivity":".view.WelcomeActivityAlias","unicodeKeyboard":true,"resetKeyboard":true,"newCommandTimeout":120,"systemPort":6727,"noReset":true,"autoGrantPermissions":true}}[39m
2020-05-20 23:04:41:514 - [debug] [35m[W3C][39m Calling AppiumDriver.createSession() with args: [{"platformName":"Android","deviceName":"emulator-5554","appPackage":"com.xueqiu.android","platformVersion":"9","appActivity":".view.WelcomeActivityAlias","unicodeKeyboard":true,"resetKeyboard":true,"newCommandTimeout":120,"systemPort":6727,"noReset":true,"autoGrantPermissions":true},null,{"firstMatch":[{"platformName":"Android","appium:deviceName":"emulator-5554","appium:appPackage":"com.xueqiu.android","appium:platformVersion":"9","appium:appActivity":".view.WelcomeActivityAlias","appium:unicodeKeyboard":true,"appium:resetKeyboard":true,"appium:newCommandTimeout":120,"appium:systemPort":6727,"appium:noReset":true,"appium:autoGrantPermissions":true}]}]
2020-05-20 23:04:41:515 - [debug] [35m[BaseDriver][39m Event 'newSessionRequested' logged at 1589987081515 (23:04:41 GMT+0800 (China Standard Time))
2020-05-20 23:04:41:518 - [35m[BaseDriver][39m The capabilities ["udid"] are not standard capabilities and should have an extension prefix
2020-05-20 23:04:41:522 - [35m[Appium][39m 
2020-05-20 23:04:41:523 - [35m[Appium][39m ======================================================================
2020-05-20 23:04:41:523 - [35m[Appium][39m   DEPRECATION WARNING:
2020-05-20 23:04:41:523 - [35m[Appium][39m 
2020-05-20 23:04:41:523 - [35m[Appium][39m   The 'automationName' capability was not provided in the desired 
2020-05-20 23:04:41:523 - [35m[Appium][39m   capabilities for this Android session
2020-05-20 23:04:41:523 - [35m[Appium][39m 
2020-05-20 23:04:41:524 - [35m[Appium][39m   Setting 'automationName=UiAutomator2' by default and using the 
2020-05-20 23:04:41:524 - [35m[Appium][39m   UiAutomator2 Driver
2020-05-20 23:04:41:524 - [35m[Appium][39m 
2020-05-20 23:04:41:524 - [35m[Appium][39m   The next major version of Appium (2.x) will **require** the 
2020-05-20 23:04:41:524 - [35m[Appium][39m   'automationName' capability to be set for all sessions on all 
2020-05-20 23:04:41:524 - [35m[Appium][39m   platforms
2020-05-20 23:04:41:524 - [35m[Appium][39m 
2020-05-20 23:04:41:524 - [35m[Appium][39m   In previous versions (Appium <= 1.13.x), the default was 
2020-05-20 23:04:41:525 - [35m[Appium][39m   'automationName=UiAutomator1'
2020-05-20 23:04:41:525 - [35m[Appium][39m 
2020-05-20 23:04:41:525 - [35m[Appium][39m   If you wish to use that automation instead of UiAutomator2, please 
2020-05-20 23:04:41:525 - [35m[Appium][39m   add 'automationName=UiAutomator1' to your desired capabilities
2020-05-20 23:04:41:525 - [35m[Appium][39m 
2020-05-20 23:04:41:525 - [35m[Appium][39m   For more information about drivers, please visit 
2020-05-20 23:04:41:525 - [35m[Appium][39m   http://appium.io/docs/en/about-appium/intro/ and explore the 
2020-05-20 23:04:41:525 - [35m[Appium][39m   'Drivers' menu
2020-05-20 23:04:41:526 - [35m[Appium][39m 
2020-05-20 23:04:41:526 - [35m[Appium][39m ======================================================================
2020-05-20 23:04:41:526 - [35m[Appium][39m 
2020-05-20 23:04:41:763 - [35m[Appium][39m Appium v1.14.1 creating new AndroidUiautomator2Driver (v1.34.0) session
2020-05-20 23:04:41:763 - [35m[Appium][39m Capabilities:
2020-05-20 23:04:41:763 - [35m[Appium][39m   platformName: Android
2020-05-20 23:04:41:764 - [35m[Appium][39m   udid: emulator-5554
2020-05-20 23:04:41:764 - [35m[Appium][39m   deviceName: emulator-5554
2020-05-20 23:04:41:764 - [35m[Appium][39m   appPackage: com.xueqiu.android
2020-05-20 23:04:41:764 - [35m[Appium][39m   platformVersion: 9
2020-05-20 23:04:41:764 - [35m[Appium][39m   appActivity: .view.WelcomeActivityAlias
2020-05-20 23:04:41:764 - [35m[Appium][39m   unicodeKeyboard: true
2020-05-20 23:04:41:764 - [35m[Appium][39m   resetKeyboard: true
2020-05-20 23:04:41:765 - [35m[Appium][39m   newCommandTimeout: 120
2020-05-20 23:04:41:765 - [35m[Appium][39m   systemPort: 6727
2020-05-20 23:04:41:765 - [35m[Appium][39m   noReset: true
2020-05-20 23:04:41:765 - [35m[Appium][39m   autoGrantPermissions: true
2020-05-20 23:04:41:767 - [debug] [35m[BaseDriver][39m W3C capabilities and MJSONWP desired capabilities were provided
2020-05-20 23:04:41:767 - [debug] [35m[BaseDriver][39m Creating session with W3C capabilities: {
2020-05-20 23:04:41:768 - [debug] [35m[BaseDriver][39m   "alwaysMatch": {
2020-05-20 23:04:41:768 - [debug] [35m[BaseDriver][39m     "platformName": "Android",
2020-05-20 23:04:41:768 - [debug] [35m[BaseDriver][39m     "appium:udid": "emulator-5554",
2020-05-20 23:04:41:768 - [debug] [35m[BaseDriver][39m     "appium:deviceName": "emulator-5554",
2020-05-20 23:04:41:768 - [debug] [35m[BaseDriver][39m     "appium:appPackage": "com.xueqiu.android",
2020-05-20 23:04:41:768 - [debug] [35m[BaseDriver][39m     "appium:platformVersion": "9",
2020-05-20 23:04:41:768 - [debug] [35m[BaseDriver][39m     "appium:appActivity": ".view.WelcomeActivityAlias",
2020-05-20 23:04:41:769 - [debug] [35m[BaseDriver][39m     "appium:unicodeKeyboard": true,
2020-05-20 23:04:41:769 - [debug] [35m[BaseDriver][39m     "appium:resetKeyboard": true,
2020-05-20 23:04:41:769 - [debug] [35m[BaseDriver][39m     "appium:newCommandTimeout": 120,
2020-05-20 23:04:41:769 - [debug] [35m[BaseDriver][39m     "appium:systemPort": 6727,
2020-05-20 23:04:41:769 - [debug] [35m[BaseDriver][39m     "appium:noReset": true,
2020-05-20 23:04:41:769 - [debug] [35m[BaseDriver][39m     "appium:autoGrantPermissions": true
2020-05-20 23:04:41:770 - [debug] [35m[BaseDriver][39m   },
2020-05-20 23:04:41:770 - [debug] [35m[BaseDriver][39m   "firstMatch": [
2020-05-20 23:04:41:770 - [debug] [35m[BaseDriver][39m     {}
2020-05-20 23:04:41:770 - [debug] [35m[BaseDriver][39m   ]
2020-05-20 23:04:41:770 - [debug] [35m[BaseDriver][39m }
2020-05-20 23:04:41:778 - [35m[BaseDriver][39m Session created with session id: 2f7cfea3-06af-45c5-9887-fad972192a97
2020-05-20 23:04:41:846 - [35m[ADB][39m Found 42 'build-tools' folders under '/Users/tangyao/Android/sdk' (newest first):
2020-05-20 23:04:41:846 - [35m[ADB][39m     /Users/tangyao/Android/sdk/build-tools/30.0.0-rc2
2020-05-20 23:04:41:846 - [35m[ADB][39m     /Users/tangyao/Android/sdk/build-tools/29.0.2
2020-05-20 23:04:41:846 - [35m[ADB][39m     /Users/tangyao/Android/sdk/build-tools/29.0.0-rc2
2020-05-20 23:04:41:846 - [35m[ADB][39m     /Users/tangyao/Android/sdk/build-tools/28.0.3
2020-05-20 23:04:41:846 - [35m[ADB][39m     /Users/tangyao/Android/sdk/build-tools/28.0.2
2020-05-20 23:04:41:847 - [35m[ADB][39m     /Users/tangyao/Android/sdk/build-tools/28.0.1
2020-05-20 23:04:41:847 - [35m[ADB][39m     /Users/tangyao/Android/sdk/build-tools/28.0.0
2020-05-20 23:04:41:847 - [35m[ADB][39m     /Users/tangyao/Android/sdk/build-tools/28.0.0-rc2
2020-05-20 23:04:41:847 - [35m[ADB][39m     /Users/tangyao/Android/sdk/build-tools/28.0.0-rc1
2020-05-20 23:04:41:847 - [35m[ADB][39m     /Users/tangyao/Android/sdk/build-tools/27.0.3
2020-05-20 23:04:41:847 - [35m[ADB][39m     /Users/tangyao/Android/sdk/build-tools/26.0.1
2020-05-20 23:04:41:847 - [35m[ADB][39m     /Users/tangyao/Android/sdk/build-tools/26.0.0
2020-05-20 23:04:41:847 - [35m[ADB][39m     /Users/tangyao/Android/sdk/build-tools/25.0.3
2020-05-20 23:04:41:847 - [35m[ADB][39m     /Users/tangyao/Android/sdk/build-tools/25.0.2
2020-05-20 23:04:41:848 - [35m[ADB][39m     /Users/tangyao/Android/sdk/build-tools/25.0.1
2020-05-20 23:04:41:848 - [35m[ADB][39m     /Users/tangyao/Android/sdk/build-tools/25.0.0
2020-05-20 23:04:41:848 - [35m[ADB][39m     /Users/tangyao/Android/sdk/build-tools/24.0.3
2020-05-20 23:04:41:848 - [35m[ADB][39m     /Users/tangyao/Android/sdk/build-tools/24.0.2
2020-05-20 23:04:41:848 - [35m[ADB][39m     /Users/tangyao/Android/sdk/build-tools/24.0.1
2020-05-20 23:04:41:848 - [35m[ADB][39m     /Users/tangyao/Android/sdk/build-tools/24.0.0
2020-05-20 23:04:41:848 - [35m[ADB][39m     /Users/tangyao/Android/sdk/build-tools/23.0.3
2020-05-20 23:04:41:848 - [35m[ADB][39m     /Users/tangyao/Android/sdk/build-tools/23.0.2
2020-05-20 23:04:41:849 - [35m[ADB][39m     /Users/tangyao/Android/sdk/build-tools/23.0.1
2020-05-20 23:04:41:849 - [35m[ADB][39m     /Users/tangyao/Android/sdk/build-tools/23.0.0
2020-05-20 23:04:41:849 - [35m[ADB][39m     /Users/tangyao/Android/sdk/build-tools/22.0.1
2020-05-20 23:04:41:849 - [35m[ADB][39m     /Users/tangyao/Android/sdk/build-tools/22.0.0
2020-05-20 23:04:41:849 - [35m[ADB][39m     /Users/tangyao/Android/sdk/build-tools/21.1.2
2020-05-20 23:04:41:849 - [35m[ADB][39m     /Users/tangyao/Android/sdk/build-tools/21.1.1
2020-05-20 23:04:41:849 - [35m[ADB][39m     /Users/tangyao/Android/sdk/build-tools/21.1.0
2020-05-20 23:04:41:849 - [35m[ADB][39m     /Users/tangyao/Android/sdk/build-tools/21.0.2
2020-05-20 23:04:41:850 - [35m[ADB][39m     /Users/tangyao/Android/sdk/build-tools/21.0.1
2020-05-20 23:04:41:850 - [35m[ADB][39m     /Users/tangyao/Android/sdk/build-tools/21.0.0
2020-05-20 23:04:41:850 - [35m[ADB][39m     /Users/tangyao/Android/sdk/build-tools/20.0.0
2020-05-20 23:04:41:850 - [35m[ADB][39m     /Users/tangyao/Android/sdk/build-tools/19.1.0
2020-05-20 23:04:41:850 - [35m[ADB][39m     /Users/tangyao/Android/sdk/build-tools/19.0.3
2020-05-20 23:04:41:850 - [35m[ADB][39m     /Users/tangyao/Android/sdk/build-tools/19.0.2
2020-05-20 23:04:41:850 - [35m[ADB][39m     /Users/tangyao/Android/sdk/build-tools/19.0.1
2020-05-20 23:04:41:850 - [35m[ADB][39m     /Users/tangyao/Android/sdk/build-tools/19.0.0
2020-05-20 23:04:41:850 - [35m[ADB][39m     /Users/tangyao/Android/sdk/build-tools/18.1.1
2020-05-20 23:04:41:851 - [35m[ADB][39m     /Users/tangyao/Android/sdk/build-tools/18.1.0
2020-05-20 23:04:41:851 - [35m[ADB][39m     /Users/tangyao/Android/sdk/build-tools/18.0.1
2020-05-20 23:04:41:851 - [35m[ADB][39m     /Users/tangyao/Android/sdk/build-tools/17.0.0
2020-05-20 23:04:41:852 - [35m[ADB][39m Using 'adb' from '/Users/tangyao/Android/sdk/platform-tools/adb'
2020-05-20 23:04:41:852 - [35m[AndroidDriver][39m Retrieving device list
2020-05-20 23:04:41:852 - [debug] [35m[ADB][39m Trying to find a connected android device
2020-05-20 23:04:41:853 - [debug] [35m[ADB][39m Getting connected devices...
2020-05-20 23:04:41:894 - [debug] [35m[ADB][39m 2 device(s) connected
2020-05-20 23:04:41:895 - [35m[AndroidDriver][39m Using device: emulator-5554
2020-05-20 23:04:41:896 - [35m[ADB][39m Using 'adb' from '/Users/tangyao/Android/sdk/platform-tools/adb'
2020-05-20 23:04:41:897 - [debug] [35m[ADB][39m Setting device id to emulator-5554
2020-05-20 23:04:41:898 - [debug] [35m[ADB][39m Running '/Users/tangyao/Android/sdk/platform-tools/adb -P 5037 -s emulator-5554 shell getprop ro.build.version.sdk'
2020-05-20 23:04:41:928 - [debug] [35m[ADB][39m Current device property 'ro.build.version.sdk': 23
2020-05-20 23:04:41:928 - [debug] [35m[ADB][39m Device API level: 23
2020-05-20 23:04:41:929 - [35m[AndroidDriver][39m No app sent in, not parsing package/activity
2020-05-20 23:04:41:930 - [debug] [35m[ADB][39m Running '/Users/tangyao/Android/sdk/platform-tools/adb -P 5037 -s emulator-5554 wait-for-device'
2020-05-20 23:04:41:943 - [debug] [35m[ADB][39m Running '/Users/tangyao/Android/sdk/platform-tools/adb -P 5037 -s emulator-5554 shell echo ping'
2020-05-20 23:04:41:958 - [debug] [35m[AndroidDriver][39m Pushing settings apk to device...
2020-05-20 23:04:41:959 - [debug] [35m[ADB][39m Getting install status for io.appium.settings
2020-05-20 23:04:41:959 - [debug] [35m[ADB][39m Running '/Users/tangyao/Android/sdk/platform-tools/adb -P 5037 -s emulator-5554 shell dumpsys package io.appium.settings'
2020-05-20 23:04:41:980 - [debug] [35m[ADB][39m 'io.appium.settings' is installed
2020-05-20 23:04:41:981 - [debug] [35m[ADB][39m Getting package info for 'io.appium.settings'
2020-05-20 23:04:41:981 - [debug] [35m[ADB][39m Running '/Users/tangyao/Android/sdk/platform-tools/adb -P 5037 -s emulator-5554 shell dumpsys package io.appium.settings'
2020-05-20 23:04:42:003 - [35m[ADB][39m Using 'apkanalyzer' from '/Users/tangyao/Android/sdk/tools/bin/apkanalyzer'
2020-05-20 23:04:42:004 - [debug] [35m[ADB][39m Starting '/Users/tangyao/Android/sdk/tools/bin/apkanalyzer' with args ["manifest","print","/usr/local/lib/node_modules/appium/node_modules/_io.appium.settings@2.14.1@io.appium.settings/apks/settings_apk-debug.apk"]
2020-05-20 23:04:44:662 - [debug] [35m[ADB][39m The version name of the installed 'io.appium.settings' is greater or equal to the application version name ('2.14.1' >= '2.14.1')
2020-05-20 23:04:44:664 - [debug] [35m[ADB][39m There is no need to install/upgrade '/usr/local/lib/node_modules/appium/node_modules/_io.appium.settings@2.14.1@io.appium.settings/apks/settings_apk-debug.apk'
2020-05-20 23:04:44:665 - [debug] [35m[ADB][39m Getting IDs of all 'io.appium.settings' processes
2020-05-20 23:04:44:665 - [debug] [35m[ADB][39m Running '/Users/tangyao/Android/sdk/platform-tools/adb -P 5037 -s emulator-5554 shell 'pgrep --help; echo $?''
2020-05-20 23:04:44:688 - [debug] [35m[ADB][39m Running '/Users/tangyao/Android/sdk/platform-tools/adb -P 5037 -s emulator-5554 shell pgrep -f io\.appium\.settings'
2020-05-20 23:04:44:713 - [debug] [35m[AndroidDriver][39m io.appium.settings is already running. There is no need to reset its permissions.
2020-05-20 23:04:44:714 - [debug] [35m[ADB][39m Running '/Users/tangyao/Android/sdk/platform-tools/adb -P 5037 -s emulator-5554 shell appops set io.appium.settings android\:mock_location allow'
2020-05-20 23:04:45:320 - [debug] [35m[Logcat][39m Starting logcat capture
2020-05-20 23:04:45:347 - [debug] [35m[AndroidDriver][39m Enabling Unicode keyboard support
2020-05-20 23:04:45:347 - [debug] [35m[ADB][39m Running '/Users/tangyao/Android/sdk/platform-tools/adb -P 5037 -s emulator-5554 shell settings get secure default_input_method'
2020-05-20 23:04:46:032 - [debug] [35m[AndroidDriver][39m Unsetting previous IME com.netease.nemu_vinput.nemu/com.android.inputmethodcommon.SoftKeyboard
2020-05-20 23:04:46:032 - [debug] [35m[AndroidDriver][39m Setting IME to 'io.appium.settings/.UnicodeIME'
2020-05-20 23:04:46:032 - [debug] [35m[ADB][39m Running '/Users/tangyao/Android/sdk/platform-tools/adb -P 5037 -s emulator-5554 shell ime enable io.appium.settings/.UnicodeIME'
2020-05-20 23:04:46:679 - [debug] [35m[ADB][39m Running '/Users/tangyao/Android/sdk/platform-tools/adb -P 5037 -s emulator-5554 shell ime set io.appium.settings/.UnicodeIME'
2020-05-20 23:04:47:354 - [debug] [35m[ADB][39m Getting install status for io.appium.uiautomator2.server
2020-05-20 23:04:47:355 - [debug] [35m[ADB][39m Running '/Users/tangyao/Android/sdk/platform-tools/adb -P 5037 -s emulator-5554 shell dumpsys package io.appium.uiautomator2.server'
2020-05-20 23:04:47:381 - [debug] [35m[ADB][39m 'io.appium.uiautomator2.server' is installed
2020-05-20 23:04:47:381 - [debug] [35m[ADB][39m Getting package info for 'io.appium.uiautomator2.server'
2020-05-20 23:04:47:382 - [debug] [35m[ADB][39m Running '/Users/tangyao/Android/sdk/platform-tools/adb -P 5037 -s emulator-5554 shell dumpsys package io.appium.uiautomator2.server'
2020-05-20 23:04:47:411 - [debug] [35m[ADB][39m Starting '/Users/tangyao/Android/sdk/tools/bin/apkanalyzer' with args ["manifest","print","/usr/local/lib/node_modules/appium/node_modules/_appium-uiautomator2-server@3.8.1@appium-uiautomator2-server/apks/appium-uiautomator2-server-v3.8.1.apk"]
2020-05-20 23:04:49:903 - [debug] [35m[ADB][39m The version name of the installed 'io.appium.uiautomator2.server' is greater or equal to the application version name ('3.8.1' >= '3.8.1')
2020-05-20 23:04:49:904 - [debug] [35m[UiAutomator2][39m io.appium.uiautomator2.server installation state: sameVersionInstalled
2020-05-20 23:04:49:905 - [debug] [35m[ADB][39m Checking app cert for /usr/local/lib/node_modules/appium/node_modules/_appium-uiautomator2-server@3.8.1@appium-uiautomator2-server/apks/appium-uiautomator2-server-v3.8.1.apk
2020-05-20 23:04:49:907 - [35m[ADB][39m Using 'apksigner' from '/Users/tangyao/Android/sdk/build-tools/30.0.0-rc2/apksigner'
2020-05-20 23:04:49:907 - [debug] [35m[ADB][39m Starting '/Users/tangyao/Android/sdk/build-tools/30.0.0-rc2/apksigner' with args '["verify","--print-certs","/usr/local/lib/node_modules/appium/node_modules/_appium-uiautomator2-server@3.8.1@appium-uiautomator2-server/apks/appium-uiautomator2-server-v3.8.1.apk"]'
2020-05-20 23:04:50:061 - [35m[ADB][39m Got an error during apksigner execution: Command '/Users/tangyao/Android/sdk/build-tools/30.0.0-rc2/apksigner verify --print-certs /usr/local/lib/node_modules/appium/node_modules/_appium-uiautomator2-server\@3.8.1\@appium-uiautomator2-server/apks/appium-uiautomator2-server-v3.8.1.apk' exited with code 1
2020-05-20 23:04:50:061 - [35m[ADB][39m apksigner stderr: Error: A JNI error has occurred, please check your installation and try again
2020-05-20 23:04:50:061 - [35m[ADB][39m Exception in thread "main" java.lang.UnsupportedClassVersionError: com/android/apksigner/ApkSignerTool has been compiled by a more recent version of the Java Runtime (class file version 53.0), this version of the Java Runtime only recognizes class file versions up to 52.0
2020-05-20 23:04:50:061 - [35m[ADB][39m 	at java.lang.ClassLoader.defineClass1(Native Method)
2020-05-20 23:04:50:061 - [35m[ADB][39m 	at java.lang.ClassLoader.defineClass(ClassLoader.java:763)
2020-05-20 23:04:50:061 - [35m[ADB][39m 	at java.security.SecureClassLoader.defineClass(SecureClassLoader.java:142)
2020-05-20 23:04:50:062 - [35m[ADB][39m 	at java.net.URLClassLoader.defineClass(URLClassLoader.java:467)
2020-05-20 23:04:50:062 - [35m[ADB][39m 	at java.net.URLClassLoader.access$100(URLClassLoader.java:73)
2020-05-20 23:04:50:062 - [35m[ADB][39m 	at java.net.URLClassLoader$1.run(URLClassLoader.java:368)
2020-05-20 23:04:50:062 - [35m[ADB][39m 	at java.net.URLClassLoader$1.run(URLClassLoader.java:362)
2020-05-20 23:04:50:062 - [35m[ADB][39m 	at java.security.AccessController.doPrivileged(Native Method)
2020-05-20 23:04:50:062 - [35m[ADB][39m 	at java.net.URLClassLoader.findClass(URLClassLoader.java:361)
2020-05-20 23:04:50:062 - [35m[ADB][39m 	at java.lang.ClassLoader.loadClass(ClassLoader.java:424)
2020-05-20 23:04:50:062 - [35m[ADB][39m 	at sun.misc.Launcher$AppClassLoader.loadClass(Launcher.java:349)
2020-05-20 23:04:50:063 - [35m[ADB][39m 	at java.lang.ClassLoader.loadClass(ClassLoader.java:357)
2020-05-20 23:04:50:063 - [35m[ADB][39m 	at sun.launcher.LauncherHelper.checkAndLoadMain(LauncherHelper.java:495)
2020-05-20 23:04:50:063 - [35m[ADB][39m 
2020-05-20 23:04:50:063 - [35m[ADB][39m Cannot use apksigner tool for signature verification. Original error: Command '/Users/tangyao/Android/sdk/build-tools/30.0.0-rc2/apksigner verify --print-certs /usr/local/lib/node_modules/appium/node_modules/_appium-uiautomator2-server\@3.8.1\@appium-uiautomator2-server/apks/appium-uiautomator2-server-v3.8.1.apk' exited with code 1
2020-05-20 23:04:50:063 - [debug] [35m[ADB][39m Defaulting to verify.jar
2020-05-20 23:04:50:366 - [debug] [35m[ADB][39m '/usr/local/lib/node_modules/appium/node_modules/_appium-uiautomator2-server@3.8.1@appium-uiautomator2-server/apks/appium-uiautomator2-server-v3.8.1.apk' is already signed.
2020-05-20 23:04:50:366 - [debug] [35m[ADB][39m Getting install status for io.appium.uiautomator2.server.test
2020-05-20 23:04:50:366 - [debug] [35m[ADB][39m Running '/Users/tangyao/Android/sdk/platform-tools/adb -P 5037 -s emulator-5554 shell dumpsys package io.appium.uiautomator2.server.test'
2020-05-20 23:04:50:383 - [debug] [35m[ADB][39m 'io.appium.uiautomator2.server.test' is installed
2020-05-20 23:04:50:384 - [debug] [35m[ADB][39m Checking app cert for /usr/local/lib/node_modules/appium/node_modules/_appium-uiautomator2-server@3.8.1@appium-uiautomator2-server/apks/appium-uiautomator2-server-debug-androidTest.apk
2020-05-20 23:04:50:384 - [debug] [35m[ADB][39m Starting '/Users/tangyao/Android/sdk/build-tools/30.0.0-rc2/apksigner' with args '["verify","--print-certs","/usr/local/lib/node_modules/appium/node_modules/_appium-uiautomator2-server@3.8.1@appium-uiautomator2-server/apks/appium-uiautomator2-server-debug-androidTest.apk"]'
2020-05-20 23:04:50:517 - [35m[ADB][39m Got an error during apksigner execution: Command '/Users/tangyao/Android/sdk/build-tools/30.0.0-rc2/apksigner verify --print-certs /usr/local/lib/node_modules/appium/node_modules/_appium-uiautomator2-server\@3.8.1\@appium-uiautomator2-server/apks/appium-uiautomator2-server-debug-androidTest.apk' exited with code 1
2020-05-20 23:04:50:518 - [35m[ADB][39m apksigner stderr: Error: A JNI error has occurred, please check your installation and try again
2020-05-20 23:04:50:518 - [35m[ADB][39m Exception in thread "main" java.lang.UnsupportedClassVersionError: com/android/apksigner/ApkSignerTool has been compiled by a more recent version of the Java Runtime (class file version 53.0), this version of the Java Runtime only recognizes class file versions up to 52.0
2020-05-20 23:04:50:518 - [35m[ADB][39m 	at java.lang.ClassLoader.defineClass1(Native Method)
2020-05-20 23:04:50:518 - [35m[ADB][39m 	at java.lang.ClassLoader.defineClass(ClassLoader.java:763)
2020-05-20 23:04:50:518 - [35m[ADB][39m 	at java.security.SecureClassLoader.defineClass(SecureClassLoader.java:142)
2020-05-20 23:04:50:518 - [35m[ADB][39m 	at java.net.URLClassLoader.defineClass(URLClassLoader.java:467)
2020-05-20 23:04:50:518 - [35m[ADB][39m 	at java.net.URLClassLoader.access$100(URLClassLoader.java:73)
2020-05-20 23:04:50:519 - [35m[ADB][39m 	at java.net.URLClassLoader$1.run(URLClassLoader.java:368)
2020-05-20 23:04:50:519 - [35m[ADB][39m 	at java.net.URLClassLoader$1.run(URLClassLoader.java:362)
2020-05-20 23:04:50:519 - [35m[ADB][39m 	at java.security.AccessController.doPrivileged(Native Method)
2020-05-20 23:04:50:519 - [35m[ADB][39m 	at java.net.URLClassLoader.findClass(URLClassLoader.java:361)
2020-05-20 23:04:50:519 - [35m[ADB][39m 	at java.lang.ClassLoader.loadClass(ClassLoader.java:424)
2020-05-20 23:04:50:519 - [35m[ADB][39m 	at sun.misc.Launcher$AppClassLoader.loadClass(Launcher.java:349)
2020-05-20 23:04:50:519 - [35m[ADB][39m 	at java.lang.ClassLoader.loadClass(ClassLoader.java:357)
2020-05-20 23:04:50:519 - [35m[ADB][39m 	at sun.launcher.LauncherHelper.checkAndLoadMain(LauncherHelper.java:495)
2020-05-20 23:04:50:519 - [35m[ADB][39m 
2020-05-20 23:04:50:519 - [35m[ADB][39m Cannot use apksigner tool for signature verification. Original error: Command '/Users/tangyao/Android/sdk/build-tools/30.0.0-rc2/apksigner verify --print-certs /usr/local/lib/node_modules/appium/node_modules/_appium-uiautomator2-server\@3.8.1\@appium-uiautomator2-server/apks/appium-uiautomator2-server-debug-androidTest.apk' exited with code 1
2020-05-20 23:04:50:520 - [debug] [35m[ADB][39m Defaulting to verify.jar
2020-05-20 23:04:50:749 - [debug] [35m[ADB][39m '/usr/local/lib/node_modules/appium/node_modules/_appium-uiautomator2-server@3.8.1@appium-uiautomator2-server/apks/appium-uiautomator2-server-debug-androidTest.apk' is already signed.
2020-05-20 23:04:50:749 - [35m[UiAutomator2][39m Server packages are not going to be (re)installed
2020-05-20 23:04:50:749 - [debug] [35m[UiAutomator2][39m Waiting up to 30000ms for services to be available
2020-05-20 23:04:50:750 - [debug] [35m[ADB][39m Running '/Users/tangyao/Android/sdk/platform-tools/adb -P 5037 -s emulator-5554 shell pm list instrumentation'
2020-05-20 23:04:50:965 - [debug] [35m[UiAutomator2][39m Instrumentation target 'io.appium.uiautomator2.server.test/androidx.test.runner.AndroidJUnitRunner' is available
2020-05-20 23:04:50:965 - [debug] [35m[UiAutomator2][39m Forwarding UiAutomator2 Server port 6790 to 6727
2020-05-20 23:04:50:966 - [debug] [35m[ADB][39m Forwarding system: 6727 to device: 6790
2020-05-20 23:04:50:966 - [debug] [35m[ADB][39m Running '/Users/tangyao/Android/sdk/platform-tools/adb -P 5037 -s emulator-5554 forward tcp\:6727 tcp\:6790'
2020-05-20 23:04:50:976 - [debug] [35m[UiAutomator2][39m No app capability. Assuming it is already on the device
2020-05-20 23:04:50:976 - [debug] [35m[UiAutomator2][39m Performing shallow cleanup of automation leftovers
2020-05-20 23:04:50:990 - [debug] [35m[UiAutomator2][39m No obsolete sessions have been detected (Error: socket hang up)
2020-05-20 23:04:50:991 - [debug] [35m[ADB][39m Running '/Users/tangyao/Android/sdk/platform-tools/adb -P 5037 -s emulator-5554 shell am force-stop io.appium.uiautomator2.server.test'
2020-05-20 23:04:51:390 - [35m[UiAutomator2][39m Starting UIAutomator2 server 3.8.1
2020-05-20 23:04:51:390 - [35m[UiAutomator2][39m Using UIAutomator2 server from '/usr/local/lib/node_modules/appium/node_modules/_appium-uiautomator2-server@3.8.1@appium-uiautomator2-server/apks/appium-uiautomator2-server-v3.8.1.apk' and test from '/usr/local/lib/node_modules/appium/node_modules/_appium-uiautomator2-server@3.8.1@appium-uiautomator2-server/apks/appium-uiautomator2-server-debug-androidTest.apk'
2020-05-20 23:04:51:391 - [35m[UiAutomator2][39m Waiting up to 30000ms for UiAutomator2 to be online...
2020-05-20 23:04:51:391 - [debug] [35m[ADB][39m Creating ADB subprocess with args: ["-P",5037,"-s","emulator-5554","shell","am","instrument","-w","io.appium.uiautomator2.server.test/androidx.test.runner.AndroidJUnitRunner"]
2020-05-20 23:04:51:769 - [debug] [35m[Instrumentation][39m io.appium.uiautomator2.server.test.AppiumUiAutomator2Server:
2020-05-20 23:04:52:400 - [debug] [35m[WD Proxy][39m Matched '/status' to command name 'getStatus'
2020-05-20 23:04:52:402 - [debug] [35m[WD Proxy][39m Proxying [GET /status] to [GET http://localhost:6727/wd/hub/status] with no body
2020-05-20 23:04:52:408 - [35m[WD Proxy][39m Got an unexpected response: {"code":"ECONNRESET"}
2020-05-20 23:04:53:414 - [debug] [35m[WD Proxy][39m Matched '/status' to command name 'getStatus'
2020-05-20 23:04:53:415 - [debug] [35m[WD Proxy][39m Proxying [GET /status] to [GET http://localhost:6727/wd/hub/status] with no body
2020-05-20 23:04:53:465 - [debug] [35m[WD Proxy][39m Got response with status 200: {"sessionId":"None","status":0,"value":"Status Invoked"}
2020-05-20 23:04:53:465 - [debug] [35m[WD Proxy][39m Determined the downstream protocol as 'MJSONWP'
2020-05-20 23:04:53:466 - [debug] [35m[UiAutomator2][39m The initialization of the instrumentation process took 2076ms
2020-05-20 23:04:53:466 - [debug] [35m[WD Proxy][39m Matched '/session' to command name 'createSession'
2020-05-20 23:04:53:466 - [debug] [35m[WD Proxy][39m Proxying [POST /session] to [POST http://localhost:6727/wd/hub/session] with body: {"desiredCapabilities":{"platform":"LINUX","webStorageEnabled":false,"takesScreenshot":true,"javascriptEnabled":true,"databaseEnabled":false,"networkConnectionEnabled":true,"locationContextEnabled":false,"warnings":{},"desired":{"platformName":"Android","udid":"emulator-5554","deviceName":"emulator-5554","appPackage":"com.xueqiu.android","platformVersion":"9","appActivity":".view.WelcomeActivityAlias","unicodeKeyboard":true,"resetKeyboard":true,"newCommandTimeout":120,"systemPort":6727,"noReset":true,"autoGrantPermissions":true},"platformName":"Android","udid":"emulator-5554","deviceName":"emulator-5554","appPackage":"com.xueqiu.android","platformVersion":"9","appActivity":".view.WelcomeActivityAlias","unicodeKeyboard":true,"resetKeyboard":true,"newCommandTimeout":120,"systemPort":6727,"noReset":true,"autoGrantPermissions":true,"deviceUDID":"emulator-5554"}}
2020-05-20 23:04:53:479 - [debug] [35m[WD Proxy][39m Got response with status 200: {"sessionId":"cf136b73-4933-41c7-9bbe-31a29359a9ed","status":0,"value":"Created Session"}
2020-05-20 23:04:53:479 - [debug] [35m[WD Proxy][39m Determined the downstream protocol as 'MJSONWP' per session creation request
2020-05-20 23:04:53:490 - [debug] [35m[WD Proxy][39m Proxying [GET /appium/device/info] to [GET http://localhost:6727/wd/hub/session/cf136b73-4933-41c7-9bbe-31a29359a9ed/appium/device/info] with no body
2020-05-20 23:04:53:521 - [debug] [35m[WD Proxy][39m Got response with status 200: {"sessionId":"cf136b73-4933-41c7-9bbe-31a29359a9ed","status":0,"value":{"androidId":"9f76973988ef8c02","manufacturer":"HUAWEI","model":"Mate 10 Pro","brand":"HUAWEI","apiVersion":"23","platformVersion":"6.0.1","carrierName":"","realDisplaySize":"640x1024","displayDensity":256,"networks":[{"type":1,"typeName":"WIFI","subtype":0,"subtypeName":"","isConnected":true,"detailedState":"CONNECTED","state":"CONNECTED","extraInfo":"\"Nr9K20lV\"","isAvailable":true,"isFailover":false,"isRoaming":false,"capabilities":{"transportTypes":"NET_CAPABILITY_SUPL","networkCapabilities":"","linkUpstreamBandwidthKbps":1048576,"linkDownBandwidthKbps":1048576,"signalStrength":-55,"networkSpecifier":null,"SSID":null}}],"locale":"zh_CN","timeZone":"Asia\/Shanghai"}}
2020-05-20 23:04:53:521 - [debug] [35m[ADB][39m Running '/Users/tangyao/Android/sdk/platform-tools/adb -P 5037 -s emulator-5554 shell dumpsys window'
2020-05-20 23:04:53:544 - [35m[AndroidDriver][39m Screen already unlocked, doing nothing
2020-05-20 23:04:53:545 - [35m[UiAutomator2][39m UiAutomator2 did not start the activity we were waiting for, 'com.xueqiu.android/.view.WelcomeActivityAlias'. Starting it ourselves
2020-05-20 23:04:53:547 - [debug] [35m[ADB][39m Running '/Users/tangyao/Android/sdk/platform-tools/adb -P 5037 -s emulator-5554 shell am start -W -n com.xueqiu.android/.view.WelcomeActivityAlias -S -a android.intent.action.MAIN -c android.intent.category.LAUNCHER -f 0x10200000'
2020-05-20 23:04:55:686 - [debug] [35m[WD Proxy][39m Proxying [GET /appium/device/pixel_ratio] to [GET http://localhost:6727/wd/hub/session/cf136b73-4933-41c7-9bbe-31a29359a9ed/appium/device/pixel_ratio] with body: {}
2020-05-20 23:04:55:697 - [debug] [35m[WD Proxy][39m Got response with status 200: {"sessionId":"cf136b73-4933-41c7-9bbe-31a29359a9ed","status":0,"value":1.6}
2020-05-20 23:04:55:699 - [debug] [35m[WD Proxy][39m Matched '/appium/device/system_bars' to command name 'getSystemBars'
2020-05-20 23:04:55:699 - [debug] [35m[WD Proxy][39m Proxying [GET /appium/device/system_bars] to [GET http://localhost:6727/wd/hub/session/cf136b73-4933-41c7-9bbe-31a29359a9ed/appium/device/system_bars] with body: {}
2020-05-20 23:04:55:779 - [debug] [35m[WD Proxy][39m Got response with status 200: {"sessionId":"cf136b73-4933-41c7-9bbe-31a29359a9ed","status":0,"value":{"statusBar":38}}
2020-05-20 23:04:55:779 - [debug] [35m[WD Proxy][39m Matched '/window/current/size' to command name 'getWindowSize'
2020-05-20 23:04:55:780 - [debug] [35m[WD Proxy][39m Proxying [GET /window/current/size] to [GET http://localhost:6727/wd/hub/session/cf136b73-4933-41c7-9bbe-31a29359a9ed/window/current/size] with body: {}
2020-05-20 23:04:55:791 - [debug] [35m[WD Proxy][39m Got response with status 200: {"sessionId":"cf136b73-4933-41c7-9bbe-31a29359a9ed","status":0,"value":{"height":1024,"width":640}}
2020-05-20 23:04:55:792 - [35m[Appium][39m New AndroidUiautomator2Driver session created successfully, session 2f7cfea3-06af-45c5-9887-fad972192a97 added to master session list
2020-05-20 23:04:55:793 - [debug] [35m[BaseDriver][39m Event 'newSessionStarted' logged at 1589987095793 (23:04:55 GMT+0800 (China Standard Time))
2020-05-20 23:04:55:794 - [debug] [35m[W3C (2f7cfea3)][39m Cached the protocol value 'W3C' for the new session 2f7cfea3-06af-45c5-9887-fad972192a97
2020-05-20 23:04:55:795 - [debug] [35m[W3C (2f7cfea3)][39m Responding to client with driver.createSession() result: {"capabilities":{"platform":"LINUX","webStorageEnabled":false,"takesScreenshot":true,"javascriptEnabled":true,"databaseEnabled":false,"networkConnectionEnabled":true,"locationContextEnabled":false,"warnings":{},"desired":{"platformName":"Android","udid":"emulator-5554","deviceName":"emulator-5554","appPackage":"com.xueqiu.android","platformVersion":"9","appActivity":".view.WelcomeActivityAlias","unicodeKeyboard":true,"resetKeyboard":true,"newCommandTimeout":120,"systemPort":6727,"noReset":true,"autoGrantPermissions":true},"platformName":"Android","udid":"emulator-5554","deviceName":"emulator-5554","appPackage":"com.xueqiu.android","platformVersion":"6.0.1","appActivity":".view.WelcomeActivityAlias","unicodeKeyboard":true,"resetKeyboard":true,"newCommandTimeout":120,"systemPort":6727,"noReset":true,"autoGrantPermissions":true,"deviceUDID":"emulator-5554","deviceApiLevel":23,"deviceScreenSize":"640x1024","deviceScreenDensity":256,"deviceModel":"Mate 10 Pro","deviceManufacturer":"HUAWEI","pixelRatio":1.6,"sta...
2020-05-20 23:04:55:800 - [35m[HTTP][39m [37m<-- POST /wd/hub/session [39m[32m200[39m [90m14287 ms - 1158[39m
2020-05-20 23:04:55:800 - [35m[HTTP][39m [90m[39m
2020-05-20 23:04:55:804 - [35m[HTTP][39m [37m-->[39m [37mPOST[39m [37m/wd/hub/session/2f7cfea3-06af-45c5-9887-fad972192a97/timeouts[39m
2020-05-20 23:04:55:805 - [35m[HTTP][39m [90m{"implicit":5000}[39m
2020-05-20 23:04:55:808 - [debug] [35m[W3C (2f7cfea3)][39m Calling AppiumDriver.timeouts() with args: [null,null,null,null,5000,"2f7cfea3-06af-45c5-9887-fad972192a97"]
2020-05-20 23:04:55:837 - [debug] [35m[BaseDriver][39m W3C timeout argument: {"implicit":5000}}
2020-05-20 23:04:55:837 - [debug] [35m[BaseDriver][39m Set implicit wait to 5000ms
2020-05-20 23:04:55:838 - [debug] [35m[W3C (2f7cfea3)][39m Responding to client with driver.timeouts() result: null
2020-05-20 23:04:55:839 - [35m[HTTP][39m [37m<-- POST /wd/hub/session/2f7cfea3-06af-45c5-9887-fad972192a97/timeouts [39m[32m200[39m [90m35 ms - 14[39m
2020-05-20 23:04:55:840 - [35m[HTTP][39m [90m[39m
2020-05-20 23:04:57:851 - [35m[HTTP][39m [37m-->[39m [37mPOST[39m [37m/wd/hub/session/2f7cfea3-06af-45c5-9887-fad972192a97/element[39m
2020-05-20 23:04:57:851 - [35m[HTTP][39m [90m{"using":"xpath","value":"//*[@text='我的']"}[39m
2020-05-20 23:04:57:854 - [debug] [35m[W3C (2f7cfea3)][39m Calling AppiumDriver.findElement() with args: ["xpath","//*[@text='我的']","2f7cfea3-06af-45c5-9887-fad972192a97"]
2020-05-20 23:04:57:855 - [debug] [35m[BaseDriver][39m Valid locator strategies for this request: xpath, id, class name, accessibility id, -android uiautomator
2020-05-20 23:04:57:856 - [debug] [35m[BaseDriver][39m Waiting up to 5000 ms for condition
2020-05-20 23:04:57:857 - [debug] [35m[WD Proxy][39m Matched '/element' to command name 'findElement'
2020-05-20 23:04:57:857 - [debug] [35m[WD Proxy][39m Proxying [POST /element] to [POST http://localhost:6727/wd/hub/session/cf136b73-4933-41c7-9bbe-31a29359a9ed/element] with body: {"strategy":"xpath","selector":"//*[@text='我的']","context":"","multiple":false}
2020-05-20 23:04:58:327 - [35m[WD Proxy][39m Got an unexpected response: {"sessionId":"cf136b73-4933-41c7-9bbe-31a29359a9ed","status":7,"value":"An element could not be located on the page using the given search parameters."}
2020-05-20 23:04:58:327 - [debug] [35m[MJSONWP][39m Matched JSONWP error code 7 to NoSuchElementError
2020-05-20 23:04:58:328 - [debug] [35m[BaseDriver][39m Waited for 472 ms so far
2020-05-20 23:04:58:834 - [debug] [35m[WD Proxy][39m Matched '/element' to command name 'findElement'
2020-05-20 23:04:58:835 - [debug] [35m[WD Proxy][39m Proxying [POST /element] to [POST http://localhost:6727/wd/hub/session/cf136b73-4933-41c7-9bbe-31a29359a9ed/element] with body: {"strategy":"xpath","selector":"//*[@text='我的']","context":"","multiple":false}
2020-05-20 23:04:59:340 - [35m[WD Proxy][39m Got an unexpected response: {"sessionId":"cf136b73-4933-41c7-9bbe-31a29359a9ed","status":7,"value":"An element could not be located on the page using the given search parameters."}
2020-05-20 23:04:59:340 - [debug] [35m[MJSONWP][39m Matched JSONWP error code 7 to NoSuchElementError
2020-05-20 23:04:59:340 - [debug] [35m[BaseDriver][39m Waited for 1484 ms so far
2020-05-20 23:04:59:847 - [debug] [35m[WD Proxy][39m Matched '/element' to command name 'findElement'
2020-05-20 23:04:59:848 - [debug] [35m[WD Proxy][39m Proxying [POST /element] to [POST http://localhost:6727/wd/hub/session/cf136b73-4933-41c7-9bbe-31a29359a9ed/element] with body: {"strategy":"xpath","selector":"//*[@text='我的']","context":"","multiple":false}
2020-05-20 23:05:00:285 - [35m[WD Proxy][39m Got an unexpected response: {"sessionId":"cf136b73-4933-41c7-9bbe-31a29359a9ed","status":7,"value":"An element could not be located on the page using the given search parameters."}
2020-05-20 23:05:00:286 - [debug] [35m[MJSONWP][39m Matched JSONWP error code 7 to NoSuchElementError
2020-05-20 23:05:00:287 - [debug] [35m[BaseDriver][39m Waited for 2431 ms so far
2020-05-20 23:05:00:792 - [debug] [35m[WD Proxy][39m Matched '/element' to command name 'findElement'
2020-05-20 23:05:00:792 - [debug] [35m[WD Proxy][39m Proxying [POST /element] to [POST http://localhost:6727/wd/hub/session/cf136b73-4933-41c7-9bbe-31a29359a9ed/element] with body: {"strategy":"xpath","selector":"//*[@text='我的']","context":"","multiple":false}
2020-05-20 23:05:00:819 - [35m[WD Proxy][39m Got an unexpected response: {"sessionId":"cf136b73-4933-41c7-9bbe-31a29359a9ed","status":7,"value":"An element could not be located on the page using the given search parameters."}
2020-05-20 23:05:00:820 - [debug] [35m[MJSONWP][39m Matched JSONWP error code 7 to NoSuchElementError
2020-05-20 23:05:00:820 - [debug] [35m[BaseDriver][39m Waited for 2964 ms so far
2020-05-20 23:05:01:321 - [debug] [35m[WD Proxy][39m Matched '/element' to command name 'findElement'
2020-05-20 23:05:01:322 - [debug] [35m[WD Proxy][39m Proxying [POST /element] to [POST http://localhost:6727/wd/hub/session/cf136b73-4933-41c7-9bbe-31a29359a9ed/element] with body: {"strategy":"xpath","selector":"//*[@text='我的']","context":"","multiple":false}
2020-05-20 23:05:01:350 - [35m[WD Proxy][39m Got an unexpected response: {"sessionId":"cf136b73-4933-41c7-9bbe-31a29359a9ed","status":7,"value":"An element could not be located on the page using the given search parameters."}
2020-05-20 23:05:01:350 - [debug] [35m[MJSONWP][39m Matched JSONWP error code 7 to NoSuchElementError
2020-05-20 23:05:01:350 - [debug] [35m[BaseDriver][39m Waited for 3494 ms so far
2020-05-20 23:05:01:852 - [debug] [35m[WD Proxy][39m Matched '/element' to command name 'findElement'
2020-05-20 23:05:01:853 - [debug] [35m[WD Proxy][39m Proxying [POST /element] to [POST http://localhost:6727/wd/hub/session/cf136b73-4933-41c7-9bbe-31a29359a9ed/element] with body: {"strategy":"xpath","selector":"//*[@text='我的']","context":"","multiple":false}
2020-05-20 23:05:02:216 - [35m[WD Proxy][39m Got an unexpected response: {"sessionId":"cf136b73-4933-41c7-9bbe-31a29359a9ed","status":7,"value":"An element could not be located on the page using the given search parameters."}
2020-05-20 23:05:02:216 - [debug] [35m[MJSONWP][39m Matched JSONWP error code 7 to NoSuchElementError
2020-05-20 23:05:02:217 - [debug] [35m[BaseDriver][39m Waited for 4360 ms so far
2020-05-20 23:05:02:719 - [debug] [35m[WD Proxy][39m Matched '/element' to command name 'findElement'
2020-05-20 23:05:02:719 - [debug] [35m[WD Proxy][39m Proxying [POST /element] to [POST http://localhost:6727/wd/hub/session/cf136b73-4933-41c7-9bbe-31a29359a9ed/element] with body: {"strategy":"xpath","selector":"//*[@text='我的']","context":"","multiple":false}
2020-05-20 23:05:03:418 - [35m[WD Proxy][39m Got an unexpected response: {"sessionId":"cf136b73-4933-41c7-9bbe-31a29359a9ed","status":7,"value":"An element could not be located on the page using the given search parameters."}
2020-05-20 23:05:03:418 - [debug] [35m[MJSONWP][39m Matched JSONWP error code 7 to NoSuchElementError
2020-05-20 23:05:03:421 - [debug] [35m[W3C (2f7cfea3)][39m Encountered internal error running command: NoSuchElementError: An element could not be located on the page using the given search parameters.
2020-05-20 23:05:03:421 - [debug] [35m[W3C (2f7cfea3)][39m     at AndroidUiautomator2Driver.findElOrEls (/usr/local/lib/node_modules/appium/node_modules/_appium-android-driver@4.18.1@appium-android-driver/lib/commands/find.js:75:11)
2020-05-20 23:05:03:422 - [35m[HTTP][39m [37m<-- POST /wd/hub/session/2f7cfea3-06af-45c5-9887-fad972192a97/element [39m[33m404[39m [90m5571 ms - 417[39m
2020-05-20 23:05:03:422 - [35m[HTTP][39m [90m[39m
2020-05-20 23:05:03:640 - [35m[HTTP][39m [37m-->[39m [37mPOST[39m [37m/wd/hub/session/2f7cfea3-06af-45c5-9887-fad972192a97/appium/app/close[39m
2020-05-20 23:05:03:640 - [35m[HTTP][39m [90m{}[39m
2020-05-20 23:05:03:646 - [debug] [35m[W3C (2f7cfea3)][39m Calling AppiumDriver.closeApp() with args: ["2f7cfea3-06af-45c5-9887-fad972192a97"]
2020-05-20 23:05:03:647 - [debug] [35m[ADB][39m Running '/Users/tangyao/Android/sdk/platform-tools/adb -P 5037 -s emulator-5554 shell am force-stop com.xueqiu.android'
2020-05-20 23:05:04:276 - [debug] [35m[W3C (2f7cfea3)][39m Responding to client with driver.closeApp() result: null
2020-05-20 23:05:04:277 - [35m[HTTP][39m [37m<-- POST /wd/hub/session/2f7cfea3-06af-45c5-9887-fad972192a97/appium/app/close [39m[32m200[39m [90m637 ms - 14[39m
2020-05-20 23:05:04:277 - [35m[HTTP][39m [90m[39m
2020-05-20 23:05:04:278 - [35m[HTTP][39m [37m-->[39m [37mDELETE[39m [37m/wd/hub/session/2f7cfea3-06af-45c5-9887-fad972192a97[39m
2020-05-20 23:05:04:279 - [35m[HTTP][39m [90m{}[39m
2020-05-20 23:05:04:279 - [debug] [35m[W3C (2f7cfea3)][39m Calling AppiumDriver.deleteSession() with args: ["2f7cfea3-06af-45c5-9887-fad972192a97"]
2020-05-20 23:05:04:279 - [debug] [35m[BaseDriver][39m Event 'quitSessionRequested' logged at 1589987104279 (23:05:04 GMT+0800 (China Standard Time))
2020-05-20 23:05:04:279 - [35m[Appium][39m Removing session 2f7cfea3-06af-45c5-9887-fad972192a97 from our master session list
2020-05-20 23:05:04:280 - [debug] [35m[UiAutomator2][39m Deleting UiAutomator2 session
2020-05-20 23:05:04:280 - [debug] [35m[UiAutomator2][39m Deleting UiAutomator2 server session
2020-05-20 23:05:04:281 - [debug] [35m[WD Proxy][39m Matched '/' to command name 'deleteSession'
2020-05-20 23:05:04:281 - [debug] [35m[WD Proxy][39m Proxying [DELETE /] to [DELETE http://localhost:6727/wd/hub/session/cf136b73-4933-41c7-9bbe-31a29359a9ed] with no body
2020-05-20 23:05:04:289 - [debug] [35m[WD Proxy][39m Got response with status 200: {"sessionId":"cf136b73-4933-41c7-9bbe-31a29359a9ed","status":0,"value":"Session deleted"}
2020-05-20 23:05:04:290 - [debug] [35m[UiAutomator2][39m Resetting IME to 'com.netease.nemu_vinput.nemu/com.android.inputmethodcommon.SoftKeyboard'
2020-05-20 23:05:04:290 - [debug] [35m[ADB][39m Running '/Users/tangyao/Android/sdk/platform-tools/adb -P 5037 -s emulator-5554 shell ime set com.netease.nemu_vinput.nemu/com.android.inputmethodcommon.SoftKeyboard'
2020-05-20 23:05:04:720 - [debug] [35m[ADB][39m Running '/Users/tangyao/Android/sdk/platform-tools/adb -P 5037 -s emulator-5554 shell am force-stop com.xueqiu.android'
2020-05-20 23:05:04:803 - [debug] [35m[Instrumentation][39m .
2020-05-20 23:05:05:039 - [debug] [35m[Instrumentation][39m Time: 13.041
2020-05-20 23:05:05:040 - [debug] [35m[Instrumentation][39m 
2020-05-20 23:05:05:040 - [debug] [35m[Instrumentation][39m OK (1 test)
2020-05-20 23:05:05:139 - [debug] [35m[Logcat][39m Stopping logcat capture
2020-05-20 23:05:05:142 - [debug] [35m[ADB][39m Removing forwarded port socket connection: 6727 
2020-05-20 23:05:05:142 - [debug] [35m[ADB][39m Running '/Users/tangyao/Android/sdk/platform-tools/adb -P 5037 -s emulator-5554 forward --remove tcp\:6727'
2020-05-20 23:05:05:172 - [debug] [35m[BaseDriver][39m Event 'quitSessionFinished' logged at 1589987105172 (23:05:05 GMT+0800 (China Standard Time))
2020-05-20 23:05:05:173 - [debug] [35m[W3C (2f7cfea3)][39m Received response: null
2020-05-20 23:05:05:173 - [debug] [35m[W3C (2f7cfea3)][39m But deleting session, so not returning
2020-05-20 23:05:05:173 - [debug] [35m[W3C (2f7cfea3)][39m Responding to client with driver.deleteSession() result: null
2020-05-20 23:05:05:174 - [35m[HTTP][39m [37m<-- DELETE /wd/hub/session/2f7cfea3-06af-45c5-9887-fad972192a97 [39m[32m200[39m [90m895 ms - 14[39m
2020-05-20 23:05:05:174 - [35m[HTTP][39m [90m[39m
2020-05-20 23:05:05:248 - [debug] [35m[Instrumentation][39m The process has exited with code 0
2020-05-20 23:05:08:877 - [35m[Appium][39m Received SIGTERM - shutting down
