2020-06-15 23:28:10:399 - [35m[Appium][39m Welcome to Appium v1.14.1
2020-06-15 23:28:10:477 - [35m[Appium][39m Non-default server args:
2020-06-15 23:28:10:478 - [35m[Appium][39m   port: 4726
2020-06-15 23:28:10:479 - [35m[Appium][39m   bootstrapPort: 6726
2020-06-15 23:28:10:515 - [35m[Appium][39m   logTimestamp: true
2020-06-15 23:28:10:518 - [35m[Appium][39m   localTimezone: true
2020-06-15 23:28:10:532 - [35m[Appium][39m   udid: 5483e9c3
2020-06-15 23:28:10:534 - [35m[Appium][39m Deprecated server args:
2020-06-15 23:28:10:538 - [35m[Appium][39m   [31m-U,--udid[39m => --default-capabilities '{"udid":"5483e9c3"}'
2020-06-15 23:28:10:542 - [35m[Appium][39m Default capabilities, which will be added to each request unless overridden by desired capabilities:
2020-06-15 23:28:10:552 - [35m[Appium][39m   udid: 5483e9c3
2020-06-15 23:28:10:607 - [35m[Appium][39m Appium REST http interface listener started on 0.0.0.0:4726
2020-06-15 23:28:11:366 - [35m[HTTP][39m [37m-->[39m [37mPOST[39m [37m/wd/hub/session[39m
2020-06-15 23:28:11:366 - [35m[HTTP][39m [90m{"capabilities":{"firstMatch":[{"platformName":"Android","appium:deviceName":"5483e9c3","appium:appPackage":"com.xueqiu.android","appium:platformVersion":"7.1.2","appium:appActivity":".view.WelcomeActivityAlias","appium:newCommandTimeout":120,"appium:systemPort":6726,"appium:noReset":true,"appium:autoGrantPermissions":true}]},"desiredCapabilities":{"platformName":"Android","deviceName":"5483e9c3","appPackage":"com.xueqiu.android","platformVersion":"7.1.2","appActivity":".view.WelcomeActivityAlias","newCommandTimeout":120,"systemPort":6726,"noReset":true,"autoGrantPermissions":true}}[39m
2020-06-15 23:28:11:374 - [debug] [35m[W3C][39m Calling AppiumDriver.createSession() with args: [{"platformName":"Android","deviceName":"5483e9c3","appPackage":"com.xueqiu.android","platformVersion":"7.1.2","appActivity":".view.WelcomeActivityAlias","newCommandTimeout":120,"systemPort":6726,"noReset":true,"autoGrantPermissions":true},null,{"firstMatch":[{"platformName":"Android","appium:deviceName":"5483e9c3","appium:appPackage":"com.xueqiu.android","appium:platformVersion":"7.1.2","appium:appActivity":".view.WelcomeActivityAlias","appium:newCommandTimeout":120,"appium:systemPort":6726,"appium:noReset":true,"appium:autoGrantPermissions":true}]}]
2020-06-15 23:28:11:377 - [debug] [35m[BaseDriver][39m Event 'newSessionRequested' logged at 1592234891377 (23:28:11 GMT+0800 (China Standard Time))
2020-06-15 23:28:11:390 - [35m[BaseDriver][39m The capabilities ["udid"] are not standard capabilities and should have an extension prefix
2020-06-15 23:28:11:434 - [35m[Appium][39m 
2020-06-15 23:28:11:435 - [35m[Appium][39m ======================================================================
2020-06-15 23:28:11:438 - [35m[Appium][39m   DEPRECATION WARNING:
2020-06-15 23:28:11:439 - [35m[Appium][39m 
2020-06-15 23:28:11:439 - [35m[Appium][39m   The 'automationName' capability was not provided in the desired 
2020-06-15 23:28:11:440 - [35m[Appium][39m   capabilities for this Android session
2020-06-15 23:28:11:440 - [35m[Appium][39m 
2020-06-15 23:28:11:440 - [35m[Appium][39m   Setting 'automationName=UiAutomator2' by default and using the 
2020-06-15 23:28:11:440 - [35m[Appium][39m   UiAutomator2 Driver
2020-06-15 23:28:11:441 - [35m[Appium][39m 
2020-06-15 23:28:11:441 - [35m[Appium][39m   The next major version of Appium (2.x) will **require** the 
2020-06-15 23:28:11:442 - [35m[Appium][39m   'automationName' capability to be set for all sessions on all 
2020-06-15 23:28:11:442 - [35m[Appium][39m   platforms
2020-06-15 23:28:11:443 - [35m[Appium][39m 
2020-06-15 23:28:11:444 - [35m[Appium][39m   In previous versions (Appium <= 1.13.x), the default was 
2020-06-15 23:28:11:444 - [35m[Appium][39m   'automationName=UiAutomator1'
2020-06-15 23:28:11:444 - [35m[Appium][39m 
2020-06-15 23:28:11:444 - [35m[Appium][39m   If you wish to use that automation instead of UiAutomator2, please 
2020-06-15 23:28:11:445 - [35m[Appium][39m   add 'automationName=UiAutomator1' to your desired capabilities
2020-06-15 23:28:11:445 - [35m[Appium][39m 
2020-06-15 23:28:11:445 - [35m[Appium][39m   For more information about drivers, please visit 
2020-06-15 23:28:11:445 - [35m[Appium][39m   http://appium.io/docs/en/about-appium/intro/ and explore the 
2020-06-15 23:28:11:445 - [35m[Appium][39m   'Drivers' menu
2020-06-15 23:28:11:445 - [35m[Appium][39m 
2020-06-15 23:28:11:446 - [35m[Appium][39m ======================================================================
2020-06-15 23:28:11:446 - [35m[Appium][39m 
2020-06-15 23:28:12:191 - [35m[Appium][39m Appium v1.14.1 creating new AndroidUiautomator2Driver (v1.34.0) session
2020-06-15 23:28:12:192 - [35m[Appium][39m Capabilities:
2020-06-15 23:28:12:192 - [35m[Appium][39m   platformName: Android
2020-06-15 23:28:12:193 - [35m[Appium][39m   udid: 5483e9c3
2020-06-15 23:28:12:194 - [35m[Appium][39m   deviceName: 5483e9c3
2020-06-15 23:28:12:194 - [35m[Appium][39m   appPackage: com.xueqiu.android
2020-06-15 23:28:12:194 - [35m[Appium][39m   platformVersion: 7.1.2
2020-06-15 23:28:12:194 - [35m[Appium][39m   appActivity: .view.WelcomeActivityAlias
2020-06-15 23:28:12:195 - [35m[Appium][39m   newCommandTimeout: 120
2020-06-15 23:28:12:195 - [35m[Appium][39m   systemPort: 6726
2020-06-15 23:28:12:195 - [35m[Appium][39m   noReset: true
2020-06-15 23:28:12:195 - [35m[Appium][39m   autoGrantPermissions: true
2020-06-15 23:28:12:198 - [debug] [35m[BaseDriver][39m W3C capabilities and MJSONWP desired capabilities were provided
2020-06-15 23:28:12:198 - [debug] [35m[BaseDriver][39m Creating session with W3C capabilities: {
2020-06-15 23:28:12:199 - [debug] [35m[BaseDriver][39m   "alwaysMatch": {
2020-06-15 23:28:12:199 - [debug] [35m[BaseDriver][39m     "platformName": "Android",
2020-06-15 23:28:12:199 - [debug] [35m[BaseDriver][39m     "appium:udid": "5483e9c3",
2020-06-15 23:28:12:199 - [debug] [35m[BaseDriver][39m     "appium:deviceName": "5483e9c3",
2020-06-15 23:28:12:199 - [debug] [35m[BaseDriver][39m     "appium:appPackage": "com.xueqiu.android",
2020-06-15 23:28:12:200 - [debug] [35m[BaseDriver][39m     "appium:platformVersion": "7.1.2",
2020-06-15 23:28:12:200 - [debug] [35m[BaseDriver][39m     "appium:appActivity": ".view.WelcomeActivityAlias",
2020-06-15 23:28:12:200 - [debug] [35m[BaseDriver][39m     "appium:newCommandTimeout": 120,
2020-06-15 23:28:12:200 - [debug] [35m[BaseDriver][39m     "appium:systemPort": 6726,
2020-06-15 23:28:12:200 - [debug] [35m[BaseDriver][39m     "appium:noReset": true,
2020-06-15 23:28:12:201 - [debug] [35m[BaseDriver][39m     "appium:autoGrantPermissions": true
2020-06-15 23:28:12:201 - [debug] [35m[BaseDriver][39m   },
2020-06-15 23:28:12:201 - [debug] [35m[BaseDriver][39m   "firstMatch": [
2020-06-15 23:28:12:201 - [debug] [35m[BaseDriver][39m     {}
2020-06-15 23:28:12:201 - [debug] [35m[BaseDriver][39m   ]
2020-06-15 23:28:12:202 - [debug] [35m[BaseDriver][39m }
2020-06-15 23:28:12:228 - [35m[BaseDriver][39m Session created with session id: 3700eb45-65c4-465e-a1dd-edf4049680a5
2020-06-15 23:28:12:523 - [35m[ADB][39m Found 42 'build-tools' folders under '/Users/tangyao/Android/sdk' (newest first):
2020-06-15 23:28:12:525 - [35m[ADB][39m     /Users/tangyao/Android/sdk/build-tools/30.0.0-rc2
2020-06-15 23:28:12:526 - [35m[ADB][39m     /Users/tangyao/Android/sdk/build-tools/29.0.2
2020-06-15 23:28:12:526 - [35m[ADB][39m     /Users/tangyao/Android/sdk/build-tools/29.0.0-rc2
2020-06-15 23:28:12:526 - [35m[ADB][39m     /Users/tangyao/Android/sdk/build-tools/28.0.3
2020-06-15 23:28:12:528 - [35m[ADB][39m     /Users/tangyao/Android/sdk/build-tools/28.0.2
2020-06-15 23:28:12:528 - [35m[ADB][39m     /Users/tangyao/Android/sdk/build-tools/28.0.1
2020-06-15 23:28:12:529 - [35m[ADB][39m     /Users/tangyao/Android/sdk/build-tools/28.0.0
2020-06-15 23:28:12:529 - [35m[ADB][39m     /Users/tangyao/Android/sdk/build-tools/28.0.0-rc2
2020-06-15 23:28:12:529 - [35m[ADB][39m     /Users/tangyao/Android/sdk/build-tools/28.0.0-rc1
2020-06-15 23:28:12:529 - [35m[ADB][39m     /Users/tangyao/Android/sdk/build-tools/27.0.3
2020-06-15 23:28:12:529 - [35m[ADB][39m     /Users/tangyao/Android/sdk/build-tools/26.0.1
2020-06-15 23:28:12:529 - [35m[ADB][39m     /Users/tangyao/Android/sdk/build-tools/26.0.0
2020-06-15 23:28:12:530 - [35m[ADB][39m     /Users/tangyao/Android/sdk/build-tools/25.0.3
2020-06-15 23:28:12:530 - [35m[ADB][39m     /Users/tangyao/Android/sdk/build-tools/25.0.2
2020-06-15 23:28:12:530 - [35m[ADB][39m     /Users/tangyao/Android/sdk/build-tools/25.0.1
2020-06-15 23:28:12:530 - [35m[ADB][39m     /Users/tangyao/Android/sdk/build-tools/25.0.0
2020-06-15 23:28:12:530 - [35m[ADB][39m     /Users/tangyao/Android/sdk/build-tools/24.0.3
2020-06-15 23:28:12:530 - [35m[ADB][39m     /Users/tangyao/Android/sdk/build-tools/24.0.2
2020-06-15 23:28:12:531 - [35m[ADB][39m     /Users/tangyao/Android/sdk/build-tools/24.0.1
2020-06-15 23:28:12:531 - [35m[ADB][39m     /Users/tangyao/Android/sdk/build-tools/24.0.0
2020-06-15 23:28:12:531 - [35m[ADB][39m     /Users/tangyao/Android/sdk/build-tools/23.0.3
2020-06-15 23:28:12:531 - [35m[ADB][39m     /Users/tangyao/Android/sdk/build-tools/23.0.2
2020-06-15 23:28:12:531 - [35m[ADB][39m     /Users/tangyao/Android/sdk/build-tools/23.0.1
2020-06-15 23:28:12:532 - [35m[ADB][39m     /Users/tangyao/Android/sdk/build-tools/23.0.0
2020-06-15 23:28:12:532 - [35m[ADB][39m     /Users/tangyao/Android/sdk/build-tools/22.0.1
2020-06-15 23:28:12:532 - [35m[ADB][39m     /Users/tangyao/Android/sdk/build-tools/22.0.0
2020-06-15 23:28:12:532 - [35m[ADB][39m     /Users/tangyao/Android/sdk/build-tools/21.1.2
2020-06-15 23:28:12:533 - [35m[ADB][39m     /Users/tangyao/Android/sdk/build-tools/21.1.1
2020-06-15 23:28:12:533 - [35m[ADB][39m     /Users/tangyao/Android/sdk/build-tools/21.1.0
2020-06-15 23:28:12:533 - [35m[ADB][39m     /Users/tangyao/Android/sdk/build-tools/21.0.2
2020-06-15 23:28:12:533 - [35m[ADB][39m     /Users/tangyao/Android/sdk/build-tools/21.0.1
2020-06-15 23:28:12:533 - [35m[ADB][39m     /Users/tangyao/Android/sdk/build-tools/21.0.0
2020-06-15 23:28:12:533 - [35m[ADB][39m     /Users/tangyao/Android/sdk/build-tools/20.0.0
2020-06-15 23:28:12:533 - [35m[ADB][39m     /Users/tangyao/Android/sdk/build-tools/19.1.0
2020-06-15 23:28:12:534 - [35m[ADB][39m     /Users/tangyao/Android/sdk/build-tools/19.0.3
2020-06-15 23:28:12:534 - [35m[ADB][39m     /Users/tangyao/Android/sdk/build-tools/19.0.2
2020-06-15 23:28:12:534 - [35m[ADB][39m     /Users/tangyao/Android/sdk/build-tools/19.0.1
2020-06-15 23:28:12:534 - [35m[ADB][39m     /Users/tangyao/Android/sdk/build-tools/19.0.0
2020-06-15 23:28:12:534 - [35m[ADB][39m     /Users/tangyao/Android/sdk/build-tools/18.1.1
2020-06-15 23:28:12:535 - [35m[ADB][39m     /Users/tangyao/Android/sdk/build-tools/18.1.0
2020-06-15 23:28:12:535 - [35m[ADB][39m     /Users/tangyao/Android/sdk/build-tools/18.0.1
2020-06-15 23:28:12:535 - [35m[ADB][39m     /Users/tangyao/Android/sdk/build-tools/17.0.0
2020-06-15 23:28:12:626 - [35m[ADB][39m Using 'adb' from '/Users/tangyao/Android/sdk/platform-tools/adb'
2020-06-15 23:28:12:630 - [35m[AndroidDriver][39m Retrieving device list
2020-06-15 23:28:12:641 - [debug] [35m[ADB][39m Trying to find a connected android device
2020-06-15 23:28:12:643 - [debug] [35m[ADB][39m Getting connected devices...
2020-06-15 23:28:12:790 - [debug] [35m[ADB][39m 2 device(s) connected
2020-06-15 23:28:12:790 - [35m[AndroidDriver][39m Using device: 5483e9c3
2020-06-15 23:28:12:794 - [35m[ADB][39m Using 'adb' from '/Users/tangyao/Android/sdk/platform-tools/adb'
2020-06-15 23:28:12:795 - [debug] [35m[ADB][39m Setting device id to 5483e9c3
2020-06-15 23:28:12:798 - [debug] [35m[ADB][39m Running '/Users/tangyao/Android/sdk/platform-tools/adb -P 5037 -s 5483e9c3 shell getprop ro.build.version.sdk'
2020-06-15 23:28:12:893 - [debug] [35m[ADB][39m Current device property 'ro.build.version.sdk': 29
2020-06-15 23:28:12:893 - [debug] [35m[ADB][39m Device API level: 29
2020-06-15 23:28:12:894 - [35m[UiAutomator2][39m Relaxing hidden api policy
2020-06-15 23:28:12:894 - [debug] [35m[ADB][39m Running '/Users/tangyao/Android/sdk/platform-tools/adb -P 5037 -s 5483e9c3 shell settings put global hidden_api_policy_pre_p_apps 1'
2020-06-15 23:28:13:051 - [debug] [35m[ADB][39m Running '/Users/tangyao/Android/sdk/platform-tools/adb -P 5037 -s 5483e9c3 shell settings put global hidden_api_policy_p_apps 1'
2020-06-15 23:28:13:178 - [debug] [35m[ADB][39m Running '/Users/tangyao/Android/sdk/platform-tools/adb -P 5037 -s 5483e9c3 shell settings put global hidden_api_policy 1'
2020-06-15 23:28:13:295 - [35m[AndroidDriver][39m No app sent in, not parsing package/activity
2020-06-15 23:28:13:296 - [debug] [35m[ADB][39m Running '/Users/tangyao/Android/sdk/platform-tools/adb -P 5037 -s 5483e9c3 wait-for-device'
2020-06-15 23:28:13:330 - [debug] [35m[ADB][39m Running '/Users/tangyao/Android/sdk/platform-tools/adb -P 5037 -s 5483e9c3 shell echo ping'
2020-06-15 23:28:13:408 - [debug] [35m[AndroidDriver][39m Pushing settings apk to device...
2020-06-15 23:28:13:409 - [debug] [35m[ADB][39m Getting install status for io.appium.settings
2020-06-15 23:28:13:411 - [debug] [35m[ADB][39m Running '/Users/tangyao/Android/sdk/platform-tools/adb -P 5037 -s 5483e9c3 shell dumpsys package io.appium.settings'
2020-06-15 23:28:13:573 - [debug] [35m[ADB][39m 'io.appium.settings' is installed
2020-06-15 23:28:13:573 - [debug] [35m[ADB][39m Getting package info for 'io.appium.settings'
2020-06-15 23:28:13:575 - [debug] [35m[ADB][39m Running '/Users/tangyao/Android/sdk/platform-tools/adb -P 5037 -s 5483e9c3 shell dumpsys package io.appium.settings'
2020-06-15 23:28:13:706 - [35m[ADB][39m Using 'apkanalyzer' from '/Users/tangyao/Android/sdk/tools/bin/apkanalyzer'
2020-06-15 23:28:13:707 - [debug] [35m[ADB][39m Starting '/Users/tangyao/Android/sdk/tools/bin/apkanalyzer' with args ["manifest","print","/usr/local/lib/node_modules/appium/node_modules/_io.appium.settings@2.14.1@io.appium.settings/apks/settings_apk-debug.apk"]
2020-06-15 23:28:18:693 - [35m[Appium][39m Received SIGINT - shutting down
2020-06-15 23:28:18:697 - [35m[HTTP][39m [37m<-- POST /wd/hub/session [39m[32m-[39m [90m- ms - -[39m
2020-06-15 23:28:18:702 - [35m[HTTP][39m [90m[39m
2020-06-15 23:28:18:771 - [35m[ADB][39m Cannot extract apk info using apkanalyzer. Falling back to aapt. Original error: Command '/Users/tangyao/Android/sdk/tools/bin/apkanalyzer manifest print /usr/local/lib/node_modules/appium/node_modules/_io.appium.settings\@2.14.1\@io.appium.settings/apks/settings_apk-debug.apk' exited with code 130
2020-06-15 23:28:18:782 - [35m[ADB][39m Using 'aapt' from '/Users/tangyao/Android/sdk/build-tools/30.0.0-rc2/aapt'
2020-06-15 23:28:18:846 - [debug] [35m[ADB][39m The version name of the installed 'io.appium.settings' is greater or equal to the application version name ('2.14.1' >= '2.14.1')
2020-06-15 23:28:18:847 - [debug] [35m[ADB][39m There is no need to install/upgrade '/usr/local/lib/node_modules/appium/node_modules/_io.appium.settings@2.14.1@io.appium.settings/apks/settings_apk-debug.apk'
2020-06-15 23:28:18:848 - [debug] [35m[ADB][39m Getting IDs of all 'io.appium.settings' processes
2020-06-15 23:28:18:848 - [debug] [35m[ADB][39m Running '/Users/tangyao/Android/sdk/platform-tools/adb -P 5037 -s 5483e9c3 shell 'pgrep --help; echo $?''
2020-06-15 23:28:18:951 - [debug] [35m[ADB][39m Running '/Users/tangyao/Android/sdk/platform-tools/adb -P 5037 -s 5483e9c3 shell pgrep -f io\.appium\.settings'
2020-06-15 23:28:19:133 - [debug] [35m[AndroidDriver][39m io.appium.settings is already running. There is no need to reset its permissions.
2020-06-15 23:28:19:135 - [debug] [35m[ADB][39m Running '/Users/tangyao/Android/sdk/platform-tools/adb -P 5037 -s 5483e9c3 shell appops set io.appium.settings android\:mock_location allow'
2020-06-15 23:28:19:254 - [debug] [35m[Logcat][39m Starting logcat capture
2020-06-15 23:28:19:366 - [debug] [35m[ADB][39m Getting install status for io.appium.uiautomator2.server
2020-06-15 23:28:19:367 - [debug] [35m[ADB][39m Running '/Users/tangyao/Android/sdk/platform-tools/adb -P 5037 -s 5483e9c3 shell dumpsys package io.appium.uiautomator2.server'
2020-06-15 23:28:19:510 - [debug] [35m[ADB][39m 'io.appium.uiautomator2.server' is installed
2020-06-15 23:28:19:510 - [debug] [35m[ADB][39m Getting package info for 'io.appium.uiautomator2.server'
2020-06-15 23:28:19:511 - [debug] [35m[ADB][39m Running '/Users/tangyao/Android/sdk/platform-tools/adb -P 5037 -s 5483e9c3 shell dumpsys package io.appium.uiautomator2.server'
2020-06-15 23:28:19:604 - [debug] [35m[ADB][39m Starting '/Users/tangyao/Android/sdk/tools/bin/apkanalyzer' with args ["manifest","print","/usr/local/lib/node_modules/appium/node_modules/_appium-uiautomator2-server@3.8.1@appium-uiautomator2-server/apks/appium-uiautomator2-server-v3.8.1.apk"]
2020-06-15 23:28:34:811 - [debug] [35m[ADB][39m The version name of the installed 'io.appium.uiautomator2.server' is greater or equal to the application version name ('3.8.1' >= '3.8.1')
2020-06-15 23:28:34:812 - [debug] [35m[UiAutomator2][39m io.appium.uiautomator2.server installation state: sameVersionInstalled
2020-06-15 23:28:34:813 - [debug] [35m[ADB][39m Checking app cert for /usr/local/lib/node_modules/appium/node_modules/_appium-uiautomator2-server@3.8.1@appium-uiautomator2-server/apks/appium-uiautomator2-server-v3.8.1.apk
2020-06-15 23:28:34:822 - [35m[ADB][39m Using 'apksigner' from '/Users/tangyao/Android/sdk/build-tools/30.0.0-rc2/apksigner'
2020-06-15 23:28:34:824 - [debug] [35m[ADB][39m Starting '/Users/tangyao/Android/sdk/build-tools/30.0.0-rc2/apksigner' with args '["verify","--print-certs","/usr/local/lib/node_modules/appium/node_modules/_appium-uiautomator2-server@3.8.1@appium-uiautomator2-server/apks/appium-uiautomator2-server-v3.8.1.apk"]'
2020-06-15 23:28:36:248 - [35m[ADB][39m Got an error during apksigner execution: Command '/Users/tangyao/Android/sdk/build-tools/30.0.0-rc2/apksigner verify --print-certs /usr/local/lib/node_modules/appium/node_modules/_appium-uiautomator2-server\@3.8.1\@appium-uiautomator2-server/apks/appium-uiautomator2-server-v3.8.1.apk' exited with code 1
2020-06-15 23:28:36:249 - [35m[ADB][39m apksigner stderr: Error: A JNI error has occurred, please check your installation and try again
2020-06-15 23:28:36:249 - [35m[ADB][39m Exception in thread "main" java.lang.UnsupportedClassVersionError: com/android/apksigner/ApkSignerTool has been compiled by a more recent version of the Java Runtime (class file version 53.0), this version of the Java Runtime only recognizes class file versions up to 52.0
2020-06-15 23:28:36:249 - [35m[ADB][39m 	at java.lang.ClassLoader.defineClass1(Native Method)
2020-06-15 23:28:36:249 - [35m[ADB][39m 	at java.lang.ClassLoader.defineClass(ClassLoader.java:763)
2020-06-15 23:28:36:249 - [35m[ADB][39m 	at java.security.SecureClassLoader.defineClass(SecureClassLoader.java:142)
2020-06-15 23:28:36:250 - [35m[ADB][39m 	at java.net.URLClassLoader.defineClass(URLClassLoader.java:467)
2020-06-15 23:28:36:250 - [35m[ADB][39m 	at java.net.URLClassLoader.access$100(URLClassLoader.java:73)
2020-06-15 23:28:36:250 - [35m[ADB][39m 	at java.net.URLClassLoader$1.run(URLClassLoader.java:368)
2020-06-15 23:28:36:250 - [35m[ADB][39m 	at java.net.URLClassLoader$1.run(URLClassLoader.java:362)
2020-06-15 23:28:36:250 - [35m[ADB][39m 	at java.security.AccessController.doPrivileged(Native Method)
2020-06-15 23:28:36:250 - [35m[ADB][39m 	at java.net.URLClassLoader.findClass(URLClassLoader.java:361)
2020-06-15 23:28:36:250 - [35m[ADB][39m 	at java.lang.ClassLoader.loadClass(ClassLoader.java:424)
2020-06-15 23:28:36:250 - [35m[ADB][39m 	at sun.misc.Launcher$AppClassLoader.loadClass(Launcher.java:349)
2020-06-15 23:28:36:251 - [35m[ADB][39m 	at java.lang.ClassLoader.loadClass(ClassLoader.java:357)
2020-06-15 23:28:36:251 - [35m[ADB][39m 	at sun.launcher.LauncherHelper.checkAndLoadMain(LauncherHelper.java:495)
2020-06-15 23:28:36:251 - [35m[ADB][39m 
2020-06-15 23:28:36:251 - [35m[ADB][39m Cannot use apksigner tool for signature verification. Original error: Command '/Users/tangyao/Android/sdk/build-tools/30.0.0-rc2/apksigner verify --print-certs /usr/local/lib/node_modules/appium/node_modules/_appium-uiautomator2-server\@3.8.1\@appium-uiautomator2-server/apks/appium-uiautomator2-server-v3.8.1.apk' exited with code 1
2020-06-15 23:28:36:251 - [debug] [35m[ADB][39m Defaulting to verify.jar
2020-06-15 23:28:37:965 - [debug] [35m[ADB][39m '/usr/local/lib/node_modules/appium/node_modules/_appium-uiautomator2-server@3.8.1@appium-uiautomator2-server/apks/appium-uiautomator2-server-v3.8.1.apk' is already signed.
2020-06-15 23:28:37:965 - [debug] [35m[ADB][39m Getting install status for io.appium.uiautomator2.server.test
2020-06-15 23:28:37:966 - [debug] [35m[ADB][39m Running '/Users/tangyao/Android/sdk/platform-tools/adb -P 5037 -s 5483e9c3 shell dumpsys package io.appium.uiautomator2.server.test'
2020-06-15 23:28:38:148 - [debug] [35m[ADB][39m 'io.appium.uiautomator2.server.test' is installed
2020-06-15 23:28:38:149 - [debug] [35m[ADB][39m Checking app cert for /usr/local/lib/node_modules/appium/node_modules/_appium-uiautomator2-server@3.8.1@appium-uiautomator2-server/apks/appium-uiautomator2-server-debug-androidTest.apk
2020-06-15 23:28:38:153 - [debug] [35m[ADB][39m Starting '/Users/tangyao/Android/sdk/build-tools/30.0.0-rc2/apksigner' with args '["verify","--print-certs","/usr/local/lib/node_modules/appium/node_modules/_appium-uiautomator2-server@3.8.1@appium-uiautomator2-server/apks/appium-uiautomator2-server-debug-androidTest.apk"]'
2020-06-15 23:28:38:492 - [35m[ADB][39m Got an error during apksigner execution: Command '/Users/tangyao/Android/sdk/build-tools/30.0.0-rc2/apksigner verify --print-certs /usr/local/lib/node_modules/appium/node_modules/_appium-uiautomator2-server\@3.8.1\@appium-uiautomator2-server/apks/appium-uiautomator2-server-debug-androidTest.apk' exited with code 1
2020-06-15 23:28:38:492 - [35m[ADB][39m apksigner stderr: Error: A JNI error has occurred, please check your installation and try again
2020-06-15 23:28:38:492 - [35m[ADB][39m Exception in thread "main" java.lang.UnsupportedClassVersionError: com/android/apksigner/ApkSignerTool has been compiled by a more recent version of the Java Runtime (class file version 53.0), this version of the Java Runtime only recognizes class file versions up to 52.0
2020-06-15 23:28:38:493 - [35m[ADB][39m 	at java.lang.ClassLoader.defineClass1(Native Method)
2020-06-15 23:28:38:493 - [35m[ADB][39m 	at java.lang.ClassLoader.defineClass(ClassLoader.java:763)
2020-06-15 23:28:38:493 - [35m[ADB][39m 	at java.security.SecureClassLoader.defineClass(SecureClassLoader.java:142)
2020-06-15 23:28:38:493 - [35m[ADB][39m 	at java.net.URLClassLoader.defineClass(URLClassLoader.java:467)
2020-06-15 23:28:38:493 - [35m[ADB][39m 	at java.net.URLClassLoader.access$100(URLClassLoader.java:73)
2020-06-15 23:28:38:493 - [35m[ADB][39m 	at java.net.URLClassLoader$1.run(URLClassLoader.java:368)
2020-06-15 23:28:38:493 - [35m[ADB][39m 	at java.net.URLClassLoader$1.run(URLClassLoader.java:362)
2020-06-15 23:28:38:494 - [35m[ADB][39m 	at java.security.AccessController.doPrivileged(Native Method)
2020-06-15 23:28:38:494 - [35m[ADB][39m 	at java.net.URLClassLoader.findClass(URLClassLoader.java:361)
2020-06-15 23:28:38:494 - [35m[ADB][39m 	at java.lang.ClassLoader.loadClass(ClassLoader.java:424)
2020-06-15 23:28:38:494 - [35m[ADB][39m 	at sun.misc.Launcher$AppClassLoader.loadClass(Launcher.java:349)
2020-06-15 23:28:38:494 - [35m[ADB][39m 	at java.lang.ClassLoader.loadClass(ClassLoader.java:357)
2020-06-15 23:28:38:494 - [35m[ADB][39m 	at sun.launcher.LauncherHelper.checkAndLoadMain(LauncherHelper.java:495)
2020-06-15 23:28:38:494 - [35m[ADB][39m 
2020-06-15 23:28:38:494 - [35m[ADB][39m Cannot use apksigner tool for signature verification. Original error: Command '/Users/tangyao/Android/sdk/build-tools/30.0.0-rc2/apksigner verify --print-certs /usr/local/lib/node_modules/appium/node_modules/_appium-uiautomator2-server\@3.8.1\@appium-uiautomator2-server/apks/appium-uiautomator2-server-debug-androidTest.apk' exited with code 1
2020-06-15 23:28:38:495 - [debug] [35m[ADB][39m Defaulting to verify.jar
2020-06-15 23:28:42:687 - [debug] [35m[ADB][39m '/usr/local/lib/node_modules/appium/node_modules/_appium-uiautomator2-server@3.8.1@appium-uiautomator2-server/apks/appium-uiautomator2-server-debug-androidTest.apk' is already signed.
2020-06-15 23:28:42:688 - [35m[UiAutomator2][39m Server packages are not going to be (re)installed
2020-06-15 23:28:42:694 - [debug] [35m[UiAutomator2][39m Waiting up to 30000ms for services to be available
2020-06-15 23:28:42:698 - [debug] [35m[ADB][39m Running '/Users/tangyao/Android/sdk/platform-tools/adb -P 5037 -s 5483e9c3 shell pm list instrumentation'
2020-06-15 23:28:42:861 - [debug] [35m[UiAutomator2][39m Instrumentation target 'io.appium.uiautomator2.server.test/androidx.test.runner.AndroidJUnitRunner' is available
2020-06-15 23:28:42:863 - [debug] [35m[UiAutomator2][39m Forwarding UiAutomator2 Server port 6790 to 6726
2020-06-15 23:28:42:865 - [debug] [35m[ADB][39m Forwarding system: 6726 to device: 6790
2020-06-15 23:28:42:866 - [debug] [35m[ADB][39m Running '/Users/tangyao/Android/sdk/platform-tools/adb -P 5037 -s 5483e9c3 forward tcp\:6726 tcp\:6790'
2020-06-15 23:28:42:924 - [debug] [35m[UiAutomator2][39m No app capability. Assuming it is already on the device
2020-06-15 23:28:42:926 - [debug] [35m[UiAutomator2][39m Performing shallow cleanup of automation leftovers
2020-06-15 23:28:43:064 - [debug] [35m[UiAutomator2][39m No obsolete sessions have been detected (Error: socket hang up)
2020-06-15 23:28:43:066 - [debug] [35m[ADB][39m Running '/Users/tangyao/Android/sdk/platform-tools/adb -P 5037 -s 5483e9c3 shell am force-stop io.appium.uiautomator2.server.test'
2020-06-15 23:28:43:245 - [35m[UiAutomator2][39m Starting UIAutomator2 server 3.8.1
2020-06-15 23:28:43:250 - [35m[UiAutomator2][39m Using UIAutomator2 server from '/usr/local/lib/node_modules/appium/node_modules/_appium-uiautomator2-server@3.8.1@appium-uiautomator2-server/apks/appium-uiautomator2-server-v3.8.1.apk' and test from '/usr/local/lib/node_modules/appium/node_modules/_appium-uiautomator2-server@3.8.1@appium-uiautomator2-server/apks/appium-uiautomator2-server-debug-androidTest.apk'
2020-06-15 23:28:43:251 - [35m[UiAutomator2][39m Waiting up to 30000ms for UiAutomator2 to be online...
2020-06-15 23:28:43:252 - [debug] [35m[ADB][39m Creating ADB subprocess with args: ["-P",5037,"-s","5483e9c3","shell","am","instrument","-w","io.appium.uiautomator2.server.test/androidx.test.runner.AndroidJUnitRunner"]
2020-06-15 23:28:44:311 - [debug] [35m[WD Proxy][39m Matched '/status' to command name 'getStatus'
2020-06-15 23:28:44:315 - [debug] [35m[WD Proxy][39m Proxying [GET /status] to [GET http://localhost:6726/wd/hub/status] with no body
2020-06-15 23:28:44:335 - [35m[WD Proxy][39m Got an unexpected response: {"code":"ECONNRESET"}
2020-06-15 23:28:45:348 - [debug] [35m[WD Proxy][39m Matched '/status' to command name 'getStatus'
2020-06-15 23:28:45:350 - [debug] [35m[WD Proxy][39m Proxying [GET /status] to [GET http://localhost:6726/wd/hub/status] with no body
2020-06-15 23:28:45:405 - [35m[WD Proxy][39m Got an unexpected response: {"code":"ECONNRESET"}
2020-06-15 23:28:45:442 - [debug] [35m[Instrumentation][39m io.appium.uiautomator2.server.test.AppiumUiAutomator2Server:
2020-06-15 23:28:46:415 - [debug] [35m[WD Proxy][39m Matched '/status' to command name 'getStatus'
2020-06-15 23:28:46:415 - [debug] [35m[WD Proxy][39m Proxying [GET /status] to [GET http://localhost:6726/wd/hub/status] with no body
2020-06-15 23:28:46:441 - [35m[WD Proxy][39m Got an unexpected response: {"code":"ECONNRESET"}
2020-06-15 23:28:47:448 - [debug] [35m[WD Proxy][39m Matched '/status' to command name 'getStatus'
2020-06-15 23:28:47:449 - [debug] [35m[WD Proxy][39m Proxying [GET /status] to [GET http://localhost:6726/wd/hub/status] with no body
2020-06-15 23:28:47:577 - [debug] [35m[WD Proxy][39m Got response with status 200: {"sessionId":"None","status":0,"value":"Status Invoked"}
2020-06-15 23:28:47:579 - [debug] [35m[WD Proxy][39m Determined the downstream protocol as 'MJSONWP'
2020-06-15 23:28:47:579 - [debug] [35m[UiAutomator2][39m The initialization of the instrumentation process took 4329ms
2020-06-15 23:28:47:581 - [debug] [35m[WD Proxy][39m Matched '/session' to command name 'createSession'
2020-06-15 23:28:47:582 - [debug] [35m[WD Proxy][39m Proxying [POST /session] to [POST http://localhost:6726/wd/hub/session] with body: {"desiredCapabilities":{"platform":"LINUX","webStorageEnabled":false,"takesScreenshot":true,"javascriptEnabled":true,"databaseEnabled":false,"networkConnectionEnabled":true,"locationContextEnabled":false,"warnings":{},"desired":{"platformName":"Android","udid":"5483e9c3","deviceName":"5483e9c3","appPackage":"com.xueqiu.android","platformVersion":"7.1.2","appActivity":".view.WelcomeActivityAlias","newCommandTimeout":120,"systemPort":6726,"noReset":true,"autoGrantPermissions":true},"platformName":"Android","udid":"5483e9c3","deviceName":"5483e9c3","appPackage":"com.xueqiu.android","platformVersion":"7.1.2","appActivity":".view.WelcomeActivityAlias","newCommandTimeout":120,"systemPort":6726,"noReset":true,"autoGrantPermissions":true,"deviceUDID":"5483e9c3"}}
2020-06-15 23:28:47:703 - [debug] [35m[WD Proxy][39m Got response with status 200: {"sessionId":"bb10ea4f-1e77-4def-bdfc-6338580fef2b","status":0,"value":"Created Session"}
2020-06-15 23:28:47:704 - [debug] [35m[WD Proxy][39m Determined the downstream protocol as 'MJSONWP' per session creation request
2020-06-15 23:28:47:820 - [debug] [35m[WD Proxy][39m Proxying [GET /appium/device/info] to [GET http://localhost:6726/wd/hub/session/bb10ea4f-1e77-4def-bdfc-6338580fef2b/appium/device/info] with no body
2020-06-15 23:28:47:928 - [debug] [35m[WD Proxy][39m Got response with status 200: {"sessionId":"bb10ea4f-1e77-4def-bdfc-6338580fef2b","status":0,"value":{"androidId":"405f120cdfa7799f","manufacturer":"Xiaomi","model":"MI 8","brand":"Xiaomi","apiVersion":"29","platformVersion":"10","carrierName":"","realDisplaySize":"1080x2248","displayDensity":440,"networks":[{"type":1,"typeName":"WIFI","subtype":0,"subtypeName":"","isConnected":true,"detailedState":"CONNECTED","state":"CONNECTED","extraInfo":null,"isAvailable":true,"isFailover":false,"isRoaming":false,"capabilities":{"transportTypes":"NET_CAPABILITY_SUPL","networkCapabilities":"","linkUpstreamBandwidthKbps":1048576,"linkDownBandwidthKbps":1048576,"signalStrength":-41,"networkSpecifier":null,"SSID":null}}],"locale":"zh_CN","timeZone":"Asia\/Shanghai"}}
2020-06-15 23:28:47:932 - [debug] [35m[ADB][39m Running '/Users/tangyao/Android/sdk/platform-tools/adb -P 5037 -s 5483e9c3 shell dumpsys window'
2020-06-15 23:28:48:167 - [35m[AndroidDriver][39m Screen already unlocked, doing nothing
2020-06-15 23:28:48:173 - [35m[UiAutomator2][39m UiAutomator2 did not start the activity we were waiting for, 'com.xueqiu.android/.view.WelcomeActivityAlias'. Starting it ourselves
2020-06-15 23:28:48:195 - [debug] [35m[ADB][39m Running '/Users/tangyao/Android/sdk/platform-tools/adb -P 5037 -s 5483e9c3 shell am start -W -n com.xueqiu.android/.view.WelcomeActivityAlias -S -a android.intent.action.MAIN -c android.intent.category.LAUNCHER -f 0x10200000'
2020-06-15 23:28:49:482 - [debug] [35m[WD Proxy][39m Proxying [GET /appium/device/pixel_ratio] to [GET http://localhost:6726/wd/hub/session/bb10ea4f-1e77-4def-bdfc-6338580fef2b/appium/device/pixel_ratio] with body: {}
2020-06-15 23:28:49:508 - [debug] [35m[WD Proxy][39m Got response with status 200: {"sessionId":"bb10ea4f-1e77-4def-bdfc-6338580fef2b","status":0,"value":2.75}
2020-06-15 23:28:49:514 - [debug] [35m[WD Proxy][39m Matched '/appium/device/system_bars' to command name 'getSystemBars'
2020-06-15 23:28:49:515 - [debug] [35m[WD Proxy][39m Proxying [GET /appium/device/system_bars] to [GET http://localhost:6726/wd/hub/session/bb10ea4f-1e77-4def-bdfc-6338580fef2b/appium/device/system_bars] with body: {}
2020-06-15 23:28:49:550 - [debug] [35m[WD Proxy][39m Got response with status 200: {"sessionId":"bb10ea4f-1e77-4def-bdfc-6338580fef2b","status":0,"value":{"statusBar":89}}
2020-06-15 23:28:49:554 - [debug] [35m[WD Proxy][39m Matched '/window/current/size' to command name 'getWindowSize'
2020-06-15 23:28:49:555 - [debug] [35m[WD Proxy][39m Proxying [GET /window/current/size] to [GET http://localhost:6726/wd/hub/session/bb10ea4f-1e77-4def-bdfc-6338580fef2b/window/current/size] with body: {}
2020-06-15 23:28:49:577 - [debug] [35m[WD Proxy][39m Got response with status 200: {"sessionId":"bb10ea4f-1e77-4def-bdfc-6338580fef2b","status":0,"value":{"height":2029,"width":1080}}
2020-06-15 23:28:49:579 - [35m[Appium][39m New AndroidUiautomator2Driver session created successfully, session 3700eb45-65c4-465e-a1dd-edf4049680a5 added to master session list
2020-06-15 23:28:49:583 - [debug] [35m[BaseDriver][39m Event 'newSessionStarted' logged at 1592234929583 (23:28:49 GMT+0800 (China Standard Time))
2020-06-15 23:28:49:631 - [debug] [35m[W3C (3700eb45)][39m Cached the protocol value 'W3C' for the new session 3700eb45-65c4-465e-a1dd-edf4049680a5
2020-06-15 23:28:49:638 - [debug] [35m[W3C (3700eb45)][39m Responding to client with driver.createSession() result: {"capabilities":{"platform":"LINUX","webStorageEnabled":false,"takesScreenshot":true,"javascriptEnabled":true,"databaseEnabled":false,"networkConnectionEnabled":true,"locationContextEnabled":false,"warnings":{},"desired":{"platformName":"Android","udid":"5483e9c3","deviceName":"5483e9c3","appPackage":"com.xueqiu.android","platformVersion":"7.1.2","appActivity":".view.WelcomeActivityAlias","newCommandTimeout":120,"systemPort":6726,"noReset":true,"autoGrantPermissions":true},"platformName":"Android","udid":"5483e9c3","deviceName":"5483e9c3","appPackage":"com.xueqiu.android","platformVersion":"10","appActivity":".view.WelcomeActivityAlias","newCommandTimeout":120,"systemPort":6726,"noReset":true,"autoGrantPermissions":true,"deviceUDID":"5483e9c3","deviceApiLevel":29,"deviceScreenSize":"1080x2248","deviceScreenDensity":440,"deviceModel":"MI 8","deviceManufacturer":"Xiaomi","pixelRatio":2.75,"statBarHeight":89,"viewportRect":{"left":0,"top":89,"width":1080,"height":1940}}}
2020-06-15 23:29:36:483 - [debug] [35m[Instrumentation][39m .
2020-06-15 23:29:36:909 - [debug] [35m[Instrumentation][39m Time: 51.057
2020-06-15 23:29:36:910 - [debug] [35m[Instrumentation][39m 
2020-06-15 23:29:36:911 - [debug] [35m[Instrumentation][39m OK (1 test)
2020-06-15 23:29:37:035 - [debug] [35m[Instrumentation][39m The process has exited with code 0
2020-06-15 23:30:49:587 - [35m[BaseDriver][39m Shutting down because we waited 120 seconds for a command
2020-06-15 23:30:49:596 - [debug] [35m[UiAutomator2][39m Deleting UiAutomator2 session
2020-06-15 23:30:49:597 - [35m[Appium][39m Closing session, cause was 'New Command Timeout of 120 seconds expired. Try customizing the timeout using the 'newCommandTimeout' desired capability'
2020-06-15 23:30:49:597 - [35m[Appium][39m Removing session 3700eb45-65c4-465e-a1dd-edf4049680a5 from our master session list
2020-06-15 23:30:49:598 - [debug] [35m[UiAutomator2][39m Deleting UiAutomator2 server session
2020-06-15 23:30:49:598 - [debug] [35m[WD Proxy][39m Matched '/' to command name 'deleteSession'
2020-06-15 23:30:49:599 - [debug] [35m[WD Proxy][39m Proxying [DELETE /] to [DELETE http://localhost:6726/wd/hub/session/bb10ea4f-1e77-4def-bdfc-6338580fef2b] with no body
2020-06-15 23:30:49:623 - [debug] [35m[WD Proxy][39m Got response with status 200: {"sessionId":"bb10ea4f-1e77-4def-bdfc-6338580fef2b","status":0,"value":"Session deleted"}
2020-06-15 23:30:49:624 - [debug] [35m[ADB][39m Running '/Users/tangyao/Android/sdk/platform-tools/adb -P 5037 -s 5483e9c3 shell am force-stop com.xueqiu.android'
2020-06-15 23:30:49:799 - [debug] [35m[Logcat][39m Stopping logcat capture
2020-06-15 23:30:49:806 - [debug] [35m[ADB][39m Removing forwarded port socket connection: 6726 
2020-06-15 23:30:49:806 - [debug] [35m[ADB][39m Running '/Users/tangyao/Android/sdk/platform-tools/adb -P 5037 -s 5483e9c3 forward --remove tcp\:6726'
2020-06-15 23:30:49:828 - [35m[UiAutomator2][39m Restoring hidden api policy to the device default configuration
2020-06-15 23:30:49:829 - [debug] [35m[ADB][39m Running '/Users/tangyao/Android/sdk/platform-tools/adb -P 5037 -s 5483e9c3 shell settings delete global hidden_api_policy_pre_p_apps'
2020-06-15 23:30:49:883 - [debug] [35m[ADB][39m Running '/Users/tangyao/Android/sdk/platform-tools/adb -P 5037 -s 5483e9c3 shell settings delete global hidden_api_policy_p_apps'
2020-06-15 23:30:49:935 - [debug] [35m[ADB][39m Running '/Users/tangyao/Android/sdk/platform-tools/adb -P 5037 -s 5483e9c3 shell settings delete global hidden_api_policy'
