2020-06-15 23:28:56:296 - [35m[Appium][39m Welcome to Appium v1.14.1
2020-06-15 23:28:56:356 - [35m[Appium][39m Non-default server args:
2020-06-15 23:28:56:358 - [35m[Appium][39m   port: 4726
2020-06-15 23:28:56:358 - [35m[Appium][39m   bootstrapPort: 6726
2020-06-15 23:28:56:359 - [35m[Appium][39m   logTimestamp: true
2020-06-15 23:28:56:359 - [35m[Appium][39m   localTimezone: true
2020-06-15 23:28:56:361 - [35m[Appium][39m   udid: 5483e9c3
2020-06-15 23:28:56:366 - [35m[Appium][39m Deprecated server args:
2020-06-15 23:28:56:366 - [35m[Appium][39m   [31m-U,--udid[39m => --default-capabilities '{"udid":"5483e9c3"}'
2020-06-15 23:28:56:366 - [35m[Appium][39m Default capabilities, which will be added to each request unless overridden by desired capabilities:
2020-06-15 23:28:56:367 - [35m[Appium][39m   udid: 5483e9c3
2020-06-15 23:28:56:487 - [35m[Appium][39m Appium REST http interface listener started on 0.0.0.0:4726
2020-06-15 23:28:58:185 - [35m[HTTP][39m [37m-->[39m [37mPOST[39m [37m/wd/hub/session[39m
2020-06-15 23:28:58:185 - [35m[HTTP][39m [90m{"capabilities":{"firstMatch":[{"platformName":"Android","appium:deviceName":"5483e9c3","appium:appPackage":"com.xueqiu.android","appium:platformVersion":"7.1.2","appium:appActivity":".view.WelcomeActivityAlias","appium:newCommandTimeout":120,"appium:systemPort":6726,"appium:noReset":true,"appium:autoGrantPermissions":true}]},"desiredCapabilities":{"platformName":"Android","deviceName":"5483e9c3","appPackage":"com.xueqiu.android","platformVersion":"7.1.2","appActivity":".view.WelcomeActivityAlias","newCommandTimeout":120,"systemPort":6726,"noReset":true,"autoGrantPermissions":true}}[39m
2020-06-15 23:28:58:188 - [debug] [35m[W3C][39m Calling AppiumDriver.createSession() with args: [{"platformName":"Android","deviceName":"5483e9c3","appPackage":"com.xueqiu.android","platformVersion":"7.1.2","appActivity":".view.WelcomeActivityAlias","newCommandTimeout":120,"systemPort":6726,"noReset":true,"autoGrantPermissions":true},null,{"firstMatch":[{"platformName":"Android","appium:deviceName":"5483e9c3","appium:appPackage":"com.xueqiu.android","appium:platformVersion":"7.1.2","appium:appActivity":".view.WelcomeActivityAlias","appium:newCommandTimeout":120,"appium:systemPort":6726,"appium:noReset":true,"appium:autoGrantPermissions":true}]}]
2020-06-15 23:28:58:188 - [debug] [35m[BaseDriver][39m Event 'newSessionRequested' logged at 1592234938188 (23:28:58 GMT+0800 (China Standard Time))
2020-06-15 23:28:58:195 - [35m[BaseDriver][39m The capabilities ["udid"] are not standard capabilities and should have an extension prefix
2020-06-15 23:28:58:202 - [35m[Appium][39m 
2020-06-15 23:28:58:202 - [35m[Appium][39m ======================================================================
2020-06-15 23:28:58:203 - [35m[Appium][39m   DEPRECATION WARNING:
2020-06-15 23:28:58:205 - [35m[Appium][39m 
2020-06-15 23:28:58:208 - [35m[Appium][39m   The 'automationName' capability was not provided in the desired 
2020-06-15 23:28:58:209 - [35m[Appium][39m   capabilities for this Android session
2020-06-15 23:28:58:210 - [35m[Appium][39m 
2020-06-15 23:28:58:212 - [35m[Appium][39m   Setting 'automationName=UiAutomator2' by default and using the 
2020-06-15 23:28:58:212 - [35m[Appium][39m   UiAutomator2 Driver
2020-06-15 23:28:58:213 - [35m[Appium][39m 
2020-06-15 23:28:58:213 - [35m[Appium][39m   The next major version of Appium (2.x) will **require** the 
2020-06-15 23:28:58:213 - [35m[Appium][39m   'automationName' capability to be set for all sessions on all 
2020-06-15 23:28:58:214 - [35m[Appium][39m   platforms
2020-06-15 23:28:58:216 - [35m[Appium][39m 
2020-06-15 23:28:58:216 - [35m[Appium][39m   In previous versions (Appium <= 1.13.x), the default was 
2020-06-15 23:28:58:217 - [35m[Appium][39m   'automationName=UiAutomator1'
2020-06-15 23:28:58:218 - [35m[Appium][39m 
2020-06-15 23:28:58:218 - [35m[Appium][39m   If you wish to use that automation instead of UiAutomator2, please 
2020-06-15 23:28:58:219 - [35m[Appium][39m   add 'automationName=UiAutomator1' to your desired capabilities
2020-06-15 23:28:58:219 - [35m[Appium][39m 
2020-06-15 23:28:58:219 - [35m[Appium][39m   For more information about drivers, please visit 
2020-06-15 23:28:58:221 - [35m[Appium][39m   http://appium.io/docs/en/about-appium/intro/ and explore the 
2020-06-15 23:28:58:222 - [35m[Appium][39m   'Drivers' menu
2020-06-15 23:28:58:286 - [35m[Appium][39m 
2020-06-15 23:28:58:287 - [35m[Appium][39m ======================================================================
2020-06-15 23:28:58:302 - [35m[Appium][39m 
2020-06-15 23:28:59:364 - [35m[Appium][39m Appium v1.14.1 creating new AndroidUiautomator2Driver (v1.34.0) session
2020-06-15 23:28:59:366 - [35m[Appium][39m Capabilities:
2020-06-15 23:28:59:366 - [35m[Appium][39m   platformName: Android
2020-06-15 23:28:59:377 - [35m[Appium][39m   udid: 5483e9c3
2020-06-15 23:28:59:378 - [35m[Appium][39m   deviceName: 5483e9c3
2020-06-15 23:28:59:378 - [35m[Appium][39m   appPackage: com.xueqiu.android
2020-06-15 23:28:59:378 - [35m[Appium][39m   platformVersion: 7.1.2
2020-06-15 23:28:59:379 - [35m[Appium][39m   appActivity: .view.WelcomeActivityAlias
2020-06-15 23:28:59:380 - [35m[Appium][39m   newCommandTimeout: 120
2020-06-15 23:28:59:380 - [35m[Appium][39m   systemPort: 6726
2020-06-15 23:28:59:381 - [35m[Appium][39m   noReset: true
2020-06-15 23:28:59:381 - [35m[Appium][39m   autoGrantPermissions: true
2020-06-15 23:28:59:394 - [debug] [35m[BaseDriver][39m W3C capabilities and MJSONWP desired capabilities were provided
2020-06-15 23:28:59:395 - [debug] [35m[BaseDriver][39m Creating session with W3C capabilities: {
2020-06-15 23:28:59:395 - [debug] [35m[BaseDriver][39m   "alwaysMatch": {
2020-06-15 23:28:59:395 - [debug] [35m[BaseDriver][39m     "platformName": "Android",
2020-06-15 23:28:59:395 - [debug] [35m[BaseDriver][39m     "appium:udid": "5483e9c3",
2020-06-15 23:28:59:396 - [debug] [35m[BaseDriver][39m     "appium:deviceName": "5483e9c3",
2020-06-15 23:28:59:397 - [debug] [35m[BaseDriver][39m     "appium:appPackage": "com.xueqiu.android",
2020-06-15 23:28:59:401 - [debug] [35m[BaseDriver][39m     "appium:platformVersion": "7.1.2",
2020-06-15 23:28:59:401 - [debug] [35m[BaseDriver][39m     "appium:appActivity": ".view.WelcomeActivityAlias",
2020-06-15 23:28:59:401 - [debug] [35m[BaseDriver][39m     "appium:newCommandTimeout": 120,
2020-06-15 23:28:59:402 - [debug] [35m[BaseDriver][39m     "appium:systemPort": 6726,
2020-06-15 23:28:59:402 - [debug] [35m[BaseDriver][39m     "appium:noReset": true,
2020-06-15 23:28:59:402 - [debug] [35m[BaseDriver][39m     "appium:autoGrantPermissions": true
2020-06-15 23:28:59:402 - [debug] [35m[BaseDriver][39m   },
2020-06-15 23:28:59:402 - [debug] [35m[BaseDriver][39m   "firstMatch": [
2020-06-15 23:28:59:402 - [debug] [35m[BaseDriver][39m     {}
2020-06-15 23:28:59:402 - [debug] [35m[BaseDriver][39m   ]
2020-06-15 23:28:59:403 - [debug] [35m[BaseDriver][39m }
2020-06-15 23:28:59:434 - [35m[BaseDriver][39m Session created with session id: cd813e10-2bf4-46df-ae48-54575d871642
2020-06-15 23:28:59:633 - [35m[ADB][39m Found 42 'build-tools' folders under '/Users/tangyao/Android/sdk' (newest first):
2020-06-15 23:28:59:633 - [35m[ADB][39m     /Users/tangyao/Android/sdk/build-tools/30.0.0-rc2
2020-06-15 23:28:59:633 - [35m[ADB][39m     /Users/tangyao/Android/sdk/build-tools/29.0.2
2020-06-15 23:28:59:633 - [35m[ADB][39m     /Users/tangyao/Android/sdk/build-tools/29.0.0-rc2
2020-06-15 23:28:59:634 - [35m[ADB][39m     /Users/tangyao/Android/sdk/build-tools/28.0.3
2020-06-15 23:28:59:634 - [35m[ADB][39m     /Users/tangyao/Android/sdk/build-tools/28.0.2
2020-06-15 23:28:59:634 - [35m[ADB][39m     /Users/tangyao/Android/sdk/build-tools/28.0.1
2020-06-15 23:28:59:634 - [35m[ADB][39m     /Users/tangyao/Android/sdk/build-tools/28.0.0
2020-06-15 23:28:59:634 - [35m[ADB][39m     /Users/tangyao/Android/sdk/build-tools/28.0.0-rc2
2020-06-15 23:28:59:634 - [35m[ADB][39m     /Users/tangyao/Android/sdk/build-tools/28.0.0-rc1
2020-06-15 23:28:59:635 - [35m[ADB][39m     /Users/tangyao/Android/sdk/build-tools/27.0.3
2020-06-15 23:28:59:635 - [35m[ADB][39m     /Users/tangyao/Android/sdk/build-tools/26.0.1
2020-06-15 23:28:59:635 - [35m[ADB][39m     /Users/tangyao/Android/sdk/build-tools/26.0.0
2020-06-15 23:28:59:635 - [35m[ADB][39m     /Users/tangyao/Android/sdk/build-tools/25.0.3
2020-06-15 23:28:59:636 - [35m[ADB][39m     /Users/tangyao/Android/sdk/build-tools/25.0.2
2020-06-15 23:28:59:636 - [35m[ADB][39m     /Users/tangyao/Android/sdk/build-tools/25.0.1
2020-06-15 23:28:59:636 - [35m[ADB][39m     /Users/tangyao/Android/sdk/build-tools/25.0.0
2020-06-15 23:28:59:636 - [35m[ADB][39m     /Users/tangyao/Android/sdk/build-tools/24.0.3
2020-06-15 23:28:59:637 - [35m[ADB][39m     /Users/tangyao/Android/sdk/build-tools/24.0.2
2020-06-15 23:28:59:637 - [35m[ADB][39m     /Users/tangyao/Android/sdk/build-tools/24.0.1
2020-06-15 23:28:59:637 - [35m[ADB][39m     /Users/tangyao/Android/sdk/build-tools/24.0.0
2020-06-15 23:28:59:637 - [35m[ADB][39m     /Users/tangyao/Android/sdk/build-tools/23.0.3
2020-06-15 23:28:59:638 - [35m[ADB][39m     /Users/tangyao/Android/sdk/build-tools/23.0.2
2020-06-15 23:28:59:638 - [35m[ADB][39m     /Users/tangyao/Android/sdk/build-tools/23.0.1
2020-06-15 23:28:59:638 - [35m[ADB][39m     /Users/tangyao/Android/sdk/build-tools/23.0.0
2020-06-15 23:28:59:638 - [35m[ADB][39m     /Users/tangyao/Android/sdk/build-tools/22.0.1
2020-06-15 23:28:59:639 - [35m[ADB][39m     /Users/tangyao/Android/sdk/build-tools/22.0.0
2020-06-15 23:28:59:639 - [35m[ADB][39m     /Users/tangyao/Android/sdk/build-tools/21.1.2
2020-06-15 23:28:59:639 - [35m[ADB][39m     /Users/tangyao/Android/sdk/build-tools/21.1.1
2020-06-15 23:28:59:640 - [35m[ADB][39m     /Users/tangyao/Android/sdk/build-tools/21.1.0
2020-06-15 23:28:59:640 - [35m[ADB][39m     /Users/tangyao/Android/sdk/build-tools/21.0.2
2020-06-15 23:28:59:641 - [35m[ADB][39m     /Users/tangyao/Android/sdk/build-tools/21.0.1
2020-06-15 23:28:59:642 - [35m[ADB][39m     /Users/tangyao/Android/sdk/build-tools/21.0.0
2020-06-15 23:28:59:643 - [35m[ADB][39m     /Users/tangyao/Android/sdk/build-tools/20.0.0
2020-06-15 23:28:59:643 - [35m[ADB][39m     /Users/tangyao/Android/sdk/build-tools/19.1.0
2020-06-15 23:28:59:643 - [35m[ADB][39m     /Users/tangyao/Android/sdk/build-tools/19.0.3
2020-06-15 23:28:59:644 - [35m[ADB][39m     /Users/tangyao/Android/sdk/build-tools/19.0.2
2020-06-15 23:28:59:644 - [35m[ADB][39m     /Users/tangyao/Android/sdk/build-tools/19.0.1
2020-06-15 23:28:59:644 - [35m[ADB][39m     /Users/tangyao/Android/sdk/build-tools/19.0.0
2020-06-15 23:28:59:644 - [35m[ADB][39m     /Users/tangyao/Android/sdk/build-tools/18.1.1
2020-06-15 23:28:59:645 - [35m[ADB][39m     /Users/tangyao/Android/sdk/build-tools/18.1.0
2020-06-15 23:28:59:645 - [35m[ADB][39m     /Users/tangyao/Android/sdk/build-tools/18.0.1
2020-06-15 23:28:59:645 - [35m[ADB][39m     /Users/tangyao/Android/sdk/build-tools/17.0.0
2020-06-15 23:28:59:652 - [35m[Appium][39m Received SIGINT - shutting down
2020-06-15 23:28:59:653 - [35m[ADB][39m Using 'adb' from '/Users/tangyao/Android/sdk/platform-tools/adb'
2020-06-15 23:28:59:653 - [35m[AndroidDriver][39m Retrieving device list
2020-06-15 23:28:59:654 - [debug] [35m[ADB][39m Trying to find a connected android device
2020-06-15 23:28:59:655 - [debug] [35m[ADB][39m Getting connected devices...
2020-06-15 23:28:59:705 - [35m[HTTP][39m [37m<-- POST /wd/hub/session [39m[32m-[39m [90m- ms - -[39m
2020-06-15 23:28:59:706 - [35m[HTTP][39m [90m[39m
2020-06-15 23:28:59:760 - [debug] [35m[ADB][39m 2 device(s) connected
2020-06-15 23:28:59:762 - [35m[AndroidDriver][39m Using device: 5483e9c3
2020-06-15 23:28:59:770 - [35m[ADB][39m Using 'adb' from '/Users/tangyao/Android/sdk/platform-tools/adb'
2020-06-15 23:28:59:772 - [debug] [35m[ADB][39m Setting device id to 5483e9c3
2020-06-15 23:28:59:773 - [debug] [35m[ADB][39m Running '/Users/tangyao/Android/sdk/platform-tools/adb -P 5037 -s 5483e9c3 shell getprop ro.build.version.sdk'
2020-06-15 23:28:59:881 - [debug] [35m[ADB][39m Current device property 'ro.build.version.sdk': 29
2020-06-15 23:28:59:882 - [debug] [35m[ADB][39m Device API level: 29
2020-06-15 23:28:59:883 - [35m[UiAutomator2][39m Relaxing hidden api policy
2020-06-15 23:28:59:885 - [debug] [35m[ADB][39m Running '/Users/tangyao/Android/sdk/platform-tools/adb -P 5037 -s 5483e9c3 shell settings put global hidden_api_policy_pre_p_apps 1'
2020-06-15 23:29:00:016 - [debug] [35m[ADB][39m Running '/Users/tangyao/Android/sdk/platform-tools/adb -P 5037 -s 5483e9c3 shell settings put global hidden_api_policy_p_apps 1'
2020-06-15 23:29:00:202 - [debug] [35m[ADB][39m Running '/Users/tangyao/Android/sdk/platform-tools/adb -P 5037 -s 5483e9c3 shell settings put global hidden_api_policy 1'
2020-06-15 23:29:00:313 - [35m[AndroidDriver][39m No app sent in, not parsing package/activity
2020-06-15 23:29:00:314 - [debug] [35m[ADB][39m Running '/Users/tangyao/Android/sdk/platform-tools/adb -P 5037 -s 5483e9c3 wait-for-device'
2020-06-15 23:29:00:337 - [debug] [35m[ADB][39m Running '/Users/tangyao/Android/sdk/platform-tools/adb -P 5037 -s 5483e9c3 shell echo ping'
2020-06-15 23:29:00:417 - [debug] [35m[AndroidDriver][39m Pushing settings apk to device...
2020-06-15 23:29:00:420 - [debug] [35m[ADB][39m Getting install status for io.appium.settings
2020-06-15 23:29:00:423 - [debug] [35m[ADB][39m Running '/Users/tangyao/Android/sdk/platform-tools/adb -P 5037 -s 5483e9c3 shell dumpsys package io.appium.settings'
2020-06-15 23:29:00:540 - [debug] [35m[ADB][39m 'io.appium.settings' is installed
2020-06-15 23:29:00:541 - [debug] [35m[ADB][39m Getting package info for 'io.appium.settings'
2020-06-15 23:29:00:541 - [debug] [35m[ADB][39m Running '/Users/tangyao/Android/sdk/platform-tools/adb -P 5037 -s 5483e9c3 shell dumpsys package io.appium.settings'
2020-06-15 23:29:00:651 - [35m[ADB][39m Using 'apkanalyzer' from '/Users/tangyao/Android/sdk/tools/bin/apkanalyzer'
2020-06-15 23:29:00:652 - [debug] [35m[ADB][39m Starting '/Users/tangyao/Android/sdk/tools/bin/apkanalyzer' with args ["manifest","print","/usr/local/lib/node_modules/appium/node_modules/_io.appium.settings@2.14.1@io.appium.settings/apks/settings_apk-debug.apk"]
2020-06-15 23:29:11:437 - [debug] [35m[ADB][39m The version name of the installed 'io.appium.settings' is greater or equal to the application version name ('2.14.1' >= '2.14.1')
2020-06-15 23:29:11:439 - [debug] [35m[ADB][39m There is no need to install/upgrade '/usr/local/lib/node_modules/appium/node_modules/_io.appium.settings@2.14.1@io.appium.settings/apks/settings_apk-debug.apk'
2020-06-15 23:29:11:439 - [debug] [35m[ADB][39m Getting IDs of all 'io.appium.settings' processes
2020-06-15 23:29:11:440 - [debug] [35m[ADB][39m Running '/Users/tangyao/Android/sdk/platform-tools/adb -P 5037 -s 5483e9c3 shell 'pgrep --help; echo $?''
2020-06-15 23:29:11:524 - [debug] [35m[ADB][39m Running '/Users/tangyao/Android/sdk/platform-tools/adb -P 5037 -s 5483e9c3 shell pgrep -f io\.appium\.settings'
2020-06-15 23:29:11:652 - [debug] [35m[AndroidDriver][39m io.appium.settings is already running. There is no need to reset its permissions.
2020-06-15 23:29:11:653 - [debug] [35m[ADB][39m Running '/Users/tangyao/Android/sdk/platform-tools/adb -P 5037 -s 5483e9c3 shell appops set io.appium.settings android\:mock_location allow'
2020-06-15 23:29:11:729 - [debug] [35m[Logcat][39m Starting logcat capture
2020-06-15 23:29:11:801 - [debug] [35m[ADB][39m Getting install status for io.appium.uiautomator2.server
2020-06-15 23:29:11:802 - [debug] [35m[ADB][39m Running '/Users/tangyao/Android/sdk/platform-tools/adb -P 5037 -s 5483e9c3 shell dumpsys package io.appium.uiautomator2.server'
2020-06-15 23:29:11:902 - [debug] [35m[ADB][39m 'io.appium.uiautomator2.server' is installed
2020-06-15 23:29:11:902 - [debug] [35m[ADB][39m Getting package info for 'io.appium.uiautomator2.server'
2020-06-15 23:29:11:903 - [debug] [35m[ADB][39m Running '/Users/tangyao/Android/sdk/platform-tools/adb -P 5037 -s 5483e9c3 shell dumpsys package io.appium.uiautomator2.server'
2020-06-15 23:29:11:996 - [debug] [35m[ADB][39m Starting '/Users/tangyao/Android/sdk/tools/bin/apkanalyzer' with args ["manifest","print","/usr/local/lib/node_modules/appium/node_modules/_appium-uiautomator2-server@3.8.1@appium-uiautomator2-server/apks/appium-uiautomator2-server-v3.8.1.apk"]
2020-06-15 23:29:23:628 - [debug] [35m[ADB][39m The version name of the installed 'io.appium.uiautomator2.server' is greater or equal to the application version name ('3.8.1' >= '3.8.1')
2020-06-15 23:29:23:630 - [debug] [35m[UiAutomator2][39m io.appium.uiautomator2.server installation state: sameVersionInstalled
2020-06-15 23:29:23:631 - [debug] [35m[ADB][39m Checking app cert for /usr/local/lib/node_modules/appium/node_modules/_appium-uiautomator2-server@3.8.1@appium-uiautomator2-server/apks/appium-uiautomator2-server-v3.8.1.apk
2020-06-15 23:29:23:638 - [35m[ADB][39m Using 'apksigner' from '/Users/tangyao/Android/sdk/build-tools/30.0.0-rc2/apksigner'
2020-06-15 23:29:23:640 - [debug] [35m[ADB][39m Starting '/Users/tangyao/Android/sdk/build-tools/30.0.0-rc2/apksigner' with args '["verify","--print-certs","/usr/local/lib/node_modules/appium/node_modules/_appium-uiautomator2-server@3.8.1@appium-uiautomator2-server/apks/appium-uiautomator2-server-v3.8.1.apk"]'
2020-06-15 23:29:26:702 - [35m[ADB][39m Got an error during apksigner execution: Command '/Users/tangyao/Android/sdk/build-tools/30.0.0-rc2/apksigner verify --print-certs /usr/local/lib/node_modules/appium/node_modules/_appium-uiautomator2-server\@3.8.1\@appium-uiautomator2-server/apks/appium-uiautomator2-server-v3.8.1.apk' exited with code 1
2020-06-15 23:29:26:703 - [35m[ADB][39m apksigner stderr: Error: A JNI error has occurred, please check your installation and try again
2020-06-15 23:29:26:703 - [35m[ADB][39m Exception in thread "main" java.lang.UnsupportedClassVersionError: com/android/apksigner/ApkSignerTool has been compiled by a more recent version of the Java Runtime (class file version 53.0), this version of the Java Runtime only recognizes class file versions up to 52.0
2020-06-15 23:29:26:704 - [35m[ADB][39m 	at java.lang.ClassLoader.defineClass1(Native Method)
2020-06-15 23:29:26:704 - [35m[ADB][39m 	at java.lang.ClassLoader.defineClass(ClassLoader.java:763)
2020-06-15 23:29:26:705 - [35m[ADB][39m 	at java.security.SecureClassLoader.defineClass(SecureClassLoader.java:142)
2020-06-15 23:29:26:705 - [35m[ADB][39m 	at java.net.URLClassLoader.defineClass(URLClassLoader.java:467)
2020-06-15 23:29:26:705 - [35m[ADB][39m 	at java.net.URLClassLoader.access$100(URLClassLoader.java:73)
2020-06-15 23:29:26:706 - [35m[ADB][39m 	at java.net.URLClassLoader$1.run(URLClassLoader.java:368)
2020-06-15 23:29:26:706 - [35m[ADB][39m 	at java.net.URLClassLoader$1.run(URLClassLoader.java:362)
2020-06-15 23:29:26:707 - [35m[ADB][39m 	at java.security.AccessController.doPrivileged(Native Method)
2020-06-15 23:29:26:707 - [35m[ADB][39m 	at java.net.URLClassLoader.findClass(URLClassLoader.java:361)
2020-06-15 23:29:26:708 - [35m[ADB][39m 	at java.lang.ClassLoader.loadClass(ClassLoader.java:424)
2020-06-15 23:29:26:708 - [35m[ADB][39m 	at sun.misc.Launcher$AppClassLoader.loadClass(Launcher.java:349)
2020-06-15 23:29:26:708 - [35m[ADB][39m 	at java.lang.ClassLoader.loadClass(ClassLoader.java:357)
2020-06-15 23:29:26:709 - [35m[ADB][39m 	at sun.launcher.LauncherHelper.checkAndLoadMain(LauncherHelper.java:495)
2020-06-15 23:29:26:709 - [35m[ADB][39m 
2020-06-15 23:29:26:710 - [35m[ADB][39m Cannot use apksigner tool for signature verification. Original error: Command '/Users/tangyao/Android/sdk/build-tools/30.0.0-rc2/apksigner verify --print-certs /usr/local/lib/node_modules/appium/node_modules/_appium-uiautomator2-server\@3.8.1\@appium-uiautomator2-server/apks/appium-uiautomator2-server-v3.8.1.apk' exited with code 1
2020-06-15 23:29:26:710 - [debug] [35m[ADB][39m Defaulting to verify.jar
2020-06-15 23:29:32:094 - [debug] [35m[ADB][39m '/usr/local/lib/node_modules/appium/node_modules/_appium-uiautomator2-server@3.8.1@appium-uiautomator2-server/apks/appium-uiautomator2-server-v3.8.1.apk' is already signed.
2020-06-15 23:29:32:095 - [debug] [35m[ADB][39m Getting install status for io.appium.uiautomator2.server.test
2020-06-15 23:29:32:095 - [debug] [35m[ADB][39m Running '/Users/tangyao/Android/sdk/platform-tools/adb -P 5037 -s 5483e9c3 shell dumpsys package io.appium.uiautomator2.server.test'
2020-06-15 23:29:32:188 - [debug] [35m[ADB][39m 'io.appium.uiautomator2.server.test' is installed
2020-06-15 23:29:32:189 - [debug] [35m[ADB][39m Checking app cert for /usr/local/lib/node_modules/appium/node_modules/_appium-uiautomator2-server@3.8.1@appium-uiautomator2-server/apks/appium-uiautomator2-server-debug-androidTest.apk
2020-06-15 23:29:32:191 - [debug] [35m[ADB][39m Starting '/Users/tangyao/Android/sdk/build-tools/30.0.0-rc2/apksigner' with args '["verify","--print-certs","/usr/local/lib/node_modules/appium/node_modules/_appium-uiautomator2-server@3.8.1@appium-uiautomator2-server/apks/appium-uiautomator2-server-debug-androidTest.apk"]'
2020-06-15 23:29:32:527 - [35m[ADB][39m Got an error during apksigner execution: Command '/Users/tangyao/Android/sdk/build-tools/30.0.0-rc2/apksigner verify --print-certs /usr/local/lib/node_modules/appium/node_modules/_appium-uiautomator2-server\@3.8.1\@appium-uiautomator2-server/apks/appium-uiautomator2-server-debug-androidTest.apk' exited with code 1
2020-06-15 23:29:32:528 - [35m[ADB][39m apksigner stderr: Error: A JNI error has occurred, please check your installation and try again
2020-06-15 23:29:32:528 - [35m[ADB][39m Exception in thread "main" java.lang.UnsupportedClassVersionError: com/android/apksigner/ApkSignerTool has been compiled by a more recent version of the Java Runtime (class file version 53.0), this version of the Java Runtime only recognizes class file versions up to 52.0
2020-06-15 23:29:32:528 - [35m[ADB][39m 	at java.lang.ClassLoader.defineClass1(Native Method)
2020-06-15 23:29:32:528 - [35m[ADB][39m 	at java.lang.ClassLoader.defineClass(ClassLoader.java:763)
2020-06-15 23:29:32:528 - [35m[ADB][39m 	at java.security.SecureClassLoader.defineClass(SecureClassLoader.java:142)
2020-06-15 23:29:32:529 - [35m[ADB][39m 	at java.net.URLClassLoader.defineClass(URLClassLoader.java:467)
2020-06-15 23:29:32:529 - [35m[ADB][39m 	at java.net.URLClassLoader.access$100(URLClassLoader.java:73)
2020-06-15 23:29:32:529 - [35m[ADB][39m 	at java.net.URLClassLoader$1.run(URLClassLoader.java:368)
2020-06-15 23:29:32:529 - [35m[ADB][39m 	at java.net.URLClassLoader$1.run(URLClassLoader.java:362)
2020-06-15 23:29:32:529 - [35m[ADB][39m 	at java.security.AccessController.doPrivileged(Native Method)
2020-06-15 23:29:32:529 - [35m[ADB][39m 	at java.net.URLClassLoader.findClass(URLClassLoader.java:361)
2020-06-15 23:29:32:529 - [35m[ADB][39m 	at java.lang.ClassLoader.loadClass(ClassLoader.java:424)
2020-06-15 23:29:32:529 - [35m[ADB][39m 	at sun.misc.Launcher$AppClassLoader.loadClass(Launcher.java:349)
2020-06-15 23:29:32:530 - [35m[ADB][39m 	at java.lang.ClassLoader.loadClass(ClassLoader.java:357)
2020-06-15 23:29:32:530 - [35m[ADB][39m 	at sun.launcher.LauncherHelper.checkAndLoadMain(LauncherHelper.java:495)
2020-06-15 23:29:32:530 - [35m[ADB][39m 
2020-06-15 23:29:32:530 - [35m[ADB][39m Cannot use apksigner tool for signature verification. Original error: Command '/Users/tangyao/Android/sdk/build-tools/30.0.0-rc2/apksigner verify --print-certs /usr/local/lib/node_modules/appium/node_modules/_appium-uiautomator2-server\@3.8.1\@appium-uiautomator2-server/apks/appium-uiautomator2-server-debug-androidTest.apk' exited with code 1
2020-06-15 23:29:32:530 - [debug] [35m[ADB][39m Defaulting to verify.jar
2020-06-15 23:29:35:223 - [debug] [35m[ADB][39m '/usr/local/lib/node_modules/appium/node_modules/_appium-uiautomator2-server@3.8.1@appium-uiautomator2-server/apks/appium-uiautomator2-server-debug-androidTest.apk' is already signed.
2020-06-15 23:29:35:229 - [35m[UiAutomator2][39m Server packages are not going to be (re)installed
2020-06-15 23:29:35:232 - [debug] [35m[UiAutomator2][39m Waiting up to 30000ms for services to be available
2020-06-15 23:29:35:234 - [debug] [35m[ADB][39m Running '/Users/tangyao/Android/sdk/platform-tools/adb -P 5037 -s 5483e9c3 shell pm list instrumentation'
2020-06-15 23:29:35:353 - [debug] [35m[UiAutomator2][39m Instrumentation target 'io.appium.uiautomator2.server.test/androidx.test.runner.AndroidJUnitRunner' is available
2020-06-15 23:29:35:354 - [debug] [35m[UiAutomator2][39m Forwarding UiAutomator2 Server port 6790 to 6726
2020-06-15 23:29:35:355 - [debug] [35m[ADB][39m Forwarding system: 6726 to device: 6790
2020-06-15 23:29:35:356 - [debug] [35m[ADB][39m Running '/Users/tangyao/Android/sdk/platform-tools/adb -P 5037 -s 5483e9c3 forward tcp\:6726 tcp\:6790'
2020-06-15 23:29:35:398 - [debug] [35m[UiAutomator2][39m No app capability. Assuming it is already on the device
2020-06-15 23:29:35:400 - [debug] [35m[UiAutomator2][39m Performing shallow cleanup of automation leftovers
2020-06-15 23:29:35:675 - [debug] [35m[UiAutomator2][39m The following obsolete sessions are still running: ["bb10ea4f-1e77-4def-bdfc-6338580fef2b"]
2020-06-15 23:29:35:679 - [debug] [35m[UiAutomator2][39m Cleaning up the obsolete sessions
2020-06-15 23:29:36:762 - [debug] [35m[ADB][39m Running '/Users/tangyao/Android/sdk/platform-tools/adb -P 5037 -s 5483e9c3 shell am force-stop io.appium.uiautomator2.server.test'
2020-06-15 23:29:36:943 - [35m[UiAutomator2][39m Starting UIAutomator2 server 3.8.1
2020-06-15 23:29:36:948 - [35m[UiAutomator2][39m Using UIAutomator2 server from '/usr/local/lib/node_modules/appium/node_modules/_appium-uiautomator2-server@3.8.1@appium-uiautomator2-server/apks/appium-uiautomator2-server-v3.8.1.apk' and test from '/usr/local/lib/node_modules/appium/node_modules/_appium-uiautomator2-server@3.8.1@appium-uiautomator2-server/apks/appium-uiautomator2-server-debug-androidTest.apk'
2020-06-15 23:29:36:949 - [35m[UiAutomator2][39m Waiting up to 30000ms for UiAutomator2 to be online...
2020-06-15 23:29:36:951 - [debug] [35m[ADB][39m Creating ADB subprocess with args: ["-P",5037,"-s","5483e9c3","shell","am","instrument","-w","io.appium.uiautomator2.server.test/androidx.test.runner.AndroidJUnitRunner"]
2020-06-15 23:29:37:974 - [debug] [35m[WD Proxy][39m Matched '/status' to command name 'getStatus'
2020-06-15 23:29:37:988 - [debug] [35m[WD Proxy][39m Proxying [GET /status] to [GET http://localhost:6726/wd/hub/status] with no body
2020-06-15 23:29:38:031 - [35m[WD Proxy][39m Got an unexpected response: {"code":"ECONNRESET"}
2020-06-15 23:29:38:513 - [debug] [35m[Instrumentation][39m io.appium.uiautomator2.server.test.AppiumUiAutomator2Server:
2020-06-15 23:29:39:038 - [debug] [35m[WD Proxy][39m Matched '/status' to command name 'getStatus'
2020-06-15 23:29:39:041 - [debug] [35m[WD Proxy][39m Proxying [GET /status] to [GET http://localhost:6726/wd/hub/status] with no body
2020-06-15 23:29:39:064 - [35m[WD Proxy][39m Got an unexpected response: {"code":"ECONNRESET"}
2020-06-15 23:29:40:070 - [debug] [35m[WD Proxy][39m Matched '/status' to command name 'getStatus'
2020-06-15 23:29:40:070 - [debug] [35m[WD Proxy][39m Proxying [GET /status] to [GET http://localhost:6726/wd/hub/status] with no body
2020-06-15 23:29:40:155 - [debug] [35m[WD Proxy][39m Got response with status 200: {"sessionId":"None","status":0,"value":"Status Invoked"}
2020-06-15 23:29:40:157 - [debug] [35m[WD Proxy][39m Determined the downstream protocol as 'MJSONWP'
2020-06-15 23:29:40:157 - [debug] [35m[UiAutomator2][39m The initialization of the instrumentation process took 3208ms
2020-06-15 23:29:40:158 - [debug] [35m[WD Proxy][39m Matched '/session' to command name 'createSession'
2020-06-15 23:29:40:159 - [debug] [35m[WD Proxy][39m Proxying [POST /session] to [POST http://localhost:6726/wd/hub/session] with body: {"desiredCapabilities":{"platform":"LINUX","webStorageEnabled":false,"takesScreenshot":true,"javascriptEnabled":true,"databaseEnabled":false,"networkConnectionEnabled":true,"locationContextEnabled":false,"warnings":{},"desired":{"platformName":"Android","udid":"5483e9c3","deviceName":"5483e9c3","appPackage":"com.xueqiu.android","platformVersion":"7.1.2","appActivity":".view.WelcomeActivityAlias","newCommandTimeout":120,"systemPort":6726,"noReset":true,"autoGrantPermissions":true},"platformName":"Android","udid":"5483e9c3","deviceName":"5483e9c3","appPackage":"com.xueqiu.android","platformVersion":"7.1.2","appActivity":".view.WelcomeActivityAlias","newCommandTimeout":120,"systemPort":6726,"noReset":true,"autoGrantPermissions":true,"deviceUDID":"5483e9c3"}}
2020-06-15 23:29:40:210 - [debug] [35m[WD Proxy][39m Got response with status 200: {"sessionId":"babf7f67-c113-42c4-8631-d3a2614f2ccc","status":0,"value":"Created Session"}
2020-06-15 23:29:40:214 - [debug] [35m[WD Proxy][39m Determined the downstream protocol as 'MJSONWP' per session creation request
2020-06-15 23:29:40:281 - [debug] [35m[WD Proxy][39m Proxying [GET /appium/device/info] to [GET http://localhost:6726/wd/hub/session/babf7f67-c113-42c4-8631-d3a2614f2ccc/appium/device/info] with no body
2020-06-15 23:29:40:368 - [debug] [35m[WD Proxy][39m Got response with status 200: {"sessionId":"babf7f67-c113-42c4-8631-d3a2614f2ccc","status":0,"value":{"androidId":"405f120cdfa7799f","manufacturer":"Xiaomi","model":"MI 8","brand":"Xiaomi","apiVersion":"29","platformVersion":"10","carrierName":"","realDisplaySize":"1080x2248","displayDensity":440,"networks":[{"type":1,"typeName":"WIFI","subtype":0,"subtypeName":"","isConnected":true,"detailedState":"CONNECTED","state":"CONNECTED","extraInfo":null,"isAvailable":true,"isFailover":false,"isRoaming":false,"capabilities":{"transportTypes":"NET_CAPABILITY_SUPL","networkCapabilities":"","linkUpstreamBandwidthKbps":1048576,"linkDownBandwidthKbps":1048576,"signalStrength":-41,"networkSpecifier":null,"SSID":null}}],"locale":"zh_CN","timeZone":"Asia\/Shanghai"}}
2020-06-15 23:29:40:382 - [debug] [35m[ADB][39m Running '/Users/tangyao/Android/sdk/platform-tools/adb -P 5037 -s 5483e9c3 shell dumpsys window'
2020-06-15 23:29:40:547 - [35m[AndroidDriver][39m Screen already unlocked, doing nothing
2020-06-15 23:29:40:549 - [35m[UiAutomator2][39m UiAutomator2 did not start the activity we were waiting for, 'com.xueqiu.android/.view.WelcomeActivityAlias'. Starting it ourselves
2020-06-15 23:29:40:554 - [debug] [35m[ADB][39m Running '/Users/tangyao/Android/sdk/platform-tools/adb -P 5037 -s 5483e9c3 shell am start -W -n com.xueqiu.android/.view.WelcomeActivityAlias -S -a android.intent.action.MAIN -c android.intent.category.LAUNCHER -f 0x10200000'
2020-06-15 23:29:41:445 - [debug] [35m[WD Proxy][39m Proxying [GET /appium/device/pixel_ratio] to [GET http://localhost:6726/wd/hub/session/babf7f67-c113-42c4-8631-d3a2614f2ccc/appium/device/pixel_ratio] with body: {}
2020-06-15 23:29:41:488 - [debug] [35m[WD Proxy][39m Got response with status 200: {"sessionId":"babf7f67-c113-42c4-8631-d3a2614f2ccc","status":0,"value":2.75}
2020-06-15 23:29:41:501 - [debug] [35m[WD Proxy][39m Matched '/appium/device/system_bars' to command name 'getSystemBars'
2020-06-15 23:29:41:502 - [debug] [35m[WD Proxy][39m Proxying [GET /appium/device/system_bars] to [GET http://localhost:6726/wd/hub/session/babf7f67-c113-42c4-8631-d3a2614f2ccc/appium/device/system_bars] with body: {}
2020-06-15 23:29:41:524 - [debug] [35m[WD Proxy][39m Got response with status 200: {"sessionId":"babf7f67-c113-42c4-8631-d3a2614f2ccc","status":0,"value":{"statusBar":89}}
2020-06-15 23:29:41:526 - [debug] [35m[WD Proxy][39m Matched '/window/current/size' to command name 'getWindowSize'
2020-06-15 23:29:41:530 - [debug] [35m[WD Proxy][39m Proxying [GET /window/current/size] to [GET http://localhost:6726/wd/hub/session/babf7f67-c113-42c4-8631-d3a2614f2ccc/window/current/size] with body: {}
2020-06-15 23:29:41:559 - [debug] [35m[WD Proxy][39m Got response with status 200: {"sessionId":"babf7f67-c113-42c4-8631-d3a2614f2ccc","status":0,"value":{"height":2029,"width":1080}}
2020-06-15 23:29:41:561 - [35m[Appium][39m New AndroidUiautomator2Driver session created successfully, session cd813e10-2bf4-46df-ae48-54575d871642 added to master session list
2020-06-15 23:29:41:565 - [debug] [35m[BaseDriver][39m Event 'newSessionStarted' logged at 1592234981565 (23:29:41 GMT+0800 (China Standard Time))
2020-06-15 23:29:41:569 - [debug] [35m[W3C (cd813e10)][39m Cached the protocol value 'W3C' for the new session cd813e10-2bf4-46df-ae48-54575d871642
2020-06-15 23:29:41:572 - [debug] [35m[W3C (cd813e10)][39m Responding to client with driver.createSession() result: {"capabilities":{"platform":"LINUX","webStorageEnabled":false,"takesScreenshot":true,"javascriptEnabled":true,"databaseEnabled":false,"networkConnectionEnabled":true,"locationContextEnabled":false,"warnings":{},"desired":{"platformName":"Android","udid":"5483e9c3","deviceName":"5483e9c3","appPackage":"com.xueqiu.android","platformVersion":"7.1.2","appActivity":".view.WelcomeActivityAlias","newCommandTimeout":120,"systemPort":6726,"noReset":true,"autoGrantPermissions":true},"platformName":"Android","udid":"5483e9c3","deviceName":"5483e9c3","appPackage":"com.xueqiu.android","platformVersion":"10","appActivity":".view.WelcomeActivityAlias","newCommandTimeout":120,"systemPort":6726,"noReset":true,"autoGrantPermissions":true,"deviceUDID":"5483e9c3","deviceApiLevel":29,"deviceScreenSize":"1080x2248","deviceScreenDensity":440,"deviceModel":"MI 8","deviceManufacturer":"Xiaomi","pixelRatio":2.75,"statBarHeight":89,"viewportRect":{"left":0,"top":89,"width":1080,"height":1940}}}
2020-06-15 23:30:29:544 - [debug] [35m[Instrumentation][39m .
2020-06-15 23:30:30:015 - [debug] [35m[Instrumentation][39m Time: 51.048
2020-06-15 23:30:30:015 - [debug] [35m[Instrumentation][39m 
2020-06-15 23:30:30:018 - [debug] [35m[Instrumentation][39m OK (1 test)
2020-06-15 23:30:30:111 - [debug] [35m[Instrumentation][39m The process has exited with code 0
2020-06-15 23:31:41:571 - [35m[BaseDriver][39m Shutting down because we waited 120 seconds for a command
2020-06-15 23:31:41:584 - [debug] [35m[UiAutomator2][39m Deleting UiAutomator2 session
2020-06-15 23:31:41:592 - [35m[Appium][39m Closing session, cause was 'New Command Timeout of 120 seconds expired. Try customizing the timeout using the 'newCommandTimeout' desired capability'
2020-06-15 23:31:41:592 - [35m[Appium][39m Removing session cd813e10-2bf4-46df-ae48-54575d871642 from our master session list
2020-06-15 23:31:41:594 - [debug] [35m[UiAutomator2][39m Deleting UiAutomator2 server session
2020-06-15 23:31:41:596 - [debug] [35m[WD Proxy][39m Matched '/' to command name 'deleteSession'
2020-06-15 23:31:41:598 - [debug] [35m[WD Proxy][39m Proxying [DELETE /] to [DELETE http://localhost:6726/wd/hub/session/babf7f67-c113-42c4-8631-d3a2614f2ccc] with no body
2020-06-15 23:31:41:642 - [debug] [35m[WD Proxy][39m Got response with status 200: {"sessionId":"babf7f67-c113-42c4-8631-d3a2614f2ccc","status":0,"value":"Session deleted"}
2020-06-15 23:31:41:643 - [debug] [35m[ADB][39m Running '/Users/tangyao/Android/sdk/platform-tools/adb -P 5037 -s 5483e9c3 shell am force-stop com.xueqiu.android'
2020-06-15 23:31:41:785 - [debug] [35m[Logcat][39m Stopping logcat capture
2020-06-15 23:31:41:789 - [debug] [35m[ADB][39m Removing forwarded port socket connection: 6726 
2020-06-15 23:31:41:790 - [debug] [35m[ADB][39m Running '/Users/tangyao/Android/sdk/platform-tools/adb -P 5037 -s 5483e9c3 forward --remove tcp\:6726'
2020-06-15 23:31:41:806 - [35m[UiAutomator2][39m Restoring hidden api policy to the device default configuration
2020-06-15 23:31:41:807 - [debug] [35m[ADB][39m Running '/Users/tangyao/Android/sdk/platform-tools/adb -P 5037 -s 5483e9c3 shell settings delete global hidden_api_policy_pre_p_apps'
2020-06-15 23:31:41:868 - [debug] [35m[ADB][39m Running '/Users/tangyao/Android/sdk/platform-tools/adb -P 5037 -s 5483e9c3 shell settings delete global hidden_api_policy_p_apps'
2020-06-15 23:31:41:914 - [debug] [35m[ADB][39m Running '/Users/tangyao/Android/sdk/platform-tools/adb -P 5037 -s 5483e9c3 shell settings delete global hidden_api_policy'
