2020-05-20 23:08:01:740 - [35m[Appium][39m Welcome to Appium v1.14.1
2020-05-20 23:08:01:743 - [35m[Appium][39m Non-default server args:
2020-05-20 23:08:01:744 - [35m[Appium][39m   port: 4725
2020-05-20 23:08:01:744 - [35m[Appium][39m   bootstrapPort: 6725
2020-05-20 23:08:01:744 - [35m[Appium][39m   logTimestamp: true
2020-05-20 23:08:01:744 - [35m[Appium][39m   localTimezone: true
2020-05-20 23:08:01:745 - [35m[Appium][39m   udid: 5483e9c3
2020-05-20 23:08:01:745 - [35m[Appium][39m Deprecated server args:
2020-05-20 23:08:01:745 - [35m[Appium][39m   [31m-U,--udid[39m => --default-capabilities '{"udid":"5483e9c3"}'
2020-05-20 23:08:01:746 - [35m[Appium][39m Default capabilities, which will be added to each request unless overridden by desired capabilities:
2020-05-20 23:08:01:746 - [35m[Appium][39m   udid: 5483e9c3
2020-05-20 23:08:01:771 - [35m[Appium][39m Appium REST http interface listener started on 0.0.0.0:4725
2020-05-20 23:08:04:099 - [35m[HTTP][39m [37m-->[39m [37mPOST[39m [37m/wd/hub/session[39m
2020-05-20 23:08:04:100 - [35m[HTTP][39m [90m{"capabilities":{"firstMatch":[{"platformName":"Android","appium:deviceName":"5483e9c3","appium:appPackage":"com.xueqiu.android","appium:platformVersion":"7.1.2","appium:appActivity":".view.WelcomeActivityAlias","appium:unicodeKeyboard":true,"appium:resetKeyboard":true,"appium:newCommandTimeout":120,"appium:systemPort":6725,"appium:noReset":true,"appium:autoGrantPermissions":true}]},"desiredCapabilities":{"platformName":"Android","deviceName":"5483e9c3","appPackage":"com.xueqiu.android","platformVersion":"7.1.2","appActivity":".view.WelcomeActivityAlias","unicodeKeyboard":true,"resetKeyboard":true,"newCommandTimeout":120,"systemPort":6725,"noReset":true,"autoGrantPermissions":true}}[39m
2020-05-20 23:08:04:101 - [debug] [35m[W3C][39m Calling AppiumDriver.createSession() with args: [{"platformName":"Android","deviceName":"5483e9c3","appPackage":"com.xueqiu.android","platformVersion":"7.1.2","appActivity":".view.WelcomeActivityAlias","unicodeKeyboard":true,"resetKeyboard":true,"newCommandTimeout":120,"systemPort":6725,"noReset":true,"autoGrantPermissions":true},null,{"firstMatch":[{"platformName":"Android","appium:deviceName":"5483e9c3","appium:appPackage":"com.xueqiu.android","appium:platformVersion":"7.1.2","appium:appActivity":".view.WelcomeActivityAlias","appium:unicodeKeyboard":true,"appium:resetKeyboard":true,"appium:newCommandTimeout":120,"appium:systemPort":6725,"appium:noReset":true,"appium:autoGrantPermissions":true}]}]
2020-05-20 23:08:04:102 - [debug] [35m[BaseDriver][39m Event 'newSessionRequested' logged at 1589987284102 (23:08:04 GMT+0800 (China Standard Time))
2020-05-20 23:08:04:105 - [35m[BaseDriver][39m The capabilities ["udid"] are not standard capabilities and should have an extension prefix
2020-05-20 23:08:04:109 - [35m[Appium][39m 
2020-05-20 23:08:04:110 - [35m[Appium][39m ======================================================================
2020-05-20 23:08:04:110 - [35m[Appium][39m   DEPRECATION WARNING:
2020-05-20 23:08:04:110 - [35m[Appium][39m 
2020-05-20 23:08:04:110 - [35m[Appium][39m   The 'automationName' capability was not provided in the desired 
2020-05-20 23:08:04:110 - [35m[Appium][39m   capabilities for this Android session
2020-05-20 23:08:04:110 - [35m[Appium][39m 
2020-05-20 23:08:04:111 - [35m[Appium][39m   Setting 'automationName=UiAutomator2' by default and using the 
2020-05-20 23:08:04:111 - [35m[Appium][39m   UiAutomator2 Driver
2020-05-20 23:08:04:111 - [35m[Appium][39m 
2020-05-20 23:08:04:111 - [35m[Appium][39m   The next major version of Appium (2.x) will **require** the 
2020-05-20 23:08:04:111 - [35m[Appium][39m   'automationName' capability to be set for all sessions on all 
2020-05-20 23:08:04:111 - [35m[Appium][39m   platforms
2020-05-20 23:08:04:112 - [35m[Appium][39m 
2020-05-20 23:08:04:112 - [35m[Appium][39m   In previous versions (Appium <= 1.13.x), the default was 
2020-05-20 23:08:04:112 - [35m[Appium][39m   'automationName=UiAutomator1'
2020-05-20 23:08:04:112 - [35m[Appium][39m 
2020-05-20 23:08:04:112 - [35m[Appium][39m   If you wish to use that automation instead of UiAutomator2, please 
2020-05-20 23:08:04:112 - [35m[Appium][39m   add 'automationName=UiAutomator1' to your desired capabilities
2020-05-20 23:08:04:112 - [35m[Appium][39m 
2020-05-20 23:08:04:112 - [35m[Appium][39m   For more information about drivers, please visit 
2020-05-20 23:08:04:113 - [35m[Appium][39m   http://appium.io/docs/en/about-appium/intro/ and explore the 
2020-05-20 23:08:04:113 - [35m[Appium][39m   'Drivers' menu
2020-05-20 23:08:04:113 - [35m[Appium][39m 
2020-05-20 23:08:04:113 - [35m[Appium][39m ======================================================================
2020-05-20 23:08:04:113 - [35m[Appium][39m 
2020-05-20 23:08:04:384 - [35m[Appium][39m Appium v1.14.1 creating new AndroidUiautomator2Driver (v1.34.0) session
2020-05-20 23:08:04:384 - [35m[Appium][39m Capabilities:
2020-05-20 23:08:04:384 - [35m[Appium][39m   platformName: Android
2020-05-20 23:08:04:385 - [35m[Appium][39m   udid: 5483e9c3
2020-05-20 23:08:04:385 - [35m[Appium][39m   deviceName: 5483e9c3
2020-05-20 23:08:04:385 - [35m[Appium][39m   appPackage: com.xueqiu.android
2020-05-20 23:08:04:385 - [35m[Appium][39m   platformVersion: 7.1.2
2020-05-20 23:08:04:385 - [35m[Appium][39m   appActivity: .view.WelcomeActivityAlias
2020-05-20 23:08:04:385 - [35m[Appium][39m   unicodeKeyboard: true
2020-05-20 23:08:04:386 - [35m[Appium][39m   resetKeyboard: true
2020-05-20 23:08:04:386 - [35m[Appium][39m   newCommandTimeout: 120
2020-05-20 23:08:04:386 - [35m[Appium][39m   systemPort: 6725
2020-05-20 23:08:04:386 - [35m[Appium][39m   noReset: true
2020-05-20 23:08:04:386 - [35m[Appium][39m   autoGrantPermissions: true
2020-05-20 23:08:04:389 - [debug] [35m[BaseDriver][39m W3C capabilities and MJSONWP desired capabilities were provided
2020-05-20 23:08:04:389 - [debug] [35m[BaseDriver][39m Creating session with W3C capabilities: {
2020-05-20 23:08:04:389 - [debug] [35m[BaseDriver][39m   "alwaysMatch": {
2020-05-20 23:08:04:389 - [debug] [35m[BaseDriver][39m     "platformName": "Android",
2020-05-20 23:08:04:389 - [debug] [35m[BaseDriver][39m     "appium:udid": "5483e9c3",
2020-05-20 23:08:04:389 - [debug] [35m[BaseDriver][39m     "appium:deviceName": "5483e9c3",
2020-05-20 23:08:04:389 - [debug] [35m[BaseDriver][39m     "appium:appPackage": "com.xueqiu.android",
2020-05-20 23:08:04:389 - [debug] [35m[BaseDriver][39m     "appium:platformVersion": "7.1.2",
2020-05-20 23:08:04:390 - [debug] [35m[BaseDriver][39m     "appium:appActivity": ".view.WelcomeActivityAlias",
2020-05-20 23:08:04:390 - [debug] [35m[BaseDriver][39m     "appium:unicodeKeyboard": true,
2020-05-20 23:08:04:390 - [debug] [35m[BaseDriver][39m     "appium:resetKeyboard": true,
2020-05-20 23:08:04:390 - [debug] [35m[BaseDriver][39m     "appium:newCommandTimeout": 120,
2020-05-20 23:08:04:390 - [debug] [35m[BaseDriver][39m     "appium:systemPort": 6725,
2020-05-20 23:08:04:390 - [debug] [35m[BaseDriver][39m     "appium:noReset": true,
2020-05-20 23:08:04:390 - [debug] [35m[BaseDriver][39m     "appium:autoGrantPermissions": true
2020-05-20 23:08:04:390 - [debug] [35m[BaseDriver][39m   },
2020-05-20 23:08:04:390 - [debug] [35m[BaseDriver][39m   "firstMatch": [
2020-05-20 23:08:04:391 - [debug] [35m[BaseDriver][39m     {}
2020-05-20 23:08:04:391 - [debug] [35m[BaseDriver][39m   ]
2020-05-20 23:08:04:391 - [debug] [35m[BaseDriver][39m }
2020-05-20 23:08:04:398 - [35m[BaseDriver][39m Session created with session id: ffa717d5-99f0-4b37-8c47-011cc24f32be
2020-05-20 23:08:04:437 - [35m[ADB][39m Found 42 'build-tools' folders under '/Users/tangyao/Android/sdk' (newest first):
2020-05-20 23:08:04:437 - [35m[ADB][39m     /Users/tangyao/Android/sdk/build-tools/30.0.0-rc2
2020-05-20 23:08:04:438 - [35m[ADB][39m     /Users/tangyao/Android/sdk/build-tools/29.0.2
2020-05-20 23:08:04:438 - [35m[ADB][39m     /Users/tangyao/Android/sdk/build-tools/29.0.0-rc2
2020-05-20 23:08:04:438 - [35m[ADB][39m     /Users/tangyao/Android/sdk/build-tools/28.0.3
2020-05-20 23:08:04:439 - [35m[ADB][39m     /Users/tangyao/Android/sdk/build-tools/28.0.2
2020-05-20 23:08:04:439 - [35m[ADB][39m     /Users/tangyao/Android/sdk/build-tools/28.0.1
2020-05-20 23:08:04:439 - [35m[ADB][39m     /Users/tangyao/Android/sdk/build-tools/28.0.0
2020-05-20 23:08:04:439 - [35m[ADB][39m     /Users/tangyao/Android/sdk/build-tools/28.0.0-rc2
2020-05-20 23:08:04:439 - [35m[ADB][39m     /Users/tangyao/Android/sdk/build-tools/28.0.0-rc1
2020-05-20 23:08:04:439 - [35m[ADB][39m     /Users/tangyao/Android/sdk/build-tools/27.0.3
2020-05-20 23:08:04:440 - [35m[ADB][39m     /Users/tangyao/Android/sdk/build-tools/26.0.1
2020-05-20 23:08:04:440 - [35m[ADB][39m     /Users/tangyao/Android/sdk/build-tools/26.0.0
2020-05-20 23:08:04:440 - [35m[ADB][39m     /Users/tangyao/Android/sdk/build-tools/25.0.3
2020-05-20 23:08:04:440 - [35m[ADB][39m     /Users/tangyao/Android/sdk/build-tools/25.0.2
2020-05-20 23:08:04:440 - [35m[ADB][39m     /Users/tangyao/Android/sdk/build-tools/25.0.1
2020-05-20 23:08:04:440 - [35m[ADB][39m     /Users/tangyao/Android/sdk/build-tools/25.0.0
2020-05-20 23:08:04:440 - [35m[ADB][39m     /Users/tangyao/Android/sdk/build-tools/24.0.3
2020-05-20 23:08:04:440 - [35m[ADB][39m     /Users/tangyao/Android/sdk/build-tools/24.0.2
2020-05-20 23:08:04:440 - [35m[ADB][39m     /Users/tangyao/Android/sdk/build-tools/24.0.1
2020-05-20 23:08:04:441 - [35m[ADB][39m     /Users/tangyao/Android/sdk/build-tools/24.0.0
2020-05-20 23:08:04:441 - [35m[ADB][39m     /Users/tangyao/Android/sdk/build-tools/23.0.3
2020-05-20 23:08:04:441 - [35m[ADB][39m     /Users/tangyao/Android/sdk/build-tools/23.0.2
2020-05-20 23:08:04:441 - [35m[ADB][39m     /Users/tangyao/Android/sdk/build-tools/23.0.1
2020-05-20 23:08:04:441 - [35m[ADB][39m     /Users/tangyao/Android/sdk/build-tools/23.0.0
2020-05-20 23:08:04:441 - [35m[ADB][39m     /Users/tangyao/Android/sdk/build-tools/22.0.1
2020-05-20 23:08:04:441 - [35m[ADB][39m     /Users/tangyao/Android/sdk/build-tools/22.0.0
2020-05-20 23:08:04:441 - [35m[ADB][39m     /Users/tangyao/Android/sdk/build-tools/21.1.2
2020-05-20 23:08:04:442 - [35m[ADB][39m     /Users/tangyao/Android/sdk/build-tools/21.1.1
2020-05-20 23:08:04:442 - [35m[ADB][39m     /Users/tangyao/Android/sdk/build-tools/21.1.0
2020-05-20 23:08:04:442 - [35m[ADB][39m     /Users/tangyao/Android/sdk/build-tools/21.0.2
2020-05-20 23:08:04:442 - [35m[ADB][39m     /Users/tangyao/Android/sdk/build-tools/21.0.1
2020-05-20 23:08:04:442 - [35m[ADB][39m     /Users/tangyao/Android/sdk/build-tools/21.0.0
2020-05-20 23:08:04:442 - [35m[ADB][39m     /Users/tangyao/Android/sdk/build-tools/20.0.0
2020-05-20 23:08:04:442 - [35m[ADB][39m     /Users/tangyao/Android/sdk/build-tools/19.1.0
2020-05-20 23:08:04:442 - [35m[ADB][39m     /Users/tangyao/Android/sdk/build-tools/19.0.3
2020-05-20 23:08:04:442 - [35m[ADB][39m     /Users/tangyao/Android/sdk/build-tools/19.0.2
2020-05-20 23:08:04:443 - [35m[ADB][39m     /Users/tangyao/Android/sdk/build-tools/19.0.1
2020-05-20 23:08:04:443 - [35m[ADB][39m     /Users/tangyao/Android/sdk/build-tools/19.0.0
2020-05-20 23:08:04:443 - [35m[ADB][39m     /Users/tangyao/Android/sdk/build-tools/18.1.1
2020-05-20 23:08:04:444 - [35m[ADB][39m     /Users/tangyao/Android/sdk/build-tools/18.1.0
2020-05-20 23:08:04:444 - [35m[ADB][39m     /Users/tangyao/Android/sdk/build-tools/18.0.1
2020-05-20 23:08:04:444 - [35m[ADB][39m     /Users/tangyao/Android/sdk/build-tools/17.0.0
2020-05-20 23:08:04:477 - [35m[ADB][39m Using 'adb' from '/Users/tangyao/Android/sdk/platform-tools/adb'
2020-05-20 23:08:04:477 - [35m[AndroidDriver][39m Retrieving device list
2020-05-20 23:08:04:480 - [debug] [35m[ADB][39m Trying to find a connected android device
2020-05-20 23:08:04:480 - [debug] [35m[ADB][39m Getting connected devices...
2020-05-20 23:08:04:505 - [debug] [35m[ADB][39m 2 device(s) connected
2020-05-20 23:08:04:505 - [35m[AndroidDriver][39m Using device: 5483e9c3
2020-05-20 23:08:04:507 - [35m[ADB][39m Using 'adb' from '/Users/tangyao/Android/sdk/platform-tools/adb'
2020-05-20 23:08:04:526 - [debug] [35m[ADB][39m Setting device id to 5483e9c3
2020-05-20 23:08:04:527 - [debug] [35m[ADB][39m Running '/Users/tangyao/Android/sdk/platform-tools/adb -P 5037 -s 5483e9c3 shell getprop ro.build.version.sdk'
2020-05-20 23:08:04:613 - [debug] [35m[ADB][39m Current device property 'ro.build.version.sdk': 29
2020-05-20 23:08:04:614 - [debug] [35m[ADB][39m Device API level: 29
2020-05-20 23:08:04:614 - [35m[UiAutomator2][39m Relaxing hidden api policy
2020-05-20 23:08:04:614 - [debug] [35m[ADB][39m Running '/Users/tangyao/Android/sdk/platform-tools/adb -P 5037 -s 5483e9c3 shell settings put global hidden_api_policy_pre_p_apps 1'
2020-05-20 23:08:04:727 - [debug] [35m[ADB][39m Running '/Users/tangyao/Android/sdk/platform-tools/adb -P 5037 -s 5483e9c3 shell settings put global hidden_api_policy_p_apps 1'
2020-05-20 23:08:04:818 - [debug] [35m[ADB][39m Running '/Users/tangyao/Android/sdk/platform-tools/adb -P 5037 -s 5483e9c3 shell settings put global hidden_api_policy 1'
2020-05-20 23:08:04:903 - [35m[AndroidDriver][39m No app sent in, not parsing package/activity
2020-05-20 23:08:04:905 - [debug] [35m[ADB][39m Running '/Users/tangyao/Android/sdk/platform-tools/adb -P 5037 -s 5483e9c3 wait-for-device'
2020-05-20 23:08:04:915 - [debug] [35m[ADB][39m Running '/Users/tangyao/Android/sdk/platform-tools/adb -P 5037 -s 5483e9c3 shell echo ping'
2020-05-20 23:08:04:968 - [debug] [35m[AndroidDriver][39m Pushing settings apk to device...
2020-05-20 23:08:04:969 - [debug] [35m[ADB][39m Getting install status for io.appium.settings
2020-05-20 23:08:04:970 - [debug] [35m[ADB][39m Running '/Users/tangyao/Android/sdk/platform-tools/adb -P 5037 -s 5483e9c3 shell dumpsys package io.appium.settings'
2020-05-20 23:08:05:084 - [debug] [35m[ADB][39m 'io.appium.settings' is installed
2020-05-20 23:08:05:084 - [debug] [35m[ADB][39m Getting package info for 'io.appium.settings'
2020-05-20 23:08:05:084 - [debug] [35m[ADB][39m Running '/Users/tangyao/Android/sdk/platform-tools/adb -P 5037 -s 5483e9c3 shell dumpsys package io.appium.settings'
2020-05-20 23:08:05:205 - [35m[ADB][39m Using 'apkanalyzer' from '/Users/tangyao/Android/sdk/tools/bin/apkanalyzer'
2020-05-20 23:08:05:206 - [debug] [35m[ADB][39m Starting '/Users/tangyao/Android/sdk/tools/bin/apkanalyzer' with args ["manifest","print","/usr/local/lib/node_modules/appium/node_modules/_io.appium.settings@2.14.1@io.appium.settings/apks/settings_apk-debug.apk"]
2020-05-20 23:08:07:961 - [debug] [35m[ADB][39m The version name of the installed 'io.appium.settings' is greater or equal to the application version name ('2.14.1' >= '2.14.1')
2020-05-20 23:08:07:970 - [debug] [35m[ADB][39m There is no need to install/upgrade '/usr/local/lib/node_modules/appium/node_modules/_io.appium.settings@2.14.1@io.appium.settings/apks/settings_apk-debug.apk'
2020-05-20 23:08:07:971 - [debug] [35m[ADB][39m Getting IDs of all 'io.appium.settings' processes
2020-05-20 23:08:07:972 - [debug] [35m[ADB][39m Running '/Users/tangyao/Android/sdk/platform-tools/adb -P 5037 -s 5483e9c3 shell 'pgrep --help; echo $?''
2020-05-20 23:08:08:062 - [debug] [35m[ADB][39m Running '/Users/tangyao/Android/sdk/platform-tools/adb -P 5037 -s 5483e9c3 shell pgrep -f io\.appium\.settings'
2020-05-20 23:08:08:195 - [debug] [35m[AndroidDriver][39m io.appium.settings is already running. There is no need to reset its permissions.
2020-05-20 23:08:08:195 - [debug] [35m[ADB][39m Running '/Users/tangyao/Android/sdk/platform-tools/adb -P 5037 -s 5483e9c3 shell appops set io.appium.settings android\:mock_location allow'
2020-05-20 23:08:08:312 - [debug] [35m[Logcat][39m Starting logcat capture
2020-05-20 23:08:08:399 - [debug] [35m[AndroidDriver][39m Enabling Unicode keyboard support
2020-05-20 23:08:08:400 - [debug] [35m[ADB][39m Running '/Users/tangyao/Android/sdk/platform-tools/adb -P 5037 -s 5483e9c3 shell settings get secure default_input_method'
2020-05-20 23:08:08:478 - [debug] [35m[AndroidDriver][39m Unsetting previous IME io.appium.settings/.UnicodeIME
2020-05-20 23:08:08:478 - [debug] [35m[AndroidDriver][39m Setting IME to 'io.appium.settings/.UnicodeIME'
2020-05-20 23:08:08:478 - [debug] [35m[ADB][39m Running '/Users/tangyao/Android/sdk/platform-tools/adb -P 5037 -s 5483e9c3 shell ime enable io.appium.settings/.UnicodeIME'
2020-05-20 23:08:08:550 - [debug] [35m[ADB][39m Running '/Users/tangyao/Android/sdk/platform-tools/adb -P 5037 -s 5483e9c3 shell ime set io.appium.settings/.UnicodeIME'
2020-05-20 23:08:08:629 - [debug] [35m[ADB][39m Getting install status for io.appium.uiautomator2.server
2020-05-20 23:08:08:630 - [debug] [35m[ADB][39m Running '/Users/tangyao/Android/sdk/platform-tools/adb -P 5037 -s 5483e9c3 shell dumpsys package io.appium.uiautomator2.server'
2020-05-20 23:08:08:708 - [debug] [35m[ADB][39m 'io.appium.uiautomator2.server' is installed
2020-05-20 23:08:08:708 - [debug] [35m[ADB][39m Getting package info for 'io.appium.uiautomator2.server'
2020-05-20 23:08:08:709 - [debug] [35m[ADB][39m Running '/Users/tangyao/Android/sdk/platform-tools/adb -P 5037 -s 5483e9c3 shell dumpsys package io.appium.uiautomator2.server'
2020-05-20 23:08:08:784 - [debug] [35m[ADB][39m Starting '/Users/tangyao/Android/sdk/tools/bin/apkanalyzer' with args ["manifest","print","/usr/local/lib/node_modules/appium/node_modules/_appium-uiautomator2-server@3.8.1@appium-uiautomator2-server/apks/appium-uiautomator2-server-v3.8.1.apk"]
2020-05-20 23:08:11:158 - [debug] [35m[ADB][39m The version name of the installed 'io.appium.uiautomator2.server' is greater or equal to the application version name ('3.8.1' >= '3.8.1')
2020-05-20 23:08:11:158 - [debug] [35m[UiAutomator2][39m io.appium.uiautomator2.server installation state: sameVersionInstalled
2020-05-20 23:08:11:158 - [debug] [35m[ADB][39m Checking app cert for /usr/local/lib/node_modules/appium/node_modules/_appium-uiautomator2-server@3.8.1@appium-uiautomator2-server/apks/appium-uiautomator2-server-v3.8.1.apk
2020-05-20 23:08:11:160 - [35m[ADB][39m Using 'apksigner' from '/Users/tangyao/Android/sdk/build-tools/30.0.0-rc2/apksigner'
2020-05-20 23:08:11:160 - [debug] [35m[ADB][39m Starting '/Users/tangyao/Android/sdk/build-tools/30.0.0-rc2/apksigner' with args '["verify","--print-certs","/usr/local/lib/node_modules/appium/node_modules/_appium-uiautomator2-server@3.8.1@appium-uiautomator2-server/apks/appium-uiautomator2-server-v3.8.1.apk"]'
2020-05-20 23:08:11:376 - [35m[ADB][39m Got an error during apksigner execution: Command '/Users/tangyao/Android/sdk/build-tools/30.0.0-rc2/apksigner verify --print-certs /usr/local/lib/node_modules/appium/node_modules/_appium-uiautomator2-server\@3.8.1\@appium-uiautomator2-server/apks/appium-uiautomator2-server-v3.8.1.apk' exited with code 1
2020-05-20 23:08:11:376 - [35m[ADB][39m apksigner stderr: Error: A JNI error has occurred, please check your installation and try again
2020-05-20 23:08:11:377 - [35m[ADB][39m Exception in thread "main" java.lang.UnsupportedClassVersionError: com/android/apksigner/ApkSignerTool has been compiled by a more recent version of the Java Runtime (class file version 53.0), this version of the Java Runtime only recognizes class file versions up to 52.0
2020-05-20 23:08:11:377 - [35m[ADB][39m 	at java.lang.ClassLoader.defineClass1(Native Method)
2020-05-20 23:08:11:377 - [35m[ADB][39m 	at java.lang.ClassLoader.defineClass(ClassLoader.java:763)
2020-05-20 23:08:11:377 - [35m[ADB][39m 	at java.security.SecureClassLoader.defineClass(SecureClassLoader.java:142)
2020-05-20 23:08:11:377 - [35m[ADB][39m 	at java.net.URLClassLoader.defineClass(URLClassLoader.java:467)
2020-05-20 23:08:11:377 - [35m[ADB][39m 	at java.net.URLClassLoader.access$100(URLClassLoader.java:73)
2020-05-20 23:08:11:377 - [35m[ADB][39m 	at java.net.URLClassLoader$1.run(URLClassLoader.java:368)
2020-05-20 23:08:11:377 - [35m[ADB][39m 	at java.net.URLClassLoader$1.run(URLClassLoader.java:362)
2020-05-20 23:08:11:377 - [35m[ADB][39m 	at java.security.AccessController.doPrivileged(Native Method)
2020-05-20 23:08:11:378 - [35m[ADB][39m 	at java.net.URLClassLoader.findClass(URLClassLoader.java:361)
2020-05-20 23:08:11:378 - [35m[ADB][39m 	at java.lang.ClassLoader.loadClass(ClassLoader.java:424)
2020-05-20 23:08:11:378 - [35m[ADB][39m 	at sun.misc.Launcher$AppClassLoader.loadClass(Launcher.java:349)
2020-05-20 23:08:11:378 - [35m[ADB][39m 	at java.lang.ClassLoader.loadClass(ClassLoader.java:357)
2020-05-20 23:08:11:378 - [35m[ADB][39m 	at sun.launcher.LauncherHelper.checkAndLoadMain(LauncherHelper.java:495)
2020-05-20 23:08:11:378 - [35m[ADB][39m 
2020-05-20 23:08:11:378 - [35m[ADB][39m Cannot use apksigner tool for signature verification. Original error: Command '/Users/tangyao/Android/sdk/build-tools/30.0.0-rc2/apksigner verify --print-certs /usr/local/lib/node_modules/appium/node_modules/_appium-uiautomator2-server\@3.8.1\@appium-uiautomator2-server/apks/appium-uiautomator2-server-v3.8.1.apk' exited with code 1
2020-05-20 23:08:11:378 - [debug] [35m[ADB][39m Defaulting to verify.jar
2020-05-20 23:08:11:788 - [debug] [35m[ADB][39m '/usr/local/lib/node_modules/appium/node_modules/_appium-uiautomator2-server@3.8.1@appium-uiautomator2-server/apks/appium-uiautomator2-server-v3.8.1.apk' is already signed.
2020-05-20 23:08:11:788 - [debug] [35m[ADB][39m Getting install status for io.appium.uiautomator2.server.test
2020-05-20 23:08:11:788 - [debug] [35m[ADB][39m Running '/Users/tangyao/Android/sdk/platform-tools/adb -P 5037 -s 5483e9c3 shell dumpsys package io.appium.uiautomator2.server.test'
2020-05-20 23:08:11:897 - [debug] [35m[ADB][39m 'io.appium.uiautomator2.server.test' is installed
2020-05-20 23:08:11:898 - [debug] [35m[ADB][39m Checking app cert for /usr/local/lib/node_modules/appium/node_modules/_appium-uiautomator2-server@3.8.1@appium-uiautomator2-server/apks/appium-uiautomator2-server-debug-androidTest.apk
2020-05-20 23:08:11:898 - [debug] [35m[ADB][39m Starting '/Users/tangyao/Android/sdk/build-tools/30.0.0-rc2/apksigner' with args '["verify","--print-certs","/usr/local/lib/node_modules/appium/node_modules/_appium-uiautomator2-server@3.8.1@appium-uiautomator2-server/apks/appium-uiautomator2-server-debug-androidTest.apk"]'
2020-05-20 23:08:12:085 - [35m[ADB][39m Got an error during apksigner execution: Command '/Users/tangyao/Android/sdk/build-tools/30.0.0-rc2/apksigner verify --print-certs /usr/local/lib/node_modules/appium/node_modules/_appium-uiautomator2-server\@3.8.1\@appium-uiautomator2-server/apks/appium-uiautomator2-server-debug-androidTest.apk' exited with code 1
2020-05-20 23:08:12:085 - [35m[ADB][39m apksigner stderr: Error: A JNI error has occurred, please check your installation and try again
2020-05-20 23:08:12:085 - [35m[ADB][39m Exception in thread "main" java.lang.UnsupportedClassVersionError: com/android/apksigner/ApkSignerTool has been compiled by a more recent version of the Java Runtime (class file version 53.0), this version of the Java Runtime only recognizes class file versions up to 52.0
2020-05-20 23:08:12:085 - [35m[ADB][39m 	at java.lang.ClassLoader.defineClass1(Native Method)
2020-05-20 23:08:12:085 - [35m[ADB][39m 	at java.lang.ClassLoader.defineClass(ClassLoader.java:763)
2020-05-20 23:08:12:086 - [35m[ADB][39m 	at java.security.SecureClassLoader.defineClass(SecureClassLoader.java:142)
2020-05-20 23:08:12:086 - [35m[ADB][39m 	at java.net.URLClassLoader.defineClass(URLClassLoader.java:467)
2020-05-20 23:08:12:086 - [35m[ADB][39m 	at java.net.URLClassLoader.access$100(URLClassLoader.java:73)
2020-05-20 23:08:12:086 - [35m[ADB][39m 	at java.net.URLClassLoader$1.run(URLClassLoader.java:368)
2020-05-20 23:08:12:086 - [35m[ADB][39m 	at java.net.URLClassLoader$1.run(URLClassLoader.java:362)
2020-05-20 23:08:12:086 - [35m[ADB][39m 	at java.security.AccessController.doPrivileged(Native Method)
2020-05-20 23:08:12:086 - [35m[ADB][39m 	at java.net.URLClassLoader.findClass(URLClassLoader.java:361)
2020-05-20 23:08:12:086 - [35m[ADB][39m 	at java.lang.ClassLoader.loadClass(ClassLoader.java:424)
2020-05-20 23:08:12:086 - [35m[ADB][39m 	at sun.misc.Launcher$AppClassLoader.loadClass(Launcher.java:349)
2020-05-20 23:08:12:086 - [35m[ADB][39m 	at java.lang.ClassLoader.loadClass(ClassLoader.java:357)
2020-05-20 23:08:12:087 - [35m[ADB][39m 	at sun.launcher.LauncherHelper.checkAndLoadMain(LauncherHelper.java:495)
2020-05-20 23:08:12:087 - [35m[ADB][39m 
2020-05-20 23:08:12:087 - [35m[ADB][39m Cannot use apksigner tool for signature verification. Original error: Command '/Users/tangyao/Android/sdk/build-tools/30.0.0-rc2/apksigner verify --print-certs /usr/local/lib/node_modules/appium/node_modules/_appium-uiautomator2-server\@3.8.1\@appium-uiautomator2-server/apks/appium-uiautomator2-server-debug-androidTest.apk' exited with code 1
2020-05-20 23:08:12:087 - [debug] [35m[ADB][39m Defaulting to verify.jar
2020-05-20 23:08:12:472 - [debug] [35m[ADB][39m '/usr/local/lib/node_modules/appium/node_modules/_appium-uiautomator2-server@3.8.1@appium-uiautomator2-server/apks/appium-uiautomator2-server-debug-androidTest.apk' is already signed.
2020-05-20 23:08:12:472 - [35m[UiAutomator2][39m Server packages are not going to be (re)installed
2020-05-20 23:08:12:473 - [debug] [35m[UiAutomator2][39m Waiting up to 30000ms for services to be available
2020-05-20 23:08:12:473 - [debug] [35m[ADB][39m Running '/Users/tangyao/Android/sdk/platform-tools/adb -P 5037 -s 5483e9c3 shell pm list instrumentation'
2020-05-20 23:08:12:599 - [debug] [35m[UiAutomator2][39m Instrumentation target 'io.appium.uiautomator2.server.test/androidx.test.runner.AndroidJUnitRunner' is available
2020-05-20 23:08:12:600 - [debug] [35m[UiAutomator2][39m Forwarding UiAutomator2 Server port 6790 to 6725
2020-05-20 23:08:12:600 - [debug] [35m[ADB][39m Forwarding system: 6725 to device: 6790
2020-05-20 23:08:12:600 - [debug] [35m[ADB][39m Running '/Users/tangyao/Android/sdk/platform-tools/adb -P 5037 -s 5483e9c3 forward tcp\:6725 tcp\:6790'
2020-05-20 23:08:12:610 - [debug] [35m[UiAutomator2][39m No app capability. Assuming it is already on the device
2020-05-20 23:08:12:611 - [debug] [35m[UiAutomator2][39m Performing shallow cleanup of automation leftovers
2020-05-20 23:08:12:648 - [debug] [35m[UiAutomator2][39m No obsolete sessions have been detected (Error: socket hang up)
2020-05-20 23:08:12:648 - [debug] [35m[ADB][39m Running '/Users/tangyao/Android/sdk/platform-tools/adb -P 5037 -s 5483e9c3 shell am force-stop io.appium.uiautomator2.server.test'
2020-05-20 23:08:12:787 - [35m[UiAutomator2][39m Starting UIAutomator2 server 3.8.1
2020-05-20 23:08:12:788 - [35m[UiAutomator2][39m Using UIAutomator2 server from '/usr/local/lib/node_modules/appium/node_modules/_appium-uiautomator2-server@3.8.1@appium-uiautomator2-server/apks/appium-uiautomator2-server-v3.8.1.apk' and test from '/usr/local/lib/node_modules/appium/node_modules/_appium-uiautomator2-server@3.8.1@appium-uiautomator2-server/apks/appium-uiautomator2-server-debug-androidTest.apk'
2020-05-20 23:08:12:788 - [35m[UiAutomator2][39m Waiting up to 30000ms for UiAutomator2 to be online...
2020-05-20 23:08:12:788 - [debug] [35m[ADB][39m Creating ADB subprocess with args: ["-P",5037,"-s","5483e9c3","shell","am","instrument","-w","io.appium.uiautomator2.server.test/androidx.test.runner.AndroidJUnitRunner"]
2020-05-20 23:08:13:803 - [debug] [35m[WD Proxy][39m Matched '/status' to command name 'getStatus'
2020-05-20 23:08:13:804 - [debug] [35m[WD Proxy][39m Proxying [GET /status] to [GET http://localhost:6725/wd/hub/status] with no body
2020-05-20 23:08:13:808 - [debug] [35m[Instrumentation][39m io.appium.uiautomator2.server.test.AppiumUiAutomator2Server:
2020-05-20 23:08:13:817 - [35m[WD Proxy][39m Got an unexpected response: {"code":"ECONNRESET"}
2020-05-20 23:08:14:821 - [debug] [35m[WD Proxy][39m Matched '/status' to command name 'getStatus'
2020-05-20 23:08:14:822 - [debug] [35m[WD Proxy][39m Proxying [GET /status] to [GET http://localhost:6725/wd/hub/status] with no body
2020-05-20 23:08:14:831 - [35m[WD Proxy][39m Got an unexpected response: {"code":"ECONNRESET"}
2020-05-20 23:08:15:835 - [debug] [35m[WD Proxy][39m Matched '/status' to command name 'getStatus'
2020-05-20 23:08:15:836 - [debug] [35m[WD Proxy][39m Proxying [GET /status] to [GET http://localhost:6725/wd/hub/status] with no body
2020-05-20 23:08:15:936 - [debug] [35m[WD Proxy][39m Got response with status 200: {"sessionId":"None","status":0,"value":"Status Invoked"}
2020-05-20 23:08:15:936 - [debug] [35m[WD Proxy][39m Determined the downstream protocol as 'MJSONWP'
2020-05-20 23:08:15:937 - [debug] [35m[UiAutomator2][39m The initialization of the instrumentation process took 3149ms
2020-05-20 23:08:15:937 - [debug] [35m[WD Proxy][39m Matched '/session' to command name 'createSession'
2020-05-20 23:08:15:937 - [debug] [35m[WD Proxy][39m Proxying [POST /session] to [POST http://localhost:6725/wd/hub/session] with body: {"desiredCapabilities":{"platform":"LINUX","webStorageEnabled":false,"takesScreenshot":true,"javascriptEnabled":true,"databaseEnabled":false,"networkConnectionEnabled":true,"locationContextEnabled":false,"warnings":{},"desired":{"platformName":"Android","udid":"5483e9c3","deviceName":"5483e9c3","appPackage":"com.xueqiu.android","platformVersion":"7.1.2","appActivity":".view.WelcomeActivityAlias","unicodeKeyboard":true,"resetKeyboard":true,"newCommandTimeout":120,"systemPort":6725,"noReset":true,"autoGrantPermissions":true},"platformName":"Android","udid":"5483e9c3","deviceName":"5483e9c3","appPackage":"com.xueqiu.android","platformVersion":"7.1.2","appActivity":".view.WelcomeActivityAlias","unicodeKeyboard":true,"resetKeyboard":true,"newCommandTimeout":120,"systemPort":6725,"noReset":true,"autoGrantPermissions":true,"deviceUDID":"5483e9c3"}}
2020-05-20 23:08:15:994 - [debug] [35m[WD Proxy][39m Got response with status 200: {"sessionId":"347d9313-bb69-4f96-be8c-a93784fe06ba","status":0,"value":"Created Session"}
2020-05-20 23:08:15:994 - [debug] [35m[WD Proxy][39m Determined the downstream protocol as 'MJSONWP' per session creation request
2020-05-20 23:08:16:013 - [debug] [35m[WD Proxy][39m Proxying [GET /appium/device/info] to [GET http://localhost:6725/wd/hub/session/347d9313-bb69-4f96-be8c-a93784fe06ba/appium/device/info] with no body
2020-05-20 23:08:16:088 - [debug] [35m[WD Proxy][39m Got response with status 200: {"sessionId":"347d9313-bb69-4f96-be8c-a93784fe06ba","status":0,"value":{"androidId":"405f120cdfa7799f","manufacturer":"Xiaomi","model":"MI 8","brand":"Xiaomi","apiVersion":"29","platformVersion":"10","carrierName":"","realDisplaySize":"1080x2248","displayDensity":440,"networks":[{"type":1,"typeName":"WIFI","subtype":0,"subtypeName":"","isConnected":true,"detailedState":"CONNECTED","state":"CONNECTED","extraInfo":null,"isAvailable":true,"isFailover":false,"isRoaming":false,"capabilities":{"transportTypes":"NET_CAPABILITY_SUPL","networkCapabilities":"","linkUpstreamBandwidthKbps":1048576,"linkDownBandwidthKbps":1048576,"signalStrength":-48,"networkSpecifier":null,"SSID":null}}],"locale":"zh_CN","timeZone":"Asia\/Shanghai"}}
2020-05-20 23:08:16:089 - [debug] [35m[ADB][39m Running '/Users/tangyao/Android/sdk/platform-tools/adb -P 5037 -s 5483e9c3 shell dumpsys window'
2020-05-20 23:08:16:234 - [35m[AndroidDriver][39m Screen already unlocked, doing nothing
2020-05-20 23:08:16:235 - [35m[UiAutomator2][39m UiAutomator2 did not start the activity we were waiting for, 'com.xueqiu.android/.view.WelcomeActivityAlias'. Starting it ourselves
2020-05-20 23:08:16:236 - [debug] [35m[ADB][39m Running '/Users/tangyao/Android/sdk/platform-tools/adb -P 5037 -s 5483e9c3 shell am start -W -n com.xueqiu.android/.view.WelcomeActivityAlias -S -a android.intent.action.MAIN -c android.intent.category.LAUNCHER -f 0x10200000'
2020-05-20 23:08:16:982 - [debug] [35m[WD Proxy][39m Proxying [GET /appium/device/pixel_ratio] to [GET http://localhost:6725/wd/hub/session/347d9313-bb69-4f96-be8c-a93784fe06ba/appium/device/pixel_ratio] with body: {}
2020-05-20 23:08:16:995 - [debug] [35m[WD Proxy][39m Got response with status 200: {"sessionId":"347d9313-bb69-4f96-be8c-a93784fe06ba","status":0,"value":2.75}
2020-05-20 23:08:16:996 - [debug] [35m[WD Proxy][39m Matched '/appium/device/system_bars' to command name 'getSystemBars'
2020-05-20 23:08:16:997 - [debug] [35m[WD Proxy][39m Proxying [GET /appium/device/system_bars] to [GET http://localhost:6725/wd/hub/session/347d9313-bb69-4f96-be8c-a93784fe06ba/appium/device/system_bars] with body: {}
2020-05-20 23:08:17:011 - [debug] [35m[WD Proxy][39m Got response with status 200: {"sessionId":"347d9313-bb69-4f96-be8c-a93784fe06ba","status":0,"value":{"statusBar":89}}
2020-05-20 23:08:17:012 - [debug] [35m[WD Proxy][39m Matched '/window/current/size' to command name 'getWindowSize'
2020-05-20 23:08:17:012 - [debug] [35m[WD Proxy][39m Proxying [GET /window/current/size] to [GET http://localhost:6725/wd/hub/session/347d9313-bb69-4f96-be8c-a93784fe06ba/window/current/size] with body: {}
2020-05-20 23:08:17:021 - [debug] [35m[WD Proxy][39m Got response with status 200: {"sessionId":"347d9313-bb69-4f96-be8c-a93784fe06ba","status":0,"value":{"height":2029,"width":1080}}
2020-05-20 23:08:17:022 - [35m[Appium][39m New AndroidUiautomator2Driver session created successfully, session ffa717d5-99f0-4b37-8c47-011cc24f32be added to master session list
2020-05-20 23:08:17:023 - [debug] [35m[BaseDriver][39m Event 'newSessionStarted' logged at 1589987297023 (23:08:17 GMT+0800 (China Standard Time))
2020-05-20 23:08:17:024 - [debug] [35m[W3C (ffa717d5)][39m Cached the protocol value 'W3C' for the new session ffa717d5-99f0-4b37-8c47-011cc24f32be
2020-05-20 23:08:17:025 - [debug] [35m[W3C (ffa717d5)][39m Responding to client with driver.createSession() result: {"capabilities":{"platform":"LINUX","webStorageEnabled":false,"takesScreenshot":true,"javascriptEnabled":true,"databaseEnabled":false,"networkConnectionEnabled":true,"locationContextEnabled":false,"warnings":{},"desired":{"platformName":"Android","udid":"5483e9c3","deviceName":"5483e9c3","appPackage":"com.xueqiu.android","platformVersion":"7.1.2","appActivity":".view.WelcomeActivityAlias","unicodeKeyboard":true,"resetKeyboard":true,"newCommandTimeout":120,"systemPort":6725,"noReset":true,"autoGrantPermissions":true},"platformName":"Android","udid":"5483e9c3","deviceName":"5483e9c3","appPackage":"com.xueqiu.android","platformVersion":"10","appActivity":".view.WelcomeActivityAlias","unicodeKeyboard":true,"resetKeyboard":true,"newCommandTimeout":120,"systemPort":6725,"noReset":true,"autoGrantPermissions":true,"deviceUDID":"5483e9c3","deviceApiLevel":29,"deviceScreenSize":"1080x2248","deviceScreenDensity":440,"deviceModel":"MI 8","deviceManufacturer":"Xiaomi","pixelRatio":2.75,"statBarHeight":89,"viewportRect"...
2020-05-20 23:08:17:032 - [35m[HTTP][39m [37m<-- POST /wd/hub/session [39m[32m200[39m [90m12930 ms - 1131[39m
2020-05-20 23:08:17:032 - [35m[HTTP][39m [90m[39m
2020-05-20 23:08:17:038 - [35m[HTTP][39m [37m-->[39m [37mPOST[39m [37m/wd/hub/session/ffa717d5-99f0-4b37-8c47-011cc24f32be/timeouts[39m
2020-05-20 23:08:17:038 - [35m[HTTP][39m [90m{"implicit":5000}[39m
2020-05-20 23:08:17:041 - [debug] [35m[W3C (ffa717d5)][39m Calling AppiumDriver.timeouts() with args: [null,null,null,null,5000,"ffa717d5-99f0-4b37-8c47-011cc24f32be"]
2020-05-20 23:08:17:071 - [debug] [35m[BaseDriver][39m W3C timeout argument: {"implicit":5000}}
2020-05-20 23:08:17:072 - [debug] [35m[BaseDriver][39m Set implicit wait to 5000ms
2020-05-20 23:08:17:073 - [debug] [35m[W3C (ffa717d5)][39m Responding to client with driver.timeouts() result: null
2020-05-20 23:08:17:074 - [35m[HTTP][39m [37m<-- POST /wd/hub/session/ffa717d5-99f0-4b37-8c47-011cc24f32be/timeouts [39m[32m200[39m [90m36 ms - 14[39m
2020-05-20 23:08:17:074 - [35m[HTTP][39m [90m[39m
2020-05-20 23:08:19:089 - [35m[HTTP][39m [37m-->[39m [37mPOST[39m [37m/wd/hub/session/ffa717d5-99f0-4b37-8c47-011cc24f32be/element[39m
2020-05-20 23:08:19:090 - [35m[HTTP][39m [90m{"using":"xpath","value":"//*[@text='我的']"}[39m
2020-05-20 23:08:19:094 - [debug] [35m[W3C (ffa717d5)][39m Calling AppiumDriver.findElement() with args: ["xpath","//*[@text='我的']","ffa717d5-99f0-4b37-8c47-011cc24f32be"]
2020-05-20 23:08:19:096 - [debug] [35m[BaseDriver][39m Valid locator strategies for this request: xpath, id, class name, accessibility id, -android uiautomator
2020-05-20 23:08:19:097 - [debug] [35m[BaseDriver][39m Waiting up to 5000 ms for condition
2020-05-20 23:08:19:098 - [debug] [35m[WD Proxy][39m Matched '/element' to command name 'findElement'
2020-05-20 23:08:19:098 - [debug] [35m[WD Proxy][39m Proxying [POST /element] to [POST http://localhost:6725/wd/hub/session/347d9313-bb69-4f96-be8c-a93784fe06ba/element] with body: {"strategy":"xpath","selector":"//*[@text='我的']","context":"","multiple":false}
2020-05-20 23:08:19:729 - [35m[WD Proxy][39m Got an unexpected response: {"sessionId":"347d9313-bb69-4f96-be8c-a93784fe06ba","status":7,"value":"An element could not be located on the page using the given search parameters."}
2020-05-20 23:08:19:730 - [debug] [35m[MJSONWP][39m Matched JSONWP error code 7 to NoSuchElementError
2020-05-20 23:08:19:730 - [debug] [35m[BaseDriver][39m Waited for 633 ms so far
2020-05-20 23:08:20:235 - [debug] [35m[WD Proxy][39m Matched '/element' to command name 'findElement'
2020-05-20 23:08:20:236 - [debug] [35m[WD Proxy][39m Proxying [POST /element] to [POST http://localhost:6725/wd/hub/session/347d9313-bb69-4f96-be8c-a93784fe06ba/element] with body: {"strategy":"xpath","selector":"//*[@text='我的']","context":"","multiple":false}
2020-05-20 23:08:20:331 - [35m[WD Proxy][39m Got an unexpected response: {"sessionId":"347d9313-bb69-4f96-be8c-a93784fe06ba","status":7,"value":"An element could not be located on the page using the given search parameters."}
2020-05-20 23:08:20:331 - [debug] [35m[MJSONWP][39m Matched JSONWP error code 7 to NoSuchElementError
2020-05-20 23:08:20:332 - [debug] [35m[BaseDriver][39m Waited for 1235 ms so far
2020-05-20 23:08:20:838 - [debug] [35m[WD Proxy][39m Matched '/element' to command name 'findElement'
2020-05-20 23:08:20:838 - [debug] [35m[WD Proxy][39m Proxying [POST /element] to [POST http://localhost:6725/wd/hub/session/347d9313-bb69-4f96-be8c-a93784fe06ba/element] with body: {"strategy":"xpath","selector":"//*[@text='我的']","context":"","multiple":false}
2020-05-20 23:08:20:938 - [35m[WD Proxy][39m Got an unexpected response: {"sessionId":"347d9313-bb69-4f96-be8c-a93784fe06ba","status":7,"value":"An element could not be located on the page using the given search parameters."}
2020-05-20 23:08:20:938 - [debug] [35m[MJSONWP][39m Matched JSONWP error code 7 to NoSuchElementError
2020-05-20 23:08:20:939 - [debug] [35m[BaseDriver][39m Waited for 1842 ms so far
2020-05-20 23:08:21:444 - [debug] [35m[WD Proxy][39m Matched '/element' to command name 'findElement'
2020-05-20 23:08:21:445 - [debug] [35m[WD Proxy][39m Proxying [POST /element] to [POST http://localhost:6725/wd/hub/session/347d9313-bb69-4f96-be8c-a93784fe06ba/element] with body: {"strategy":"xpath","selector":"//*[@text='我的']","context":"","multiple":false}
2020-05-20 23:08:21:736 - [35m[WD Proxy][39m Got an unexpected response: {"sessionId":"347d9313-bb69-4f96-be8c-a93784fe06ba","status":7,"value":"An element could not be located on the page using the given search parameters."}
2020-05-20 23:08:21:737 - [debug] [35m[MJSONWP][39m Matched JSONWP error code 7 to NoSuchElementError
2020-05-20 23:08:21:737 - [debug] [35m[BaseDriver][39m Waited for 2640 ms so far
2020-05-20 23:08:22:238 - [debug] [35m[WD Proxy][39m Matched '/element' to command name 'findElement'
2020-05-20 23:08:22:238 - [debug] [35m[WD Proxy][39m Proxying [POST /element] to [POST http://localhost:6725/wd/hub/session/347d9313-bb69-4f96-be8c-a93784fe06ba/element] with body: {"strategy":"xpath","selector":"//*[@text='我的']","context":"","multiple":false}
2020-05-20 23:08:22:517 - [35m[WD Proxy][39m Got an unexpected response: {"sessionId":"347d9313-bb69-4f96-be8c-a93784fe06ba","status":7,"value":"An element could not be located on the page using the given search parameters."}
2020-05-20 23:08:22:517 - [debug] [35m[MJSONWP][39m Matched JSONWP error code 7 to NoSuchElementError
2020-05-20 23:08:22:517 - [debug] [35m[BaseDriver][39m Waited for 3420 ms so far
2020-05-20 23:08:23:019 - [debug] [35m[WD Proxy][39m Matched '/element' to command name 'findElement'
2020-05-20 23:08:23:020 - [debug] [35m[WD Proxy][39m Proxying [POST /element] to [POST http://localhost:6725/wd/hub/session/347d9313-bb69-4f96-be8c-a93784fe06ba/element] with body: {"strategy":"xpath","selector":"//*[@text='我的']","context":"","multiple":false}
2020-05-20 23:08:25:283 - [debug] [35m[WD Proxy][39m Got response with status 200: {"sessionId":"347d9313-bb69-4f96-be8c-a93784fe06ba","status":0,"value":{"ELEMENT":"be8bd7d9-a4d6-4a82-82e0-03f0edf79ad3"}}
2020-05-20 23:08:25:286 - [debug] [35m[W3C (ffa717d5)][39m Responding to client with driver.findElement() result: {"element-6066-11e4-a52e-4f735466cecf":"be8bd7d9-a4d6-4a82-82e0-03f0edf79ad3","ELEMENT":"be8bd7d9-a4d6-4a82-82e0-03f0edf79ad3"}
2020-05-20 23:08:25:286 - [35m[HTTP][39m [37m<-- POST /wd/hub/session/ffa717d5-99f0-4b37-8c47-011cc24f32be/element [39m[32m200[39m [90m6197 ms - 137[39m
2020-05-20 23:08:25:287 - [35m[HTTP][39m [90m[39m
2020-05-20 23:08:25:289 - [35m[HTTP][39m [37m-->[39m [37mPOST[39m [37m/wd/hub/session/ffa717d5-99f0-4b37-8c47-011cc24f32be/element/be8bd7d9-a4d6-4a82-82e0-03f0edf79ad3/click[39m
2020-05-20 23:08:25:289 - [35m[HTTP][39m [90m{"id":"be8bd7d9-a4d6-4a82-82e0-03f0edf79ad3"}[39m
2020-05-20 23:08:25:291 - [debug] [35m[W3C (ffa717d5)][39m Calling AppiumDriver.click() with args: ["be8bd7d9-a4d6-4a82-82e0-03f0edf79ad3","ffa717d5-99f0-4b37-8c47-011cc24f32be"]
2020-05-20 23:08:25:292 - [debug] [35m[WD Proxy][39m Matched '/element/be8bd7d9-a4d6-4a82-82e0-03f0edf79ad3/click' to command name 'click'
2020-05-20 23:08:25:292 - [debug] [35m[WD Proxy][39m Proxying [POST /element/be8bd7d9-a4d6-4a82-82e0-03f0edf79ad3/click] to [POST http://localhost:6725/wd/hub/session/347d9313-bb69-4f96-be8c-a93784fe06ba/element/be8bd7d9-a4d6-4a82-82e0-03f0edf79ad3/click] with body: {"element":"be8bd7d9-a4d6-4a82-82e0-03f0edf79ad3"}
2020-05-20 23:08:25:351 - [debug] [35m[WD Proxy][39m Got response with status 200: {"sessionId":"347d9313-bb69-4f96-be8c-a93784fe06ba","status":0,"value":true}
2020-05-20 23:08:25:352 - [debug] [35m[W3C (ffa717d5)][39m Responding to client with driver.click() result: true
2020-05-20 23:08:25:353 - [35m[HTTP][39m [37m<-- POST /wd/hub/session/ffa717d5-99f0-4b37-8c47-011cc24f32be/element/be8bd7d9-a4d6-4a82-82e0-03f0edf79ad3/click [39m[32m200[39m [90m63 ms - 14[39m
2020-05-20 23:08:25:353 - [35m[HTTP][39m [90m[39m
2020-05-20 23:08:25:358 - [35m[HTTP][39m [37m-->[39m [37mPOST[39m [37m/wd/hub/session/ffa717d5-99f0-4b37-8c47-011cc24f32be/element[39m
2020-05-20 23:08:25:359 - [35m[HTTP][39m [90m{"using":"xpath","value":"//*[@text='微信']"}[39m
2020-05-20 23:08:25:360 - [debug] [35m[W3C (ffa717d5)][39m Calling AppiumDriver.findElement() with args: ["xpath","//*[@text='微信']","ffa717d5-99f0-4b37-8c47-011cc24f32be"]
2020-05-20 23:08:25:361 - [debug] [35m[BaseDriver][39m Valid locator strategies for this request: xpath, id, class name, accessibility id, -android uiautomator
2020-05-20 23:08:25:361 - [debug] [35m[BaseDriver][39m Waiting up to 5000 ms for condition
2020-05-20 23:08:25:362 - [debug] [35m[WD Proxy][39m Matched '/element' to command name 'findElement'
2020-05-20 23:08:25:362 - [debug] [35m[WD Proxy][39m Proxying [POST /element] to [POST http://localhost:6725/wd/hub/session/347d9313-bb69-4f96-be8c-a93784fe06ba/element] with body: {"strategy":"xpath","selector":"//*[@text='微信']","context":"","multiple":false}
2020-05-20 23:08:26:021 - [debug] [35m[WD Proxy][39m Got response with status 200: {"sessionId":"347d9313-bb69-4f96-be8c-a93784fe06ba","status":0,"value":{"ELEMENT":"2360f68a-1f3e-4ae8-ae11-18e47d68601c"}}
2020-05-20 23:08:26:021 - [debug] [35m[W3C (ffa717d5)][39m Responding to client with driver.findElement() result: {"element-6066-11e4-a52e-4f735466cecf":"2360f68a-1f3e-4ae8-ae11-18e47d68601c","ELEMENT":"2360f68a-1f3e-4ae8-ae11-18e47d68601c"}
2020-05-20 23:08:26:022 - [35m[HTTP][39m [37m<-- POST /wd/hub/session/ffa717d5-99f0-4b37-8c47-011cc24f32be/element [39m[32m200[39m [90m663 ms - 137[39m
2020-05-20 23:08:26:022 - [35m[HTTP][39m [90m[39m
2020-05-20 23:08:26:025 - [35m[HTTP][39m [37m-->[39m [37mPOST[39m [37m/wd/hub/session/ffa717d5-99f0-4b37-8c47-011cc24f32be/element/2360f68a-1f3e-4ae8-ae11-18e47d68601c/click[39m
2020-05-20 23:08:26:025 - [35m[HTTP][39m [90m{"id":"2360f68a-1f3e-4ae8-ae11-18e47d68601c"}[39m
2020-05-20 23:08:26:026 - [debug] [35m[W3C (ffa717d5)][39m Calling AppiumDriver.click() with args: ["2360f68a-1f3e-4ae8-ae11-18e47d68601c","ffa717d5-99f0-4b37-8c47-011cc24f32be"]
2020-05-20 23:08:26:027 - [debug] [35m[WD Proxy][39m Matched '/element/2360f68a-1f3e-4ae8-ae11-18e47d68601c/click' to command name 'click'
2020-05-20 23:08:26:028 - [debug] [35m[WD Proxy][39m Proxying [POST /element/2360f68a-1f3e-4ae8-ae11-18e47d68601c/click] to [POST http://localhost:6725/wd/hub/session/347d9313-bb69-4f96-be8c-a93784fe06ba/element/2360f68a-1f3e-4ae8-ae11-18e47d68601c/click] with body: {"element":"2360f68a-1f3e-4ae8-ae11-18e47d68601c"}
2020-05-20 23:08:26:305 - [debug] [35m[WD Proxy][39m Got response with status 200: {"sessionId":"347d9313-bb69-4f96-be8c-a93784fe06ba","status":0,"value":true}
2020-05-20 23:08:26:305 - [debug] [35m[W3C (ffa717d5)][39m Responding to client with driver.click() result: true
2020-05-20 23:08:26:306 - [35m[HTTP][39m [37m<-- POST /wd/hub/session/ffa717d5-99f0-4b37-8c47-011cc24f32be/element/2360f68a-1f3e-4ae8-ae11-18e47d68601c/click [39m[32m200[39m [90m281 ms - 14[39m
2020-05-20 23:08:26:307 - [35m[HTTP][39m [90m[39m
2020-05-20 23:08:26:309 - [35m[HTTP][39m [37m-->[39m [37mPOST[39m [37m/wd/hub/session/ffa717d5-99f0-4b37-8c47-011cc24f32be/element[39m
2020-05-20 23:08:26:309 - [35m[HTTP][39m [90m{"using":"xpath","value":"//*[@class='android.widget.Toast']"}[39m
2020-05-20 23:08:26:309 - [debug] [35m[W3C (ffa717d5)][39m Calling AppiumDriver.findElement() with args: ["xpath","//*[@class='android.widget.Toast']","ffa717d5-99f0-4b37-8c47-011cc24f32be"]
2020-05-20 23:08:26:311 - [debug] [35m[BaseDriver][39m Valid locator strategies for this request: xpath, id, class name, accessibility id, -android uiautomator
2020-05-20 23:08:26:311 - [debug] [35m[BaseDriver][39m Waiting up to 5000 ms for condition
2020-05-20 23:08:26:313 - [debug] [35m[WD Proxy][39m Matched '/element' to command name 'findElement'
2020-05-20 23:08:26:314 - [debug] [35m[WD Proxy][39m Proxying [POST /element] to [POST http://localhost:6725/wd/hub/session/347d9313-bb69-4f96-be8c-a93784fe06ba/element] with body: {"strategy":"xpath","selector":"//*[@class='android.widget.Toast']","context":"","multiple":false}
2020-05-20 23:08:27:290 - [debug] [35m[WD Proxy][39m Got response with status 200: {"sessionId":"347d9313-bb69-4f96-be8c-a93784fe06ba","status":0,"value":{"ELEMENT":"f28c5778-8cad-47d2-ae47-b5e75132c25a"}}
2020-05-20 23:08:27:291 - [debug] [35m[W3C (ffa717d5)][39m Responding to client with driver.findElement() result: {"element-6066-11e4-a52e-4f735466cecf":"f28c5778-8cad-47d2-ae47-b5e75132c25a","ELEMENT":"f28c5778-8cad-47d2-ae47-b5e75132c25a"}
2020-05-20 23:08:27:292 - [35m[HTTP][39m [37m<-- POST /wd/hub/session/ffa717d5-99f0-4b37-8c47-011cc24f32be/element [39m[32m200[39m [90m983 ms - 137[39m
2020-05-20 23:08:27:293 - [35m[HTTP][39m [90m[39m
2020-05-20 23:08:27:296 - [35m[HTTP][39m [37m-->[39m [37mGET[39m [37m/wd/hub/session/ffa717d5-99f0-4b37-8c47-011cc24f32be/element/f28c5778-8cad-47d2-ae47-b5e75132c25a/text[39m
2020-05-20 23:08:27:296 - [35m[HTTP][39m [90m{}[39m
2020-05-20 23:08:27:298 - [35m[W3C (ffa717d5)][39m Driver proxy active, passing request on via HTTP proxy
2020-05-20 23:08:27:302 - [debug] [35m[WD Proxy][39m Matched '/wd/hub/session/ffa717d5-99f0-4b37-8c47-011cc24f32be/element/f28c5778-8cad-47d2-ae47-b5e75132c25a/text' to command name 'getText'
2020-05-20 23:08:27:303 - [debug] [35m[WD Proxy][39m Proxying [GET /wd/hub/session/ffa717d5-99f0-4b37-8c47-011cc24f32be/element/f28c5778-8cad-47d2-ae47-b5e75132c25a/text] to [GET http://localhost:6725/wd/hub/session/347d9313-bb69-4f96-be8c-a93784fe06ba/element/f28c5778-8cad-47d2-ae47-b5e75132c25a/text] with body: {}
2020-05-20 23:08:27:530 - [debug] [35m[WD Proxy][39m Got response with status 200: {"sessionId":"347d9313-bb69-4f96-be8c-a93784fe06ba","status":0,"value":"您尚未安装微信，请先安装微信"}
2020-05-20 23:08:27:531 - [35m[WD Proxy][39m Replacing sessionId 347d9313-bb69-4f96-be8c-a93784fe06ba with ffa717d5-99f0-4b37-8c47-011cc24f32be
2020-05-20 23:08:27:533 - [35m[HTTP][39m [37m<-- GET /wd/hub/session/ffa717d5-99f0-4b37-8c47-011cc24f32be/element/f28c5778-8cad-47d2-ae47-b5e75132c25a/text [39m[32m200[39m [90m236 ms - 105[39m
2020-05-20 23:08:27:533 - [35m[HTTP][39m [90m[39m
2020-05-20 23:08:27:544 - [35m[HTTP][39m [37m-->[39m [37mGET[39m [37m/wd/hub/session/ffa717d5-99f0-4b37-8c47-011cc24f32be/screenshot[39m
2020-05-20 23:08:27:545 - [35m[HTTP][39m [90m{}[39m
2020-05-20 23:08:27:546 - [debug] [35m[W3C (ffa717d5)][39m Calling AppiumDriver.getScreenshot() with args: ["ffa717d5-99f0-4b37-8c47-011cc24f32be"]
2020-05-20 23:08:27:548 - [debug] [35m[WD Proxy][39m Matched '/screenshot' to command name 'getScreenshot'
2020-05-20 23:08:27:548 - [debug] [35m[WD Proxy][39m Proxying [GET /screenshot] to [GET http://localhost:6725/wd/hub/session/347d9313-bb69-4f96-be8c-a93784fe06ba/screenshot] with no body
2020-05-20 23:08:28:226 - [debug] [35m[WD Proxy][39m Got response with status 200: {"sessionId":"347d9313-bb69-4f96-be8c-a93784fe06ba","status":0,"value":"iVBORw0KGgoAAAANSUhEUgAABDgAAAjICAYAAAA+Ih\/iAAAAAXNSR0IArs4c6QAAAARzQklUCAgI\nCHwIZIgAACAASURBVHic7L15vG9HVSf6Xfs3nHPuuVNy7w2QQBIQCQIyaECZQUQQwzwFFGjQVpF+\nLfbrj69bP2rbz4\/d70n7ntqt0N3PtmnAAQWEjwqoCAISkiCTMilGEAgkIcO9Z\/wNe70\/alq1qmoP\nv\/M7954bUsm5e\/92VX1r1apaa9VeuwZ62qOZAQAEExghkP1N6jniZy5JGjikXRC7NeSwAXAJoA+2\nTs\/sf8xHwG2XE3aPVMUsVCqnVO+GOGIGEwFs7kOafgwkUMobDkwkJjAVaK9R5HcxiPoQi0xElp8d\n6XdEiau5sK1TA78lMgdkmZ6ZQRT3YuY8XQTK92UVBtM5xqdnGO5MMZjMgHldTr+f8nBAsWeHVjA5\nvAoeVGBQM5YL+rlMTwDq+GdraKq7BXH9JMH0z22faCsjV6+SmhJdPYvHACoEmezQhhXXWNvYMvdU\n+XzMBX6R0G0uLYAKlZFfFWduq+RZik3Z\/FG6Ql8g2U+y2LoO1Bm7ne582vMS2yU8QNitoa\/t2Yut\n30vaZdSzKJPN2O3tw\/uIvZ90Z7DPF1k7oHLc2CGzssYdsDt08gibwVy3p9ewFbBxaojtIzkOkR0j\nuzGmeyzGnO555hkR+fFgdLWE58aKhjXsShf1c\/Qb3sl8zCo9FIala22jxqHbFQNaZY2y6R1ZCf0F\n7Eqj74s80Pkha+crtkvYE7s1nAe2fpgQJX+7DIyU8BLxkts6n8JmGHubpGnCLl1FOrZqgnJ06cYo\n1S9hWKg0Azh9D8bukQFywdUreUFxuE2doFBnVi8E\/rVevLE7RdzUK9jnlIrfOjYsQ5x+JAel265P\nI...
2020-05-20 23:08:28:229 - [debug] [35m[W3C (ffa717d5)][39m Responding to client with driver.getScreenshot() result: "iVBORw0KGgoAAAANSUhEUgAABDgAAAjICAYAAAA+Ih/iAAAAAXNSR0IArs4c6QAAAARzQklUCAgI\nCHwIZIgAACAASURBVHic7L15vG9HVSf6Xfs3nHPuuVNy7w2QQBIQCQIyaECZQUQQwzwFFGjQVpF+\nLfbrj69bP2rbz4/d70n7ntqt0N3PtmnAAQWEjwqoCAISkiCTMilGEAgkIcO9Z/wNe70/alq1qmoP\nv/M7954bUsm5e/92VX1r1apaa9VeuwZ62qOZAQAEExghkP1N6jniZy5JGjikXRC7NeSwAXAJoA+2\nTs/sf8xHwG2XE3aPVMUsVCqnVO+GOGIGEwFs7kOafgwkUMobDkwkJjAVaK9R5HcxiPoQi0xElp8d\n6XdEiau5sK1TA78lMgdkmZ6ZQRT3YuY8XQTK92UVBtM5xqdnGO5MMZjMgHldTr+f8nBAsWeHVjA5\nvAoeVGBQM5YL+rlMTwDq+GdraKq7BXH9JMH0z22faCsjV6+SmhJdPYvHACoEmezQhhXXWNvYMvdU\n+XzMBX6R0G0uLYAKlZFfFWduq+RZik3Z/FG6Ql8g2U+y2LoO1Bm7ne582vMS2yU8QNitoa/t2Yut\n30vaZdSzKJPN2O3tw/uIvZ90Z7DPF1k7oHLc2CGzssYdsDt08gibwVy3p9ewFbBxaojtIzkOkR0j\nuzGmeyzGnO555hkR+fFgdLWE58aKhjXsShf1c/Qb3sl8zCo9FIala22jxqHbFQNaZY2y6R1ZCf0F\n7Eqj74s80Pkha+crtkvYE7s1nAe2fpgQJX+7DIyU8BLxkts6n8JmGHubpGnCLl1FOrZqgnJ06cYo\n1S9hWKg0Azh9D8bukQFywdUreUFxuE2doFBnVi8E/rVevLE7RdzUK9jnlIrfOjYsQ5x+JAel265P\nIBjnDAhcGUVGgFHeRQOUYZ70TNg4ZwocZvGFMKq/szehYqkjw5ETGzgI3lFBKVdzxmhzgtHmFIPJ\nHDSbJ/...
2020-05-20 23:08:28:235 - [35m[HTTP][39m [37m<-- GET /wd/hub/session/ffa717d5-99f0-4b37-8c47-011cc24f32be/screenshot [39m[32m200[39m [90m690 ms - 577542[39m
2020-05-20 23:08:28:235 - [35m[HTTP][39m [90m[39m
2020-05-20 23:08:28:260 - [35m[HTTP][39m [37m-->[39m [37mPOST[39m [37m/wd/hub/session/ffa717d5-99f0-4b37-8c47-011cc24f32be/appium/app/close[39m
2020-05-20 23:08:28:260 - [35m[HTTP][39m [90m{}[39m
2020-05-20 23:08:28:265 - [debug] [35m[W3C (ffa717d5)][39m Calling AppiumDriver.closeApp() with args: ["ffa717d5-99f0-4b37-8c47-011cc24f32be"]
2020-05-20 23:08:28:266 - [debug] [35m[ADB][39m Running '/Users/tangyao/Android/sdk/platform-tools/adb -P 5037 -s 5483e9c3 shell am force-stop com.xueqiu.android'
2020-05-20 23:08:28:403 - [debug] [35m[W3C (ffa717d5)][39m Responding to client with driver.closeApp() result: null
2020-05-20 23:08:28:404 - [35m[HTTP][39m [37m<-- POST /wd/hub/session/ffa717d5-99f0-4b37-8c47-011cc24f32be/appium/app/close [39m[32m200[39m [90m144 ms - 14[39m
2020-05-20 23:08:28:405 - [35m[HTTP][39m [90m[39m
2020-05-20 23:08:28:406 - [35m[HTTP][39m [37m-->[39m [37mDELETE[39m [37m/wd/hub/session/ffa717d5-99f0-4b37-8c47-011cc24f32be[39m
2020-05-20 23:08:28:406 - [35m[HTTP][39m [90m{}[39m
2020-05-20 23:08:28:406 - [debug] [35m[W3C (ffa717d5)][39m Calling AppiumDriver.deleteSession() with args: ["ffa717d5-99f0-4b37-8c47-011cc24f32be"]
2020-05-20 23:08:28:406 - [debug] [35m[BaseDriver][39m Event 'quitSessionRequested' logged at 1589987308406 (23:08:28 GMT+0800 (China Standard Time))
2020-05-20 23:08:28:407 - [35m[Appium][39m Removing session ffa717d5-99f0-4b37-8c47-011cc24f32be from our master session list
2020-05-20 23:08:28:408 - [debug] [35m[UiAutomator2][39m Deleting UiAutomator2 session
2020-05-20 23:08:28:409 - [debug] [35m[UiAutomator2][39m Deleting UiAutomator2 server session
2020-05-20 23:08:28:409 - [debug] [35m[WD Proxy][39m Matched '/' to command name 'deleteSession'
2020-05-20 23:08:28:409 - [debug] [35m[WD Proxy][39m Proxying [DELETE /] to [DELETE http://localhost:6725/wd/hub/session/347d9313-bb69-4f96-be8c-a93784fe06ba] with no body
2020-05-20 23:08:28:438 - [debug] [35m[WD Proxy][39m Got response with status 200: {"sessionId":"347d9313-bb69-4f96-be8c-a93784fe06ba","status":0,"value":"Session deleted"}
2020-05-20 23:08:28:439 - [debug] [35m[UiAutomator2][39m Resetting IME to 'io.appium.settings/.UnicodeIME'
2020-05-20 23:08:28:439 - [debug] [35m[ADB][39m Running '/Users/tangyao/Android/sdk/platform-tools/adb -P 5037 -s 5483e9c3 shell ime set io.appium.settings/.UnicodeIME'
2020-05-20 23:08:28:490 - [debug] [35m[ADB][39m Running '/Users/tangyao/Android/sdk/platform-tools/adb -P 5037 -s 5483e9c3 shell am force-stop com.xueqiu.android'
2020-05-20 23:08:28:531 - [debug] [35m[Logcat][39m Stopping logcat capture
2020-05-20 23:08:28:534 - [debug] [35m[ADB][39m Removing forwarded port socket connection: 6725 
2020-05-20 23:08:28:534 - [debug] [35m[ADB][39m Running '/Users/tangyao/Android/sdk/platform-tools/adb -P 5037 -s 5483e9c3 forward --remove tcp\:6725'
2020-05-20 23:08:28:543 - [35m[UiAutomator2][39m Restoring hidden api policy to the device default configuration
2020-05-20 23:08:28:543 - [debug] [35m[ADB][39m Running '/Users/tangyao/Android/sdk/platform-tools/adb -P 5037 -s 5483e9c3 shell settings delete global hidden_api_policy_pre_p_apps'
2020-05-20 23:08:28:580 - [debug] [35m[ADB][39m Running '/Users/tangyao/Android/sdk/platform-tools/adb -P 5037 -s 5483e9c3 shell settings delete global hidden_api_policy_p_apps'
2020-05-20 23:08:28:618 - [debug] [35m[ADB][39m Running '/Users/tangyao/Android/sdk/platform-tools/adb -P 5037 -s 5483e9c3 shell settings delete global hidden_api_policy'
2020-05-20 23:08:28:678 - [debug] [35m[BaseDriver][39m Event 'quitSessionFinished' logged at 1589987308677 (23:08:28 GMT+0800 (China Standard Time))
2020-05-20 23:08:28:678 - [debug] [35m[W3C (ffa717d5)][39m Received response: null
2020-05-20 23:08:28:678 - [debug] [35m[W3C (ffa717d5)][39m But deleting session, so not returning
2020-05-20 23:08:28:679 - [debug] [35m[W3C (ffa717d5)][39m Responding to client with driver.deleteSession() result: null
2020-05-20 23:08:28:679 - [35m[HTTP][39m [37m<-- DELETE /wd/hub/session/ffa717d5-99f0-4b37-8c47-011cc24f32be [39m[32m200[39m [90m273 ms - 14[39m
2020-05-20 23:08:28:680 - [35m[HTTP][39m [90m[39m
2020-05-20 23:08:28:813 - [35m[Appium][39m Received SIGTERM - shutting down
2020-05-20 23:08:28:854 - [debug] [35m[Instrumentation][39m .
2020-05-20 23:08:29:294 - [debug] [35m[Instrumentation][39m Time: 15.057
2020-05-20 23:08:29:295 - [debug] [35m[Instrumentation][39m 
2020-05-20 23:08:29:295 - [debug] [35m[Instrumentation][39m OK (1 test)
2020-05-20 23:08:29:604 - [debug] [35m[Instrumentation][39m The process has exited with code 0
