2020-05-20 23:02:15:810 - [35m[Appium][39m Welcome to Appium v1.14.1
2020-05-20 23:02:15:813 - [35m[Appium][39m Non-default server args:
2020-05-20 23:02:15:813 - [35m[Appium][39m   port: 4725
2020-05-20 23:02:15:814 - [35m[Appium][39m   bootstrapPort: 6725
2020-05-20 23:02:15:814 - [35m[Appium][39m   logTimestamp: true
2020-05-20 23:02:15:814 - [35m[Appium][39m   localTimezone: true
2020-05-20 23:02:15:814 - [35m[Appium][39m   udid: 5483e9c3
2020-05-20 23:02:15:815 - [35m[Appium][39m Deprecated server args:
2020-05-20 23:02:15:815 - [35m[Appium][39m   [31m-U,--udid[39m => --default-capabilities '{"udid":"5483e9c3"}'
2020-05-20 23:02:15:815 - [35m[Appium][39m Default capabilities, which will be added to each request unless overridden by desired capabilities:
2020-05-20 23:02:15:815 - [35m[Appium][39m   udid: 5483e9c3
2020-05-20 23:02:15:838 - [35m[Appium][39m Appium REST http interface listener started on 0.0.0.0:4725
2020-05-20 23:02:18:359 - [35m[HTTP][39m [37m-->[39m [37mPOST[39m [37m/wd/hub/session[39m
2020-05-20 23:02:18:359 - [35m[HTTP][39m [90m{"capabilities":{"firstMatch":[{"platformName":"Android","appium:deviceName":"5483e9c3","appium:appPackage":"com.xueqiu.android","appium:platformVersion":"7.1.2","appium:appActivity":".view.WelcomeActivityAlias","appium:unicodeKeyboard":true,"appium:resetKeyboard":true,"appium:newCommandTimeout":120,"appium:systemPort":6725,"appium:noReset":true,"appium:autoGrantPermissions":true}]},"desiredCapabilities":{"platformName":"Android","deviceName":"5483e9c3","appPackage":"com.xueqiu.android","platformVersion":"7.1.2","appActivity":".view.WelcomeActivityAlias","unicodeKeyboard":true,"resetKeyboard":true,"newCommandTimeout":120,"systemPort":6725,"noReset":true,"autoGrantPermissions":true}}[39m
2020-05-20 23:02:18:362 - [debug] [35m[W3C][39m Calling AppiumDriver.createSession() with args: [{"platformName":"Android","deviceName":"5483e9c3","appPackage":"com.xueqiu.android","platformVersion":"7.1.2","appActivity":".view.WelcomeActivityAlias","unicodeKeyboard":true,"resetKeyboard":true,"newCommandTimeout":120,"systemPort":6725,"noReset":true,"autoGrantPermissions":true},null,{"firstMatch":[{"platformName":"Android","appium:deviceName":"5483e9c3","appium:appPackage":"com.xueqiu.android","appium:platformVersion":"7.1.2","appium:appActivity":".view.WelcomeActivityAlias","appium:unicodeKeyboard":true,"appium:resetKeyboard":true,"appium:newCommandTimeout":120,"appium:systemPort":6725,"appium:noReset":true,"appium:autoGrantPermissions":true}]}]
2020-05-20 23:02:18:362 - [debug] [35m[BaseDriver][39m Event 'newSessionRequested' logged at 1589986938362 (23:02:18 GMT+0800 (China Standard Time))
2020-05-20 23:02:18:367 - [35m[BaseDriver][39m The capabilities ["udid"] are not standard capabilities and should have an extension prefix
2020-05-20 23:02:18:372 - [35m[Appium][39m 
2020-05-20 23:02:18:372 - [35m[Appium][39m ======================================================================
2020-05-20 23:02:18:372 - [35m[Appium][39m   DEPRECATION WARNING:
2020-05-20 23:02:18:372 - [35m[Appium][39m 
2020-05-20 23:02:18:372 - [35m[Appium][39m   The 'automationName' capability was not provided in the desired 
2020-05-20 23:02:18:373 - [35m[Appium][39m   capabilities for this Android session
2020-05-20 23:02:18:373 - [35m[Appium][39m 
2020-05-20 23:02:18:373 - [35m[Appium][39m   Setting 'automationName=UiAutomator2' by default and using the 
2020-05-20 23:02:18:373 - [35m[Appium][39m   UiAutomator2 Driver
2020-05-20 23:02:18:374 - [35m[Appium][39m 
2020-05-20 23:02:18:374 - [35m[Appium][39m   The next major version of Appium (2.x) will **require** the 
2020-05-20 23:02:18:374 - [35m[Appium][39m   'automationName' capability to be set for all sessions on all 
2020-05-20 23:02:18:374 - [35m[Appium][39m   platforms
2020-05-20 23:02:18:374 - [35m[Appium][39m 
2020-05-20 23:02:18:374 - [35m[Appium][39m   In previous versions (Appium <= 1.13.x), the default was 
2020-05-20 23:02:18:375 - [35m[Appium][39m   'automationName=UiAutomator1'
2020-05-20 23:02:18:375 - [35m[Appium][39m 
2020-05-20 23:02:18:375 - [35m[Appium][39m   If you wish to use that automation instead of UiAutomator2, please 
2020-05-20 23:02:18:375 - [35m[Appium][39m   add 'automationName=UiAutomator1' to your desired capabilities
2020-05-20 23:02:18:375 - [35m[Appium][39m 
2020-05-20 23:02:18:375 - [35m[Appium][39m   For more information about drivers, please visit 
2020-05-20 23:02:18:375 - [35m[Appium][39m   http://appium.io/docs/en/about-appium/intro/ and explore the 
2020-05-20 23:02:18:375 - [35m[Appium][39m   'Drivers' menu
2020-05-20 23:02:18:376 - [35m[Appium][39m 
2020-05-20 23:02:18:376 - [35m[Appium][39m ======================================================================
2020-05-20 23:02:18:376 - [35m[Appium][39m 
2020-05-20 23:02:18:634 - [35m[Appium][39m Appium v1.14.1 creating new AndroidUiautomator2Driver (v1.34.0) session
2020-05-20 23:02:18:634 - [35m[Appium][39m Capabilities:
2020-05-20 23:02:18:634 - [35m[Appium][39m   platformName: Android
2020-05-20 23:02:18:634 - [35m[Appium][39m   udid: 5483e9c3
2020-05-20 23:02:18:634 - [35m[Appium][39m   deviceName: 5483e9c3
2020-05-20 23:02:18:635 - [35m[Appium][39m   appPackage: com.xueqiu.android
2020-05-20 23:02:18:635 - [35m[Appium][39m   platformVersion: 7.1.2
2020-05-20 23:02:18:636 - [35m[Appium][39m   appActivity: .view.WelcomeActivityAlias
2020-05-20 23:02:18:636 - [35m[Appium][39m   unicodeKeyboard: true
2020-05-20 23:02:18:636 - [35m[Appium][39m   resetKeyboard: true
2020-05-20 23:02:18:637 - [35m[Appium][39m   newCommandTimeout: 120
2020-05-20 23:02:18:637 - [35m[Appium][39m   systemPort: 6725
2020-05-20 23:02:18:637 - [35m[Appium][39m   noReset: true
2020-05-20 23:02:18:637 - [35m[Appium][39m   autoGrantPermissions: true
2020-05-20 23:02:18:639 - [debug] [35m[BaseDriver][39m W3C capabilities and MJSONWP desired capabilities were provided
2020-05-20 23:02:18:640 - [debug] [35m[BaseDriver][39m Creating session with W3C capabilities: {
2020-05-20 23:02:18:640 - [debug] [35m[BaseDriver][39m   "alwaysMatch": {
2020-05-20 23:02:18:640 - [debug] [35m[BaseDriver][39m     "platformName": "Android",
2020-05-20 23:02:18:640 - [debug] [35m[BaseDriver][39m     "appium:udid": "5483e9c3",
2020-05-20 23:02:18:640 - [debug] [35m[BaseDriver][39m     "appium:deviceName": "5483e9c3",
2020-05-20 23:02:18:640 - [debug] [35m[BaseDriver][39m     "appium:appPackage": "com.xueqiu.android",
2020-05-20 23:02:18:640 - [debug] [35m[BaseDriver][39m     "appium:platformVersion": "7.1.2",
2020-05-20 23:02:18:641 - [debug] [35m[BaseDriver][39m     "appium:appActivity": ".view.WelcomeActivityAlias",
2020-05-20 23:02:18:641 - [debug] [35m[BaseDriver][39m     "appium:unicodeKeyboard": true,
2020-05-20 23:02:18:641 - [debug] [35m[BaseDriver][39m     "appium:resetKeyboard": true,
2020-05-20 23:02:18:641 - [debug] [35m[BaseDriver][39m     "appium:newCommandTimeout": 120,
2020-05-20 23:02:18:641 - [debug] [35m[BaseDriver][39m     "appium:systemPort": 6725,
2020-05-20 23:02:18:641 - [debug] [35m[BaseDriver][39m     "appium:noReset": true,
2020-05-20 23:02:18:642 - [debug] [35m[BaseDriver][39m     "appium:autoGrantPermissions": true
2020-05-20 23:02:18:642 - [debug] [35m[BaseDriver][39m   },
2020-05-20 23:02:18:642 - [debug] [35m[BaseDriver][39m   "firstMatch": [
2020-05-20 23:02:18:642 - [debug] [35m[BaseDriver][39m     {}
2020-05-20 23:02:18:642 - [debug] [35m[BaseDriver][39m   ]
2020-05-20 23:02:18:642 - [debug] [35m[BaseDriver][39m }
2020-05-20 23:02:18:652 - [35m[BaseDriver][39m Session created with session id: a5d17f0d-740d-497b-9ecc-68eb2a752e8f
2020-05-20 23:02:18:687 - [35m[ADB][39m Found 42 'build-tools' folders under '/Users/tangyao/Android/sdk' (newest first):
2020-05-20 23:02:18:688 - [35m[ADB][39m     /Users/tangyao/Android/sdk/build-tools/30.0.0-rc2
2020-05-20 23:02:18:688 - [35m[ADB][39m     /Users/tangyao/Android/sdk/build-tools/29.0.2
2020-05-20 23:02:18:688 - [35m[ADB][39m     /Users/tangyao/Android/sdk/build-tools/29.0.0-rc2
2020-05-20 23:02:18:688 - [35m[ADB][39m     /Users/tangyao/Android/sdk/build-tools/28.0.3
2020-05-20 23:02:18:688 - [35m[ADB][39m     /Users/tangyao/Android/sdk/build-tools/28.0.2
2020-05-20 23:02:18:688 - [35m[ADB][39m     /Users/tangyao/Android/sdk/build-tools/28.0.1
2020-05-20 23:02:18:688 - [35m[ADB][39m     /Users/tangyao/Android/sdk/build-tools/28.0.0
2020-05-20 23:02:18:689 - [35m[ADB][39m     /Users/tangyao/Android/sdk/build-tools/28.0.0-rc2
2020-05-20 23:02:18:689 - [35m[ADB][39m     /Users/tangyao/Android/sdk/build-tools/28.0.0-rc1
2020-05-20 23:02:18:689 - [35m[ADB][39m     /Users/tangyao/Android/sdk/build-tools/27.0.3
2020-05-20 23:02:18:689 - [35m[ADB][39m     /Users/tangyao/Android/sdk/build-tools/26.0.1
2020-05-20 23:02:18:689 - [35m[ADB][39m     /Users/tangyao/Android/sdk/build-tools/26.0.0
2020-05-20 23:02:18:689 - [35m[ADB][39m     /Users/tangyao/Android/sdk/build-tools/25.0.3
2020-05-20 23:02:18:689 - [35m[ADB][39m     /Users/tangyao/Android/sdk/build-tools/25.0.2
2020-05-20 23:02:18:690 - [35m[ADB][39m     /Users/tangyao/Android/sdk/build-tools/25.0.1
2020-05-20 23:02:18:690 - [35m[ADB][39m     /Users/tangyao/Android/sdk/build-tools/25.0.0
2020-05-20 23:02:18:690 - [35m[ADB][39m     /Users/tangyao/Android/sdk/build-tools/24.0.3
2020-05-20 23:02:18:691 - [35m[ADB][39m     /Users/tangyao/Android/sdk/build-tools/24.0.2
2020-05-20 23:02:18:691 - [35m[ADB][39m     /Users/tangyao/Android/sdk/build-tools/24.0.1
2020-05-20 23:02:18:692 - [35m[ADB][39m     /Users/tangyao/Android/sdk/build-tools/24.0.0
2020-05-20 23:02:18:692 - [35m[ADB][39m     /Users/tangyao/Android/sdk/build-tools/23.0.3
2020-05-20 23:02:18:693 - [35m[ADB][39m     /Users/tangyao/Android/sdk/build-tools/23.0.2
2020-05-20 23:02:18:693 - [35m[ADB][39m     /Users/tangyao/Android/sdk/build-tools/23.0.1
2020-05-20 23:02:18:693 - [35m[ADB][39m     /Users/tangyao/Android/sdk/build-tools/23.0.0
2020-05-20 23:02:18:693 - [35m[ADB][39m     /Users/tangyao/Android/sdk/build-tools/22.0.1
2020-05-20 23:02:18:693 - [35m[ADB][39m     /Users/tangyao/Android/sdk/build-tools/22.0.0
2020-05-20 23:02:18:693 - [35m[ADB][39m     /Users/tangyao/Android/sdk/build-tools/21.1.2
2020-05-20 23:02:18:694 - [35m[ADB][39m     /Users/tangyao/Android/sdk/build-tools/21.1.1
2020-05-20 23:02:18:694 - [35m[ADB][39m     /Users/tangyao/Android/sdk/build-tools/21.1.0
2020-05-20 23:02:18:694 - [35m[ADB][39m     /Users/tangyao/Android/sdk/build-tools/21.0.2
2020-05-20 23:02:18:694 - [35m[ADB][39m     /Users/tangyao/Android/sdk/build-tools/21.0.1
2020-05-20 23:02:18:694 - [35m[ADB][39m     /Users/tangyao/Android/sdk/build-tools/21.0.0
2020-05-20 23:02:18:694 - [35m[ADB][39m     /Users/tangyao/Android/sdk/build-tools/20.0.0
2020-05-20 23:02:18:694 - [35m[ADB][39m     /Users/tangyao/Android/sdk/build-tools/19.1.0
2020-05-20 23:02:18:694 - [35m[ADB][39m     /Users/tangyao/Android/sdk/build-tools/19.0.3
2020-05-20 23:02:18:694 - [35m[ADB][39m     /Users/tangyao/Android/sdk/build-tools/19.0.2
2020-05-20 23:02:18:695 - [35m[ADB][39m     /Users/tangyao/Android/sdk/build-tools/19.0.1
2020-05-20 23:02:18:695 - [35m[ADB][39m     /Users/tangyao/Android/sdk/build-tools/19.0.0
2020-05-20 23:02:18:695 - [35m[ADB][39m     /Users/tangyao/Android/sdk/build-tools/18.1.1
2020-05-20 23:02:18:695 - [35m[ADB][39m     /Users/tangyao/Android/sdk/build-tools/18.1.0
2020-05-20 23:02:18:695 - [35m[ADB][39m     /Users/tangyao/Android/sdk/build-tools/18.0.1
2020-05-20 23:02:18:695 - [35m[ADB][39m     /Users/tangyao/Android/sdk/build-tools/17.0.0
2020-05-20 23:02:18:696 - [35m[ADB][39m Using 'adb' from '/Users/tangyao/Android/sdk/platform-tools/adb'
2020-05-20 23:02:18:697 - [35m[AndroidDriver][39m Retrieving device list
2020-05-20 23:02:18:697 - [debug] [35m[ADB][39m Trying to find a connected android device
2020-05-20 23:02:18:697 - [debug] [35m[ADB][39m Getting connected devices...
2020-05-20 23:02:18:722 - [debug] [35m[ADB][39m 2 device(s) connected
2020-05-20 23:02:18:725 - [35m[AndroidDriver][39m Using device: 5483e9c3
2020-05-20 23:02:18:727 - [35m[ADB][39m Using 'adb' from '/Users/tangyao/Android/sdk/platform-tools/adb'
2020-05-20 23:02:18:727 - [debug] [35m[ADB][39m Setting device id to 5483e9c3
2020-05-20 23:02:18:729 - [debug] [35m[ADB][39m Running '/Users/tangyao/Android/sdk/platform-tools/adb -P 5037 -s 5483e9c3 shell getprop ro.build.version.sdk'
2020-05-20 23:02:18:808 - [debug] [35m[ADB][39m Current device property 'ro.build.version.sdk': 29
2020-05-20 23:02:18:808 - [debug] [35m[ADB][39m Device API level: 29
2020-05-20 23:02:18:808 - [35m[UiAutomator2][39m Relaxing hidden api policy
2020-05-20 23:02:18:809 - [debug] [35m[ADB][39m Running '/Users/tangyao/Android/sdk/platform-tools/adb -P 5037 -s 5483e9c3 shell settings put global hidden_api_policy_pre_p_apps 1'
2020-05-20 23:02:18:926 - [debug] [35m[ADB][39m Running '/Users/tangyao/Android/sdk/platform-tools/adb -P 5037 -s 5483e9c3 shell settings put global hidden_api_policy_p_apps 1'
2020-05-20 23:02:19:039 - [debug] [35m[ADB][39m Running '/Users/tangyao/Android/sdk/platform-tools/adb -P 5037 -s 5483e9c3 shell settings put global hidden_api_policy 1'
2020-05-20 23:02:19:145 - [35m[AndroidDriver][39m No app sent in, not parsing package/activity
2020-05-20 23:02:19:146 - [debug] [35m[ADB][39m Running '/Users/tangyao/Android/sdk/platform-tools/adb -P 5037 -s 5483e9c3 wait-for-device'
2020-05-20 23:02:19:159 - [debug] [35m[ADB][39m Running '/Users/tangyao/Android/sdk/platform-tools/adb -P 5037 -s 5483e9c3 shell echo ping'
2020-05-20 23:02:19:209 - [debug] [35m[AndroidDriver][39m Pushing settings apk to device...
2020-05-20 23:02:19:211 - [debug] [35m[ADB][39m Getting install status for io.appium.settings
2020-05-20 23:02:19:212 - [debug] [35m[ADB][39m Running '/Users/tangyao/Android/sdk/platform-tools/adb -P 5037 -s 5483e9c3 shell dumpsys package io.appium.settings'
2020-05-20 23:02:19:318 - [debug] [35m[ADB][39m 'io.appium.settings' is installed
2020-05-20 23:02:19:319 - [debug] [35m[ADB][39m Getting package info for 'io.appium.settings'
2020-05-20 23:02:19:319 - [debug] [35m[ADB][39m Running '/Users/tangyao/Android/sdk/platform-tools/adb -P 5037 -s 5483e9c3 shell dumpsys package io.appium.settings'
2020-05-20 23:02:19:442 - [35m[ADB][39m Using 'apkanalyzer' from '/Users/tangyao/Android/sdk/tools/bin/apkanalyzer'
2020-05-20 23:02:19:443 - [debug] [35m[ADB][39m Starting '/Users/tangyao/Android/sdk/tools/bin/apkanalyzer' with args ["manifest","print","/usr/local/lib/node_modules/appium/node_modules/_io.appium.settings@2.14.1@io.appium.settings/apks/settings_apk-debug.apk"]
2020-05-20 23:02:22:645 - [debug] [35m[ADB][39m The version name of the installed 'io.appium.settings' is greater or equal to the application version name ('2.14.1' >= '2.14.1')
2020-05-20 23:02:22:646 - [debug] [35m[ADB][39m There is no need to install/upgrade '/usr/local/lib/node_modules/appium/node_modules/_io.appium.settings@2.14.1@io.appium.settings/apks/settings_apk-debug.apk'
2020-05-20 23:02:22:647 - [debug] [35m[ADB][39m Getting IDs of all 'io.appium.settings' processes
2020-05-20 23:02:22:647 - [debug] [35m[ADB][39m Running '/Users/tangyao/Android/sdk/platform-tools/adb -P 5037 -s 5483e9c3 shell 'pgrep --help; echo $?''
2020-05-20 23:02:22:738 - [debug] [35m[ADB][39m Running '/Users/tangyao/Android/sdk/platform-tools/adb -P 5037 -s 5483e9c3 shell pgrep -f io\.appium\.settings'
2020-05-20 23:02:22:862 - [debug] [35m[AndroidDriver][39m io.appium.settings is already running. There is no need to reset its permissions.
2020-05-20 23:02:22:862 - [debug] [35m[ADB][39m Running '/Users/tangyao/Android/sdk/platform-tools/adb -P 5037 -s 5483e9c3 shell appops set io.appium.settings android\:mock_location allow'
2020-05-20 23:02:22:978 - [debug] [35m[Logcat][39m Starting logcat capture
2020-05-20 23:02:23:056 - [debug] [35m[AndroidDriver][39m Enabling Unicode keyboard support
2020-05-20 23:02:23:057 - [debug] [35m[ADB][39m Running '/Users/tangyao/Android/sdk/platform-tools/adb -P 5037 -s 5483e9c3 shell settings get secure default_input_method'
2020-05-20 23:02:23:136 - [debug] [35m[AndroidDriver][39m Unsetting previous IME io.appium.settings/.UnicodeIME
2020-05-20 23:02:23:136 - [debug] [35m[AndroidDriver][39m Setting IME to 'io.appium.settings/.UnicodeIME'
2020-05-20 23:02:23:137 - [debug] [35m[ADB][39m Running '/Users/tangyao/Android/sdk/platform-tools/adb -P 5037 -s 5483e9c3 shell ime enable io.appium.settings/.UnicodeIME'
2020-05-20 23:02:23:199 - [debug] [35m[ADB][39m Running '/Users/tangyao/Android/sdk/platform-tools/adb -P 5037 -s 5483e9c3 shell ime set io.appium.settings/.UnicodeIME'
2020-05-20 23:02:23:285 - [debug] [35m[ADB][39m Getting install status for io.appium.uiautomator2.server
2020-05-20 23:02:23:286 - [debug] [35m[ADB][39m Running '/Users/tangyao/Android/sdk/platform-tools/adb -P 5037 -s 5483e9c3 shell dumpsys package io.appium.uiautomator2.server'
2020-05-20 23:02:23:363 - [debug] [35m[ADB][39m 'io.appium.uiautomator2.server' is installed
2020-05-20 23:02:23:364 - [debug] [35m[ADB][39m Getting package info for 'io.appium.uiautomator2.server'
2020-05-20 23:02:23:364 - [debug] [35m[ADB][39m Running '/Users/tangyao/Android/sdk/platform-tools/adb -P 5037 -s 5483e9c3 shell dumpsys package io.appium.uiautomator2.server'
2020-05-20 23:02:23:429 - [debug] [35m[ADB][39m Starting '/Users/tangyao/Android/sdk/tools/bin/apkanalyzer' with args ["manifest","print","/usr/local/lib/node_modules/appium/node_modules/_appium-uiautomator2-server@3.8.1@appium-uiautomator2-server/apks/appium-uiautomator2-server-v3.8.1.apk"]
2020-05-20 23:02:25:799 - [debug] [35m[ADB][39m The version name of the installed 'io.appium.uiautomator2.server' is greater or equal to the application version name ('3.8.1' >= '3.8.1')
2020-05-20 23:02:25:800 - [debug] [35m[UiAutomator2][39m io.appium.uiautomator2.server installation state: sameVersionInstalled
2020-05-20 23:02:25:800 - [debug] [35m[ADB][39m Checking app cert for /usr/local/lib/node_modules/appium/node_modules/_appium-uiautomator2-server@3.8.1@appium-uiautomator2-server/apks/appium-uiautomator2-server-v3.8.1.apk
2020-05-20 23:02:25:801 - [35m[ADB][39m Using 'apksigner' from '/Users/tangyao/Android/sdk/build-tools/30.0.0-rc2/apksigner'
2020-05-20 23:02:25:802 - [debug] [35m[ADB][39m Starting '/Users/tangyao/Android/sdk/build-tools/30.0.0-rc2/apksigner' with args '["verify","--print-certs","/usr/local/lib/node_modules/appium/node_modules/_appium-uiautomator2-server@3.8.1@appium-uiautomator2-server/apks/appium-uiautomator2-server-v3.8.1.apk"]'
2020-05-20 23:02:25:996 - [35m[ADB][39m Got an error during apksigner execution: Command '/Users/tangyao/Android/sdk/build-tools/30.0.0-rc2/apksigner verify --print-certs /usr/local/lib/node_modules/appium/node_modules/_appium-uiautomator2-server\@3.8.1\@appium-uiautomator2-server/apks/appium-uiautomator2-server-v3.8.1.apk' exited with code 1
2020-05-20 23:02:25:997 - [35m[ADB][39m apksigner stderr: Error: A JNI error has occurred, please check your installation and try again
2020-05-20 23:02:25:997 - [35m[ADB][39m Exception in thread "main" java.lang.UnsupportedClassVersionError: com/android/apksigner/ApkSignerTool has been compiled by a more recent version of the Java Runtime (class file version 53.0), this version of the Java Runtime only recognizes class file versions up to 52.0
2020-05-20 23:02:25:997 - [35m[ADB][39m 	at java.lang.ClassLoader.defineClass1(Native Method)
2020-05-20 23:02:25:997 - [35m[ADB][39m 	at java.lang.ClassLoader.defineClass(ClassLoader.java:763)
2020-05-20 23:02:25:997 - [35m[ADB][39m 	at java.security.SecureClassLoader.defineClass(SecureClassLoader.java:142)
2020-05-20 23:02:25:997 - [35m[ADB][39m 	at java.net.URLClassLoader.defineClass(URLClassLoader.java:467)
2020-05-20 23:02:25:997 - [35m[ADB][39m 	at java.net.URLClassLoader.access$100(URLClassLoader.java:73)
2020-05-20 23:02:25:997 - [35m[ADB][39m 	at java.net.URLClassLoader$1.run(URLClassLoader.java:368)
2020-05-20 23:02:25:998 - [35m[ADB][39m 	at java.net.URLClassLoader$1.run(URLClassLoader.java:362)
2020-05-20 23:02:25:998 - [35m[ADB][39m 	at java.security.AccessController.doPrivileged(Native Method)
2020-05-20 23:02:25:998 - [35m[ADB][39m 	at java.net.URLClassLoader.findClass(URLClassLoader.java:361)
2020-05-20 23:02:25:998 - [35m[ADB][39m 	at java.lang.ClassLoader.loadClass(ClassLoader.java:424)
2020-05-20 23:02:25:998 - [35m[ADB][39m 	at sun.misc.Launcher$AppClassLoader.loadClass(Launcher.java:349)
2020-05-20 23:02:25:998 - [35m[ADB][39m 	at java.lang.ClassLoader.loadClass(ClassLoader.java:357)
2020-05-20 23:02:25:998 - [35m[ADB][39m 	at sun.launcher.LauncherHelper.checkAndLoadMain(LauncherHelper.java:495)
2020-05-20 23:02:25:998 - [35m[ADB][39m 
2020-05-20 23:02:25:998 - [35m[ADB][39m Cannot use apksigner tool for signature verification. Original error: Command '/Users/tangyao/Android/sdk/build-tools/30.0.0-rc2/apksigner verify --print-certs /usr/local/lib/node_modules/appium/node_modules/_appium-uiautomator2-server\@3.8.1\@appium-uiautomator2-server/apks/appium-uiautomator2-server-v3.8.1.apk' exited with code 1
2020-05-20 23:02:25:999 - [debug] [35m[ADB][39m Defaulting to verify.jar
2020-05-20 23:02:26:352 - [debug] [35m[ADB][39m '/usr/local/lib/node_modules/appium/node_modules/_appium-uiautomator2-server@3.8.1@appium-uiautomator2-server/apks/appium-uiautomator2-server-v3.8.1.apk' is already signed.
2020-05-20 23:02:26:353 - [debug] [35m[ADB][39m Getting install status for io.appium.uiautomator2.server.test
2020-05-20 23:02:26:353 - [debug] [35m[ADB][39m Running '/Users/tangyao/Android/sdk/platform-tools/adb -P 5037 -s 5483e9c3 shell dumpsys package io.appium.uiautomator2.server.test'
2020-05-20 23:02:26:461 - [debug] [35m[ADB][39m 'io.appium.uiautomator2.server.test' is installed
2020-05-20 23:02:26:461 - [debug] [35m[ADB][39m Checking app cert for /usr/local/lib/node_modules/appium/node_modules/_appium-uiautomator2-server@3.8.1@appium-uiautomator2-server/apks/appium-uiautomator2-server-debug-androidTest.apk
2020-05-20 23:02:26:462 - [debug] [35m[ADB][39m Starting '/Users/tangyao/Android/sdk/build-tools/30.0.0-rc2/apksigner' with args '["verify","--print-certs","/usr/local/lib/node_modules/appium/node_modules/_appium-uiautomator2-server@3.8.1@appium-uiautomator2-server/apks/appium-uiautomator2-server-debug-androidTest.apk"]'
2020-05-20 23:02:26:672 - [35m[ADB][39m Got an error during apksigner execution: Command '/Users/tangyao/Android/sdk/build-tools/30.0.0-rc2/apksigner verify --print-certs /usr/local/lib/node_modules/appium/node_modules/_appium-uiautomator2-server\@3.8.1\@appium-uiautomator2-server/apks/appium-uiautomator2-server-debug-androidTest.apk' exited with code 1
2020-05-20 23:02:26:673 - [35m[ADB][39m apksigner stderr: Error: A JNI error has occurred, please check your installation and try again
2020-05-20 23:02:26:673 - [35m[ADB][39m Exception in thread "main" java.lang.UnsupportedClassVersionError: com/android/apksigner/ApkSignerTool has been compiled by a more recent version of the Java Runtime (class file version 53.0), this version of the Java Runtime only recognizes class file versions up to 52.0
2020-05-20 23:02:26:673 - [35m[ADB][39m 	at java.lang.ClassLoader.defineClass1(Native Method)
2020-05-20 23:02:26:673 - [35m[ADB][39m 	at java.lang.ClassLoader.defineClass(ClassLoader.java:763)
2020-05-20 23:02:26:673 - [35m[ADB][39m 	at java.security.SecureClassLoader.defineClass(SecureClassLoader.java:142)
2020-05-20 23:02:26:673 - [35m[ADB][39m 	at java.net.URLClassLoader.defineClass(URLClassLoader.java:467)
2020-05-20 23:02:26:673 - [35m[ADB][39m 	at java.net.URLClassLoader.access$100(URLClassLoader.java:73)
2020-05-20 23:02:26:673 - [35m[ADB][39m 	at java.net.URLClassLoader$1.run(URLClassLoader.java:368)
2020-05-20 23:02:26:673 - [35m[ADB][39m 	at java.net.URLClassLoader$1.run(URLClassLoader.java:362)
2020-05-20 23:02:26:674 - [35m[ADB][39m 	at java.security.AccessController.doPrivileged(Native Method)
2020-05-20 23:02:26:674 - [35m[ADB][39m 	at java.net.URLClassLoader.findClass(URLClassLoader.java:361)
2020-05-20 23:02:26:674 - [35m[ADB][39m 	at java.lang.ClassLoader.loadClass(ClassLoader.java:424)
2020-05-20 23:02:26:674 - [35m[ADB][39m 	at sun.misc.Launcher$AppClassLoader.loadClass(Launcher.java:349)
2020-05-20 23:02:26:674 - [35m[ADB][39m 	at java.lang.ClassLoader.loadClass(ClassLoader.java:357)
2020-05-20 23:02:26:674 - [35m[ADB][39m 	at sun.launcher.LauncherHelper.checkAndLoadMain(LauncherHelper.java:495)
2020-05-20 23:02:26:674 - [35m[ADB][39m 
2020-05-20 23:02:26:674 - [35m[ADB][39m Cannot use apksigner tool for signature verification. Original error: Command '/Users/tangyao/Android/sdk/build-tools/30.0.0-rc2/apksigner verify --print-certs /usr/local/lib/node_modules/appium/node_modules/_appium-uiautomator2-server\@3.8.1\@appium-uiautomator2-server/apks/appium-uiautomator2-server-debug-androidTest.apk' exited with code 1
2020-05-20 23:02:26:674 - [debug] [35m[ADB][39m Defaulting to verify.jar
2020-05-20 23:02:27:006 - [debug] [35m[ADB][39m '/usr/local/lib/node_modules/appium/node_modules/_appium-uiautomator2-server@3.8.1@appium-uiautomator2-server/apks/appium-uiautomator2-server-debug-androidTest.apk' is already signed.
2020-05-20 23:02:27:006 - [35m[UiAutomator2][39m Server packages are not going to be (re)installed
2020-05-20 23:02:27:007 - [debug] [35m[UiAutomator2][39m Waiting up to 30000ms for services to be available
2020-05-20 23:02:27:007 - [debug] [35m[ADB][39m Running '/Users/tangyao/Android/sdk/platform-tools/adb -P 5037 -s 5483e9c3 shell pm list instrumentation'
2020-05-20 23:02:27:116 - [debug] [35m[UiAutomator2][39m Instrumentation target 'io.appium.uiautomator2.server.test/androidx.test.runner.AndroidJUnitRunner' is available
2020-05-20 23:02:27:116 - [debug] [35m[UiAutomator2][39m Forwarding UiAutomator2 Server port 6790 to 6725
2020-05-20 23:02:27:117 - [debug] [35m[ADB][39m Forwarding system: 6725 to device: 6790
2020-05-20 23:02:27:117 - [debug] [35m[ADB][39m Running '/Users/tangyao/Android/sdk/platform-tools/adb -P 5037 -s 5483e9c3 forward tcp\:6725 tcp\:6790'
2020-05-20 23:02:27:130 - [debug] [35m[UiAutomator2][39m No app capability. Assuming it is already on the device
2020-05-20 23:02:27:131 - [debug] [35m[UiAutomator2][39m Performing shallow cleanup of automation leftovers
2020-05-20 23:02:27:169 - [debug] [35m[UiAutomator2][39m No obsolete sessions have been detected (Error: socket hang up)
2020-05-20 23:02:27:170 - [debug] [35m[ADB][39m Running '/Users/tangyao/Android/sdk/platform-tools/adb -P 5037 -s 5483e9c3 shell am force-stop io.appium.uiautomator2.server.test'
2020-05-20 23:02:27:298 - [35m[UiAutomator2][39m Starting UIAutomator2 server 3.8.1
2020-05-20 23:02:27:298 - [35m[UiAutomator2][39m Using UIAutomator2 server from '/usr/local/lib/node_modules/appium/node_modules/_appium-uiautomator2-server@3.8.1@appium-uiautomator2-server/apks/appium-uiautomator2-server-v3.8.1.apk' and test from '/usr/local/lib/node_modules/appium/node_modules/_appium-uiautomator2-server@3.8.1@appium-uiautomator2-server/apks/appium-uiautomator2-server-debug-androidTest.apk'
2020-05-20 23:02:27:298 - [35m[UiAutomator2][39m Waiting up to 30000ms for UiAutomator2 to be online...
2020-05-20 23:02:27:299 - [debug] [35m[ADB][39m Creating ADB subprocess with args: ["-P",5037,"-s","5483e9c3","shell","am","instrument","-w","io.appium.uiautomator2.server.test/androidx.test.runner.AndroidJUnitRunner"]
2020-05-20 23:02:28:295 - [debug] [35m[Instrumentation][39m io.appium.uiautomator2.server.test.AppiumUiAutomator2Server:
2020-05-20 23:02:28:304 - [debug] [35m[WD Proxy][39m Matched '/status' to command name 'getStatus'
2020-05-20 23:02:28:305 - [debug] [35m[WD Proxy][39m Proxying [GET /status] to [GET http://localhost:6725/wd/hub/status] with no body
2020-05-20 23:02:28:322 - [35m[WD Proxy][39m Got an unexpected response: {"code":"ECONNRESET"}
2020-05-20 23:02:29:324 - [debug] [35m[WD Proxy][39m Matched '/status' to command name 'getStatus'
2020-05-20 23:02:29:325 - [debug] [35m[WD Proxy][39m Proxying [GET /status] to [GET http://localhost:6725/wd/hub/status] with no body
2020-05-20 23:02:29:337 - [35m[WD Proxy][39m Got an unexpected response: {"code":"ECONNRESET"}
2020-05-20 23:02:30:342 - [debug] [35m[WD Proxy][39m Matched '/status' to command name 'getStatus'
2020-05-20 23:02:30:342 - [debug] [35m[WD Proxy][39m Proxying [GET /status] to [GET http://localhost:6725/wd/hub/status] with no body
2020-05-20 23:02:30:429 - [debug] [35m[WD Proxy][39m Got response with status 200: {"sessionId":"None","status":0,"value":"Status Invoked"}
2020-05-20 23:02:30:430 - [debug] [35m[WD Proxy][39m Determined the downstream protocol as 'MJSONWP'
2020-05-20 23:02:30:431 - [debug] [35m[UiAutomator2][39m The initialization of the instrumentation process took 3133ms
2020-05-20 23:02:30:432 - [debug] [35m[WD Proxy][39m Matched '/session' to command name 'createSession'
2020-05-20 23:02:30:432 - [debug] [35m[WD Proxy][39m Proxying [POST /session] to [POST http://localhost:6725/wd/hub/session] with body: {"desiredCapabilities":{"platform":"LINUX","webStorageEnabled":false,"takesScreenshot":true,"javascriptEnabled":true,"databaseEnabled":false,"networkConnectionEnabled":true,"locationContextEnabled":false,"warnings":{},"desired":{"platformName":"Android","udid":"5483e9c3","deviceName":"5483e9c3","appPackage":"com.xueqiu.android","platformVersion":"7.1.2","appActivity":".view.WelcomeActivityAlias","unicodeKeyboard":true,"resetKeyboard":true,"newCommandTimeout":120,"systemPort":6725,"noReset":true,"autoGrantPermissions":true},"platformName":"Android","udid":"5483e9c3","deviceName":"5483e9c3","appPackage":"com.xueqiu.android","platformVersion":"7.1.2","appActivity":".view.WelcomeActivityAlias","unicodeKeyboard":true,"resetKeyboard":true,"newCommandTimeout":120,"systemPort":6725,"noReset":true,"autoGrantPermissions":true,"deviceUDID":"5483e9c3"}}
2020-05-20 23:02:30:485 - [debug] [35m[WD Proxy][39m Got response with status 200: {"sessionId":"4e4d9a34-0873-4635-86bb-5a62fd642fe7","status":0,"value":"Created Session"}
2020-05-20 23:02:30:485 - [debug] [35m[WD Proxy][39m Determined the downstream protocol as 'MJSONWP' per session creation request
2020-05-20 23:02:30:504 - [debug] [35m[WD Proxy][39m Proxying [GET /appium/device/info] to [GET http://localhost:6725/wd/hub/session/4e4d9a34-0873-4635-86bb-5a62fd642fe7/appium/device/info] with no body
2020-05-20 23:02:30:571 - [debug] [35m[WD Proxy][39m Got response with status 200: {"sessionId":"4e4d9a34-0873-4635-86bb-5a62fd642fe7","status":0,"value":{"androidId":"405f120cdfa7799f","manufacturer":"Xiaomi","model":"MI 8","brand":"Xiaomi","apiVersion":"29","platformVersion":"10","carrierName":"","realDisplaySize":"1080x2248","displayDensity":440,"networks":[{"type":1,"typeName":"WIFI","subtype":0,"subtypeName":"","isConnected":true,"detailedState":"CONNECTED","state":"CONNECTED","extraInfo":null,"isAvailable":true,"isFailover":false,"isRoaming":false,"capabilities":{"transportTypes":"NET_CAPABILITY_SUPL","networkCapabilities":"","linkUpstreamBandwidthKbps":1048576,"linkDownBandwidthKbps":1048576,"signalStrength":-39,"networkSpecifier":null,"SSID":null}}],"locale":"zh_CN","timeZone":"Asia\/Shanghai"}}
2020-05-20 23:02:30:572 - [debug] [35m[ADB][39m Running '/Users/tangyao/Android/sdk/platform-tools/adb -P 5037 -s 5483e9c3 shell dumpsys window'
2020-05-20 23:02:30:719 - [35m[AndroidDriver][39m Screen already unlocked, doing nothing
2020-05-20 23:02:30:720 - [35m[UiAutomator2][39m UiAutomator2 did not start the activity we were waiting for, 'com.xueqiu.android/.view.WelcomeActivityAlias'. Starting it ourselves
2020-05-20 23:02:30:721 - [debug] [35m[ADB][39m Running '/Users/tangyao/Android/sdk/platform-tools/adb -P 5037 -s 5483e9c3 shell am start -W -n com.xueqiu.android/.view.WelcomeActivityAlias -S -a android.intent.action.MAIN -c android.intent.category.LAUNCHER -f 0x10200000'
2020-05-20 23:02:31:473 - [debug] [35m[WD Proxy][39m Proxying [GET /appium/device/pixel_ratio] to [GET http://localhost:6725/wd/hub/session/4e4d9a34-0873-4635-86bb-5a62fd642fe7/appium/device/pixel_ratio] with body: {}
2020-05-20 23:02:31:488 - [debug] [35m[WD Proxy][39m Got response with status 200: {"sessionId":"4e4d9a34-0873-4635-86bb-5a62fd642fe7","status":0,"value":2.75}
2020-05-20 23:02:31:489 - [debug] [35m[WD Proxy][39m Matched '/appium/device/system_bars' to command name 'getSystemBars'
2020-05-20 23:02:31:490 - [debug] [35m[WD Proxy][39m Proxying [GET /appium/device/system_bars] to [GET http://localhost:6725/wd/hub/session/4e4d9a34-0873-4635-86bb-5a62fd642fe7/appium/device/system_bars] with body: {}
2020-05-20 23:02:31:501 - [debug] [35m[WD Proxy][39m Got response with status 200: {"sessionId":"4e4d9a34-0873-4635-86bb-5a62fd642fe7","status":0,"value":{"statusBar":89}}
2020-05-20 23:02:31:502 - [debug] [35m[WD Proxy][39m Matched '/window/current/size' to command name 'getWindowSize'
2020-05-20 23:02:31:502 - [debug] [35m[WD Proxy][39m Proxying [GET /window/current/size] to [GET http://localhost:6725/wd/hub/session/4e4d9a34-0873-4635-86bb-5a62fd642fe7/window/current/size] with body: {}
2020-05-20 23:02:31:513 - [debug] [35m[WD Proxy][39m Got response with status 200: {"sessionId":"4e4d9a34-0873-4635-86bb-5a62fd642fe7","status":0,"value":{"height":2029,"width":1080}}
2020-05-20 23:02:31:514 - [35m[Appium][39m New AndroidUiautomator2Driver session created successfully, session a5d17f0d-740d-497b-9ecc-68eb2a752e8f added to master session list
2020-05-20 23:02:31:515 - [debug] [35m[BaseDriver][39m Event 'newSessionStarted' logged at 1589986951514 (23:02:31 GMT+0800 (China Standard Time))
2020-05-20 23:02:31:515 - [debug] [35m[W3C (a5d17f0d)][39m Cached the protocol value 'W3C' for the new session a5d17f0d-740d-497b-9ecc-68eb2a752e8f
2020-05-20 23:02:31:516 - [debug] [35m[W3C (a5d17f0d)][39m Responding to client with driver.createSession() result: {"capabilities":{"platform":"LINUX","webStorageEnabled":false,"takesScreenshot":true,"javascriptEnabled":true,"databaseEnabled":false,"networkConnectionEnabled":true,"locationContextEnabled":false,"warnings":{},"desired":{"platformName":"Android","udid":"5483e9c3","deviceName":"5483e9c3","appPackage":"com.xueqiu.android","platformVersion":"7.1.2","appActivity":".view.WelcomeActivityAlias","unicodeKeyboard":true,"resetKeyboard":true,"newCommandTimeout":120,"systemPort":6725,"noReset":true,"autoGrantPermissions":true},"platformName":"Android","udid":"5483e9c3","deviceName":"5483e9c3","appPackage":"com.xueqiu.android","platformVersion":"10","appActivity":".view.WelcomeActivityAlias","unicodeKeyboard":true,"resetKeyboard":true,"newCommandTimeout":120,"systemPort":6725,"noReset":true,"autoGrantPermissions":true,"deviceUDID":"5483e9c3","deviceApiLevel":29,"deviceScreenSize":"1080x2248","deviceScreenDensity":440,"deviceModel":"MI 8","deviceManufacturer":"Xiaomi","pixelRatio":2.75,"statBarHeight":89,"viewportRect"...
2020-05-20 23:02:31:525 - [35m[HTTP][39m [37m<-- POST /wd/hub/session [39m[32m200[39m [90m13163 ms - 1131[39m
2020-05-20 23:02:31:525 - [35m[HTTP][39m [90m[39m
2020-05-20 23:02:31:530 - [35m[HTTP][39m [37m-->[39m [37mPOST[39m [37m/wd/hub/session/a5d17f0d-740d-497b-9ecc-68eb2a752e8f/timeouts[39m
2020-05-20 23:02:31:530 - [35m[HTTP][39m [90m{"implicit":5000}[39m
2020-05-20 23:02:31:533 - [debug] [35m[W3C (a5d17f0d)][39m Calling AppiumDriver.timeouts() with args: [null,null,null,null,5000,"a5d17f0d-740d-497b-9ecc-68eb2a752e8f"]
2020-05-20 23:02:31:557 - [debug] [35m[BaseDriver][39m W3C timeout argument: {"implicit":5000}}
2020-05-20 23:02:31:558 - [debug] [35m[BaseDriver][39m Set implicit wait to 5000ms
2020-05-20 23:02:31:559 - [debug] [35m[W3C (a5d17f0d)][39m Responding to client with driver.timeouts() result: null
2020-05-20 23:02:31:559 - [35m[HTTP][39m [37m<-- POST /wd/hub/session/a5d17f0d-740d-497b-9ecc-68eb2a752e8f/timeouts [39m[32m200[39m [90m29 ms - 14[39m
2020-05-20 23:02:31:560 - [35m[HTTP][39m [90m[39m
2020-05-20 23:02:33:572 - [35m[HTTP][39m [37m-->[39m [37mPOST[39m [37m/wd/hub/session/a5d17f0d-740d-497b-9ecc-68eb2a752e8f/element[39m
2020-05-20 23:02:33:573 - [35m[HTTP][39m [90m{"using":"xpath","value":"//*[@text='我的']"}[39m
2020-05-20 23:02:33:577 - [debug] [35m[W3C (a5d17f0d)][39m Calling AppiumDriver.findElement() with args: ["xpath","//*[@text='我的']","a5d17f0d-740d-497b-9ecc-68eb2a752e8f"]
2020-05-20 23:02:33:580 - [debug] [35m[BaseDriver][39m Valid locator strategies for this request: xpath, id, class name, accessibility id, -android uiautomator
2020-05-20 23:02:33:581 - [debug] [35m[BaseDriver][39m Waiting up to 5000 ms for condition
2020-05-20 23:02:33:582 - [debug] [35m[WD Proxy][39m Matched '/element' to command name 'findElement'
2020-05-20 23:02:33:582 - [debug] [35m[WD Proxy][39m Proxying [POST /element] to [POST http://localhost:6725/wd/hub/session/4e4d9a34-0873-4635-86bb-5a62fd642fe7/element] with body: {"strategy":"xpath","selector":"//*[@text='我的']","context":"","multiple":false}
2020-05-20 23:02:34:204 - [35m[WD Proxy][39m Got an unexpected response: {"sessionId":"4e4d9a34-0873-4635-86bb-5a62fd642fe7","status":7,"value":"An element could not be located on the page using the given search parameters."}
2020-05-20 23:02:34:205 - [debug] [35m[MJSONWP][39m Matched JSONWP error code 7 to NoSuchElementError
2020-05-20 23:02:34:205 - [debug] [35m[BaseDriver][39m Waited for 624 ms so far
2020-05-20 23:02:34:710 - [debug] [35m[WD Proxy][39m Matched '/element' to command name 'findElement'
2020-05-20 23:02:34:711 - [debug] [35m[WD Proxy][39m Proxying [POST /element] to [POST http://localhost:6725/wd/hub/session/4e4d9a34-0873-4635-86bb-5a62fd642fe7/element] with body: {"strategy":"xpath","selector":"//*[@text='我的']","context":"","multiple":false}
2020-05-20 23:02:34:834 - [35m[WD Proxy][39m Got an unexpected response: {"sessionId":"4e4d9a34-0873-4635-86bb-5a62fd642fe7","status":7,"value":"An element could not be located on the page using the given search parameters."}
2020-05-20 23:02:34:834 - [debug] [35m[MJSONWP][39m Matched JSONWP error code 7 to NoSuchElementError
2020-05-20 23:02:34:835 - [debug] [35m[BaseDriver][39m Waited for 1254 ms so far
2020-05-20 23:02:35:337 - [debug] [35m[WD Proxy][39m Matched '/element' to command name 'findElement'
2020-05-20 23:02:35:337 - [debug] [35m[WD Proxy][39m Proxying [POST /element] to [POST http://localhost:6725/wd/hub/session/4e4d9a34-0873-4635-86bb-5a62fd642fe7/element] with body: {"strategy":"xpath","selector":"//*[@text='我的']","context":"","multiple":false}
2020-05-20 23:02:35:438 - [35m[WD Proxy][39m Got an unexpected response: {"sessionId":"4e4d9a34-0873-4635-86bb-5a62fd642fe7","status":7,"value":"An element could not be located on the page using the given search parameters."}
2020-05-20 23:02:35:439 - [debug] [35m[MJSONWP][39m Matched JSONWP error code 7 to NoSuchElementError
2020-05-20 23:02:35:439 - [debug] [35m[BaseDriver][39m Waited for 1858 ms so far
2020-05-20 23:02:35:942 - [debug] [35m[WD Proxy][39m Matched '/element' to command name 'findElement'
2020-05-20 23:02:35:943 - [debug] [35m[WD Proxy][39m Proxying [POST /element] to [POST http://localhost:6725/wd/hub/session/4e4d9a34-0873-4635-86bb-5a62fd642fe7/element] with body: {"strategy":"xpath","selector":"//*[@text='我的']","context":"","multiple":false}
2020-05-20 23:02:36:045 - [35m[WD Proxy][39m Got an unexpected response: {"sessionId":"4e4d9a34-0873-4635-86bb-5a62fd642fe7","status":7,"value":"An element could not be located on the page using the given search parameters."}
2020-05-20 23:02:36:045 - [debug] [35m[MJSONWP][39m Matched JSONWP error code 7 to NoSuchElementError
2020-05-20 23:02:36:046 - [debug] [35m[BaseDriver][39m Waited for 2465 ms so far
2020-05-20 23:02:36:552 - [debug] [35m[WD Proxy][39m Matched '/element' to command name 'findElement'
2020-05-20 23:02:36:552 - [debug] [35m[WD Proxy][39m Proxying [POST /element] to [POST http://localhost:6725/wd/hub/session/4e4d9a34-0873-4635-86bb-5a62fd642fe7/element] with body: {"strategy":"xpath","selector":"//*[@text='我的']","context":"","multiple":false}
2020-05-20 23:02:36:646 - [35m[WD Proxy][39m Got an unexpected response: {"sessionId":"4e4d9a34-0873-4635-86bb-5a62fd642fe7","status":7,"value":"An element could not be located on the page using the given search parameters."}
2020-05-20 23:02:36:646 - [debug] [35m[MJSONWP][39m Matched JSONWP error code 7 to NoSuchElementError
2020-05-20 23:02:36:646 - [debug] [35m[BaseDriver][39m Waited for 3065 ms so far
2020-05-20 23:02:37:151 - [debug] [35m[WD Proxy][39m Matched '/element' to command name 'findElement'
2020-05-20 23:02:37:151 - [debug] [35m[WD Proxy][39m Proxying [POST /element] to [POST http://localhost:6725/wd/hub/session/4e4d9a34-0873-4635-86bb-5a62fd642fe7/element] with body: {"strategy":"xpath","selector":"//*[@text='我的']","context":"","multiple":false}
2020-05-20 23:02:39:750 - [debug] [35m[WD Proxy][39m Got response with status 200: {"sessionId":"4e4d9a34-0873-4635-86bb-5a62fd642fe7","status":0,"value":{"ELEMENT":"428e20e3-2491-4bb6-b605-1c24fbbb2af1"}}
2020-05-20 23:02:39:752 - [debug] [35m[W3C (a5d17f0d)][39m Responding to client with driver.findElement() result: {"element-6066-11e4-a52e-4f735466cecf":"428e20e3-2491-4bb6-b605-1c24fbbb2af1","ELEMENT":"428e20e3-2491-4bb6-b605-1c24fbbb2af1"}
2020-05-20 23:02:39:753 - [35m[HTTP][39m [37m<-- POST /wd/hub/session/a5d17f0d-740d-497b-9ecc-68eb2a752e8f/element [39m[32m200[39m [90m6181 ms - 137[39m
2020-05-20 23:02:39:753 - [35m[HTTP][39m [90m[39m
2020-05-20 23:02:39:754 - [35m[HTTP][39m [37m-->[39m [37mPOST[39m [37m/wd/hub/session/a5d17f0d-740d-497b-9ecc-68eb2a752e8f/element/428e20e3-2491-4bb6-b605-1c24fbbb2af1/click[39m
2020-05-20 23:02:39:755 - [35m[HTTP][39m [90m{"id":"428e20e3-2491-4bb6-b605-1c24fbbb2af1"}[39m
2020-05-20 23:02:39:757 - [debug] [35m[W3C (a5d17f0d)][39m Calling AppiumDriver.click() with args: ["428e20e3-2491-4bb6-b605-1c24fbbb2af1","a5d17f0d-740d-497b-9ecc-68eb2a752e8f"]
2020-05-20 23:02:39:759 - [debug] [35m[WD Proxy][39m Matched '/element/428e20e3-2491-4bb6-b605-1c24fbbb2af1/click' to command name 'click'
2020-05-20 23:02:39:759 - [debug] [35m[WD Proxy][39m Proxying [POST /element/428e20e3-2491-4bb6-b605-1c24fbbb2af1/click] to [POST http://localhost:6725/wd/hub/session/4e4d9a34-0873-4635-86bb-5a62fd642fe7/element/428e20e3-2491-4bb6-b605-1c24fbbb2af1/click] with body: {"element":"428e20e3-2491-4bb6-b605-1c24fbbb2af1"}
2020-05-20 23:02:39:835 - [debug] [35m[WD Proxy][39m Got response with status 200: {"sessionId":"4e4d9a34-0873-4635-86bb-5a62fd642fe7","status":0,"value":true}
2020-05-20 23:02:39:836 - [debug] [35m[W3C (a5d17f0d)][39m Responding to client with driver.click() result: true
2020-05-20 23:02:39:836 - [35m[HTTP][39m [37m<-- POST /wd/hub/session/a5d17f0d-740d-497b-9ecc-68eb2a752e8f/element/428e20e3-2491-4bb6-b605-1c24fbbb2af1/click [39m[32m200[39m [90m82 ms - 14[39m
2020-05-20 23:02:39:837 - [35m[HTTP][39m [90m[39m
2020-05-20 23:02:39:840 - [35m[HTTP][39m [37m-->[39m [37mPOST[39m [37m/wd/hub/session/a5d17f0d-740d-497b-9ecc-68eb2a752e8f/element[39m
2020-05-20 23:02:39:840 - [35m[HTTP][39m [90m{"using":"xpath","value":"//*[@text='微信']"}[39m
2020-05-20 23:02:39:841 - [debug] [35m[W3C (a5d17f0d)][39m Calling AppiumDriver.findElement() with args: ["xpath","//*[@text='微信']","a5d17f0d-740d-497b-9ecc-68eb2a752e8f"]
2020-05-20 23:02:39:842 - [debug] [35m[BaseDriver][39m Valid locator strategies for this request: xpath, id, class name, accessibility id, -android uiautomator
2020-05-20 23:02:39:842 - [debug] [35m[BaseDriver][39m Waiting up to 5000 ms for condition
2020-05-20 23:02:39:854 - [debug] [35m[WD Proxy][39m Matched '/element' to command name 'findElement'
2020-05-20 23:02:39:854 - [debug] [35m[WD Proxy][39m Proxying [POST /element] to [POST http://localhost:6725/wd/hub/session/4e4d9a34-0873-4635-86bb-5a62fd642fe7/element] with body: {"strategy":"xpath","selector":"//*[@text='微信']","context":"","multiple":false}
2020-05-20 23:02:40:575 - [debug] [35m[WD Proxy][39m Got response with status 200: {"sessionId":"4e4d9a34-0873-4635-86bb-5a62fd642fe7","status":0,"value":{"ELEMENT":"3b432421-4d13-4760-a2c3-13b3ddde41a8"}}
2020-05-20 23:02:40:576 - [debug] [35m[W3C (a5d17f0d)][39m Responding to client with driver.findElement() result: {"element-6066-11e4-a52e-4f735466cecf":"3b432421-4d13-4760-a2c3-13b3ddde41a8","ELEMENT":"3b432421-4d13-4760-a2c3-13b3ddde41a8"}
2020-05-20 23:02:40:578 - [35m[HTTP][39m [37m<-- POST /wd/hub/session/a5d17f0d-740d-497b-9ecc-68eb2a752e8f/element [39m[32m200[39m [90m737 ms - 137[39m
2020-05-20 23:02:40:578 - [35m[HTTP][39m [90m[39m
2020-05-20 23:02:40:581 - [35m[HTTP][39m [37m-->[39m [37mPOST[39m [37m/wd/hub/session/a5d17f0d-740d-497b-9ecc-68eb2a752e8f/element/3b432421-4d13-4760-a2c3-13b3ddde41a8/click[39m
2020-05-20 23:02:40:581 - [35m[HTTP][39m [90m{"id":"3b432421-4d13-4760-a2c3-13b3ddde41a8"}[39m
2020-05-20 23:02:40:582 - [debug] [35m[W3C (a5d17f0d)][39m Calling AppiumDriver.click() with args: ["3b432421-4d13-4760-a2c3-13b3ddde41a8","a5d17f0d-740d-497b-9ecc-68eb2a752e8f"]
2020-05-20 23:02:40:584 - [debug] [35m[WD Proxy][39m Matched '/element/3b432421-4d13-4760-a2c3-13b3ddde41a8/click' to command name 'click'
2020-05-20 23:02:40:585 - [debug] [35m[WD Proxy][39m Proxying [POST /element/3b432421-4d13-4760-a2c3-13b3ddde41a8/click] to [POST http://localhost:6725/wd/hub/session/4e4d9a34-0873-4635-86bb-5a62fd642fe7/element/3b432421-4d13-4760-a2c3-13b3ddde41a8/click] with body: {"element":"3b432421-4d13-4760-a2c3-13b3ddde41a8"}
2020-05-20 23:02:40:756 - [debug] [35m[WD Proxy][39m Got response with status 200: {"sessionId":"4e4d9a34-0873-4635-86bb-5a62fd642fe7","status":0,"value":true}
2020-05-20 23:02:40:757 - [debug] [35m[W3C (a5d17f0d)][39m Responding to client with driver.click() result: true
2020-05-20 23:02:40:758 - [35m[HTTP][39m [37m<-- POST /wd/hub/session/a5d17f0d-740d-497b-9ecc-68eb2a752e8f/element/3b432421-4d13-4760-a2c3-13b3ddde41a8/click [39m[32m200[39m [90m176 ms - 14[39m
2020-05-20 23:02:40:758 - [35m[HTTP][39m [90m[39m
2020-05-20 23:02:40:762 - [35m[HTTP][39m [37m-->[39m [37mPOST[39m [37m/wd/hub/session/a5d17f0d-740d-497b-9ecc-68eb2a752e8f/element[39m
2020-05-20 23:02:40:762 - [35m[HTTP][39m [90m{"using":"xpath","value":"//*[@class='android.widget.Toast']"}[39m
2020-05-20 23:02:40:764 - [debug] [35m[W3C (a5d17f0d)][39m Calling AppiumDriver.findElement() with args: ["xpath","//*[@class='android.widget.Toast']","a5d17f0d-740d-497b-9ecc-68eb2a752e8f"]
2020-05-20 23:02:40:765 - [debug] [35m[BaseDriver][39m Valid locator strategies for this request: xpath, id, class name, accessibility id, -android uiautomator
2020-05-20 23:02:40:765 - [debug] [35m[BaseDriver][39m Waiting up to 5000 ms for condition
2020-05-20 23:02:40:766 - [debug] [35m[WD Proxy][39m Matched '/element' to command name 'findElement'
2020-05-20 23:02:40:766 - [debug] [35m[WD Proxy][39m Proxying [POST /element] to [POST http://localhost:6725/wd/hub/session/4e4d9a34-0873-4635-86bb-5a62fd642fe7/element] with body: {"strategy":"xpath","selector":"//*[@class='android.widget.Toast']","context":"","multiple":false}
2020-05-20 23:02:41:707 - [debug] [35m[WD Proxy][39m Got response with status 200: {"sessionId":"4e4d9a34-0873-4635-86bb-5a62fd642fe7","status":0,"value":{"ELEMENT":"529c73fd-9dad-4ad5-922c-86af1d80f026"}}
2020-05-20 23:02:41:707 - [debug] [35m[W3C (a5d17f0d)][39m Responding to client with driver.findElement() result: {"element-6066-11e4-a52e-4f735466cecf":"529c73fd-9dad-4ad5-922c-86af1d80f026","ELEMENT":"529c73fd-9dad-4ad5-922c-86af1d80f026"}
2020-05-20 23:02:41:708 - [35m[HTTP][39m [37m<-- POST /wd/hub/session/a5d17f0d-740d-497b-9ecc-68eb2a752e8f/element [39m[32m200[39m [90m946 ms - 137[39m
2020-05-20 23:02:41:708 - [35m[HTTP][39m [90m[39m
2020-05-20 23:02:41:711 - [35m[HTTP][39m [37m-->[39m [37mGET[39m [37m/wd/hub/session/a5d17f0d-740d-497b-9ecc-68eb2a752e8f/element/529c73fd-9dad-4ad5-922c-86af1d80f026/text[39m
2020-05-20 23:02:41:711 - [35m[HTTP][39m [90m{}[39m
2020-05-20 23:02:41:713 - [35m[W3C (a5d17f0d)][39m Driver proxy active, passing request on via HTTP proxy
2020-05-20 23:02:41:714 - [debug] [35m[WD Proxy][39m Matched '/wd/hub/session/a5d17f0d-740d-497b-9ecc-68eb2a752e8f/element/529c73fd-9dad-4ad5-922c-86af1d80f026/text' to command name 'getText'
2020-05-20 23:02:41:715 - [debug] [35m[WD Proxy][39m Proxying [GET /wd/hub/session/a5d17f0d-740d-497b-9ecc-68eb2a752e8f/element/529c73fd-9dad-4ad5-922c-86af1d80f026/text] to [GET http://localhost:6725/wd/hub/session/4e4d9a34-0873-4635-86bb-5a62fd642fe7/element/529c73fd-9dad-4ad5-922c-86af1d80f026/text] with body: {}
2020-05-20 23:02:41:893 - [debug] [35m[WD Proxy][39m Got response with status 200: {"sessionId":"4e4d9a34-0873-4635-86bb-5a62fd642fe7","status":0,"value":"您尚未安装微信，请先安装微信"}
2020-05-20 23:02:41:894 - [35m[WD Proxy][39m Replacing sessionId 4e4d9a34-0873-4635-86bb-5a62fd642fe7 with a5d17f0d-740d-497b-9ecc-68eb2a752e8f
2020-05-20 23:02:41:895 - [35m[HTTP][39m [37m<-- GET /wd/hub/session/a5d17f0d-740d-497b-9ecc-68eb2a752e8f/element/529c73fd-9dad-4ad5-922c-86af1d80f026/text [39m[32m200[39m [90m183 ms - 105[39m
2020-05-20 23:02:41:895 - [35m[HTTP][39m [90m[39m
2020-05-20 23:02:41:898 - [35m[HTTP][39m [37m-->[39m [37mGET[39m [37m/wd/hub/session/a5d17f0d-740d-497b-9ecc-68eb2a752e8f/screenshot[39m
2020-05-20 23:02:41:898 - [35m[HTTP][39m [90m{}[39m
2020-05-20 23:02:41:899 - [debug] [35m[W3C (a5d17f0d)][39m Calling AppiumDriver.getScreenshot() with args: ["a5d17f0d-740d-497b-9ecc-68eb2a752e8f"]
2020-05-20 23:02:41:900 - [debug] [35m[WD Proxy][39m Matched '/screenshot' to command name 'getScreenshot'
2020-05-20 23:02:41:900 - [debug] [35m[WD Proxy][39m Proxying [GET /screenshot] to [GET http://localhost:6725/wd/hub/session/4e4d9a34-0873-4635-86bb-5a62fd642fe7/screenshot] with no body
2020-05-20 23:02:42:543 - [debug] [35m[WD Proxy][39m Got response with status 200: {"sessionId":"4e4d9a34-0873-4635-86bb-5a62fd642fe7","status":0,"value":"iVBORw0KGgoAAAANSUhEUgAABDgAAAjICAYAAAA+Ih\/iAAAAAXNSR0IArs4c6QAAAARzQklUCAgI\nCHwIZIgAACAASURBVHic7L15tG5JVSf42+cb7n1jvsx8mSQJCcmsQGHSJgiIDFKIUggIoomIaFlV\nrWi5tFYvu6qsue2qXl3a1SWWQtnlcgCxSYZGlhZoFS2DzDSDFIPKIBSQZCaQme\/d9+693\/ed3X\/E\ntGPHjjN899737ksy3nr3fOdExC92ROwhzj4x0DO\/nRkAQHCBkQL5e1LPkT8LSaqBRMKR2L3Bojs+\nMh6Owa6l5xYAsJy2uOOBU+wc76x9rL4grJPuWrsQA0wAMdfbLqQlArMdSaDYNvE3izpwSGfQ1XVf\nC4JWsmgiAiq0uvwkK5+uIo5ayh4Pp6eShDm2oWzL+AyU90GlP6fbS2ycWWCys0SzWAIr7ub5g5CH\nw4pNhN3jm1gc2\/TsR\/15rLJ0P7Q9+sjC7CsPJevJNAzHJ4PoGyHzoVwzPQNoALQduEY4duYsAKBp\nmpin5UqbEUH2SyCTQAA1Pk1etoujfvug8mfpOtqLhmArHC+xvdjj7No4ug8Vdkh4iLB7Q5fNrKXf\nq61fJ+1+1FP3\/UDsQWOxA8M+SLoN7EtF1g6xHJtj5Bq2rEgVewCTK2zmVX96o7zdYxOcuXqCtinL\ndOOzYNT8b1kwS2BKxfjxXgjlGJpiuwmLEseE+rmjgdK1dXihjFieaNeI4duTmHDqKys0y7JNumWN\njGciDxU5TWyq4HRi14IpD3n99xcb92CHhCOxe8MlYOunBVHyPmRglITXiJetzYgG1cIO0UXeLuza\nVVWyBUfdVsWWz2rYMm3rCGcA3ABn7tMk54bRwNWXbZm2xghGvYMPIlelDCaKjoPwAm45N0IukTMZ\nuNBPQ...
2020-05-20 23:02:42:546 - [debug] [35m[W3C (a5d17f0d)][39m Responding to client with driver.getScreenshot() result: "iVBORw0KGgoAAAANSUhEUgAABDgAAAjICAYAAAA+Ih/iAAAAAXNSR0IArs4c6QAAAARzQklUCAgI\nCHwIZIgAACAASURBVHic7L15tG5JVSf42+cb7n1jvsx8mSQJCcmsQGHSJgiIDFKIUggIoomIaFlV\nrWi5tFYvu6qsue2qXl3a1SWWQtnlcgCxSYZGlhZoFS2DzDSDFIPKIBSQZCaQme/d9+693/ed3X/E\ntGPHjjN899737ksy3nr3fOdExC92ROwhzj4x0DO/nRkAQHCBkQL5e1LPkT8LSaqBRMKR2L3Bojs+\nMh6Owa6l5xYAsJy2uOOBU+wc76x9rL4grJPuWrsQA0wAMdfbLqQlArMdSaDYNvE3izpwSGfQ1XVf\nC4JWsmgiAiq0uvwkK5+uIo5ayh4Pp6eShDm2oWzL+AyU90GlP6fbS2ycWWCys0SzWAIr7ub5g5CH\nw4pNhN3jm1gc2/TsR/15rLJ0P7Q9+sjC7CsPJevJNAzHJ4PoGyHzoVwzPQNoALQduEY4duYsAKBp\nmpin5UqbEUH2SyCTQAA1Pk1etoujfvug8mfpOtqLhmArHC+xvdjj7No4ug8Vdkh4iLB7Q5fNrKXf\nq61fJ+1+1FP3/UDsQWOxA8M+SLoN7EtF1g6xHJtj5Bq2rEgVewCTK2zmVX96o7zdYxOcuXqCtinL\ndOOzYNT8b1kwS2BKxfjxXgjlGJpiuwmLEseE+rmjgdK1dXihjFieaNeI4duTmHDqKys0y7JNumWN\njGciDxU5TWyq4HRi14IpD3n99xcb92CHhCOxe8MlYOunBVHyPmRglITXiJetzYgG1cIO0UXeLuza\nVVWyBUfdVsWWz2rYMm3rCGcA3ABn7tMk54bRwNWXbZm2xghGvYMPIlelDCaKjoPwAm45N0IukTMZ\nuNBPQp3Fl7mk6ey+7wtSIJtAa6gMo9O5EWkj++p/D3ZuBHI4/EmGJsYTJSOnnBzRuYGSlBCa3RXm\n5xaYnV...
2020-05-20 23:02:42:551 - [35m[HTTP][39m [37m<-- GET /wd/hub/session/a5d17f0d-740d-497b-9ecc-68eb2a752e8f/screenshot [39m[32m200[39m [90m652 ms - 576802[39m
2020-05-20 23:02:42:551 - [35m[HTTP][39m [90m[39m
2020-05-20 23:02:42:564 - [35m[HTTP][39m [37m-->[39m [37mPOST[39m [37m/wd/hub/session/a5d17f0d-740d-497b-9ecc-68eb2a752e8f/appium/app/close[39m
2020-05-20 23:02:42:564 - [35m[HTTP][39m [90m{}[39m
2020-05-20 23:02:42:569 - [debug] [35m[W3C (a5d17f0d)][39m Calling AppiumDriver.closeApp() with args: ["a5d17f0d-740d-497b-9ecc-68eb2a752e8f"]
2020-05-20 23:02:42:570 - [debug] [35m[ADB][39m Running '/Users/tangyao/Android/sdk/platform-tools/adb -P 5037 -s 5483e9c3 shell am force-stop com.xueqiu.android'
2020-05-20 23:02:42:718 - [debug] [35m[W3C (a5d17f0d)][39m Responding to client with driver.closeApp() result: null
2020-05-20 23:02:42:719 - [35m[HTTP][39m [37m<-- POST /wd/hub/session/a5d17f0d-740d-497b-9ecc-68eb2a752e8f/appium/app/close [39m[32m200[39m [90m155 ms - 14[39m
2020-05-20 23:02:42:720 - [35m[HTTP][39m [90m[39m
2020-05-20 23:02:42:723 - [35m[HTTP][39m [37m-->[39m [37mDELETE[39m [37m/wd/hub/session/a5d17f0d-740d-497b-9ecc-68eb2a752e8f[39m
2020-05-20 23:02:42:723 - [35m[HTTP][39m [90m{}[39m
2020-05-20 23:02:42:724 - [debug] [35m[W3C (a5d17f0d)][39m Calling AppiumDriver.deleteSession() with args: ["a5d17f0d-740d-497b-9ecc-68eb2a752e8f"]
2020-05-20 23:02:42:724 - [debug] [35m[BaseDriver][39m Event 'quitSessionRequested' logged at 1589986962724 (23:02:42 GMT+0800 (China Standard Time))
2020-05-20 23:02:42:725 - [35m[Appium][39m Removing session a5d17f0d-740d-497b-9ecc-68eb2a752e8f from our master session list
2020-05-20 23:02:42:725 - [debug] [35m[UiAutomator2][39m Deleting UiAutomator2 session
2020-05-20 23:02:42:726 - [debug] [35m[UiAutomator2][39m Deleting UiAutomator2 server session
2020-05-20 23:02:42:726 - [debug] [35m[WD Proxy][39m Matched '/' to command name 'deleteSession'
2020-05-20 23:02:42:726 - [debug] [35m[WD Proxy][39m Proxying [DELETE /] to [DELETE http://localhost:6725/wd/hub/session/4e4d9a34-0873-4635-86bb-5a62fd642fe7] with no body
2020-05-20 23:02:42:760 - [debug] [35m[WD Proxy][39m Got response with status 200: {"sessionId":"4e4d9a34-0873-4635-86bb-5a62fd642fe7","status":0,"value":"Session deleted"}
2020-05-20 23:02:42:761 - [debug] [35m[UiAutomator2][39m Resetting IME to 'io.appium.settings/.UnicodeIME'
2020-05-20 23:02:42:761 - [debug] [35m[ADB][39m Running '/Users/tangyao/Android/sdk/platform-tools/adb -P 5037 -s 5483e9c3 shell ime set io.appium.settings/.UnicodeIME'
2020-05-20 23:02:42:819 - [debug] [35m[ADB][39m Running '/Users/tangyao/Android/sdk/platform-tools/adb -P 5037 -s 5483e9c3 shell am force-stop com.xueqiu.android'
2020-05-20 23:02:42:869 - [debug] [35m[Logcat][39m Stopping logcat capture
2020-05-20 23:02:42:871 - [debug] [35m[ADB][39m Removing forwarded port socket connection: 6725 
2020-05-20 23:02:42:872 - [debug] [35m[ADB][39m Running '/Users/tangyao/Android/sdk/platform-tools/adb -P 5037 -s 5483e9c3 forward --remove tcp\:6725'
2020-05-20 23:02:42:880 - [35m[UiAutomator2][39m Restoring hidden api policy to the device default configuration
2020-05-20 23:02:42:881 - [debug] [35m[ADB][39m Running '/Users/tangyao/Android/sdk/platform-tools/adb -P 5037 -s 5483e9c3 shell settings delete global hidden_api_policy_pre_p_apps'
2020-05-20 23:02:42:918 - [debug] [35m[ADB][39m Running '/Users/tangyao/Android/sdk/platform-tools/adb -P 5037 -s 5483e9c3 shell settings delete global hidden_api_policy_p_apps'
2020-05-20 23:02:42:959 - [debug] [35m[ADB][39m Running '/Users/tangyao/Android/sdk/platform-tools/adb -P 5037 -s 5483e9c3 shell settings delete global hidden_api_policy'
2020-05-20 23:02:43:007 - [debug] [35m[BaseDriver][39m Event 'quitSessionFinished' logged at 1589986963007 (23:02:43 GMT+0800 (China Standard Time))
2020-05-20 23:02:43:007 - [debug] [35m[W3C (a5d17f0d)][39m Received response: null
2020-05-20 23:02:43:007 - [debug] [35m[W3C (a5d17f0d)][39m But deleting session, so not returning
2020-05-20 23:02:43:008 - [debug] [35m[W3C (a5d17f0d)][39m Responding to client with driver.deleteSession() result: null
2020-05-20 23:02:43:009 - [35m[HTTP][39m [37m<-- DELETE /wd/hub/session/a5d17f0d-740d-497b-9ecc-68eb2a752e8f [39m[32m200[39m [90m285 ms - 14[39m
2020-05-20 23:02:43:009 - [35m[HTTP][39m [90m[39m
2020-05-20 23:02:43:202 - [35m[Appium][39m Received SIGTERM - shutting down
2020-05-20 23:02:43:334 - [debug] [35m[Instrumentation][39m .
2020-05-20 23:02:43:666 - [debug] [35m[Instrumentation][39m Time: 15.049
2020-05-20 23:02:43:666 - [debug] [35m[Instrumentation][39m 
2020-05-20 23:02:43:666 - [debug] [35m[Instrumentation][39m OK (1 test)
2020-05-20 23:02:43:979 - [debug] [35m[Instrumentation][39m The process has exited with code 0
