2020-06-08 22:02:15:566 - [35m[Appium][39m Welcome to Appium v1.14.1
2020-06-08 22:02:15:570 - [35m[Appium][39m Non-default server args:
2020-06-08 22:02:15:571 - [35m[Appium][39m   port: 4726
2020-06-08 22:02:15:571 - [35m[Appium][39m   bootstrapPort: 6726
2020-06-08 22:02:15:571 - [35m[Appium][39m   logTimestamp: true
2020-06-08 22:02:15:571 - [35m[Appium][39m   localTimezone: true
2020-06-08 22:02:15:572 - [35m[Appium][39m   udid: 5483e9c3
2020-06-08 22:02:15:572 - [35m[Appium][39m Deprecated server args:
2020-06-08 22:02:15:572 - [35m[Appium][39m   [31m-U,--udid[39m => --default-capabilities '{"udid":"5483e9c3"}'
2020-06-08 22:02:15:573 - [35m[Appium][39m Default capabilities, which will be added to each request unless overridden by desired capabilities:
2020-06-08 22:02:15:573 - [35m[Appium][39m   udid: 5483e9c3
2020-06-08 22:02:15:602 - [35m[Appium][39m Appium REST http interface listener started on 0.0.0.0:4726
2020-06-08 22:02:17:718 - [35m[HTTP][39m [37m-->[39m [37mPOST[39m [37m/wd/hub/session[39m
2020-06-08 22:02:17:719 - [35m[HTTP][39m [90m{"capabilities":{"firstMatch":[{"platformName":"Android","appium:deviceName":"5483e9c3","appium:appPackage":"com.xueqiu.android","appium:platformVersion":"7.1.2","appium:appActivity":".view.WelcomeActivityAlias","appium:newCommandTimeout":120,"appium:systemPort":6726,"appium:noReset":true,"appium:autoGrantPermissions":true}]},"desiredCapabilities":{"platformName":"Android","deviceName":"5483e9c3","appPackage":"com.xueqiu.android","platformVersion":"7.1.2","appActivity":".view.WelcomeActivityAlias","newCommandTimeout":120,"systemPort":6726,"noReset":true,"autoGrantPermissions":true}}[39m
2020-06-08 22:02:17:721 - [debug] [35m[W3C][39m Calling AppiumDriver.createSession() with args: [{"platformName":"Android","deviceName":"5483e9c3","appPackage":"com.xueqiu.android","platformVersion":"7.1.2","appActivity":".view.WelcomeActivityAlias","newCommandTimeout":120,"systemPort":6726,"noReset":true,"autoGrantPermissions":true},null,{"firstMatch":[{"platformName":"Android","appium:deviceName":"5483e9c3","appium:appPackage":"com.xueqiu.android","appium:platformVersion":"7.1.2","appium:appActivity":".view.WelcomeActivityAlias","appium:newCommandTimeout":120,"appium:systemPort":6726,"appium:noReset":true,"appium:autoGrantPermissions":true}]}]
2020-06-08 22:02:17:722 - [debug] [35m[BaseDriver][39m Event 'newSessionRequested' logged at 1591624937722 (22:02:17 GMT+0800 (China Standard Time))
2020-06-08 22:02:17:725 - [35m[BaseDriver][39m The capabilities ["udid"] are not standard capabilities and should have an extension prefix
2020-06-08 22:02:17:731 - [35m[Appium][39m 
2020-06-08 22:02:17:731 - [35m[Appium][39m ======================================================================
2020-06-08 22:02:17:731 - [35m[Appium][39m   DEPRECATION WARNING:
2020-06-08 22:02:17:731 - [35m[Appium][39m 
2020-06-08 22:02:17:731 - [35m[Appium][39m   The 'automationName' capability was not provided in the desired 
2020-06-08 22:02:17:731 - [35m[Appium][39m   capabilities for this Android session
2020-06-08 22:02:17:732 - [35m[Appium][39m 
2020-06-08 22:02:17:732 - [35m[Appium][39m   Setting 'automationName=UiAutomator2' by default and using the 
2020-06-08 22:02:17:732 - [35m[Appium][39m   UiAutomator2 Driver
2020-06-08 22:02:17:732 - [35m[Appium][39m 
2020-06-08 22:02:17:732 - [35m[Appium][39m   The next major version of Appium (2.x) will **require** the 
2020-06-08 22:02:17:732 - [35m[Appium][39m   'automationName' capability to be set for all sessions on all 
2020-06-08 22:02:17:732 - [35m[Appium][39m   platforms
2020-06-08 22:02:17:733 - [35m[Appium][39m 
2020-06-08 22:02:17:733 - [35m[Appium][39m   In previous versions (Appium <= 1.13.x), the default was 
2020-06-08 22:02:17:733 - [35m[Appium][39m   'automationName=UiAutomator1'
2020-06-08 22:02:17:733 - [35m[Appium][39m 
2020-06-08 22:02:17:733 - [35m[Appium][39m   If you wish to use that automation instead of UiAutomator2, please 
2020-06-08 22:02:17:733 - [35m[Appium][39m   add 'automationName=UiAutomator1' to your desired capabilities
2020-06-08 22:02:17:733 - [35m[Appium][39m 
2020-06-08 22:02:17:734 - [35m[Appium][39m   For more information about drivers, please visit 
2020-06-08 22:02:17:734 - [35m[Appium][39m   http://appium.io/docs/en/about-appium/intro/ and explore the 
2020-06-08 22:02:17:734 - [35m[Appium][39m   'Drivers' menu
2020-06-08 22:02:17:734 - [35m[Appium][39m 
2020-06-08 22:02:17:734 - [35m[Appium][39m ======================================================================
2020-06-08 22:02:17:734 - [35m[Appium][39m 
2020-06-08 22:02:18:023 - [35m[Appium][39m Appium v1.14.1 creating new AndroidUiautomator2Driver (v1.34.0) session
2020-06-08 22:02:18:023 - [35m[Appium][39m Capabilities:
2020-06-08 22:02:18:024 - [35m[Appium][39m   platformName: Android
2020-06-08 22:02:18:024 - [35m[Appium][39m   udid: 5483e9c3
2020-06-08 22:02:18:024 - [35m[Appium][39m   deviceName: 5483e9c3
2020-06-08 22:02:18:025 - [35m[Appium][39m   appPackage: com.xueqiu.android
2020-06-08 22:02:18:025 - [35m[Appium][39m   platformVersion: 7.1.2
2020-06-08 22:02:18:025 - [35m[Appium][39m   appActivity: .view.WelcomeActivityAlias
2020-06-08 22:02:18:025 - [35m[Appium][39m   newCommandTimeout: 120
2020-06-08 22:02:18:025 - [35m[Appium][39m   systemPort: 6726
2020-06-08 22:02:18:025 - [35m[Appium][39m   noReset: true
2020-06-08 22:02:18:026 - [35m[Appium][39m   autoGrantPermissions: true
2020-06-08 22:02:18:028 - [debug] [35m[BaseDriver][39m W3C capabilities and MJSONWP desired capabilities were provided
2020-06-08 22:02:18:029 - [debug] [35m[BaseDriver][39m Creating session with W3C capabilities: {
2020-06-08 22:02:18:029 - [debug] [35m[BaseDriver][39m   "alwaysMatch": {
2020-06-08 22:02:18:029 - [debug] [35m[BaseDriver][39m     "platformName": "Android",
2020-06-08 22:02:18:029 - [debug] [35m[BaseDriver][39m     "appium:udid": "5483e9c3",
2020-06-08 22:02:18:029 - [debug] [35m[BaseDriver][39m     "appium:deviceName": "5483e9c3",
2020-06-08 22:02:18:030 - [debug] [35m[BaseDriver][39m     "appium:appPackage": "com.xueqiu.android",
2020-06-08 22:02:18:030 - [debug] [35m[BaseDriver][39m     "appium:platformVersion": "7.1.2",
2020-06-08 22:02:18:030 - [debug] [35m[BaseDriver][39m     "appium:appActivity": ".view.WelcomeActivityAlias",
2020-06-08 22:02:18:030 - [debug] [35m[BaseDriver][39m     "appium:newCommandTimeout": 120,
2020-06-08 22:02:18:030 - [debug] [35m[BaseDriver][39m     "appium:systemPort": 6726,
2020-06-08 22:02:18:030 - [debug] [35m[BaseDriver][39m     "appium:noReset": true,
2020-06-08 22:02:18:030 - [debug] [35m[BaseDriver][39m     "appium:autoGrantPermissions": true
2020-06-08 22:02:18:030 - [debug] [35m[BaseDriver][39m   },
2020-06-08 22:02:18:030 - [debug] [35m[BaseDriver][39m   "firstMatch": [
2020-06-08 22:02:18:030 - [debug] [35m[BaseDriver][39m     {}
2020-06-08 22:02:18:031 - [debug] [35m[BaseDriver][39m   ]
2020-06-08 22:02:18:031 - [debug] [35m[BaseDriver][39m }
2020-06-08 22:02:18:038 - [35m[BaseDriver][39m Session created with session id: 961e8b3b-6282-4f2d-866d-ca757025ddda
2020-06-08 22:02:18:070 - [35m[ADB][39m Found 42 'build-tools' folders under '/Users/tangyao/Android/sdk' (newest first):
2020-06-08 22:02:18:070 - [35m[ADB][39m     /Users/tangyao/Android/sdk/build-tools/30.0.0-rc2
2020-06-08 22:02:18:071 - [35m[ADB][39m     /Users/tangyao/Android/sdk/build-tools/29.0.2
2020-06-08 22:02:18:071 - [35m[ADB][39m     /Users/tangyao/Android/sdk/build-tools/29.0.0-rc2
2020-06-08 22:02:18:071 - [35m[ADB][39m     /Users/tangyao/Android/sdk/build-tools/28.0.3
2020-06-08 22:02:18:071 - [35m[ADB][39m     /Users/tangyao/Android/sdk/build-tools/28.0.2
2020-06-08 22:02:18:071 - [35m[ADB][39m     /Users/tangyao/Android/sdk/build-tools/28.0.1
2020-06-08 22:02:18:071 - [35m[ADB][39m     /Users/tangyao/Android/sdk/build-tools/28.0.0
2020-06-08 22:02:18:071 - [35m[ADB][39m     /Users/tangyao/Android/sdk/build-tools/28.0.0-rc2
2020-06-08 22:02:18:071 - [35m[ADB][39m     /Users/tangyao/Android/sdk/build-tools/28.0.0-rc1
2020-06-08 22:02:18:071 - [35m[ADB][39m     /Users/tangyao/Android/sdk/build-tools/27.0.3
2020-06-08 22:02:18:072 - [35m[ADB][39m     /Users/tangyao/Android/sdk/build-tools/26.0.1
2020-06-08 22:02:18:072 - [35m[ADB][39m     /Users/tangyao/Android/sdk/build-tools/26.0.0
2020-06-08 22:02:18:072 - [35m[ADB][39m     /Users/tangyao/Android/sdk/build-tools/25.0.3
2020-06-08 22:02:18:072 - [35m[ADB][39m     /Users/tangyao/Android/sdk/build-tools/25.0.2
2020-06-08 22:02:18:072 - [35m[ADB][39m     /Users/tangyao/Android/sdk/build-tools/25.0.1
2020-06-08 22:02:18:072 - [35m[ADB][39m     /Users/tangyao/Android/sdk/build-tools/25.0.0
2020-06-08 22:02:18:073 - [35m[ADB][39m     /Users/tangyao/Android/sdk/build-tools/24.0.3
2020-06-08 22:02:18:073 - [35m[ADB][39m     /Users/tangyao/Android/sdk/build-tools/24.0.2
2020-06-08 22:02:18:073 - [35m[ADB][39m     /Users/tangyao/Android/sdk/build-tools/24.0.1
2020-06-08 22:02:18:073 - [35m[ADB][39m     /Users/tangyao/Android/sdk/build-tools/24.0.0
2020-06-08 22:02:18:073 - [35m[ADB][39m     /Users/tangyao/Android/sdk/build-tools/23.0.3
2020-06-08 22:02:18:073 - [35m[ADB][39m     /Users/tangyao/Android/sdk/build-tools/23.0.2
2020-06-08 22:02:18:073 - [35m[ADB][39m     /Users/tangyao/Android/sdk/build-tools/23.0.1
2020-06-08 22:02:18:074 - [35m[ADB][39m     /Users/tangyao/Android/sdk/build-tools/23.0.0
2020-06-08 22:02:18:074 - [35m[ADB][39m     /Users/tangyao/Android/sdk/build-tools/22.0.1
2020-06-08 22:02:18:074 - [35m[ADB][39m     /Users/tangyao/Android/sdk/build-tools/22.0.0
2020-06-08 22:02:18:074 - [35m[ADB][39m     /Users/tangyao/Android/sdk/build-tools/21.1.2
2020-06-08 22:02:18:074 - [35m[ADB][39m     /Users/tangyao/Android/sdk/build-tools/21.1.1
2020-06-08 22:02:18:074 - [35m[ADB][39m     /Users/tangyao/Android/sdk/build-tools/21.1.0
2020-06-08 22:02:18:074 - [35m[ADB][39m     /Users/tangyao/Android/sdk/build-tools/21.0.2
2020-06-08 22:02:18:074 - [35m[ADB][39m     /Users/tangyao/Android/sdk/build-tools/21.0.1
2020-06-08 22:02:18:075 - [35m[ADB][39m     /Users/tangyao/Android/sdk/build-tools/21.0.0
2020-06-08 22:02:18:075 - [35m[ADB][39m     /Users/tangyao/Android/sdk/build-tools/20.0.0
2020-06-08 22:02:18:075 - [35m[ADB][39m     /Users/tangyao/Android/sdk/build-tools/19.1.0
2020-06-08 22:02:18:075 - [35m[ADB][39m     /Users/tangyao/Android/sdk/build-tools/19.0.3
2020-06-08 22:02:18:075 - [35m[ADB][39m     /Users/tangyao/Android/sdk/build-tools/19.0.2
2020-06-08 22:02:18:075 - [35m[ADB][39m     /Users/tangyao/Android/sdk/build-tools/19.0.1
2020-06-08 22:02:18:075 - [35m[ADB][39m     /Users/tangyao/Android/sdk/build-tools/19.0.0
2020-06-08 22:02:18:075 - [35m[ADB][39m     /Users/tangyao/Android/sdk/build-tools/18.1.1
2020-06-08 22:02:18:075 - [35m[ADB][39m     /Users/tangyao/Android/sdk/build-tools/18.1.0
2020-06-08 22:02:18:076 - [35m[ADB][39m     /Users/tangyao/Android/sdk/build-tools/18.0.1
2020-06-08 22:02:18:076 - [35m[ADB][39m     /Users/tangyao/Android/sdk/build-tools/17.0.0
2020-06-08 22:02:18:077 - [35m[ADB][39m Using 'adb' from '/Users/tangyao/Android/sdk/platform-tools/adb'
2020-06-08 22:02:18:077 - [35m[AndroidDriver][39m Retrieving device list
2020-06-08 22:02:18:077 - [debug] [35m[ADB][39m Trying to find a connected android device
2020-06-08 22:02:18:078 - [debug] [35m[ADB][39m Getting connected devices...
2020-06-08 22:02:18:122 - [debug] [35m[ADB][39m 1 device(s) connected
2020-06-08 22:02:18:122 - [35m[AndroidDriver][39m Using device: 5483e9c3
2020-06-08 22:02:18:123 - [35m[ADB][39m Using 'adb' from '/Users/tangyao/Android/sdk/platform-tools/adb'
2020-06-08 22:02:18:123 - [debug] [35m[ADB][39m Setting device id to 5483e9c3
2020-06-08 22:02:18:124 - [debug] [35m[ADB][39m Running '/Users/tangyao/Android/sdk/platform-tools/adb -P 5037 -s 5483e9c3 shell getprop ro.build.version.sdk'
2020-06-08 22:02:18:170 - [debug] [35m[ADB][39m Current device property 'ro.build.version.sdk': 29
2020-06-08 22:02:18:171 - [debug] [35m[ADB][39m Device API level: 29
2020-06-08 22:02:18:171 - [35m[UiAutomator2][39m Relaxing hidden api policy
2020-06-08 22:02:18:171 - [debug] [35m[ADB][39m Running '/Users/tangyao/Android/sdk/platform-tools/adb -P 5037 -s 5483e9c3 shell settings put global hidden_api_policy_pre_p_apps 1'
2020-06-08 22:02:18:275 - [debug] [35m[ADB][39m Running '/Users/tangyao/Android/sdk/platform-tools/adb -P 5037 -s 5483e9c3 shell settings put global hidden_api_policy_p_apps 1'
2020-06-08 22:02:18:352 - [debug] [35m[ADB][39m Running '/Users/tangyao/Android/sdk/platform-tools/adb -P 5037 -s 5483e9c3 shell settings put global hidden_api_policy 1'
2020-06-08 22:02:18:457 - [35m[AndroidDriver][39m No app sent in, not parsing package/activity
2020-06-08 22:02:18:458 - [debug] [35m[ADB][39m Running '/Users/tangyao/Android/sdk/platform-tools/adb -P 5037 -s 5483e9c3 wait-for-device'
2020-06-08 22:02:18:469 - [debug] [35m[ADB][39m Running '/Users/tangyao/Android/sdk/platform-tools/adb -P 5037 -s 5483e9c3 shell echo ping'
2020-06-08 22:02:18:518 - [debug] [35m[AndroidDriver][39m Pushing settings apk to device...
2020-06-08 22:02:18:519 - [debug] [35m[ADB][39m Getting install status for io.appium.settings
2020-06-08 22:02:18:520 - [debug] [35m[ADB][39m Running '/Users/tangyao/Android/sdk/platform-tools/adb -P 5037 -s 5483e9c3 shell dumpsys package io.appium.settings'
2020-06-08 22:02:18:621 - [debug] [35m[ADB][39m 'io.appium.settings' is installed
2020-06-08 22:02:18:622 - [debug] [35m[ADB][39m Getting package info for 'io.appium.settings'
2020-06-08 22:02:18:622 - [debug] [35m[ADB][39m Running '/Users/tangyao/Android/sdk/platform-tools/adb -P 5037 -s 5483e9c3 shell dumpsys package io.appium.settings'
2020-06-08 22:02:18:723 - [35m[ADB][39m Using 'apkanalyzer' from '/Users/tangyao/Android/sdk/tools/bin/apkanalyzer'
2020-06-08 22:02:18:724 - [debug] [35m[ADB][39m Starting '/Users/tangyao/Android/sdk/tools/bin/apkanalyzer' with args ["manifest","print","/usr/local/lib/node_modules/appium/node_modules/_io.appium.settings@2.14.1@io.appium.settings/apks/settings_apk-debug.apk"]
2020-06-08 22:02:21:584 - [debug] [35m[ADB][39m The version name of the installed 'io.appium.settings' is greater or equal to the application version name ('2.14.1' >= '2.14.1')
2020-06-08 22:02:21:584 - [debug] [35m[ADB][39m There is no need to install/upgrade '/usr/local/lib/node_modules/appium/node_modules/_io.appium.settings@2.14.1@io.appium.settings/apks/settings_apk-debug.apk'
2020-06-08 22:02:21:585 - [debug] [35m[ADB][39m Getting IDs of all 'io.appium.settings' processes
2020-06-08 22:02:21:586 - [debug] [35m[ADB][39m Running '/Users/tangyao/Android/sdk/platform-tools/adb -P 5037 -s 5483e9c3 shell 'pgrep --help; echo $?''
2020-06-08 22:02:21:661 - [debug] [35m[UiAutomator2][39m Deleting UiAutomator2 session
2020-06-08 22:02:21:662 - [debug] [35m[ADB][39m Running '/Users/tangyao/Android/sdk/platform-tools/adb -P 5037 -s 5483e9c3 shell am force-stop com.xueqiu.android'
2020-06-08 22:02:21:680 - [35m[UiAutomator2][39m Unable to force stop app: Error executing adbExec. Original error: 'Command '/Users/tangyao/Android/sdk/platform-tools/adb -P 5037 -s 5483e9c3 shell am force-stop com.xueqiu.android' exited with code 1'; Stderr: 'adb: device '5483e9c3' not found'; Code: '1'
2020-06-08 22:02:21:681 - [debug] [35m[ADB][39m Removing forwarded port socket connection: 6726 
2020-06-08 22:02:21:681 - [debug] [35m[ADB][39m Running '/Users/tangyao/Android/sdk/platform-tools/adb -P 5037 -s 5483e9c3 forward --remove tcp\:6726'
2020-06-08 22:02:21:695 - [35m[ADB][39m Error sending command, reconnecting device and retrying: forward,--remove,tcp:6726
2020-06-08 22:02:22:697 - [debug] [35m[ADB][39m Trying to find a connected android device
2020-06-08 22:02:22:698 - [debug] [35m[ADB][39m Getting connected devices...
2020-06-08 22:02:22:706 - [debug] [35m[ADB][39m 1 device(s) connected
2020-06-08 22:02:22:707 - [35m[UiAutomator2][39m Unable to remove port forward 'Error executing adbExec. Original error: 'Command '/Users/tangyao/Android/sdk/platform-tools/adb -P 5037 -s 5483e9c3 forward --remove tcp\:6726' exited with code 1'; Stderr: 'adb: error: device '5483e9c3' not found'; Code: '1''
2020-06-08 22:02:22:707 - [35m[UiAutomator2][39m Restoring hidden api policy to the device default configuration
2020-06-08 22:02:22:707 - [debug] [35m[ADB][39m Running '/Users/tangyao/Android/sdk/platform-tools/adb -P 5037 -s 5483e9c3 shell settings delete global hidden_api_policy_pre_p_apps'
2020-06-08 22:02:22:821 - [debug] [35m[ADB][39m Running '/Users/tangyao/Android/sdk/platform-tools/adb -P 5037 -s 5483e9c3 shell settings delete global hidden_api_policy_p_apps'
2020-06-08 22:02:22:921 - [debug] [35m[ADB][39m Running '/Users/tangyao/Android/sdk/platform-tools/adb -P 5037 -s 5483e9c3 shell settings delete global hidden_api_policy'
2020-06-08 22:02:23:032 - [debug] [35m[BaseDriver][39m Event 'newSessionStarted' logged at 1591624943032 (22:02:23 GMT+0800 (China Standard Time))
2020-06-08 22:02:23:033 - [debug] [35m[W3C][39m Encountered internal error running command: Error executing adbExec. Original error: 'Command '/Users/tangyao/Android/sdk/platform-tools/adb -P 5037 -s 5483e9c3 shell 'pgrep --help; echo $?'' exited with code 1'; Stderr: 'adb: device '5483e9c3' not found'; Code: '1'
2020-06-08 22:02:23:033 - [debug] [35m[W3C][39m Error: Command '/Users/tangyao/Android/sdk/platform-tools/adb -P 5037 -s 5483e9c3 shell 'pgrep --help; echo $?'' exited with code 1
2020-06-08 22:02:23:033 - [debug] [35m[W3C][39m     at ChildProcess.<anonymous> (/usr/local/lib/node_modules/appium/node_modules/_teen_process@1.15.0@teen_process/lib/exec.js:113:19)
2020-06-08 22:02:23:033 - [debug] [35m[W3C][39m     at ChildProcess.emit (events.js:315:20)
2020-06-08 22:02:23:034 - [debug] [35m[W3C][39m     at maybeClose (internal/child_process.js:1026:16)
2020-06-08 22:02:23:034 - [debug] [35m[W3C][39m     at Socket.<anonymous> (internal/child_process.js:441:11)
2020-06-08 22:02:23:034 - [debug] [35m[W3C][39m     at Socket.emit (events.js:315:20)
2020-06-08 22:02:23:034 - [debug] [35m[W3C][39m     at Pipe.<anonymous> (net.js:674:12)
2020-06-08 22:02:23:078 - [35m[HTTP][39m [37m<-- POST /wd/hub/session [39m[31m500[39m [90m5357 ms - 995[39m
2020-06-08 22:02:23:078 - [35m[HTTP][39m [90m[39m
2020-06-08 22:02:23:239 - [35m[HTTP][39m [37m-->[39m [37mPOST[39m [37m/wd/hub/session[39m
2020-06-08 22:02:23:239 - [35m[HTTP][39m [90m{"capabilities":{"firstMatch":[{"platformName":"Android","appium:deviceName":"5483e9c3","appium:appPackage":"com.xueqiu.android","appium:platformVersion":"7.1.2","appium:appActivity":".view.WelcomeActivityAlias","appium:newCommandTimeout":120,"appium:systemPort":6726,"appium:noReset":true,"appium:autoGrantPermissions":true}]},"desiredCapabilities":{"platformName":"Android","deviceName":"5483e9c3","appPackage":"com.xueqiu.android","platformVersion":"7.1.2","appActivity":".view.WelcomeActivityAlias","newCommandTimeout":120,"systemPort":6726,"noReset":true,"autoGrantPermissions":true}}[39m
2020-06-08 22:02:23:240 - [debug] [35m[W3C][39m Calling AppiumDriver.createSession() with args: [{"platformName":"Android","deviceName":"5483e9c3","appPackage":"com.xueqiu.android","platformVersion":"7.1.2","appActivity":".view.WelcomeActivityAlias","newCommandTimeout":120,"systemPort":6726,"noReset":true,"autoGrantPermissions":true},null,{"firstMatch":[{"platformName":"Android","appium:deviceName":"5483e9c3","appium:appPackage":"com.xueqiu.android","appium:platformVersion":"7.1.2","appium:appActivity":".view.WelcomeActivityAlias","appium:newCommandTimeout":120,"appium:systemPort":6726,"appium:noReset":true,"appium:autoGrantPermissions":true}]}]
2020-06-08 22:02:23:240 - [debug] [35m[BaseDriver][39m Event 'newSessionRequested' logged at 1591624943240 (22:02:23 GMT+0800 (China Standard Time))
2020-06-08 22:02:23:241 - [35m[BaseDriver][39m The capabilities ["udid"] are not standard capabilities and should have an extension prefix
2020-06-08 22:02:23:242 - [35m[Appium][39m 
2020-06-08 22:02:23:243 - [35m[Appium][39m ======================================================================
2020-06-08 22:02:23:243 - [35m[Appium][39m   DEPRECATION WARNING:
2020-06-08 22:02:23:243 - [35m[Appium][39m 
2020-06-08 22:02:23:244 - [35m[Appium][39m   The 'automationName' capability was not provided in the desired 
2020-06-08 22:02:23:244 - [35m[Appium][39m   capabilities for this Android session
2020-06-08 22:02:23:244 - [35m[Appium][39m 
2020-06-08 22:02:23:244 - [35m[Appium][39m   Setting 'automationName=UiAutomator2' by default and using the 
2020-06-08 22:02:23:244 - [35m[Appium][39m   UiAutomator2 Driver
2020-06-08 22:02:23:244 - [35m[Appium][39m 
2020-06-08 22:02:23:244 - [35m[Appium][39m   The next major version of Appium (2.x) will **require** the 
2020-06-08 22:02:23:244 - [35m[Appium][39m   'automationName' capability to be set for all sessions on all 
2020-06-08 22:02:23:245 - [35m[Appium][39m   platforms
2020-06-08 22:02:23:245 - [35m[Appium][39m 
2020-06-08 22:02:23:245 - [35m[Appium][39m   In previous versions (Appium <= 1.13.x), the default was 
2020-06-08 22:02:23:245 - [35m[Appium][39m   'automationName=UiAutomator1'
2020-06-08 22:02:23:245 - [35m[Appium][39m 
2020-06-08 22:02:23:245 - [35m[Appium][39m   If you wish to use that automation instead of UiAutomator2, please 
2020-06-08 22:02:23:245 - [35m[Appium][39m   add 'automationName=UiAutomator1' to your desired capabilities
2020-06-08 22:02:23:245 - [35m[Appium][39m 
2020-06-08 22:02:23:245 - [35m[Appium][39m   For more information about drivers, please visit 
2020-06-08 22:02:23:246 - [35m[Appium][39m   http://appium.io/docs/en/about-appium/intro/ and explore the 
2020-06-08 22:02:23:246 - [35m[Appium][39m   'Drivers' menu
2020-06-08 22:02:23:246 - [35m[Appium][39m 
2020-06-08 22:02:23:246 - [35m[Appium][39m ======================================================================
2020-06-08 22:02:23:246 - [35m[Appium][39m 
2020-06-08 22:02:23:246 - [35m[Appium][39m Appium v1.14.1 creating new AndroidUiautomator2Driver (v1.34.0) session
2020-06-08 22:02:23:246 - [35m[Appium][39m Capabilities:
2020-06-08 22:02:23:247 - [35m[Appium][39m   platformName: Android
2020-06-08 22:02:23:247 - [35m[Appium][39m   udid: 5483e9c3
2020-06-08 22:02:23:247 - [35m[Appium][39m   deviceName: 5483e9c3
2020-06-08 22:02:23:247 - [35m[Appium][39m   appPackage: com.xueqiu.android
2020-06-08 22:02:23:247 - [35m[Appium][39m   platformVersion: 7.1.2
2020-06-08 22:02:23:247 - [35m[Appium][39m   appActivity: .view.WelcomeActivityAlias
2020-06-08 22:02:23:247 - [35m[Appium][39m   newCommandTimeout: 120
2020-06-08 22:02:23:248 - [35m[Appium][39m   systemPort: 6726
2020-06-08 22:02:23:248 - [35m[Appium][39m   noReset: true
2020-06-08 22:02:23:248 - [35m[Appium][39m   autoGrantPermissions: true
2020-06-08 22:02:23:249 - [debug] [35m[BaseDriver][39m W3C capabilities and MJSONWP desired capabilities were provided
2020-06-08 22:02:23:249 - [debug] [35m[BaseDriver][39m Creating session with W3C capabilities: {
2020-06-08 22:02:23:249 - [debug] [35m[BaseDriver][39m   "alwaysMatch": {
2020-06-08 22:02:23:249 - [debug] [35m[BaseDriver][39m     "platformName": "Android",
2020-06-08 22:02:23:250 - [debug] [35m[BaseDriver][39m     "appium:udid": "5483e9c3",
2020-06-08 22:02:23:250 - [debug] [35m[BaseDriver][39m     "appium:deviceName": "5483e9c3",
2020-06-08 22:02:23:250 - [debug] [35m[BaseDriver][39m     "appium:appPackage": "com.xueqiu.android",
2020-06-08 22:02:23:250 - [debug] [35m[BaseDriver][39m     "appium:platformVersion": "7.1.2",
2020-06-08 22:02:23:250 - [debug] [35m[BaseDriver][39m     "appium:appActivity": ".view.WelcomeActivityAlias",
2020-06-08 22:02:23:250 - [debug] [35m[BaseDriver][39m     "appium:newCommandTimeout": 120,
2020-06-08 22:02:23:250 - [debug] [35m[BaseDriver][39m     "appium:systemPort": 6726,
2020-06-08 22:02:23:251 - [debug] [35m[BaseDriver][39m     "appium:noReset": true,
2020-06-08 22:02:23:251 - [debug] [35m[BaseDriver][39m     "appium:autoGrantPermissions": true
2020-06-08 22:02:23:251 - [debug] [35m[BaseDriver][39m   },
2020-06-08 22:02:23:251 - [debug] [35m[BaseDriver][39m   "firstMatch": [
2020-06-08 22:02:23:251 - [debug] [35m[BaseDriver][39m     {}
2020-06-08 22:02:23:251 - [debug] [35m[BaseDriver][39m   ]
2020-06-08 22:02:23:251 - [debug] [35m[BaseDriver][39m }
2020-06-08 22:02:23:258 - [35m[BaseDriver][39m Session created with session id: 4b979750-c168-432a-8bca-3e886271d1b7
2020-06-08 22:02:23:259 - [35m[ADB][39m Using 'adb' from '/Users/tangyao/Android/sdk/platform-tools/adb'
2020-06-08 22:02:23:260 - [35m[AndroidDriver][39m Retrieving device list
2020-06-08 22:02:23:260 - [debug] [35m[ADB][39m Trying to find a connected android device
2020-06-08 22:02:23:260 - [debug] [35m[ADB][39m Getting connected devices...
2020-06-08 22:02:23:270 - [debug] [35m[ADB][39m 1 device(s) connected
2020-06-08 22:02:23:271 - [35m[AndroidDriver][39m Using device: 5483e9c3
2020-06-08 22:02:23:271 - [35m[ADB][39m Using 'adb' from '/Users/tangyao/Android/sdk/platform-tools/adb'
2020-06-08 22:02:23:272 - [debug] [35m[ADB][39m Setting device id to 5483e9c3
2020-06-08 22:02:23:272 - [debug] [35m[ADB][39m Running '/Users/tangyao/Android/sdk/platform-tools/adb -P 5037 -s 5483e9c3 shell getprop ro.build.version.sdk'
2020-06-08 22:02:23:336 - [debug] [35m[ADB][39m Current device property 'ro.build.version.sdk': 29
2020-06-08 22:02:23:336 - [debug] [35m[ADB][39m Device API level: 29
2020-06-08 22:02:23:337 - [35m[UiAutomator2][39m Relaxing hidden api policy
2020-06-08 22:02:23:337 - [debug] [35m[ADB][39m Running '/Users/tangyao/Android/sdk/platform-tools/adb -P 5037 -s 5483e9c3 shell settings put global hidden_api_policy_pre_p_apps 1'
2020-06-08 22:02:23:427 - [debug] [35m[ADB][39m Running '/Users/tangyao/Android/sdk/platform-tools/adb -P 5037 -s 5483e9c3 shell settings put global hidden_api_policy_p_apps 1'
2020-06-08 22:02:23:568 - [debug] [35m[ADB][39m Running '/Users/tangyao/Android/sdk/platform-tools/adb -P 5037 -s 5483e9c3 shell settings put global hidden_api_policy 1'
2020-06-08 22:02:23:634 - [35m[AndroidDriver][39m No app sent in, not parsing package/activity
2020-06-08 22:02:23:634 - [debug] [35m[ADB][39m Running '/Users/tangyao/Android/sdk/platform-tools/adb -P 5037 -s 5483e9c3 wait-for-device'
2020-06-08 22:02:23:644 - [debug] [35m[ADB][39m Running '/Users/tangyao/Android/sdk/platform-tools/adb -P 5037 -s 5483e9c3 shell echo ping'
2020-06-08 22:02:23:700 - [debug] [35m[AndroidDriver][39m Pushing settings apk to device...
2020-06-08 22:02:23:700 - [debug] [35m[ADB][39m Getting install status for io.appium.settings
2020-06-08 22:02:23:701 - [debug] [35m[ADB][39m Running '/Users/tangyao/Android/sdk/platform-tools/adb -P 5037 -s 5483e9c3 shell dumpsys package io.appium.settings'
2020-06-08 22:02:23:781 - [debug] [35m[ADB][39m 'io.appium.settings' is installed
2020-06-08 22:02:23:781 - [debug] [35m[ADB][39m Getting package info for 'io.appium.settings'
2020-06-08 22:02:23:781 - [debug] [35m[ADB][39m Running '/Users/tangyao/Android/sdk/platform-tools/adb -P 5037 -s 5483e9c3 shell dumpsys package io.appium.settings'
2020-06-08 22:02:23:866 - [35m[ADB][39m Using 'apkanalyzer' from '/Users/tangyao/Android/sdk/tools/bin/apkanalyzer'
2020-06-08 22:02:23:867 - [debug] [35m[ADB][39m Starting '/Users/tangyao/Android/sdk/tools/bin/apkanalyzer' with args ["manifest","print","/usr/local/lib/node_modules/appium/node_modules/_io.appium.settings@2.14.1@io.appium.settings/apks/settings_apk-debug.apk"]
2020-06-08 22:02:25:647 - [debug] [35m[ADB][39m The version name of the installed 'io.appium.settings' is greater or equal to the application version name ('2.14.1' >= '2.14.1')
2020-06-08 22:02:25:648 - [debug] [35m[ADB][39m There is no need to install/upgrade '/usr/local/lib/node_modules/appium/node_modules/_io.appium.settings@2.14.1@io.appium.settings/apks/settings_apk-debug.apk'
2020-06-08 22:02:25:648 - [debug] [35m[ADB][39m Getting IDs of all 'io.appium.settings' processes
2020-06-08 22:02:25:648 - [debug] [35m[ADB][39m Running '/Users/tangyao/Android/sdk/platform-tools/adb -P 5037 -s 5483e9c3 shell 'pgrep --help; echo $?''
2020-06-08 22:02:25:745 - [debug] [35m[ADB][39m Running '/Users/tangyao/Android/sdk/platform-tools/adb -P 5037 -s 5483e9c3 shell pgrep -f io\.appium\.settings'
2020-06-08 22:02:25:854 - [debug] [35m[AndroidDriver][39m io.appium.settings is already running. There is no need to reset its permissions.
2020-06-08 22:02:25:855 - [debug] [35m[ADB][39m Running '/Users/tangyao/Android/sdk/platform-tools/adb -P 5037 -s 5483e9c3 shell appops set io.appium.settings android\:mock_location allow'
2020-06-08 22:02:25:969 - [debug] [35m[Logcat][39m Starting logcat capture
2020-06-08 22:02:26:044 - [debug] [35m[ADB][39m Getting install status for io.appium.uiautomator2.server
2020-06-08 22:02:26:045 - [debug] [35m[ADB][39m Running '/Users/tangyao/Android/sdk/platform-tools/adb -P 5037 -s 5483e9c3 shell dumpsys package io.appium.uiautomator2.server'
2020-06-08 22:02:26:139 - [debug] [35m[ADB][39m 'io.appium.uiautomator2.server' is installed
2020-06-08 22:02:26:139 - [debug] [35m[ADB][39m Getting package info for 'io.appium.uiautomator2.server'
2020-06-08 22:02:26:140 - [debug] [35m[ADB][39m Running '/Users/tangyao/Android/sdk/platform-tools/adb -P 5037 -s 5483e9c3 shell dumpsys package io.appium.uiautomator2.server'
2020-06-08 22:02:26:206 - [debug] [35m[ADB][39m Starting '/Users/tangyao/Android/sdk/tools/bin/apkanalyzer' with args ["manifest","print","/usr/local/lib/node_modules/appium/node_modules/_appium-uiautomator2-server@3.8.1@appium-uiautomator2-server/apks/appium-uiautomator2-server-v3.8.1.apk"]
2020-06-08 22:02:28:306 - [debug] [35m[ADB][39m The version name of the installed 'io.appium.uiautomator2.server' is greater or equal to the application version name ('3.8.1' >= '3.8.1')
2020-06-08 22:02:28:307 - [debug] [35m[UiAutomator2][39m io.appium.uiautomator2.server installation state: sameVersionInstalled
2020-06-08 22:02:28:307 - [debug] [35m[ADB][39m Checking app cert for /usr/local/lib/node_modules/appium/node_modules/_appium-uiautomator2-server@3.8.1@appium-uiautomator2-server/apks/appium-uiautomator2-server-v3.8.1.apk
2020-06-08 22:02:28:309 - [35m[ADB][39m Using 'apksigner' from '/Users/tangyao/Android/sdk/build-tools/30.0.0-rc2/apksigner'
2020-06-08 22:02:28:309 - [debug] [35m[ADB][39m Starting '/Users/tangyao/Android/sdk/build-tools/30.0.0-rc2/apksigner' with args '["verify","--print-certs","/usr/local/lib/node_modules/appium/node_modules/_appium-uiautomator2-server@3.8.1@appium-uiautomator2-server/apks/appium-uiautomator2-server-v3.8.1.apk"]'
2020-06-08 22:02:28:455 - [35m[ADB][39m Got an error during apksigner execution: Command '/Users/tangyao/Android/sdk/build-tools/30.0.0-rc2/apksigner verify --print-certs /usr/local/lib/node_modules/appium/node_modules/_appium-uiautomator2-server\@3.8.1\@appium-uiautomator2-server/apks/appium-uiautomator2-server-v3.8.1.apk' exited with code 1
2020-06-08 22:02:28:455 - [35m[ADB][39m apksigner stderr: Error: A JNI error has occurred, please check your installation and try again
2020-06-08 22:02:28:455 - [35m[ADB][39m Exception in thread "main" java.lang.UnsupportedClassVersionError: com/android/apksigner/ApkSignerTool has been compiled by a more recent version of the Java Runtime (class file version 53.0), this version of the Java Runtime only recognizes class file versions up to 52.0
2020-06-08 22:02:28:455 - [35m[ADB][39m 	at java.lang.ClassLoader.defineClass1(Native Method)
2020-06-08 22:02:28:455 - [35m[ADB][39m 	at java.lang.ClassLoader.defineClass(ClassLoader.java:763)
2020-06-08 22:02:28:455 - [35m[ADB][39m 	at java.security.SecureClassLoader.defineClass(SecureClassLoader.java:142)
2020-06-08 22:02:28:455 - [35m[ADB][39m 	at java.net.URLClassLoader.defineClass(URLClassLoader.java:467)
2020-06-08 22:02:28:456 - [35m[ADB][39m 	at java.net.URLClassLoader.access$100(URLClassLoader.java:73)
2020-06-08 22:02:28:456 - [35m[ADB][39m 	at java.net.URLClassLoader$1.run(URLClassLoader.java:368)
2020-06-08 22:02:28:456 - [35m[ADB][39m 	at java.net.URLClassLoader$1.run(URLClassLoader.java:362)
2020-06-08 22:02:28:456 - [35m[ADB][39m 	at java.security.AccessController.doPrivileged(Native Method)
2020-06-08 22:02:28:456 - [35m[ADB][39m 	at java.net.URLClassLoader.findClass(URLClassLoader.java:361)
2020-06-08 22:02:28:456 - [35m[ADB][39m 	at java.lang.ClassLoader.loadClass(ClassLoader.java:424)
2020-06-08 22:02:28:456 - [35m[ADB][39m 	at sun.misc.Launcher$AppClassLoader.loadClass(Launcher.java:349)
2020-06-08 22:02:28:456 - [35m[ADB][39m 	at java.lang.ClassLoader.loadClass(ClassLoader.java:357)
2020-06-08 22:02:28:456 - [35m[ADB][39m 	at sun.launcher.LauncherHelper.checkAndLoadMain(LauncherHelper.java:495)
2020-06-08 22:02:28:456 - [35m[ADB][39m 
2020-06-08 22:02:28:457 - [35m[ADB][39m Cannot use apksigner tool for signature verification. Original error: Command '/Users/tangyao/Android/sdk/build-tools/30.0.0-rc2/apksigner verify --print-certs /usr/local/lib/node_modules/appium/node_modules/_appium-uiautomator2-server\@3.8.1\@appium-uiautomator2-server/apks/appium-uiautomator2-server-v3.8.1.apk' exited with code 1
2020-06-08 22:02:28:457 - [debug] [35m[ADB][39m Defaulting to verify.jar
2020-06-08 22:02:28:771 - [debug] [35m[ADB][39m '/usr/local/lib/node_modules/appium/node_modules/_appium-uiautomator2-server@3.8.1@appium-uiautomator2-server/apks/appium-uiautomator2-server-v3.8.1.apk' is already signed.
2020-06-08 22:02:28:771 - [debug] [35m[ADB][39m Getting install status for io.appium.uiautomator2.server.test
2020-06-08 22:02:28:772 - [debug] [35m[ADB][39m Running '/Users/tangyao/Android/sdk/platform-tools/adb -P 5037 -s 5483e9c3 shell dumpsys package io.appium.uiautomator2.server.test'
2020-06-08 22:02:28:903 - [debug] [35m[ADB][39m 'io.appium.uiautomator2.server.test' is installed
2020-06-08 22:02:28:904 - [debug] [35m[ADB][39m Checking app cert for /usr/local/lib/node_modules/appium/node_modules/_appium-uiautomator2-server@3.8.1@appium-uiautomator2-server/apks/appium-uiautomator2-server-debug-androidTest.apk
2020-06-08 22:02:28:912 - [debug] [35m[ADB][39m Starting '/Users/tangyao/Android/sdk/build-tools/30.0.0-rc2/apksigner' with args '["verify","--print-certs","/usr/local/lib/node_modules/appium/node_modules/_appium-uiautomator2-server@3.8.1@appium-uiautomator2-server/apks/appium-uiautomator2-server-debug-androidTest.apk"]'
2020-06-08 22:02:29:038 - [35m[ADB][39m Got an error during apksigner execution: Command '/Users/tangyao/Android/sdk/build-tools/30.0.0-rc2/apksigner verify --print-certs /usr/local/lib/node_modules/appium/node_modules/_appium-uiautomator2-server\@3.8.1\@appium-uiautomator2-server/apks/appium-uiautomator2-server-debug-androidTest.apk' exited with code 1
2020-06-08 22:02:29:038 - [35m[ADB][39m apksigner stderr: Error: A JNI error has occurred, please check your installation and try again
2020-06-08 22:02:29:038 - [35m[ADB][39m Exception in thread "main" java.lang.UnsupportedClassVersionError: com/android/apksigner/ApkSignerTool has been compiled by a more recent version of the Java Runtime (class file version 53.0), this version of the Java Runtime only recognizes class file versions up to 52.0
2020-06-08 22:02:29:038 - [35m[ADB][39m 	at java.lang.ClassLoader.defineClass1(Native Method)
2020-06-08 22:02:29:038 - [35m[ADB][39m 	at java.lang.ClassLoader.defineClass(ClassLoader.java:763)
2020-06-08 22:02:29:038 - [35m[ADB][39m 	at java.security.SecureClassLoader.defineClass(SecureClassLoader.java:142)
2020-06-08 22:02:29:038 - [35m[ADB][39m 	at java.net.URLClassLoader.defineClass(URLClassLoader.java:467)
2020-06-08 22:02:29:039 - [35m[ADB][39m 	at java.net.URLClassLoader.access$100(URLClassLoader.java:73)
2020-06-08 22:02:29:039 - [35m[ADB][39m 	at java.net.URLClassLoader$1.run(URLClassLoader.java:368)
2020-06-08 22:02:29:039 - [35m[ADB][39m 	at java.net.URLClassLoader$1.run(URLClassLoader.java:362)
2020-06-08 22:02:29:039 - [35m[ADB][39m 	at java.security.AccessController.doPrivileged(Native Method)
2020-06-08 22:02:29:039 - [35m[ADB][39m 	at java.net.URLClassLoader.findClass(URLClassLoader.java:361)
2020-06-08 22:02:29:039 - [35m[ADB][39m 	at java.lang.ClassLoader.loadClass(ClassLoader.java:424)
2020-06-08 22:02:29:039 - [35m[ADB][39m 	at sun.misc.Launcher$AppClassLoader.loadClass(Launcher.java:349)
2020-06-08 22:02:29:039 - [35m[ADB][39m 	at java.lang.ClassLoader.loadClass(ClassLoader.java:357)
2020-06-08 22:02:29:039 - [35m[ADB][39m 	at sun.launcher.LauncherHelper.checkAndLoadMain(LauncherHelper.java:495)
2020-06-08 22:02:29:039 - [35m[ADB][39m 
2020-06-08 22:02:29:040 - [35m[ADB][39m Cannot use apksigner tool for signature verification. Original error: Command '/Users/tangyao/Android/sdk/build-tools/30.0.0-rc2/apksigner verify --print-certs /usr/local/lib/node_modules/appium/node_modules/_appium-uiautomator2-server\@3.8.1\@appium-uiautomator2-server/apks/appium-uiautomator2-server-debug-androidTest.apk' exited with code 1
2020-06-08 22:02:29:040 - [debug] [35m[ADB][39m Defaulting to verify.jar
2020-06-08 22:02:29:264 - [debug] [35m[ADB][39m '/usr/local/lib/node_modules/appium/node_modules/_appium-uiautomator2-server@3.8.1@appium-uiautomator2-server/apks/appium-uiautomator2-server-debug-androidTest.apk' is already signed.
2020-06-08 22:02:29:265 - [35m[UiAutomator2][39m Server packages are not going to be (re)installed
2020-06-08 22:02:29:265 - [debug] [35m[UiAutomator2][39m Waiting up to 30000ms for services to be available
2020-06-08 22:02:29:266 - [debug] [35m[ADB][39m Running '/Users/tangyao/Android/sdk/platform-tools/adb -P 5037 -s 5483e9c3 shell pm list instrumentation'
2020-06-08 22:02:29:383 - [debug] [35m[UiAutomator2][39m Instrumentation target 'io.appium.uiautomator2.server.test/androidx.test.runner.AndroidJUnitRunner' is available
2020-06-08 22:02:29:384 - [debug] [35m[UiAutomator2][39m Forwarding UiAutomator2 Server port 6790 to 6726
2020-06-08 22:02:29:384 - [debug] [35m[ADB][39m Forwarding system: 6726 to device: 6790
2020-06-08 22:02:29:385 - [debug] [35m[ADB][39m Running '/Users/tangyao/Android/sdk/platform-tools/adb -P 5037 -s 5483e9c3 forward tcp\:6726 tcp\:6790'
2020-06-08 22:02:29:407 - [debug] [35m[UiAutomator2][39m No app capability. Assuming it is already on the device
2020-06-08 22:02:29:408 - [debug] [35m[UiAutomator2][39m Performing shallow cleanup of automation leftovers
2020-06-08 22:02:29:439 - [debug] [35m[UiAutomator2][39m No obsolete sessions have been detected (Error: socket hang up)
2020-06-08 22:02:29:439 - [debug] [35m[ADB][39m Running '/Users/tangyao/Android/sdk/platform-tools/adb -P 5037 -s 5483e9c3 shell am force-stop io.appium.uiautomator2.server.test'
2020-06-08 22:02:29:534 - [35m[UiAutomator2][39m Starting UIAutomator2 server 3.8.1
2020-06-08 22:02:29:534 - [35m[UiAutomator2][39m Using UIAutomator2 server from '/usr/local/lib/node_modules/appium/node_modules/_appium-uiautomator2-server@3.8.1@appium-uiautomator2-server/apks/appium-uiautomator2-server-v3.8.1.apk' and test from '/usr/local/lib/node_modules/appium/node_modules/_appium-uiautomator2-server@3.8.1@appium-uiautomator2-server/apks/appium-uiautomator2-server-debug-androidTest.apk'
2020-06-08 22:02:29:534 - [35m[UiAutomator2][39m Waiting up to 30000ms for UiAutomator2 to be online...
2020-06-08 22:02:29:535 - [debug] [35m[ADB][39m Creating ADB subprocess with args: ["-P",5037,"-s","5483e9c3","shell","am","instrument","-w","io.appium.uiautomator2.server.test/androidx.test.runner.AndroidJUnitRunner"]
2020-06-08 22:02:30:547 - [debug] [35m[WD Proxy][39m Matched '/status' to command name 'getStatus'
2020-06-08 22:02:30:549 - [debug] [35m[WD Proxy][39m Proxying [GET /status] to [GET http://localhost:6726/wd/hub/status] with no body
2020-06-08 22:02:30:563 - [35m[WD Proxy][39m Got an unexpected response: {"code":"ECONNRESET"}
2020-06-08 22:02:31:200 - [debug] [35m[Instrumentation][39m io.appium.uiautomator2.server.test.AppiumUiAutomator2Server:
2020-06-08 22:02:31:570 - [debug] [35m[WD Proxy][39m Matched '/status' to command name 'getStatus'
2020-06-08 22:02:31:571 - [debug] [35m[WD Proxy][39m Proxying [GET /status] to [GET http://localhost:6726/wd/hub/status] with no body
2020-06-08 22:02:31:586 - [35m[WD Proxy][39m Got an unexpected response: {"code":"ECONNRESET"}
2020-06-08 22:02:32:589 - [debug] [35m[WD Proxy][39m Matched '/status' to command name 'getStatus'
2020-06-08 22:02:32:590 - [debug] [35m[WD Proxy][39m Proxying [GET /status] to [GET http://localhost:6726/wd/hub/status] with no body
2020-06-08 22:02:32:687 - [debug] [35m[WD Proxy][39m Got response with status 200: {"sessionId":"None","status":0,"value":"Status Invoked"}
2020-06-08 22:02:32:688 - [debug] [35m[WD Proxy][39m Determined the downstream protocol as 'MJSONWP'
2020-06-08 22:02:32:688 - [debug] [35m[UiAutomator2][39m The initialization of the instrumentation process took 3154ms
2020-06-08 22:02:32:688 - [debug] [35m[WD Proxy][39m Matched '/session' to command name 'createSession'
2020-06-08 22:02:32:689 - [debug] [35m[WD Proxy][39m Proxying [POST /session] to [POST http://localhost:6726/wd/hub/session] with body: {"desiredCapabilities":{"platform":"LINUX","webStorageEnabled":false,"takesScreenshot":true,"javascriptEnabled":true,"databaseEnabled":false,"networkConnectionEnabled":true,"locationContextEnabled":false,"warnings":{},"desired":{"platformName":"Android","udid":"5483e9c3","deviceName":"5483e9c3","appPackage":"com.xueqiu.android","platformVersion":"7.1.2","appActivity":".view.WelcomeActivityAlias","newCommandTimeout":120,"systemPort":6726,"noReset":true,"autoGrantPermissions":true},"platformName":"Android","udid":"5483e9c3","deviceName":"5483e9c3","appPackage":"com.xueqiu.android","platformVersion":"7.1.2","appActivity":".view.WelcomeActivityAlias","newCommandTimeout":120,"systemPort":6726,"noReset":true,"autoGrantPermissions":true,"deviceUDID":"5483e9c3"}}
2020-06-08 22:02:32:730 - [debug] [35m[WD Proxy][39m Got response with status 200: {"sessionId":"80710f97-ec0c-4b16-be47-81a78ecca53f","status":0,"value":"Created Session"}
2020-06-08 22:02:32:731 - [debug] [35m[WD Proxy][39m Determined the downstream protocol as 'MJSONWP' per session creation request
2020-06-08 22:02:32:744 - [debug] [35m[WD Proxy][39m Proxying [GET /appium/device/info] to [GET http://localhost:6726/wd/hub/session/80710f97-ec0c-4b16-be47-81a78ecca53f/appium/device/info] with no body
2020-06-08 22:02:32:814 - [debug] [35m[WD Proxy][39m Got response with status 200: {"sessionId":"80710f97-ec0c-4b16-be47-81a78ecca53f","status":0,"value":{"androidId":"405f120cdfa7799f","manufacturer":"Xiaomi","model":"MI 8","brand":"Xiaomi","apiVersion":"29","platformVersion":"10","carrierName":"","realDisplaySize":"1080x2248","displayDensity":440,"networks":[{"type":1,"typeName":"WIFI","subtype":0,"subtypeName":"","isConnected":true,"detailedState":"CONNECTED","state":"CONNECTED","extraInfo":null,"isAvailable":true,"isFailover":false,"isRoaming":false,"capabilities":{"transportTypes":"NET_CAPABILITY_SUPL","networkCapabilities":"","linkUpstreamBandwidthKbps":1048576,"linkDownBandwidthKbps":1048576,"signalStrength":-41,"networkSpecifier":null,"SSID":null}}],"locale":"zh_CN","timeZone":"Asia\/Shanghai"}}
2020-06-08 22:02:32:815 - [debug] [35m[ADB][39m Running '/Users/tangyao/Android/sdk/platform-tools/adb -P 5037 -s 5483e9c3 shell dumpsys window'
2020-06-08 22:02:32:918 - [35m[AndroidDriver][39m Screen already unlocked, doing nothing
2020-06-08 22:02:32:919 - [35m[UiAutomator2][39m UiAutomator2 did not start the activity we were waiting for, 'com.xueqiu.android/.view.WelcomeActivityAlias'. Starting it ourselves
2020-06-08 22:02:32:920 - [debug] [35m[ADB][39m Running '/Users/tangyao/Android/sdk/platform-tools/adb -P 5037 -s 5483e9c3 shell am start -W -n com.xueqiu.android/.view.WelcomeActivityAlias -S -a android.intent.action.MAIN -c android.intent.category.LAUNCHER -f 0x10200000'
2020-06-08 22:02:33:972 - [debug] [35m[WD Proxy][39m Proxying [GET /appium/device/pixel_ratio] to [GET http://localhost:6726/wd/hub/session/80710f97-ec0c-4b16-be47-81a78ecca53f/appium/device/pixel_ratio] with body: {}
2020-06-08 22:02:33:988 - [debug] [35m[WD Proxy][39m Got response with status 200: {"sessionId":"80710f97-ec0c-4b16-be47-81a78ecca53f","status":0,"value":2.75}
2020-06-08 22:02:33:990 - [debug] [35m[WD Proxy][39m Matched '/appium/device/system_bars' to command name 'getSystemBars'
2020-06-08 22:02:33:991 - [debug] [35m[WD Proxy][39m Proxying [GET /appium/device/system_bars] to [GET http://localhost:6726/wd/hub/session/80710f97-ec0c-4b16-be47-81a78ecca53f/appium/device/system_bars] with body: {}
2020-06-08 22:02:34:009 - [debug] [35m[WD Proxy][39m Got response with status 200: {"sessionId":"80710f97-ec0c-4b16-be47-81a78ecca53f","status":0,"value":{"statusBar":89}}
2020-06-08 22:02:34:010 - [debug] [35m[WD Proxy][39m Matched '/window/current/size' to command name 'getWindowSize'
2020-06-08 22:02:34:010 - [debug] [35m[WD Proxy][39m Proxying [GET /window/current/size] to [GET http://localhost:6726/wd/hub/session/80710f97-ec0c-4b16-be47-81a78ecca53f/window/current/size] with body: {}
2020-06-08 22:02:34:024 - [debug] [35m[WD Proxy][39m Got response with status 200: {"sessionId":"80710f97-ec0c-4b16-be47-81a78ecca53f","status":0,"value":{"height":2029,"width":1080}}
2020-06-08 22:02:34:025 - [35m[Appium][39m New AndroidUiautomator2Driver session created successfully, session 4b979750-c168-432a-8bca-3e886271d1b7 added to master session list
2020-06-08 22:02:34:026 - [debug] [35m[BaseDriver][39m Event 'newSessionStarted' logged at 1591624954026 (22:02:34 GMT+0800 (China Standard Time))
2020-06-08 22:02:34:027 - [debug] [35m[W3C (4b979750)][39m Cached the protocol value 'W3C' for the new session 4b979750-c168-432a-8bca-3e886271d1b7
2020-06-08 22:02:34:028 - [debug] [35m[W3C (4b979750)][39m Responding to client with driver.createSession() result: {"capabilities":{"platform":"LINUX","webStorageEnabled":false,"takesScreenshot":true,"javascriptEnabled":true,"databaseEnabled":false,"networkConnectionEnabled":true,"locationContextEnabled":false,"warnings":{},"desired":{"platformName":"Android","udid":"5483e9c3","deviceName":"5483e9c3","appPackage":"com.xueqiu.android","platformVersion":"7.1.2","appActivity":".view.WelcomeActivityAlias","newCommandTimeout":120,"systemPort":6726,"noReset":true,"autoGrantPermissions":true},"platformName":"Android","udid":"5483e9c3","deviceName":"5483e9c3","appPackage":"com.xueqiu.android","platformVersion":"10","appActivity":".view.WelcomeActivityAlias","newCommandTimeout":120,"systemPort":6726,"noReset":true,"autoGrantPermissions":true,"deviceUDID":"5483e9c3","deviceApiLevel":29,"deviceScreenSize":"1080x2248","deviceScreenDensity":440,"deviceModel":"MI 8","deviceManufacturer":"Xiaomi","pixelRatio":2.75,"statBarHeight":89,"viewportRect":{"left":0,"top":89,"width":1080,"height":1940}}}
2020-06-08 22:02:34:030 - [35m[HTTP][39m [37m<-- POST /wd/hub/session [39m[32m200[39m [90m10791 ms - 1043[39m
2020-06-08 22:02:34:030 - [35m[HTTP][39m [90m[39m
2020-06-08 22:02:34:062 - [35m[HTTP][39m [37m-->[39m [37mPOST[39m [37m/wd/hub/session[39m
2020-06-08 22:02:34:062 - [35m[HTTP][39m [90m{"capabilities":{"firstMatch":[{"platformName":"Android","appium:deviceName":"5483e9c3","appium:appPackage":"com.xueqiu.android","appium:platformVersion":"7.1.2","appium:appActivity":".view.WelcomeActivityAlias","appium:newCommandTimeout":120,"appium:systemPort":6726,"appium:noReset":true,"appium:autoGrantPermissions":true}]},"desiredCapabilities":{"platformName":"Android","deviceName":"5483e9c3","appPackage":"com.xueqiu.android","platformVersion":"7.1.2","appActivity":".view.WelcomeActivityAlias","newCommandTimeout":120,"systemPort":6726,"noReset":true,"autoGrantPermissions":true}}[39m
2020-06-08 22:02:34:062 - [debug] [35m[W3C][39m Calling AppiumDriver.createSession() with args: [{"platformName":"Android","deviceName":"5483e9c3","appPackage":"com.xueqiu.android","platformVersion":"7.1.2","appActivity":".view.WelcomeActivityAlias","newCommandTimeout":120,"systemPort":6726,"noReset":true,"autoGrantPermissions":true},null,{"firstMatch":[{"platformName":"Android","appium:deviceName":"5483e9c3","appium:appPackage":"com.xueqiu.android","appium:platformVersion":"7.1.2","appium:appActivity":".view.WelcomeActivityAlias","appium:newCommandTimeout":120,"appium:systemPort":6726,"appium:noReset":true,"appium:autoGrantPermissions":true}]}]
2020-06-08 22:02:34:062 - [debug] [35m[BaseDriver][39m Event 'newSessionRequested' logged at 1591624954062 (22:02:34 GMT+0800 (China Standard Time))
2020-06-08 22:02:34:063 - [35m[BaseDriver][39m The capabilities ["udid"] are not standard capabilities and should have an extension prefix
2020-06-08 22:02:34:064 - [35m[Appium][39m 
2020-06-08 22:02:34:064 - [35m[Appium][39m ======================================================================
2020-06-08 22:02:34:064 - [35m[Appium][39m   DEPRECATION WARNING:
2020-06-08 22:02:34:064 - [35m[Appium][39m 
2020-06-08 22:02:34:064 - [35m[Appium][39m   The 'automationName' capability was not provided in the desired 
2020-06-08 22:02:34:064 - [35m[Appium][39m   capabilities for this Android session
2020-06-08 22:02:34:065 - [35m[Appium][39m 
2020-06-08 22:02:34:065 - [35m[Appium][39m   Setting 'automationName=UiAutomator2' by default and using the 
2020-06-08 22:02:34:065 - [35m[Appium][39m   UiAutomator2 Driver
2020-06-08 22:02:34:065 - [35m[Appium][39m 
2020-06-08 22:02:34:065 - [35m[Appium][39m   The next major version of Appium (2.x) will **require** the 
2020-06-08 22:02:34:065 - [35m[Appium][39m   'automationName' capability to be set for all sessions on all 
2020-06-08 22:02:34:065 - [35m[Appium][39m   platforms
2020-06-08 22:02:34:065 - [35m[Appium][39m 
2020-06-08 22:02:34:065 - [35m[Appium][39m   In previous versions (Appium <= 1.13.x), the default was 
2020-06-08 22:02:34:065 - [35m[Appium][39m   'automationName=UiAutomator1'
2020-06-08 22:02:34:065 - [35m[Appium][39m 
2020-06-08 22:02:34:066 - [35m[Appium][39m   If you wish to use that automation instead of UiAutomator2, please 
2020-06-08 22:02:34:066 - [35m[Appium][39m   add 'automationName=UiAutomator1' to your desired capabilities
2020-06-08 22:02:34:066 - [35m[Appium][39m 
2020-06-08 22:02:34:066 - [35m[Appium][39m   For more information about drivers, please visit 
2020-06-08 22:02:34:066 - [35m[Appium][39m   http://appium.io/docs/en/about-appium/intro/ and explore the 
2020-06-08 22:02:34:066 - [35m[Appium][39m   'Drivers' menu
2020-06-08 22:02:34:066 - [35m[Appium][39m 
2020-06-08 22:02:34:066 - [35m[Appium][39m ======================================================================
2020-06-08 22:02:34:066 - [35m[Appium][39m 
2020-06-08 22:02:34:066 - [35m[Appium][39m Appium v1.14.1 creating new AndroidUiautomator2Driver (v1.34.0) session
2020-06-08 22:02:34:067 - [35m[Appium][39m Capabilities:
2020-06-08 22:02:34:067 - [35m[Appium][39m   platformName: Android
2020-06-08 22:02:34:067 - [35m[Appium][39m   udid: 5483e9c3
2020-06-08 22:02:34:067 - [35m[Appium][39m   deviceName: 5483e9c3
2020-06-08 22:02:34:067 - [35m[Appium][39m   appPackage: com.xueqiu.android
2020-06-08 22:02:34:067 - [35m[Appium][39m   platformVersion: 7.1.2
2020-06-08 22:02:34:067 - [35m[Appium][39m   appActivity: .view.WelcomeActivityAlias
2020-06-08 22:02:34:067 - [35m[Appium][39m   newCommandTimeout: 120
2020-06-08 22:02:34:067 - [35m[Appium][39m   systemPort: 6726
2020-06-08 22:02:34:067 - [35m[Appium][39m   noReset: true
2020-06-08 22:02:34:068 - [35m[Appium][39m   autoGrantPermissions: true
2020-06-08 22:02:34:068 - [debug] [35m[BaseDriver][39m W3C capabilities and MJSONWP desired capabilities were provided
2020-06-08 22:02:34:068 - [debug] [35m[BaseDriver][39m Creating session with W3C capabilities: {
2020-06-08 22:02:34:069 - [debug] [35m[BaseDriver][39m   "alwaysMatch": {
2020-06-08 22:02:34:069 - [debug] [35m[BaseDriver][39m     "platformName": "Android",
2020-06-08 22:02:34:069 - [debug] [35m[BaseDriver][39m     "appium:udid": "5483e9c3",
2020-06-08 22:02:34:069 - [debug] [35m[BaseDriver][39m     "appium:deviceName": "5483e9c3",
2020-06-08 22:02:34:069 - [debug] [35m[BaseDriver][39m     "appium:appPackage": "com.xueqiu.android",
2020-06-08 22:02:34:069 - [debug] [35m[BaseDriver][39m     "appium:platformVersion": "7.1.2",
2020-06-08 22:02:34:069 - [debug] [35m[BaseDriver][39m     "appium:appActivity": ".view.WelcomeActivityAlias",
2020-06-08 22:02:34:069 - [debug] [35m[BaseDriver][39m     "appium:newCommandTimeout": 120,
2020-06-08 22:02:34:069 - [debug] [35m[BaseDriver][39m     "appium:systemPort": 6726,
2020-06-08 22:02:34:070 - [debug] [35m[BaseDriver][39m     "appium:noReset": true,
2020-06-08 22:02:34:070 - [debug] [35m[BaseDriver][39m     "appium:autoGrantPermissions": true
2020-06-08 22:02:34:070 - [debug] [35m[BaseDriver][39m   },
2020-06-08 22:02:34:070 - [debug] [35m[BaseDriver][39m   "firstMatch": [
2020-06-08 22:02:34:070 - [debug] [35m[BaseDriver][39m     {}
2020-06-08 22:02:34:070 - [debug] [35m[BaseDriver][39m   ]
2020-06-08 22:02:34:070 - [debug] [35m[BaseDriver][39m }
2020-06-08 22:02:34:073 - [35m[BaseDriver][39m Session created with session id: 0461af66-cc46-4038-8b25-a8ec69061980
2020-06-08 22:02:34:076 - [35m[ADB][39m Using 'adb' from '/Users/tangyao/Android/sdk/platform-tools/adb'
2020-06-08 22:02:34:076 - [35m[AndroidDriver][39m Retrieving device list
2020-06-08 22:02:34:076 - [debug] [35m[ADB][39m Trying to find a connected android device
2020-06-08 22:02:34:076 - [debug] [35m[ADB][39m Getting connected devices...
2020-06-08 22:02:34:085 - [debug] [35m[ADB][39m 1 device(s) connected
2020-06-08 22:02:34:086 - [35m[AndroidDriver][39m Using device: 5483e9c3
2020-06-08 22:02:34:087 - [35m[ADB][39m Using 'adb' from '/Users/tangyao/Android/sdk/platform-tools/adb'
2020-06-08 22:02:34:087 - [debug] [35m[ADB][39m Setting device id to 5483e9c3
2020-06-08 22:02:34:087 - [debug] [35m[ADB][39m Running '/Users/tangyao/Android/sdk/platform-tools/adb -P 5037 -s 5483e9c3 shell getprop ro.build.version.sdk'
2020-06-08 22:02:34:111 - [debug] [35m[ADB][39m Current device property 'ro.build.version.sdk': 29
2020-06-08 22:02:34:111 - [debug] [35m[ADB][39m Device API level: 29
2020-06-08 22:02:34:112 - [35m[UiAutomator2][39m Relaxing hidden api policy
2020-06-08 22:02:34:112 - [debug] [35m[ADB][39m Running '/Users/tangyao/Android/sdk/platform-tools/adb -P 5037 -s 5483e9c3 shell settings put global hidden_api_policy_pre_p_apps 1'
2020-06-08 22:02:34:153 - [debug] [35m[ADB][39m Running '/Users/tangyao/Android/sdk/platform-tools/adb -P 5037 -s 5483e9c3 shell settings put global hidden_api_policy_p_apps 1'
2020-06-08 22:02:34:190 - [debug] [35m[ADB][39m Running '/Users/tangyao/Android/sdk/platform-tools/adb -P 5037 -s 5483e9c3 shell settings put global hidden_api_policy 1'
2020-06-08 22:02:34:227 - [35m[AndroidDriver][39m No app sent in, not parsing package/activity
2020-06-08 22:02:34:228 - [debug] [35m[ADB][39m Running '/Users/tangyao/Android/sdk/platform-tools/adb -P 5037 -s 5483e9c3 wait-for-device'
2020-06-08 22:02:34:239 - [debug] [35m[ADB][39m Running '/Users/tangyao/Android/sdk/platform-tools/adb -P 5037 -s 5483e9c3 shell echo ping'
2020-06-08 22:02:34:259 - [debug] [35m[AndroidDriver][39m Pushing settings apk to device...
2020-06-08 22:02:34:259 - [debug] [35m[ADB][39m Getting install status for io.appium.settings
2020-06-08 22:02:34:260 - [debug] [35m[ADB][39m Running '/Users/tangyao/Android/sdk/platform-tools/adb -P 5037 -s 5483e9c3 shell dumpsys package io.appium.settings'
2020-06-08 22:02:34:299 - [debug] [35m[ADB][39m 'io.appium.settings' is installed
2020-06-08 22:02:34:299 - [debug] [35m[ADB][39m Getting package info for 'io.appium.settings'
2020-06-08 22:02:34:299 - [debug] [35m[ADB][39m Running '/Users/tangyao/Android/sdk/platform-tools/adb -P 5037 -s 5483e9c3 shell dumpsys package io.appium.settings'
2020-06-08 22:02:34:341 - [35m[ADB][39m Using 'apkanalyzer' from '/Users/tangyao/Android/sdk/tools/bin/apkanalyzer'
2020-06-08 22:02:34:342 - [debug] [35m[ADB][39m Starting '/Users/tangyao/Android/sdk/tools/bin/apkanalyzer' with args ["manifest","print","/usr/local/lib/node_modules/appium/node_modules/_io.appium.settings@2.14.1@io.appium.settings/apks/settings_apk-debug.apk"]
2020-06-08 22:02:36:035 - [debug] [35m[ADB][39m The version name of the installed 'io.appium.settings' is greater or equal to the application version name ('2.14.1' >= '2.14.1')
2020-06-08 22:02:36:035 - [debug] [35m[ADB][39m There is no need to install/upgrade '/usr/local/lib/node_modules/appium/node_modules/_io.appium.settings@2.14.1@io.appium.settings/apks/settings_apk-debug.apk'
2020-06-08 22:02:36:035 - [debug] [35m[ADB][39m Getting IDs of all 'io.appium.settings' processes
2020-06-08 22:02:36:035 - [debug] [35m[ADB][39m Running '/Users/tangyao/Android/sdk/platform-tools/adb -P 5037 -s 5483e9c3 shell 'pgrep --help; echo $?''
2020-06-08 22:02:36:096 - [debug] [35m[ADB][39m Running '/Users/tangyao/Android/sdk/platform-tools/adb -P 5037 -s 5483e9c3 shell pgrep -f io\.appium\.settings'
2020-06-08 22:02:36:200 - [debug] [35m[AndroidDriver][39m io.appium.settings is already running. There is no need to reset its permissions.
2020-06-08 22:02:36:201 - [debug] [35m[ADB][39m Running '/Users/tangyao/Android/sdk/platform-tools/adb -P 5037 -s 5483e9c3 shell appops set io.appium.settings android\:mock_location allow'
2020-06-08 22:02:36:284 - [debug] [35m[Logcat][39m Starting logcat capture
2020-06-08 22:02:36:337 - [debug] [35m[ADB][39m Getting install status for io.appium.uiautomator2.server
2020-06-08 22:02:36:337 - [debug] [35m[ADB][39m Running '/Users/tangyao/Android/sdk/platform-tools/adb -P 5037 -s 5483e9c3 shell dumpsys package io.appium.uiautomator2.server'
2020-06-08 22:02:36:396 - [debug] [35m[ADB][39m 'io.appium.uiautomator2.server' is installed
2020-06-08 22:02:36:396 - [debug] [35m[ADB][39m Getting package info for 'io.appium.uiautomator2.server'
2020-06-08 22:02:36:397 - [debug] [35m[ADB][39m Running '/Users/tangyao/Android/sdk/platform-tools/adb -P 5037 -s 5483e9c3 shell dumpsys package io.appium.uiautomator2.server'
2020-06-08 22:02:36:450 - [debug] [35m[ADB][39m Starting '/Users/tangyao/Android/sdk/tools/bin/apkanalyzer' with args ["manifest","print","/usr/local/lib/node_modules/appium/node_modules/_appium-uiautomator2-server@3.8.1@appium-uiautomator2-server/apks/appium-uiautomator2-server-v3.8.1.apk"]
2020-06-08 22:02:38:316 - [debug] [35m[ADB][39m The version name of the installed 'io.appium.uiautomator2.server' is greater or equal to the application version name ('3.8.1' >= '3.8.1')
2020-06-08 22:02:38:316 - [debug] [35m[UiAutomator2][39m io.appium.uiautomator2.server installation state: sameVersionInstalled
2020-06-08 22:02:38:316 - [debug] [35m[ADB][39m Checking app cert for /usr/local/lib/node_modules/appium/node_modules/_appium-uiautomator2-server@3.8.1@appium-uiautomator2-server/apks/appium-uiautomator2-server-v3.8.1.apk
2020-06-08 22:02:38:318 - [35m[ADB][39m Using 'apksigner' from '/Users/tangyao/Android/sdk/build-tools/30.0.0-rc2/apksigner'
2020-06-08 22:02:38:318 - [debug] [35m[ADB][39m Starting '/Users/tangyao/Android/sdk/build-tools/30.0.0-rc2/apksigner' with args '["verify","--print-certs","/usr/local/lib/node_modules/appium/node_modules/_appium-uiautomator2-server@3.8.1@appium-uiautomator2-server/apks/appium-uiautomator2-server-v3.8.1.apk"]'
2020-06-08 22:02:38:451 - [35m[ADB][39m Got an error during apksigner execution: Command '/Users/tangyao/Android/sdk/build-tools/30.0.0-rc2/apksigner verify --print-certs /usr/local/lib/node_modules/appium/node_modules/_appium-uiautomator2-server\@3.8.1\@appium-uiautomator2-server/apks/appium-uiautomator2-server-v3.8.1.apk' exited with code 1
2020-06-08 22:02:38:451 - [35m[ADB][39m apksigner stderr: Error: A JNI error has occurred, please check your installation and try again
2020-06-08 22:02:38:451 - [35m[ADB][39m Exception in thread "main" java.lang.UnsupportedClassVersionError: com/android/apksigner/ApkSignerTool has been compiled by a more recent version of the Java Runtime (class file version 53.0), this version of the Java Runtime only recognizes class file versions up to 52.0
2020-06-08 22:02:38:451 - [35m[ADB][39m 	at java.lang.ClassLoader.defineClass1(Native Method)
2020-06-08 22:02:38:452 - [35m[ADB][39m 	at java.lang.ClassLoader.defineClass(ClassLoader.java:763)
2020-06-08 22:02:38:452 - [35m[ADB][39m 	at java.security.SecureClassLoader.defineClass(SecureClassLoader.java:142)
2020-06-08 22:02:38:452 - [35m[ADB][39m 	at java.net.URLClassLoader.defineClass(URLClassLoader.java:467)
2020-06-08 22:02:38:452 - [35m[ADB][39m 	at java.net.URLClassLoader.access$100(URLClassLoader.java:73)
2020-06-08 22:02:38:452 - [35m[ADB][39m 	at java.net.URLClassLoader$1.run(URLClassLoader.java:368)
2020-06-08 22:02:38:452 - [35m[ADB][39m 	at java.net.URLClassLoader$1.run(URLClassLoader.java:362)
2020-06-08 22:02:38:452 - [35m[ADB][39m 	at java.security.AccessController.doPrivileged(Native Method)
2020-06-08 22:02:38:452 - [35m[ADB][39m 	at java.net.URLClassLoader.findClass(URLClassLoader.java:361)
2020-06-08 22:02:38:452 - [35m[ADB][39m 	at java.lang.ClassLoader.loadClass(ClassLoader.java:424)
2020-06-08 22:02:38:452 - [35m[ADB][39m 	at sun.misc.Launcher$AppClassLoader.loadClass(Launcher.java:349)
2020-06-08 22:02:38:452 - [35m[ADB][39m 	at java.lang.ClassLoader.loadClass(ClassLoader.java:357)
2020-06-08 22:02:38:453 - [35m[ADB][39m 	at sun.launcher.LauncherHelper.checkAndLoadMain(LauncherHelper.java:495)
2020-06-08 22:02:38:453 - [35m[ADB][39m 
2020-06-08 22:02:38:453 - [35m[ADB][39m Cannot use apksigner tool for signature verification. Original error: Command '/Users/tangyao/Android/sdk/build-tools/30.0.0-rc2/apksigner verify --print-certs /usr/local/lib/node_modules/appium/node_modules/_appium-uiautomator2-server\@3.8.1\@appium-uiautomator2-server/apks/appium-uiautomator2-server-v3.8.1.apk' exited with code 1
2020-06-08 22:02:38:453 - [debug] [35m[ADB][39m Defaulting to verify.jar
2020-06-08 22:02:38:707 - [debug] [35m[ADB][39m '/usr/local/lib/node_modules/appium/node_modules/_appium-uiautomator2-server@3.8.1@appium-uiautomator2-server/apks/appium-uiautomator2-server-v3.8.1.apk' is already signed.
2020-06-08 22:02:38:707 - [debug] [35m[ADB][39m Getting install status for io.appium.uiautomator2.server.test
2020-06-08 22:02:38:707 - [debug] [35m[ADB][39m Running '/Users/tangyao/Android/sdk/platform-tools/adb -P 5037 -s 5483e9c3 shell dumpsys package io.appium.uiautomator2.server.test'
2020-06-08 22:02:38:774 - [debug] [35m[ADB][39m 'io.appium.uiautomator2.server.test' is installed
2020-06-08 22:02:38:774 - [debug] [35m[ADB][39m Checking app cert for /usr/local/lib/node_modules/appium/node_modules/_appium-uiautomator2-server@3.8.1@appium-uiautomator2-server/apks/appium-uiautomator2-server-debug-androidTest.apk
2020-06-08 22:02:38:775 - [debug] [35m[ADB][39m Starting '/Users/tangyao/Android/sdk/build-tools/30.0.0-rc2/apksigner' with args '["verify","--print-certs","/usr/local/lib/node_modules/appium/node_modules/_appium-uiautomator2-server@3.8.1@appium-uiautomator2-server/apks/appium-uiautomator2-server-debug-androidTest.apk"]'
2020-06-08 22:02:38:913 - [35m[ADB][39m Got an error during apksigner execution: Command '/Users/tangyao/Android/sdk/build-tools/30.0.0-rc2/apksigner verify --print-certs /usr/local/lib/node_modules/appium/node_modules/_appium-uiautomator2-server\@3.8.1\@appium-uiautomator2-server/apks/appium-uiautomator2-server-debug-androidTest.apk' exited with code 1
2020-06-08 22:02:38:913 - [35m[ADB][39m apksigner stderr: Error: A JNI error has occurred, please check your installation and try again
2020-06-08 22:02:38:913 - [35m[ADB][39m Exception in thread "main" java.lang.UnsupportedClassVersionError: com/android/apksigner/ApkSignerTool has been compiled by a more recent version of the Java Runtime (class file version 53.0), this version of the Java Runtime only recognizes class file versions up to 52.0
2020-06-08 22:02:38:913 - [35m[ADB][39m 	at java.lang.ClassLoader.defineClass1(Native Method)
2020-06-08 22:02:38:914 - [35m[ADB][39m 	at java.lang.ClassLoader.defineClass(ClassLoader.java:763)
2020-06-08 22:02:38:914 - [35m[ADB][39m 	at java.security.SecureClassLoader.defineClass(SecureClassLoader.java:142)
2020-06-08 22:02:38:914 - [35m[ADB][39m 	at java.net.URLClassLoader.defineClass(URLClassLoader.java:467)
2020-06-08 22:02:38:914 - [35m[ADB][39m 	at java.net.URLClassLoader.access$100(URLClassLoader.java:73)
2020-06-08 22:02:38:914 - [35m[ADB][39m 	at java.net.URLClassLoader$1.run(URLClassLoader.java:368)
2020-06-08 22:02:38:914 - [35m[ADB][39m 	at java.net.URLClassLoader$1.run(URLClassLoader.java:362)
2020-06-08 22:02:38:914 - [35m[ADB][39m 	at java.security.AccessController.doPrivileged(Native Method)
2020-06-08 22:02:38:914 - [35m[ADB][39m 	at java.net.URLClassLoader.findClass(URLClassLoader.java:361)
2020-06-08 22:02:38:914 - [35m[ADB][39m 	at java.lang.ClassLoader.loadClass(ClassLoader.java:424)
2020-06-08 22:02:38:915 - [35m[ADB][39m 	at sun.misc.Launcher$AppClassLoader.loadClass(Launcher.java:349)
2020-06-08 22:02:38:915 - [35m[ADB][39m 	at java.lang.ClassLoader.loadClass(ClassLoader.java:357)
2020-06-08 22:02:38:915 - [35m[ADB][39m 	at sun.launcher.LauncherHelper.checkAndLoadMain(LauncherHelper.java:495)
2020-06-08 22:02:38:915 - [35m[ADB][39m 
2020-06-08 22:02:38:915 - [35m[ADB][39m Cannot use apksigner tool for signature verification. Original error: Command '/Users/tangyao/Android/sdk/build-tools/30.0.0-rc2/apksigner verify --print-certs /usr/local/lib/node_modules/appium/node_modules/_appium-uiautomator2-server\@3.8.1\@appium-uiautomator2-server/apks/appium-uiautomator2-server-debug-androidTest.apk' exited with code 1
2020-06-08 22:02:38:915 - [debug] [35m[ADB][39m Defaulting to verify.jar
2020-06-08 22:02:39:151 - [debug] [35m[ADB][39m '/usr/local/lib/node_modules/appium/node_modules/_appium-uiautomator2-server@3.8.1@appium-uiautomator2-server/apks/appium-uiautomator2-server-debug-androidTest.apk' is already signed.
2020-06-08 22:02:39:151 - [35m[UiAutomator2][39m Server packages are not going to be (re)installed
2020-06-08 22:02:39:152 - [debug] [35m[UiAutomator2][39m Waiting up to 30000ms for services to be available
2020-06-08 22:02:39:152 - [debug] [35m[ADB][39m Running '/Users/tangyao/Android/sdk/platform-tools/adb -P 5037 -s 5483e9c3 shell pm list instrumentation'
2020-06-08 22:02:39:243 - [debug] [35m[UiAutomator2][39m Instrumentation target 'io.appium.uiautomator2.server.test/androidx.test.runner.AndroidJUnitRunner' is available
2020-06-08 22:02:39:243 - [debug] [35m[UiAutomator2][39m Forwarding UiAutomator2 Server port 6790 to 6726
2020-06-08 22:02:39:243 - [debug] [35m[ADB][39m Forwarding system: 6726 to device: 6790
2020-06-08 22:02:39:244 - [debug] [35m[ADB][39m Running '/Users/tangyao/Android/sdk/platform-tools/adb -P 5037 -s 5483e9c3 forward tcp\:6726 tcp\:6790'
2020-06-08 22:02:39:254 - [debug] [35m[UiAutomator2][39m No app capability. Assuming it is already on the device
2020-06-08 22:02:39:254 - [debug] [35m[UiAutomator2][39m Performing shallow cleanup of automation leftovers
2020-06-08 22:02:39:292 - [debug] [35m[UiAutomator2][39m The following obsolete sessions are still running: ["80710f97-ec0c-4b16-be47-81a78ecca53f"]
2020-06-08 22:02:39:293 - [debug] [35m[UiAutomator2][39m Cleaning up the obsolete sessions
2020-06-08 22:02:40:225 - [debug] [35m[Instrumentation][39m .
2020-06-08 22:02:40:317 - [debug] [35m[ADB][39m Running '/Users/tangyao/Android/sdk/platform-tools/adb -P 5037 -s 5483e9c3 shell am force-stop io.appium.uiautomator2.server.test'
2020-06-08 22:02:40:410 - [35m[UiAutomator2][39m Starting UIAutomator2 server 3.8.1
2020-06-08 22:02:40:411 - [35m[UiAutomator2][39m Using UIAutomator2 server from '/usr/local/lib/node_modules/appium/node_modules/_appium-uiautomator2-server@3.8.1@appium-uiautomator2-server/apks/appium-uiautomator2-server-v3.8.1.apk' and test from '/usr/local/lib/node_modules/appium/node_modules/_appium-uiautomator2-server@3.8.1@appium-uiautomator2-server/apks/appium-uiautomator2-server-debug-androidTest.apk'
2020-06-08 22:02:40:416 - [35m[UiAutomator2][39m Waiting up to 30000ms for UiAutomator2 to be online...
2020-06-08 22:02:40:416 - [debug] [35m[ADB][39m Creating ADB subprocess with args: ["-P",5037,"-s","5483e9c3","shell","am","instrument","-w","io.appium.uiautomator2.server.test/androidx.test.runner.AndroidJUnitRunner"]
2020-06-08 22:02:40:582 - [debug] [35m[Instrumentation][39m Time: 9.033
2020-06-08 22:02:40:583 - [debug] [35m[Instrumentation][39m 
2020-06-08 22:02:40:583 - [debug] [35m[Instrumentation][39m OK (1 test)
2020-06-08 22:02:40:654 - [debug] [35m[Instrumentation][39m The process has exited with code 0
2020-06-08 22:02:41:425 - [debug] [35m[WD Proxy][39m Matched '/status' to command name 'getStatus'
2020-06-08 22:02:41:425 - [debug] [35m[WD Proxy][39m Proxying [GET /status] to [GET http://localhost:6726/wd/hub/status] with no body
2020-06-08 22:02:41:436 - [35m[WD Proxy][39m Got an unexpected response: {"code":"ECONNRESET"}
2020-06-08 22:02:41:453 - [debug] [35m[Instrumentation][39m io.appium.uiautomator2.server.test.AppiumUiAutomator2Server:
2020-06-08 22:02:42:438 - [debug] [35m[WD Proxy][39m Matched '/status' to command name 'getStatus'
2020-06-08 22:02:42:438 - [debug] [35m[WD Proxy][39m Proxying [GET /status] to [GET http://localhost:6726/wd/hub/status] with no body
2020-06-08 22:02:42:448 - [35m[WD Proxy][39m Got an unexpected response: {"code":"ECONNRESET"}
2020-06-08 22:02:43:451 - [debug] [35m[WD Proxy][39m Matched '/status' to command name 'getStatus'
2020-06-08 22:02:43:451 - [debug] [35m[WD Proxy][39m Proxying [GET /status] to [GET http://localhost:6726/wd/hub/status] with no body
2020-06-08 22:02:43:516 - [debug] [35m[WD Proxy][39m Got response with status 200: {"sessionId":"None","status":0,"value":"Status Invoked"}
2020-06-08 22:02:43:517 - [debug] [35m[WD Proxy][39m Determined the downstream protocol as 'MJSONWP'
2020-06-08 22:02:43:517 - [debug] [35m[UiAutomator2][39m The initialization of the instrumentation process took 3102ms
2020-06-08 22:02:43:518 - [debug] [35m[WD Proxy][39m Matched '/session' to command name 'createSession'
2020-06-08 22:02:43:518 - [debug] [35m[WD Proxy][39m Proxying [POST /session] to [POST http://localhost:6726/wd/hub/session] with body: {"desiredCapabilities":{"platform":"LINUX","webStorageEnabled":false,"takesScreenshot":true,"javascriptEnabled":true,"databaseEnabled":false,"networkConnectionEnabled":true,"locationContextEnabled":false,"warnings":{},"desired":{"platformName":"Android","udid":"5483e9c3","deviceName":"5483e9c3","appPackage":"com.xueqiu.android","platformVersion":"7.1.2","appActivity":".view.WelcomeActivityAlias","newCommandTimeout":120,"systemPort":6726,"noReset":true,"autoGrantPermissions":true},"platformName":"Android","udid":"5483e9c3","deviceName":"5483e9c3","appPackage":"com.xueqiu.android","platformVersion":"7.1.2","appActivity":".view.WelcomeActivityAlias","newCommandTimeout":120,"systemPort":6726,"noReset":true,"autoGrantPermissions":true,"deviceUDID":"5483e9c3"}}
2020-06-08 22:02:43:545 - [debug] [35m[WD Proxy][39m Got response with status 200: {"sessionId":"99d28c9a-9c17-4b26-b3fc-7457077865b4","status":0,"value":"Created Session"}
2020-06-08 22:02:43:546 - [debug] [35m[WD Proxy][39m Determined the downstream protocol as 'MJSONWP' per session creation request
2020-06-08 22:02:43:560 - [debug] [35m[WD Proxy][39m Proxying [GET /appium/device/info] to [GET http://localhost:6726/wd/hub/session/99d28c9a-9c17-4b26-b3fc-7457077865b4/appium/device/info] with no body
2020-06-08 22:02:43:605 - [debug] [35m[WD Proxy][39m Got response with status 200: {"sessionId":"99d28c9a-9c17-4b26-b3fc-7457077865b4","status":0,"value":{"androidId":"405f120cdfa7799f","manufacturer":"Xiaomi","model":"MI 8","brand":"Xiaomi","apiVersion":"29","platformVersion":"10","carrierName":"","realDisplaySize":"1080x2248","displayDensity":440,"networks":[{"type":1,"typeName":"WIFI","subtype":0,"subtypeName":"","isConnected":true,"detailedState":"CONNECTED","state":"CONNECTED","extraInfo":null,"isAvailable":true,"isFailover":false,"isRoaming":false,"capabilities":{"transportTypes":"NET_CAPABILITY_SUPL","networkCapabilities":"","linkUpstreamBandwidthKbps":1048576,"linkDownBandwidthKbps":1048576,"signalStrength":-41,"networkSpecifier":null,"SSID":null}}],"locale":"zh_CN","timeZone":"Asia\/Shanghai"}}
2020-06-08 22:02:43:605 - [debug] [35m[ADB][39m Running '/Users/tangyao/Android/sdk/platform-tools/adb -P 5037 -s 5483e9c3 shell dumpsys window'
2020-06-08 22:02:43:731 - [35m[AndroidDriver][39m Screen already unlocked, doing nothing
2020-06-08 22:02:43:731 - [35m[UiAutomator2][39m UiAutomator2 did not start the activity we were waiting for, 'com.xueqiu.android/.view.WelcomeActivityAlias'. Starting it ourselves
2020-06-08 22:02:43:732 - [debug] [35m[ADB][39m Running '/Users/tangyao/Android/sdk/platform-tools/adb -P 5037 -s 5483e9c3 shell am start -W -n com.xueqiu.android/.view.WelcomeActivityAlias -S -a android.intent.action.MAIN -c android.intent.category.LAUNCHER -f 0x10200000'
2020-06-08 22:02:44:511 - [debug] [35m[WD Proxy][39m Proxying [GET /appium/device/pixel_ratio] to [GET http://localhost:6726/wd/hub/session/99d28c9a-9c17-4b26-b3fc-7457077865b4/appium/device/pixel_ratio] with body: {}
2020-06-08 22:02:44:524 - [debug] [35m[WD Proxy][39m Got response with status 200: {"sessionId":"99d28c9a-9c17-4b26-b3fc-7457077865b4","status":0,"value":2.75}
2020-06-08 22:02:44:526 - [debug] [35m[WD Proxy][39m Matched '/appium/device/system_bars' to command name 'getSystemBars'
2020-06-08 22:02:44:527 - [debug] [35m[WD Proxy][39m Proxying [GET /appium/device/system_bars] to [GET http://localhost:6726/wd/hub/session/99d28c9a-9c17-4b26-b3fc-7457077865b4/appium/device/system_bars] with body: {}
2020-06-08 22:02:44:544 - [debug] [35m[WD Proxy][39m Got response with status 200: {"sessionId":"99d28c9a-9c17-4b26-b3fc-7457077865b4","status":0,"value":{"statusBar":89}}
2020-06-08 22:02:44:545 - [debug] [35m[WD Proxy][39m Matched '/window/current/size' to command name 'getWindowSize'
2020-06-08 22:02:44:545 - [debug] [35m[WD Proxy][39m Proxying [GET /window/current/size] to [GET http://localhost:6726/wd/hub/session/99d28c9a-9c17-4b26-b3fc-7457077865b4/window/current/size] with body: {}
2020-06-08 22:02:44:558 - [debug] [35m[WD Proxy][39m Got response with status 200: {"sessionId":"99d28c9a-9c17-4b26-b3fc-7457077865b4","status":0,"value":{"height":2029,"width":1080}}
2020-06-08 22:02:44:559 - [35m[Appium][39m New AndroidUiautomator2Driver session created successfully, session 0461af66-cc46-4038-8b25-a8ec69061980 added to master session list
2020-06-08 22:02:44:559 - [debug] [35m[BaseDriver][39m Event 'newSessionStarted' logged at 1591624964559 (22:02:44 GMT+0800 (China Standard Time))
2020-06-08 22:02:44:560 - [debug] [35m[W3C (0461af66)][39m Cached the protocol value 'W3C' for the new session 0461af66-cc46-4038-8b25-a8ec69061980
2020-06-08 22:02:44:560 - [debug] [35m[W3C (0461af66)][39m Responding to client with driver.createSession() result: {"capabilities":{"platform":"LINUX","webStorageEnabled":false,"takesScreenshot":true,"javascriptEnabled":true,"databaseEnabled":false,"networkConnectionEnabled":true,"locationContextEnabled":false,"warnings":{},"desired":{"platformName":"Android","udid":"5483e9c3","deviceName":"5483e9c3","appPackage":"com.xueqiu.android","platformVersion":"7.1.2","appActivity":".view.WelcomeActivityAlias","newCommandTimeout":120,"systemPort":6726,"noReset":true,"autoGrantPermissions":true},"platformName":"Android","udid":"5483e9c3","deviceName":"5483e9c3","appPackage":"com.xueqiu.android","platformVersion":"10","appActivity":".view.WelcomeActivityAlias","newCommandTimeout":120,"systemPort":6726,"noReset":true,"autoGrantPermissions":true,"deviceUDID":"5483e9c3","deviceApiLevel":29,"deviceScreenSize":"1080x2248","deviceScreenDensity":440,"deviceModel":"MI 8","deviceManufacturer":"Xiaomi","pixelRatio":2.75,"statBarHeight":89,"viewportRect":{"left":0,"top":89,"width":1080,"height":1940}}}
2020-06-08 22:02:44:562 - [35m[HTTP][39m [37m<-- POST /wd/hub/session [39m[32m200[39m [90m10500 ms - 1043[39m
2020-06-08 22:02:44:562 - [35m[HTTP][39m [90m[39m
2020-06-08 22:02:44:736 - [35m[Appium][39m Received SIGTERM - shutting down
2020-06-08 22:04:34:026 - [35m[BaseDriver][39m Shutting down because we waited 120 seconds for a command
2020-06-08 22:04:34:038 - [debug] [35m[UiAutomator2][39m Deleting UiAutomator2 session
2020-06-08 22:04:34:038 - [35m[Appium][39m Closing session, cause was 'New Command Timeout of 120 seconds expired. Try customizing the timeout using the 'newCommandTimeout' desired capability'
2020-06-08 22:04:34:039 - [35m[Appium][39m Removing session 4b979750-c168-432a-8bca-3e886271d1b7 from our master session list
2020-06-08 22:04:34:039 - [debug] [35m[UiAutomator2][39m Deleting UiAutomator2 server session
2020-06-08 22:04:34:040 - [debug] [35m[WD Proxy][39m Matched '/' to command name 'deleteSession'
2020-06-08 22:04:34:040 - [debug] [35m[WD Proxy][39m Proxying [DELETE /] to [DELETE http://localhost:6726/wd/hub/session/80710f97-ec0c-4b16-be47-81a78ecca53f] with no body
2020-06-08 22:04:34:078 - [debug] [35m[WD Proxy][39m Got response with status 200: {"sessionId":"80710f97-ec0c-4b16-be47-81a78ecca53f","status":0,"value":"Session deleted"}
2020-06-08 22:04:34:080 - [debug] [35m[ADB][39m Running '/Users/tangyao/Android/sdk/platform-tools/adb -P 5037 -s 5483e9c3 shell am force-stop com.xueqiu.android'
2020-06-08 22:04:34:211 - [debug] [35m[Logcat][39m Stopping logcat capture
2020-06-08 22:04:34:214 - [debug] [35m[ADB][39m Removing forwarded port socket connection: 6726 
2020-06-08 22:04:34:216 - [debug] [35m[ADB][39m Running '/Users/tangyao/Android/sdk/platform-tools/adb -P 5037 -s 5483e9c3 forward --remove tcp\:6726'
2020-06-08 22:04:34:225 - [35m[UiAutomator2][39m Restoring hidden api policy to the device default configuration
2020-06-08 22:04:34:226 - [debug] [35m[ADB][39m Running '/Users/tangyao/Android/sdk/platform-tools/adb -P 5037 -s 5483e9c3 shell settings delete global hidden_api_policy_pre_p_apps'
2020-06-08 22:04:34:278 - [debug] [35m[ADB][39m Running '/Users/tangyao/Android/sdk/platform-tools/adb -P 5037 -s 5483e9c3 shell settings delete global hidden_api_policy_p_apps'
2020-06-08 22:04:34:325 - [debug] [35m[ADB][39m Running '/Users/tangyao/Android/sdk/platform-tools/adb -P 5037 -s 5483e9c3 shell settings delete global hidden_api_policy'
2020-06-08 22:04:34:499 - [debug] [35m[Instrumentation][39m .
2020-06-08 22:04:34:898 - [debug] [35m[Instrumentation][39m Time: 113.06
2020-06-08 22:04:34:898 - [debug] [35m[Instrumentation][39m 
2020-06-08 22:04:34:898 - [debug] [35m[Instrumentation][39m OK (1 test)
2020-06-08 22:04:35:024 - [debug] [35m[Instrumentation][39m The process has exited with code 0
2020-06-08 22:04:44:557 - [35m[BaseDriver][39m Shutting down because we waited 120 seconds for a command
2020-06-08 22:04:44:558 - [debug] [35m[UiAutomator2][39m Deleting UiAutomator2 session
2020-06-08 22:04:44:558 - [35m[Appium][39m Closing session, cause was 'New Command Timeout of 120 seconds expired. Try customizing the timeout using the 'newCommandTimeout' desired capability'
2020-06-08 22:04:44:559 - [35m[Appium][39m Removing session 0461af66-cc46-4038-8b25-a8ec69061980 from our master session list
2020-06-08 22:04:44:559 - [debug] [35m[UiAutomator2][39m Deleting UiAutomator2 server session
2020-06-08 22:04:44:559 - [debug] [35m[WD Proxy][39m Matched '/' to command name 'deleteSession'
2020-06-08 22:04:44:560 - [debug] [35m[WD Proxy][39m Proxying [DELETE /] to [DELETE http://localhost:6726/wd/hub/session/99d28c9a-9c17-4b26-b3fc-7457077865b4] with no body
2020-06-08 22:04:44:669 - [debug] [35m[WD Proxy][39m Got response with status 200: {"sessionId":"99d28c9a-9c17-4b26-b3fc-7457077865b4","status":0,"value":"Session deleted"}
2020-06-08 22:04:44:672 - [debug] [35m[ADB][39m Running '/Users/tangyao/Android/sdk/platform-tools/adb -P 5037 -s 5483e9c3 shell am force-stop com.xueqiu.android'
2020-06-08 22:04:44:787 - [debug] [35m[Logcat][39m Stopping logcat capture
2020-06-08 22:04:44:789 - [debug] [35m[ADB][39m Removing forwarded port socket connection: 6726 
2020-06-08 22:04:44:789 - [debug] [35m[ADB][39m Running '/Users/tangyao/Android/sdk/platform-tools/adb -P 5037 -s 5483e9c3 forward --remove tcp\:6726'
2020-06-08 22:04:44:800 - [35m[UiAutomator2][39m Restoring hidden api policy to the device default configuration
2020-06-08 22:04:44:800 - [debug] [35m[ADB][39m Running '/Users/tangyao/Android/sdk/platform-tools/adb -P 5037 -s 5483e9c3 shell settings delete global hidden_api_policy_pre_p_apps'
2020-06-08 22:04:44:888 - [debug] [35m[ADB][39m Running '/Users/tangyao/Android/sdk/platform-tools/adb -P 5037 -s 5483e9c3 shell settings delete global hidden_api_policy_p_apps'
2020-06-08 22:04:45:010 - [debug] [35m[ADB][39m Running '/Users/tangyao/Android/sdk/platform-tools/adb -P 5037 -s 5483e9c3 shell settings delete global hidden_api_policy'
