2020-05-20 23:08:01:740 - [35m[Appium][39m Welcome to Appium v1.14.1
2020-05-20 23:08:01:743 - [35m[Appium][39m Non-default server args:
2020-05-20 23:08:01:743 - [35m[Appium][39m   port: 4727
2020-05-20 23:08:01:744 - [35m[Appium][39m   bootstrapPort: 6727
2020-05-20 23:08:01:744 - [35m[Appium][39m   logTimestamp: true
2020-05-20 23:08:01:744 - [35m[Appium][39m   localTimezone: true
2020-05-20 23:08:01:744 - [35m[Appium][39m   udid: emulator-5554
2020-05-20 23:08:01:745 - [35m[Appium][39m Deprecated server args:
2020-05-20 23:08:01:745 - [35m[Appium][39m   [31m-U,--udid[39m => --default-capabilities '{"udid":"emulator-5554"}'
2020-05-20 23:08:01:745 - [35m[Appium][39m Default capabilities, which will be added to each request unless overridden by desired capabilities:
2020-05-20 23:08:01:746 - [35m[Appium][39m   udid: emulator-5554
2020-05-20 23:08:01:769 - [35m[Appium][39m Appium REST http interface listener started on 0.0.0.0:4727
2020-05-20 23:08:04:100 - [35m[HTTP][39m [37m-->[39m [37mPOST[39m [37m/wd/hub/session[39m
2020-05-20 23:08:04:100 - [35m[HTTP][39m [90m{"capabilities":{"firstMatch":[{"platformName":"Android","appium:deviceName":"emulator-5554","appium:appPackage":"com.xueqiu.android","appium:platformVersion":"9","appium:appActivity":".view.WelcomeActivityAlias","appium:unicodeKeyboard":true,"appium:resetKeyboard":true,"appium:newCommandTimeout":120,"appium:systemPort":6727,"appium:noReset":true,"appium:autoGrantPermissions":true}]},"desiredCapabilities":{"platformName":"Android","deviceName":"emulator-5554","appPackage":"com.xueqiu.android","platformVersion":"9","appActivity":".view.WelcomeActivityAlias","unicodeKeyboard":true,"resetKeyboard":true,"newCommandTimeout":120,"systemPort":6727,"noReset":true,"autoGrantPermissions":true}}[39m
2020-05-20 23:08:04:102 - [debug] [35m[W3C][39m Calling AppiumDriver.createSession() with args: [{"platformName":"Android","deviceName":"emulator-5554","appPackage":"com.xueqiu.android","platformVersion":"9","appActivity":".view.WelcomeActivityAlias","unicodeKeyboard":true,"resetKeyboard":true,"newCommandTimeout":120,"systemPort":6727,"noReset":true,"autoGrantPermissions":true},null,{"firstMatch":[{"platformName":"Android","appium:deviceName":"emulator-5554","appium:appPackage":"com.xueqiu.android","appium:platformVersion":"9","appium:appActivity":".view.WelcomeActivityAlias","appium:unicodeKeyboard":true,"appium:resetKeyboard":true,"appium:newCommandTimeout":120,"appium:systemPort":6727,"appium:noReset":true,"appium:autoGrantPermissions":true}]}]
2020-05-20 23:08:04:102 - [debug] [35m[BaseDriver][39m Event 'newSessionRequested' logged at 1589987284102 (23:08:04 GMT+0800 (China Standard Time))
2020-05-20 23:08:04:105 - [35m[BaseDriver][39m The capabilities ["udid"] are not standard capabilities and should have an extension prefix
2020-05-20 23:08:04:110 - [35m[Appium][39m 
2020-05-20 23:08:04:111 - [35m[Appium][39m ======================================================================
2020-05-20 23:08:04:112 - [35m[Appium][39m   DEPRECATION WARNING:
2020-05-20 23:08:04:112 - [35m[Appium][39m 
2020-05-20 23:08:04:112 - [35m[Appium][39m   The 'automationName' capability was not provided in the desired 
2020-05-20 23:08:04:112 - [35m[Appium][39m   capabilities for this Android session
2020-05-20 23:08:04:112 - [35m[Appium][39m 
2020-05-20 23:08:04:112 - [35m[Appium][39m   Setting 'automationName=UiAutomator2' by default and using the 
2020-05-20 23:08:04:112 - [35m[Appium][39m   UiAutomator2 Driver
2020-05-20 23:08:04:112 - [35m[Appium][39m 
2020-05-20 23:08:04:113 - [35m[Appium][39m   The next major version of Appium (2.x) will **require** the 
2020-05-20 23:08:04:113 - [35m[Appium][39m   'automationName' capability to be set for all sessions on all 
2020-05-20 23:08:04:113 - [35m[Appium][39m   platforms
2020-05-20 23:08:04:113 - [35m[Appium][39m 
2020-05-20 23:08:04:113 - [35m[Appium][39m   In previous versions (Appium <= 1.13.x), the default was 
2020-05-20 23:08:04:113 - [35m[Appium][39m   'automationName=UiAutomator1'
2020-05-20 23:08:04:113 - [35m[Appium][39m 
2020-05-20 23:08:04:114 - [35m[Appium][39m   If you wish to use that automation instead of UiAutomator2, please 
2020-05-20 23:08:04:114 - [35m[Appium][39m   add 'automationName=UiAutomator1' to your desired capabilities
2020-05-20 23:08:04:114 - [35m[Appium][39m 
2020-05-20 23:08:04:114 - [35m[Appium][39m   For more information about drivers, please visit 
2020-05-20 23:08:04:114 - [35m[Appium][39m   http://appium.io/docs/en/about-appium/intro/ and explore the 
2020-05-20 23:08:04:115 - [35m[Appium][39m   'Drivers' menu
2020-05-20 23:08:04:115 - [35m[Appium][39m 
2020-05-20 23:08:04:115 - [35m[Appium][39m ======================================================================
2020-05-20 23:08:04:115 - [35m[Appium][39m 
2020-05-20 23:08:04:384 - [35m[Appium][39m Appium v1.14.1 creating new AndroidUiautomator2Driver (v1.34.0) session
2020-05-20 23:08:04:384 - [35m[Appium][39m Capabilities:
2020-05-20 23:08:04:384 - [35m[Appium][39m   platformName: Android
2020-05-20 23:08:04:385 - [35m[Appium][39m   udid: emulator-5554
2020-05-20 23:08:04:385 - [35m[Appium][39m   deviceName: emulator-5554
2020-05-20 23:08:04:385 - [35m[Appium][39m   appPackage: com.xueqiu.android
2020-05-20 23:08:04:385 - [35m[Appium][39m   platformVersion: 9
2020-05-20 23:08:04:385 - [35m[Appium][39m   appActivity: .view.WelcomeActivityAlias
2020-05-20 23:08:04:386 - [35m[Appium][39m   unicodeKeyboard: true
2020-05-20 23:08:04:386 - [35m[Appium][39m   resetKeyboard: true
2020-05-20 23:08:04:386 - [35m[Appium][39m   newCommandTimeout: 120
2020-05-20 23:08:04:386 - [35m[Appium][39m   systemPort: 6727
2020-05-20 23:08:04:386 - [35m[Appium][39m   noReset: true
2020-05-20 23:08:04:386 - [35m[Appium][39m   autoGrantPermissions: true
2020-05-20 23:08:04:389 - [debug] [35m[BaseDriver][39m W3C capabilities and MJSONWP desired capabilities were provided
2020-05-20 23:08:04:389 - [debug] [35m[BaseDriver][39m Creating session with W3C capabilities: {
2020-05-20 23:08:04:389 - [debug] [35m[BaseDriver][39m   "alwaysMatch": {
2020-05-20 23:08:04:389 - [debug] [35m[BaseDriver][39m     "platformName": "Android",
2020-05-20 23:08:04:389 - [debug] [35m[BaseDriver][39m     "appium:udid": "emulator-5554",
2020-05-20 23:08:04:389 - [debug] [35m[BaseDriver][39m     "appium:deviceName": "emulator-5554",
2020-05-20 23:08:04:389 - [debug] [35m[BaseDriver][39m     "appium:appPackage": "com.xueqiu.android",
2020-05-20 23:08:04:389 - [debug] [35m[BaseDriver][39m     "appium:platformVersion": "9",
2020-05-20 23:08:04:390 - [debug] [35m[BaseDriver][39m     "appium:appActivity": ".view.WelcomeActivityAlias",
2020-05-20 23:08:04:390 - [debug] [35m[BaseDriver][39m     "appium:unicodeKeyboard": true,
2020-05-20 23:08:04:390 - [debug] [35m[BaseDriver][39m     "appium:resetKeyboard": true,
2020-05-20 23:08:04:390 - [debug] [35m[BaseDriver][39m     "appium:newCommandTimeout": 120,
2020-05-20 23:08:04:390 - [debug] [35m[BaseDriver][39m     "appium:systemPort": 6727,
2020-05-20 23:08:04:390 - [debug] [35m[BaseDriver][39m     "appium:noReset": true,
2020-05-20 23:08:04:390 - [debug] [35m[BaseDriver][39m     "appium:autoGrantPermissions": true
2020-05-20 23:08:04:390 - [debug] [35m[BaseDriver][39m   },
2020-05-20 23:08:04:390 - [debug] [35m[BaseDriver][39m   "firstMatch": [
2020-05-20 23:08:04:391 - [debug] [35m[BaseDriver][39m     {}
2020-05-20 23:08:04:391 - [debug] [35m[BaseDriver][39m   ]
2020-05-20 23:08:04:391 - [debug] [35m[BaseDriver][39m }
2020-05-20 23:08:04:400 - [35m[BaseDriver][39m Session created with session id: 1eecf409-4d31-430e-85fe-5adcfeb17609
2020-05-20 23:08:04:438 - [35m[ADB][39m Found 42 'build-tools' folders under '/Users/tangyao/Android/sdk' (newest first):
2020-05-20 23:08:04:439 - [35m[ADB][39m     /Users/tangyao/Android/sdk/build-tools/30.0.0-rc2
2020-05-20 23:08:04:439 - [35m[ADB][39m     /Users/tangyao/Android/sdk/build-tools/29.0.2
2020-05-20 23:08:04:439 - [35m[ADB][39m     /Users/tangyao/Android/sdk/build-tools/29.0.0-rc2
2020-05-20 23:08:04:439 - [35m[ADB][39m     /Users/tangyao/Android/sdk/build-tools/28.0.3
2020-05-20 23:08:04:439 - [35m[ADB][39m     /Users/tangyao/Android/sdk/build-tools/28.0.2
2020-05-20 23:08:04:439 - [35m[ADB][39m     /Users/tangyao/Android/sdk/build-tools/28.0.1
2020-05-20 23:08:04:439 - [35m[ADB][39m     /Users/tangyao/Android/sdk/build-tools/28.0.0
2020-05-20 23:08:04:440 - [35m[ADB][39m     /Users/tangyao/Android/sdk/build-tools/28.0.0-rc2
2020-05-20 23:08:04:440 - [35m[ADB][39m     /Users/tangyao/Android/sdk/build-tools/28.0.0-rc1
2020-05-20 23:08:04:440 - [35m[ADB][39m     /Users/tangyao/Android/sdk/build-tools/27.0.3
2020-05-20 23:08:04:440 - [35m[ADB][39m     /Users/tangyao/Android/sdk/build-tools/26.0.1
2020-05-20 23:08:04:440 - [35m[ADB][39m     /Users/tangyao/Android/sdk/build-tools/26.0.0
2020-05-20 23:08:04:440 - [35m[ADB][39m     /Users/tangyao/Android/sdk/build-tools/25.0.3
2020-05-20 23:08:04:440 - [35m[ADB][39m     /Users/tangyao/Android/sdk/build-tools/25.0.2
2020-05-20 23:08:04:440 - [35m[ADB][39m     /Users/tangyao/Android/sdk/build-tools/25.0.1
2020-05-20 23:08:04:441 - [35m[ADB][39m     /Users/tangyao/Android/sdk/build-tools/25.0.0
2020-05-20 23:08:04:441 - [35m[ADB][39m     /Users/tangyao/Android/sdk/build-tools/24.0.3
2020-05-20 23:08:04:441 - [35m[ADB][39m     /Users/tangyao/Android/sdk/build-tools/24.0.2
2020-05-20 23:08:04:441 - [35m[ADB][39m     /Users/tangyao/Android/sdk/build-tools/24.0.1
2020-05-20 23:08:04:441 - [35m[ADB][39m     /Users/tangyao/Android/sdk/build-tools/24.0.0
2020-05-20 23:08:04:441 - [35m[ADB][39m     /Users/tangyao/Android/sdk/build-tools/23.0.3
2020-05-20 23:08:04:441 - [35m[ADB][39m     /Users/tangyao/Android/sdk/build-tools/23.0.2
2020-05-20 23:08:04:441 - [35m[ADB][39m     /Users/tangyao/Android/sdk/build-tools/23.0.1
2020-05-20 23:08:04:442 - [35m[ADB][39m     /Users/tangyao/Android/sdk/build-tools/23.0.0
2020-05-20 23:08:04:442 - [35m[ADB][39m     /Users/tangyao/Android/sdk/build-tools/22.0.1
2020-05-20 23:08:04:442 - [35m[ADB][39m     /Users/tangyao/Android/sdk/build-tools/22.0.0
2020-05-20 23:08:04:442 - [35m[ADB][39m     /Users/tangyao/Android/sdk/build-tools/21.1.2
2020-05-20 23:08:04:442 - [35m[ADB][39m     /Users/tangyao/Android/sdk/build-tools/21.1.1
2020-05-20 23:08:04:442 - [35m[ADB][39m     /Users/tangyao/Android/sdk/build-tools/21.1.0
2020-05-20 23:08:04:442 - [35m[ADB][39m     /Users/tangyao/Android/sdk/build-tools/21.0.2
2020-05-20 23:08:04:442 - [35m[ADB][39m     /Users/tangyao/Android/sdk/build-tools/21.0.1
2020-05-20 23:08:04:442 - [35m[ADB][39m     /Users/tangyao/Android/sdk/build-tools/21.0.0
2020-05-20 23:08:04:443 - [35m[ADB][39m     /Users/tangyao/Android/sdk/build-tools/20.0.0
2020-05-20 23:08:04:443 - [35m[ADB][39m     /Users/tangyao/Android/sdk/build-tools/19.1.0
2020-05-20 23:08:04:443 - [35m[ADB][39m     /Users/tangyao/Android/sdk/build-tools/19.0.3
2020-05-20 23:08:04:443 - [35m[ADB][39m     /Users/tangyao/Android/sdk/build-tools/19.0.2
2020-05-20 23:08:04:443 - [35m[ADB][39m     /Users/tangyao/Android/sdk/build-tools/19.0.1
2020-05-20 23:08:04:443 - [35m[ADB][39m     /Users/tangyao/Android/sdk/build-tools/19.0.0
2020-05-20 23:08:04:443 - [35m[ADB][39m     /Users/tangyao/Android/sdk/build-tools/18.1.1
2020-05-20 23:08:04:444 - [35m[ADB][39m     /Users/tangyao/Android/sdk/build-tools/18.1.0
2020-05-20 23:08:04:444 - [35m[ADB][39m     /Users/tangyao/Android/sdk/build-tools/18.0.1
2020-05-20 23:08:04:444 - [35m[ADB][39m     /Users/tangyao/Android/sdk/build-tools/17.0.0
2020-05-20 23:08:04:466 - [35m[ADB][39m Using 'adb' from '/Users/tangyao/Android/sdk/platform-tools/adb'
2020-05-20 23:08:04:466 - [35m[AndroidDriver][39m Retrieving device list
2020-05-20 23:08:04:467 - [debug] [35m[ADB][39m Trying to find a connected android device
2020-05-20 23:08:04:467 - [debug] [35m[ADB][39m Getting connected devices...
2020-05-20 23:08:04:526 - [debug] [35m[ADB][39m 2 device(s) connected
2020-05-20 23:08:04:526 - [35m[AndroidDriver][39m Using device: emulator-5554
2020-05-20 23:08:04:528 - [35m[ADB][39m Using 'adb' from '/Users/tangyao/Android/sdk/platform-tools/adb'
2020-05-20 23:08:04:528 - [debug] [35m[ADB][39m Setting device id to emulator-5554
2020-05-20 23:08:04:529 - [debug] [35m[ADB][39m Running '/Users/tangyao/Android/sdk/platform-tools/adb -P 5037 -s emulator-5554 shell getprop ro.build.version.sdk'
2020-05-20 23:08:04:553 - [debug] [35m[ADB][39m Current device property 'ro.build.version.sdk': 23
2020-05-20 23:08:04:553 - [debug] [35m[ADB][39m Device API level: 23
2020-05-20 23:08:04:553 - [35m[AndroidDriver][39m No app sent in, not parsing package/activity
2020-05-20 23:08:04:554 - [debug] [35m[ADB][39m Running '/Users/tangyao/Android/sdk/platform-tools/adb -P 5037 -s emulator-5554 wait-for-device'
2020-05-20 23:08:04:565 - [debug] [35m[ADB][39m Running '/Users/tangyao/Android/sdk/platform-tools/adb -P 5037 -s emulator-5554 shell echo ping'
2020-05-20 23:08:04:578 - [debug] [35m[AndroidDriver][39m Pushing settings apk to device...
2020-05-20 23:08:04:579 - [debug] [35m[ADB][39m Getting install status for io.appium.settings
2020-05-20 23:08:04:580 - [debug] [35m[ADB][39m Running '/Users/tangyao/Android/sdk/platform-tools/adb -P 5037 -s emulator-5554 shell dumpsys package io.appium.settings'
2020-05-20 23:08:04:602 - [debug] [35m[ADB][39m 'io.appium.settings' is installed
2020-05-20 23:08:04:603 - [debug] [35m[ADB][39m Getting package info for 'io.appium.settings'
2020-05-20 23:08:04:603 - [debug] [35m[ADB][39m Running '/Users/tangyao/Android/sdk/platform-tools/adb -P 5037 -s emulator-5554 shell dumpsys package io.appium.settings'
2020-05-20 23:08:04:626 - [35m[ADB][39m Using 'apkanalyzer' from '/Users/tangyao/Android/sdk/tools/bin/apkanalyzer'
2020-05-20 23:08:04:626 - [debug] [35m[ADB][39m Starting '/Users/tangyao/Android/sdk/tools/bin/apkanalyzer' with args ["manifest","print","/usr/local/lib/node_modules/appium/node_modules/_io.appium.settings@2.14.1@io.appium.settings/apks/settings_apk-debug.apk"]
2020-05-20 23:08:07:404 - [debug] [35m[ADB][39m The version name of the installed 'io.appium.settings' is greater or equal to the application version name ('2.14.1' >= '2.14.1')
2020-05-20 23:08:07:405 - [debug] [35m[ADB][39m There is no need to install/upgrade '/usr/local/lib/node_modules/appium/node_modules/_io.appium.settings@2.14.1@io.appium.settings/apks/settings_apk-debug.apk'
2020-05-20 23:08:07:406 - [debug] [35m[ADB][39m Getting IDs of all 'io.appium.settings' processes
2020-05-20 23:08:07:407 - [debug] [35m[ADB][39m Running '/Users/tangyao/Android/sdk/platform-tools/adb -P 5037 -s emulator-5554 shell 'pgrep --help; echo $?''
2020-05-20 23:08:07:428 - [debug] [35m[ADB][39m Running '/Users/tangyao/Android/sdk/platform-tools/adb -P 5037 -s emulator-5554 shell pgrep -f io\.appium\.settings'
2020-05-20 23:08:07:455 - [debug] [35m[AndroidDriver][39m io.appium.settings is already running. There is no need to reset its permissions.
2020-05-20 23:08:07:456 - [debug] [35m[ADB][39m Running '/Users/tangyao/Android/sdk/platform-tools/adb -P 5037 -s emulator-5554 shell appops set io.appium.settings android\:mock_location allow'
2020-05-20 23:08:08:023 - [debug] [35m[Logcat][39m Starting logcat capture
2020-05-20 23:08:08:040 - [debug] [35m[AndroidDriver][39m Enabling Unicode keyboard support
2020-05-20 23:08:08:040 - [debug] [35m[ADB][39m Running '/Users/tangyao/Android/sdk/platform-tools/adb -P 5037 -s emulator-5554 shell settings get secure default_input_method'
2020-05-20 23:08:08:960 - [debug] [35m[AndroidDriver][39m Unsetting previous IME com.netease.nemu_vinput.nemu/com.android.inputmethodcommon.SoftKeyboard
2020-05-20 23:08:08:960 - [debug] [35m[AndroidDriver][39m Setting IME to 'io.appium.settings/.UnicodeIME'
2020-05-20 23:08:08:961 - [debug] [35m[ADB][39m Running '/Users/tangyao/Android/sdk/platform-tools/adb -P 5037 -s emulator-5554 shell ime enable io.appium.settings/.UnicodeIME'
2020-05-20 23:08:09:796 - [debug] [35m[ADB][39m Running '/Users/tangyao/Android/sdk/platform-tools/adb -P 5037 -s emulator-5554 shell ime set io.appium.settings/.UnicodeIME'
2020-05-20 23:08:10:340 - [debug] [35m[ADB][39m Getting install status for io.appium.uiautomator2.server
2020-05-20 23:08:10:341 - [debug] [35m[ADB][39m Running '/Users/tangyao/Android/sdk/platform-tools/adb -P 5037 -s emulator-5554 shell dumpsys package io.appium.uiautomator2.server'
2020-05-20 23:08:10:367 - [debug] [35m[ADB][39m 'io.appium.uiautomator2.server' is installed
2020-05-20 23:08:10:368 - [debug] [35m[ADB][39m Getting package info for 'io.appium.uiautomator2.server'
2020-05-20 23:08:10:368 - [debug] [35m[ADB][39m Running '/Users/tangyao/Android/sdk/platform-tools/adb -P 5037 -s emulator-5554 shell dumpsys package io.appium.uiautomator2.server'
2020-05-20 23:08:10:393 - [debug] [35m[ADB][39m Starting '/Users/tangyao/Android/sdk/tools/bin/apkanalyzer' with args ["manifest","print","/usr/local/lib/node_modules/appium/node_modules/_appium-uiautomator2-server@3.8.1@appium-uiautomator2-server/apks/appium-uiautomator2-server-v3.8.1.apk"]
2020-05-20 23:08:12:651 - [debug] [35m[ADB][39m The version name of the installed 'io.appium.uiautomator2.server' is greater or equal to the application version name ('3.8.1' >= '3.8.1')
2020-05-20 23:08:12:652 - [debug] [35m[UiAutomator2][39m io.appium.uiautomator2.server installation state: sameVersionInstalled
2020-05-20 23:08:12:652 - [debug] [35m[ADB][39m Checking app cert for /usr/local/lib/node_modules/appium/node_modules/_appium-uiautomator2-server@3.8.1@appium-uiautomator2-server/apks/appium-uiautomator2-server-v3.8.1.apk
2020-05-20 23:08:12:654 - [35m[ADB][39m Using 'apksigner' from '/Users/tangyao/Android/sdk/build-tools/30.0.0-rc2/apksigner'
2020-05-20 23:08:12:655 - [debug] [35m[ADB][39m Starting '/Users/tangyao/Android/sdk/build-tools/30.0.0-rc2/apksigner' with args '["verify","--print-certs","/usr/local/lib/node_modules/appium/node_modules/_appium-uiautomator2-server@3.8.1@appium-uiautomator2-server/apks/appium-uiautomator2-server-v3.8.1.apk"]'
2020-05-20 23:08:12:828 - [35m[ADB][39m Got an error during apksigner execution: Command '/Users/tangyao/Android/sdk/build-tools/30.0.0-rc2/apksigner verify --print-certs /usr/local/lib/node_modules/appium/node_modules/_appium-uiautomator2-server\@3.8.1\@appium-uiautomator2-server/apks/appium-uiautomator2-server-v3.8.1.apk' exited with code 1
2020-05-20 23:08:12:828 - [35m[ADB][39m apksigner stderr: Error: A JNI error has occurred, please check your installation and try again
2020-05-20 23:08:12:828 - [35m[ADB][39m Exception in thread "main" java.lang.UnsupportedClassVersionError: com/android/apksigner/ApkSignerTool has been compiled by a more recent version of the Java Runtime (class file version 53.0), this version of the Java Runtime only recognizes class file versions up to 52.0
2020-05-20 23:08:12:828 - [35m[ADB][39m 	at java.lang.ClassLoader.defineClass1(Native Method)
2020-05-20 23:08:12:828 - [35m[ADB][39m 	at java.lang.ClassLoader.defineClass(ClassLoader.java:763)
2020-05-20 23:08:12:828 - [35m[ADB][39m 	at java.security.SecureClassLoader.defineClass(SecureClassLoader.java:142)
2020-05-20 23:08:12:828 - [35m[ADB][39m 	at java.net.URLClassLoader.defineClass(URLClassLoader.java:467)
2020-05-20 23:08:12:828 - [35m[ADB][39m 	at java.net.URLClassLoader.access$100(URLClassLoader.java:73)
2020-05-20 23:08:12:829 - [35m[ADB][39m 	at java.net.URLClassLoader$1.run(URLClassLoader.java:368)
2020-05-20 23:08:12:829 - [35m[ADB][39m 	at java.net.URLClassLoader$1.run(URLClassLoader.java:362)
2020-05-20 23:08:12:829 - [35m[ADB][39m 	at java.security.AccessController.doPrivileged(Native Method)
2020-05-20 23:08:12:829 - [35m[ADB][39m 	at java.net.URLClassLoader.findClass(URLClassLoader.java:361)
2020-05-20 23:08:12:829 - [35m[ADB][39m 	at java.lang.ClassLoader.loadClass(ClassLoader.java:424)
2020-05-20 23:08:12:829 - [35m[ADB][39m 	at sun.misc.Launcher$AppClassLoader.loadClass(Launcher.java:349)
2020-05-20 23:08:12:829 - [35m[ADB][39m 	at java.lang.ClassLoader.loadClass(ClassLoader.java:357)
2020-05-20 23:08:12:829 - [35m[ADB][39m 	at sun.launcher.LauncherHelper.checkAndLoadMain(LauncherHelper.java:495)
2020-05-20 23:08:12:829 - [35m[ADB][39m 
2020-05-20 23:08:12:830 - [35m[ADB][39m Cannot use apksigner tool for signature verification. Original error: Command '/Users/tangyao/Android/sdk/build-tools/30.0.0-rc2/apksigner verify --print-certs /usr/local/lib/node_modules/appium/node_modules/_appium-uiautomator2-server\@3.8.1\@appium-uiautomator2-server/apks/appium-uiautomator2-server-v3.8.1.apk' exited with code 1
2020-05-20 23:08:12:830 - [debug] [35m[ADB][39m Defaulting to verify.jar
2020-05-20 23:08:13:087 - [debug] [35m[ADB][39m '/usr/local/lib/node_modules/appium/node_modules/_appium-uiautomator2-server@3.8.1@appium-uiautomator2-server/apks/appium-uiautomator2-server-v3.8.1.apk' is already signed.
2020-05-20 23:08:13:088 - [debug] [35m[ADB][39m Getting install status for io.appium.uiautomator2.server.test
2020-05-20 23:08:13:088 - [debug] [35m[ADB][39m Running '/Users/tangyao/Android/sdk/platform-tools/adb -P 5037 -s emulator-5554 shell dumpsys package io.appium.uiautomator2.server.test'
2020-05-20 23:08:13:105 - [debug] [35m[ADB][39m 'io.appium.uiautomator2.server.test' is installed
2020-05-20 23:08:13:105 - [debug] [35m[ADB][39m Checking app cert for /usr/local/lib/node_modules/appium/node_modules/_appium-uiautomator2-server@3.8.1@appium-uiautomator2-server/apks/appium-uiautomator2-server-debug-androidTest.apk
2020-05-20 23:08:13:106 - [debug] [35m[ADB][39m Starting '/Users/tangyao/Android/sdk/build-tools/30.0.0-rc2/apksigner' with args '["verify","--print-certs","/usr/local/lib/node_modules/appium/node_modules/_appium-uiautomator2-server@3.8.1@appium-uiautomator2-server/apks/appium-uiautomator2-server-debug-androidTest.apk"]'
2020-05-20 23:08:13:241 - [35m[ADB][39m Got an error during apksigner execution: Command '/Users/tangyao/Android/sdk/build-tools/30.0.0-rc2/apksigner verify --print-certs /usr/local/lib/node_modules/appium/node_modules/_appium-uiautomator2-server\@3.8.1\@appium-uiautomator2-server/apks/appium-uiautomator2-server-debug-androidTest.apk' exited with code 1
2020-05-20 23:08:13:242 - [35m[ADB][39m apksigner stderr: Error: A JNI error has occurred, please check your installation and try again
2020-05-20 23:08:13:242 - [35m[ADB][39m Exception in thread "main" java.lang.UnsupportedClassVersionError: com/android/apksigner/ApkSignerTool has been compiled by a more recent version of the Java Runtime (class file version 53.0), this version of the Java Runtime only recognizes class file versions up to 52.0
2020-05-20 23:08:13:242 - [35m[ADB][39m 	at java.lang.ClassLoader.defineClass1(Native Method)
2020-05-20 23:08:13:242 - [35m[ADB][39m 	at java.lang.ClassLoader.defineClass(ClassLoader.java:763)
2020-05-20 23:08:13:242 - [35m[ADB][39m 	at java.security.SecureClassLoader.defineClass(SecureClassLoader.java:142)
2020-05-20 23:08:13:242 - [35m[ADB][39m 	at java.net.URLClassLoader.defineClass(URLClassLoader.java:467)
2020-05-20 23:08:13:243 - [35m[ADB][39m 	at java.net.URLClassLoader.access$100(URLClassLoader.java:73)
2020-05-20 23:08:13:243 - [35m[ADB][39m 	at java.net.URLClassLoader$1.run(URLClassLoader.java:368)
2020-05-20 23:08:13:243 - [35m[ADB][39m 	at java.net.URLClassLoader$1.run(URLClassLoader.java:362)
2020-05-20 23:08:13:243 - [35m[ADB][39m 	at java.security.AccessController.doPrivileged(Native Method)
2020-05-20 23:08:13:243 - [35m[ADB][39m 	at java.net.URLClassLoader.findClass(URLClassLoader.java:361)
2020-05-20 23:08:13:243 - [35m[ADB][39m 	at java.lang.ClassLoader.loadClass(ClassLoader.java:424)
2020-05-20 23:08:13:243 - [35m[ADB][39m 	at sun.misc.Launcher$AppClassLoader.loadClass(Launcher.java:349)
2020-05-20 23:08:13:243 - [35m[ADB][39m 	at java.lang.ClassLoader.loadClass(ClassLoader.java:357)
2020-05-20 23:08:13:243 - [35m[ADB][39m 	at sun.launcher.LauncherHelper.checkAndLoadMain(LauncherHelper.java:495)
2020-05-20 23:08:13:243 - [35m[ADB][39m 
2020-05-20 23:08:13:244 - [35m[ADB][39m Cannot use apksigner tool for signature verification. Original error: Command '/Users/tangyao/Android/sdk/build-tools/30.0.0-rc2/apksigner verify --print-certs /usr/local/lib/node_modules/appium/node_modules/_appium-uiautomator2-server\@3.8.1\@appium-uiautomator2-server/apks/appium-uiautomator2-server-debug-androidTest.apk' exited with code 1
2020-05-20 23:08:13:244 - [debug] [35m[ADB][39m Defaulting to verify.jar
2020-05-20 23:08:13:472 - [debug] [35m[ADB][39m '/usr/local/lib/node_modules/appium/node_modules/_appium-uiautomator2-server@3.8.1@appium-uiautomator2-server/apks/appium-uiautomator2-server-debug-androidTest.apk' is already signed.
2020-05-20 23:08:13:472 - [35m[UiAutomator2][39m Server packages are not going to be (re)installed
2020-05-20 23:08:13:473 - [debug] [35m[UiAutomator2][39m Waiting up to 30000ms for services to be available
2020-05-20 23:08:13:474 - [debug] [35m[ADB][39m Running '/Users/tangyao/Android/sdk/platform-tools/adb -P 5037 -s emulator-5554 shell pm list instrumentation'
2020-05-20 23:08:13:700 - [debug] [35m[UiAutomator2][39m Instrumentation target 'io.appium.uiautomator2.server.test/androidx.test.runner.AndroidJUnitRunner' is available
2020-05-20 23:08:13:700 - [debug] [35m[UiAutomator2][39m Forwarding UiAutomator2 Server port 6790 to 6727
2020-05-20 23:08:13:700 - [debug] [35m[ADB][39m Forwarding system: 6727 to device: 6790
2020-05-20 23:08:13:701 - [debug] [35m[ADB][39m Running '/Users/tangyao/Android/sdk/platform-tools/adb -P 5037 -s emulator-5554 forward tcp\:6727 tcp\:6790'
2020-05-20 23:08:13:710 - [debug] [35m[UiAutomator2][39m No app capability. Assuming it is already on the device
2020-05-20 23:08:13:711 - [debug] [35m[UiAutomator2][39m Performing shallow cleanup of automation leftovers
2020-05-20 23:08:13:726 - [debug] [35m[UiAutomator2][39m No obsolete sessions have been detected (Error: socket hang up)
2020-05-20 23:08:13:726 - [debug] [35m[ADB][39m Running '/Users/tangyao/Android/sdk/platform-tools/adb -P 5037 -s emulator-5554 shell am force-stop io.appium.uiautomator2.server.test'
2020-05-20 23:08:14:147 - [35m[UiAutomator2][39m Starting UIAutomator2 server 3.8.1
2020-05-20 23:08:14:147 - [35m[UiAutomator2][39m Using UIAutomator2 server from '/usr/local/lib/node_modules/appium/node_modules/_appium-uiautomator2-server@3.8.1@appium-uiautomator2-server/apks/appium-uiautomator2-server-v3.8.1.apk' and test from '/usr/local/lib/node_modules/appium/node_modules/_appium-uiautomator2-server@3.8.1@appium-uiautomator2-server/apks/appium-uiautomator2-server-debug-androidTest.apk'
2020-05-20 23:08:14:147 - [35m[UiAutomator2][39m Waiting up to 30000ms for UiAutomator2 to be online...
2020-05-20 23:08:14:148 - [debug] [35m[ADB][39m Creating ADB subprocess with args: ["-P",5037,"-s","emulator-5554","shell","am","instrument","-w","io.appium.uiautomator2.server.test/androidx.test.runner.AndroidJUnitRunner"]
2020-05-20 23:08:14:512 - [debug] [35m[Instrumentation][39m io.appium.uiautomator2.server.test.AppiumUiAutomator2Server:
2020-05-20 23:08:15:156 - [debug] [35m[WD Proxy][39m Matched '/status' to command name 'getStatus'
2020-05-20 23:08:15:158 - [debug] [35m[WD Proxy][39m Proxying [GET /status] to [GET http://localhost:6727/wd/hub/status] with no body
2020-05-20 23:08:15:165 - [35m[WD Proxy][39m Got an unexpected response: {"code":"ECONNRESET"}
2020-05-20 23:08:16:171 - [debug] [35m[WD Proxy][39m Matched '/status' to command name 'getStatus'
2020-05-20 23:08:16:171 - [debug] [35m[WD Proxy][39m Proxying [GET /status] to [GET http://localhost:6727/wd/hub/status] with no body
2020-05-20 23:08:16:222 - [debug] [35m[WD Proxy][39m Got response with status 200: {"sessionId":"None","status":0,"value":"Status Invoked"}
2020-05-20 23:08:16:222 - [debug] [35m[WD Proxy][39m Determined the downstream protocol as 'MJSONWP'
2020-05-20 23:08:16:223 - [debug] [35m[UiAutomator2][39m The initialization of the instrumentation process took 2076ms
2020-05-20 23:08:16:223 - [debug] [35m[WD Proxy][39m Matched '/session' to command name 'createSession'
2020-05-20 23:08:16:223 - [debug] [35m[WD Proxy][39m Proxying [POST /session] to [POST http://localhost:6727/wd/hub/session] with body: {"desiredCapabilities":{"platform":"LINUX","webStorageEnabled":false,"takesScreenshot":true,"javascriptEnabled":true,"databaseEnabled":false,"networkConnectionEnabled":true,"locationContextEnabled":false,"warnings":{},"desired":{"platformName":"Android","udid":"emulator-5554","deviceName":"emulator-5554","appPackage":"com.xueqiu.android","platformVersion":"9","appActivity":".view.WelcomeActivityAlias","unicodeKeyboard":true,"resetKeyboard":true,"newCommandTimeout":120,"systemPort":6727,"noReset":true,"autoGrantPermissions":true},"platformName":"Android","udid":"emulator-5554","deviceName":"emulator-5554","appPackage":"com.xueqiu.android","platformVersion":"9","appActivity":".view.WelcomeActivityAlias","unicodeKeyboard":true,"resetKeyboard":true,"newCommandTimeout":120,"systemPort":6727,"noReset":true,"autoGrantPermissions":true,"deviceUDID":"emulator-5554"}}
2020-05-20 23:08:16:240 - [debug] [35m[WD Proxy][39m Got response with status 200: {"sessionId":"94e214fc-302b-4d5c-89c9-09159434fe14","status":0,"value":"Created Session"}
2020-05-20 23:08:16:240 - [debug] [35m[WD Proxy][39m Determined the downstream protocol as 'MJSONWP' per session creation request
2020-05-20 23:08:16:252 - [debug] [35m[WD Proxy][39m Proxying [GET /appium/device/info] to [GET http://localhost:6727/wd/hub/session/94e214fc-302b-4d5c-89c9-09159434fe14/appium/device/info] with no body
2020-05-20 23:08:16:272 - [debug] [35m[WD Proxy][39m Got response with status 200: {"sessionId":"94e214fc-302b-4d5c-89c9-09159434fe14","status":0,"value":{"androidId":"9f76973988ef8c02","manufacturer":"HUAWEI","model":"Mate 10 Pro","brand":"HUAWEI","apiVersion":"23","platformVersion":"6.0.1","carrierName":"","realDisplaySize":"640x1024","displayDensity":256,"networks":[{"type":1,"typeName":"WIFI","subtype":0,"subtypeName":"","isConnected":true,"detailedState":"CONNECTED","state":"CONNECTED","extraInfo":"\"Nr9K20lV\"","isAvailable":true,"isFailover":false,"isRoaming":false,"capabilities":{"transportTypes":"NET_CAPABILITY_SUPL","networkCapabilities":"","linkUpstreamBandwidthKbps":1048576,"linkDownBandwidthKbps":1048576,"signalStrength":-55,"networkSpecifier":null,"SSID":null}}],"locale":"zh_CN","timeZone":"Asia\/Shanghai"}}
2020-05-20 23:08:16:273 - [debug] [35m[ADB][39m Running '/Users/tangyao/Android/sdk/platform-tools/adb -P 5037 -s emulator-5554 shell dumpsys window'
2020-05-20 23:08:16:294 - [35m[AndroidDriver][39m Screen already unlocked, doing nothing
2020-05-20 23:08:16:294 - [35m[UiAutomator2][39m UiAutomator2 did not start the activity we were waiting for, 'com.xueqiu.android/.view.WelcomeActivityAlias'. Starting it ourselves
2020-05-20 23:08:16:295 - [debug] [35m[ADB][39m Running '/Users/tangyao/Android/sdk/platform-tools/adb -P 5037 -s emulator-5554 shell am start -W -n com.xueqiu.android/.view.WelcomeActivityAlias -S -a android.intent.action.MAIN -c android.intent.category.LAUNCHER -f 0x10200000'
2020-05-20 23:08:18:940 - [debug] [35m[WD Proxy][39m Proxying [GET /appium/device/pixel_ratio] to [GET http://localhost:6727/wd/hub/session/94e214fc-302b-4d5c-89c9-09159434fe14/appium/device/pixel_ratio] with body: {}
2020-05-20 23:08:18:951 - [debug] [35m[WD Proxy][39m Got response with status 200: {"sessionId":"94e214fc-302b-4d5c-89c9-09159434fe14","status":0,"value":1.6}
2020-05-20 23:08:18:952 - [debug] [35m[WD Proxy][39m Matched '/appium/device/system_bars' to command name 'getSystemBars'
2020-05-20 23:08:18:952 - [debug] [35m[WD Proxy][39m Proxying [GET /appium/device/system_bars] to [GET http://localhost:6727/wd/hub/session/94e214fc-302b-4d5c-89c9-09159434fe14/appium/device/system_bars] with body: {}
2020-05-20 23:08:18:971 - [debug] [35m[WD Proxy][39m Got response with status 200: {"sessionId":"94e214fc-302b-4d5c-89c9-09159434fe14","status":0,"value":{"statusBar":38}}
2020-05-20 23:08:18:972 - [debug] [35m[WD Proxy][39m Matched '/window/current/size' to command name 'getWindowSize'
2020-05-20 23:08:18:972 - [debug] [35m[WD Proxy][39m Proxying [GET /window/current/size] to [GET http://localhost:6727/wd/hub/session/94e214fc-302b-4d5c-89c9-09159434fe14/window/current/size] with body: {}
2020-05-20 23:08:18:979 - [debug] [35m[WD Proxy][39m Got response with status 200: {"sessionId":"94e214fc-302b-4d5c-89c9-09159434fe14","status":0,"value":{"height":1024,"width":640}}
2020-05-20 23:08:18:980 - [35m[Appium][39m New AndroidUiautomator2Driver session created successfully, session 1eecf409-4d31-430e-85fe-5adcfeb17609 added to master session list
2020-05-20 23:08:18:980 - [debug] [35m[BaseDriver][39m Event 'newSessionStarted' logged at 1589987298980 (23:08:18 GMT+0800 (China Standard Time))
2020-05-20 23:08:18:981 - [debug] [35m[W3C (1eecf409)][39m Cached the protocol value 'W3C' for the new session 1eecf409-4d31-430e-85fe-5adcfeb17609
2020-05-20 23:08:18:982 - [debug] [35m[W3C (1eecf409)][39m Responding to client with driver.createSession() result: {"capabilities":{"platform":"LINUX","webStorageEnabled":false,"takesScreenshot":true,"javascriptEnabled":true,"databaseEnabled":false,"networkConnectionEnabled":true,"locationContextEnabled":false,"warnings":{},"desired":{"platformName":"Android","udid":"emulator-5554","deviceName":"emulator-5554","appPackage":"com.xueqiu.android","platformVersion":"9","appActivity":".view.WelcomeActivityAlias","unicodeKeyboard":true,"resetKeyboard":true,"newCommandTimeout":120,"systemPort":6727,"noReset":true,"autoGrantPermissions":true},"platformName":"Android","udid":"emulator-5554","deviceName":"emulator-5554","appPackage":"com.xueqiu.android","platformVersion":"6.0.1","appActivity":".view.WelcomeActivityAlias","unicodeKeyboard":true,"resetKeyboard":true,"newCommandTimeout":120,"systemPort":6727,"noReset":true,"autoGrantPermissions":true,"deviceUDID":"emulator-5554","deviceApiLevel":23,"deviceScreenSize":"640x1024","deviceScreenDensity":256,"deviceModel":"Mate 10 Pro","deviceManufacturer":"HUAWEI","pixelRatio":1.6,"sta...
2020-05-20 23:08:18:985 - [35m[HTTP][39m [37m<-- POST /wd/hub/session [39m[32m200[39m [90m14884 ms - 1158[39m
2020-05-20 23:08:18:985 - [35m[HTTP][39m [90m[39m
2020-05-20 23:08:18:992 - [35m[HTTP][39m [37m-->[39m [37mPOST[39m [37m/wd/hub/session/1eecf409-4d31-430e-85fe-5adcfeb17609/timeouts[39m
2020-05-20 23:08:18:993 - [35m[HTTP][39m [90m{"implicit":5000}[39m
2020-05-20 23:08:18:995 - [debug] [35m[W3C (1eecf409)][39m Calling AppiumDriver.timeouts() with args: [null,null,null,null,5000,"1eecf409-4d31-430e-85fe-5adcfeb17609"]
2020-05-20 23:08:19:020 - [debug] [35m[BaseDriver][39m W3C timeout argument: {"implicit":5000}}
2020-05-20 23:08:19:020 - [debug] [35m[BaseDriver][39m Set implicit wait to 5000ms
2020-05-20 23:08:19:021 - [debug] [35m[W3C (1eecf409)][39m Responding to client with driver.timeouts() result: null
2020-05-20 23:08:19:023 - [35m[HTTP][39m [37m<-- POST /wd/hub/session/1eecf409-4d31-430e-85fe-5adcfeb17609/timeouts [39m[32m200[39m [90m30 ms - 14[39m
2020-05-20 23:08:19:023 - [35m[HTTP][39m [90m[39m
2020-05-20 23:08:21:043 - [35m[HTTP][39m [37m-->[39m [37mPOST[39m [37m/wd/hub/session/1eecf409-4d31-430e-85fe-5adcfeb17609/element[39m
2020-05-20 23:08:21:044 - [35m[HTTP][39m [90m{"using":"xpath","value":"//*[@text='我的']"}[39m
2020-05-20 23:08:21:047 - [debug] [35m[W3C (1eecf409)][39m Calling AppiumDriver.findElement() with args: ["xpath","//*[@text='我的']","1eecf409-4d31-430e-85fe-5adcfeb17609"]
2020-05-20 23:08:21:048 - [debug] [35m[BaseDriver][39m Valid locator strategies for this request: xpath, id, class name, accessibility id, -android uiautomator
2020-05-20 23:08:21:049 - [debug] [35m[BaseDriver][39m Waiting up to 5000 ms for condition
2020-05-20 23:08:21:050 - [debug] [35m[WD Proxy][39m Matched '/element' to command name 'findElement'
2020-05-20 23:08:21:050 - [debug] [35m[WD Proxy][39m Proxying [POST /element] to [POST http://localhost:6727/wd/hub/session/94e214fc-302b-4d5c-89c9-09159434fe14/element] with body: {"strategy":"xpath","selector":"//*[@text='我的']","context":"","multiple":false}
2020-05-20 23:08:21:381 - [35m[WD Proxy][39m Got an unexpected response: {"sessionId":"94e214fc-302b-4d5c-89c9-09159434fe14","status":7,"value":"An element could not be located on the page using the given search parameters."}
2020-05-20 23:08:21:382 - [debug] [35m[MJSONWP][39m Matched JSONWP error code 7 to NoSuchElementError
2020-05-20 23:08:21:382 - [debug] [35m[BaseDriver][39m Waited for 333 ms so far
2020-05-20 23:08:21:886 - [debug] [35m[WD Proxy][39m Matched '/element' to command name 'findElement'
2020-05-20 23:08:21:887 - [debug] [35m[WD Proxy][39m Proxying [POST /element] to [POST http://localhost:6727/wd/hub/session/94e214fc-302b-4d5c-89c9-09159434fe14/element] with body: {"strategy":"xpath","selector":"//*[@text='我的']","context":"","multiple":false}
2020-05-20 23:08:22:074 - [35m[WD Proxy][39m Got an unexpected response: {"sessionId":"94e214fc-302b-4d5c-89c9-09159434fe14","status":7,"value":"An element could not be located on the page using the given search parameters."}
2020-05-20 23:08:22:074 - [debug] [35m[MJSONWP][39m Matched JSONWP error code 7 to NoSuchElementError
2020-05-20 23:08:22:074 - [debug] [35m[BaseDriver][39m Waited for 1025 ms so far
2020-05-20 23:08:22:578 - [debug] [35m[WD Proxy][39m Matched '/element' to command name 'findElement'
2020-05-20 23:08:22:579 - [debug] [35m[WD Proxy][39m Proxying [POST /element] to [POST http://localhost:6727/wd/hub/session/94e214fc-302b-4d5c-89c9-09159434fe14/element] with body: {"strategy":"xpath","selector":"//*[@text='我的']","context":"","multiple":false}
2020-05-20 23:08:22:634 - [35m[WD Proxy][39m Got an unexpected response: {"sessionId":"94e214fc-302b-4d5c-89c9-09159434fe14","status":7,"value":"An element could not be located on the page using the given search parameters."}
2020-05-20 23:08:22:634 - [debug] [35m[MJSONWP][39m Matched JSONWP error code 7 to NoSuchElementError
2020-05-20 23:08:22:635 - [debug] [35m[BaseDriver][39m Waited for 1586 ms so far
2020-05-20 23:08:23:137 - [debug] [35m[WD Proxy][39m Matched '/element' to command name 'findElement'
2020-05-20 23:08:23:137 - [debug] [35m[WD Proxy][39m Proxying [POST /element] to [POST http://localhost:6727/wd/hub/session/94e214fc-302b-4d5c-89c9-09159434fe14/element] with body: {"strategy":"xpath","selector":"//*[@text='我的']","context":"","multiple":false}
2020-05-20 23:08:23:512 - [35m[WD Proxy][39m Got an unexpected response: {"sessionId":"94e214fc-302b-4d5c-89c9-09159434fe14","status":7,"value":"An element could not be located on the page using the given search parameters."}
2020-05-20 23:08:23:512 - [debug] [35m[MJSONWP][39m Matched JSONWP error code 7 to NoSuchElementError
2020-05-20 23:08:23:512 - [debug] [35m[BaseDriver][39m Waited for 2463 ms so far
2020-05-20 23:08:24:014 - [debug] [35m[WD Proxy][39m Matched '/element' to command name 'findElement'
2020-05-20 23:08:24:015 - [debug] [35m[WD Proxy][39m Proxying [POST /element] to [POST http://localhost:6727/wd/hub/session/94e214fc-302b-4d5c-89c9-09159434fe14/element] with body: {"strategy":"xpath","selector":"//*[@text='我的']","context":"","multiple":false}
2020-05-20 23:08:24:395 - [35m[WD Proxy][39m Got an unexpected response: {"sessionId":"94e214fc-302b-4d5c-89c9-09159434fe14","status":7,"value":"An element could not be located on the page using the given search parameters."}
2020-05-20 23:08:24:395 - [debug] [35m[MJSONWP][39m Matched JSONWP error code 7 to NoSuchElementError
2020-05-20 23:08:24:396 - [debug] [35m[BaseDriver][39m Waited for 3347 ms so far
2020-05-20 23:08:24:900 - [debug] [35m[WD Proxy][39m Matched '/element' to command name 'findElement'
2020-05-20 23:08:24:901 - [debug] [35m[WD Proxy][39m Proxying [POST /element] to [POST http://localhost:6727/wd/hub/session/94e214fc-302b-4d5c-89c9-09159434fe14/element] with body: {"strategy":"xpath","selector":"//*[@text='我的']","context":"","multiple":false}
2020-05-20 23:08:25:193 - [35m[WD Proxy][39m Got an unexpected response: {"sessionId":"94e214fc-302b-4d5c-89c9-09159434fe14","status":7,"value":"An element could not be located on the page using the given search parameters."}
2020-05-20 23:08:25:194 - [debug] [35m[MJSONWP][39m Matched JSONWP error code 7 to NoSuchElementError
2020-05-20 23:08:25:194 - [debug] [35m[BaseDriver][39m Waited for 4145 ms so far
2020-05-20 23:08:25:699 - [debug] [35m[WD Proxy][39m Matched '/element' to command name 'findElement'
2020-05-20 23:08:25:699 - [debug] [35m[WD Proxy][39m Proxying [POST /element] to [POST http://localhost:6727/wd/hub/session/94e214fc-302b-4d5c-89c9-09159434fe14/element] with body: {"strategy":"xpath","selector":"//*[@text='我的']","context":"","multiple":false}
2020-05-20 23:08:26:082 - [35m[WD Proxy][39m Got an unexpected response: {"sessionId":"94e214fc-302b-4d5c-89c9-09159434fe14","status":7,"value":"An element could not be located on the page using the given search parameters."}
2020-05-20 23:08:26:082 - [debug] [35m[MJSONWP][39m Matched JSONWP error code 7 to NoSuchElementError
2020-05-20 23:08:26:084 - [debug] [35m[W3C (1eecf409)][39m Encountered internal error running command: NoSuchElementError: An element could not be located on the page using the given search parameters.
2020-05-20 23:08:26:084 - [debug] [35m[W3C (1eecf409)][39m     at AndroidUiautomator2Driver.findElOrEls (/usr/local/lib/node_modules/appium/node_modules/_appium-android-driver@4.18.1@appium-android-driver/lib/commands/find.js:75:11)
2020-05-20 23:08:26:085 - [35m[HTTP][39m [37m<-- POST /wd/hub/session/1eecf409-4d31-430e-85fe-5adcfeb17609/element [39m[33m404[39m [90m5042 ms - 417[39m
2020-05-20 23:08:26:085 - [35m[HTTP][39m [90m[39m
2020-05-20 23:08:26:233 - [35m[HTTP][39m [37m-->[39m [37mPOST[39m [37m/wd/hub/session/1eecf409-4d31-430e-85fe-5adcfeb17609/appium/app/close[39m
2020-05-20 23:08:26:234 - [35m[HTTP][39m [90m{}[39m
2020-05-20 23:08:26:241 - [debug] [35m[W3C (1eecf409)][39m Calling AppiumDriver.closeApp() with args: ["1eecf409-4d31-430e-85fe-5adcfeb17609"]
2020-05-20 23:08:26:242 - [debug] [35m[ADB][39m Running '/Users/tangyao/Android/sdk/platform-tools/adb -P 5037 -s emulator-5554 shell am force-stop com.xueqiu.android'
2020-05-20 23:08:26:791 - [debug] [35m[W3C (1eecf409)][39m Responding to client with driver.closeApp() result: null
2020-05-20 23:08:26:792 - [35m[HTTP][39m [37m<-- POST /wd/hub/session/1eecf409-4d31-430e-85fe-5adcfeb17609/appium/app/close [39m[32m200[39m [90m559 ms - 14[39m
2020-05-20 23:08:26:792 - [35m[HTTP][39m [90m[39m
2020-05-20 23:08:26:794 - [35m[HTTP][39m [37m-->[39m [37mDELETE[39m [37m/wd/hub/session/1eecf409-4d31-430e-85fe-5adcfeb17609[39m
2020-05-20 23:08:26:794 - [35m[HTTP][39m [90m{}[39m
2020-05-20 23:08:26:794 - [debug] [35m[W3C (1eecf409)][39m Calling AppiumDriver.deleteSession() with args: ["1eecf409-4d31-430e-85fe-5adcfeb17609"]
2020-05-20 23:08:26:795 - [debug] [35m[BaseDriver][39m Event 'quitSessionRequested' logged at 1589987306794 (23:08:26 GMT+0800 (China Standard Time))
2020-05-20 23:08:26:795 - [35m[Appium][39m Removing session 1eecf409-4d31-430e-85fe-5adcfeb17609 from our master session list
2020-05-20 23:08:26:796 - [debug] [35m[UiAutomator2][39m Deleting UiAutomator2 session
2020-05-20 23:08:26:796 - [debug] [35m[UiAutomator2][39m Deleting UiAutomator2 server session
2020-05-20 23:08:26:796 - [debug] [35m[WD Proxy][39m Matched '/' to command name 'deleteSession'
2020-05-20 23:08:26:796 - [debug] [35m[WD Proxy][39m Proxying [DELETE /] to [DELETE http://localhost:6727/wd/hub/session/94e214fc-302b-4d5c-89c9-09159434fe14] with no body
2020-05-20 23:08:26:807 - [debug] [35m[WD Proxy][39m Got response with status 200: {"sessionId":"94e214fc-302b-4d5c-89c9-09159434fe14","status":0,"value":"Session deleted"}
2020-05-20 23:08:26:807 - [debug] [35m[UiAutomator2][39m Resetting IME to 'com.netease.nemu_vinput.nemu/com.android.inputmethodcommon.SoftKeyboard'
2020-05-20 23:08:26:808 - [debug] [35m[ADB][39m Running '/Users/tangyao/Android/sdk/platform-tools/adb -P 5037 -s emulator-5554 shell ime set com.netease.nemu_vinput.nemu/com.android.inputmethodcommon.SoftKeyboard'
2020-05-20 23:08:27:230 - [debug] [35m[ADB][39m Running '/Users/tangyao/Android/sdk/platform-tools/adb -P 5037 -s emulator-5554 shell am force-stop com.xueqiu.android'
2020-05-20 23:08:27:558 - [debug] [35m[Instrumentation][39m .
2020-05-20 23:08:27:648 - [debug] [35m[Logcat][39m Stopping logcat capture
2020-05-20 23:08:27:650 - [debug] [35m[ADB][39m Removing forwarded port socket connection: 6727 
2020-05-20 23:08:27:650 - [debug] [35m[ADB][39m Running '/Users/tangyao/Android/sdk/platform-tools/adb -P 5037 -s emulator-5554 forward --remove tcp\:6727'
2020-05-20 23:08:27:669 - [debug] [35m[BaseDriver][39m Event 'quitSessionFinished' logged at 1589987307669 (23:08:27 GMT+0800 (China Standard Time))
2020-05-20 23:08:27:670 - [debug] [35m[W3C (1eecf409)][39m Received response: null
2020-05-20 23:08:27:670 - [debug] [35m[W3C (1eecf409)][39m But deleting session, so not returning
2020-05-20 23:08:27:670 - [debug] [35m[W3C (1eecf409)][39m Responding to client with driver.deleteSession() result: null
2020-05-20 23:08:27:671 - [35m[HTTP][39m [37m<-- DELETE /wd/hub/session/1eecf409-4d31-430e-85fe-5adcfeb17609 [39m[32m200[39m [90m877 ms - 14[39m
2020-05-20 23:08:27:671 - [35m[HTTP][39m [90m[39m
2020-05-20 23:08:28:905 - [35m[Appium][39m Received SIGTERM - shutting down
2020-05-20 23:08:35:861 - [debug] [35m[Instrumentation][39m Time: 13.052
2020-05-20 23:08:35:862 - [debug] [35m[Instrumentation][39m 
2020-05-20 23:08:35:862 - [debug] [35m[Instrumentation][39m OK (1 test)
2020-05-20 23:08:36:082 - [debug] [35m[Instrumentation][39m The process has exited with code 0
