2020-06-02 22:58:38,314 DEFAULT INFO 删除旧的报告
2020-06-02 22:58:38,956 DEFAULT INFO appium -p 4726 -bp 6726 -U 5483e9c3 --log-timestamp --local-timezone
2020-06-02 22:58:43,966 DEFAULT INFO 读取配置文件成功
2020-06-02 22:58:43,968 DEFAULT INFO {'platformName': 'Android', 'appPackage': 'com.xueqiu.android', 'appActivity': '.view.WelcomeActivityAlias', 'autoGrantPermissions': True, 'noReset': True, 'newCommandTimeout': 120}
2020-06-02 22:58:55,581 DEFAULT INFO 启动App成功
2020-06-02 22:59:05,478 DEFAULT INFO 读取配置文件成功
2020-06-02 22:59:05,479 DEFAULT INFO {'platformName': 'Android', 'appPackage': 'com.xueqiu.android', 'appActivity': '.view.WelcomeActivityAlias', 'autoGrantPermissions': True, 'noReset': True, 'newCommandTimeout': 120}
2020-06-02 22:59:17,698 DEFAULT INFO 启动App成功
2020-06-02 22:59:26,070 DEFAULT INFO ['NATIVE_APP']
2020-06-02 22:59:30,005 DEFAULT INFO 生成报告……
2020-06-02 23:00:27,644 DEFAULT INFO 删除旧的报告
2020-06-02 23:00:28,277 DEFAULT INFO appium -p 4726 -bp 6726 -U 5483e9c3 --log-timestamp --local-timezone
2020-06-02 23:00:33,294 DEFAULT INFO 读取配置文件成功
2020-06-02 23:00:33,295 DEFAULT INFO {'platformName': 'Android', 'appPackage': 'com.xueqiu.android', 'appActivity': '.view.WelcomeActivityAlias', 'autoGrantPermissions': True, 'noReset': True, 'newCommandTimeout': 120}
2020-06-02 23:00:44,960 DEFAULT INFO 启动App成功
2020-06-02 23:00:58,031 DEFAULT INFO 读取配置文件成功
2020-06-02 23:00:58,032 DEFAULT INFO {'platformName': 'Android', 'appPackage': 'com.xueqiu.android', 'appActivity': '.view.WelcomeActivityAlias', 'autoGrantPermissions': True, 'noReset': True, 'newCommandTimeout': 120}
2020-06-02 23:01:08,945 DEFAULT INFO 启动App成功
2020-06-02 23:01:17,408 DEFAULT INFO ['NATIVE_APP']
2020-06-02 23:01:21,398 DEFAULT INFO 生成报告……
2020-06-02 23:11:16,397 DEFAULT INFO 删除旧的报告
2020-06-02 23:11:17,069 DEFAULT INFO appium -p 4726 -bp 6726 -U 5483e9c3 --log-timestamp --local-timezone
2020-06-02 23:11:22,087 DEFAULT INFO 读取配置文件成功
2020-06-02 23:11:22,088 DEFAULT INFO {'platformName': 'Android', 'appPackage': 'com.xueqiu.android', 'appActivity': '.view.WelcomeActivityAlias', 'autoGrantPermissions': True, 'noReset': True, 'newCommandTimeout': 120}
2020-06-02 23:11:32,671 DEFAULT INFO 启动App成功
2020-06-02 23:11:44,478 DEFAULT INFO 读取配置文件成功
2020-06-02 23:11:44,479 DEFAULT INFO {'platformName': 'Android', 'appPackage': 'com.xueqiu.android', 'appActivity': '.view.WelcomeActivityAlias', 'autoGrantPermissions': True, 'noReset': True, 'newCommandTimeout': 120}
2020-06-02 23:11:54,733 DEFAULT INFO 启动App成功
2020-06-02 23:12:10,797 DEFAULT INFO 读取配置文件成功
2020-06-02 23:12:10,798 DEFAULT INFO {'platformName': 'Android', 'appPackage': 'com.xueqiu.android', 'appActivity': '.view.WelcomeActivityAlias', 'autoGrantPermissions': True, 'noReset': True, 'newCommandTimeout': 120}
2020-06-02 23:12:20,948 DEFAULT INFO 启动App成功
2020-06-02 23:12:29,617 DEFAULT INFO ['NATIVE_APP']
2020-06-02 23:12:33,538 DEFAULT INFO 生成报告……
2020-06-02 23:20:31,307 DEFAULT INFO 删除旧的报告
2020-06-02 23:20:31,944 DEFAULT INFO appium -p 4726 -bp 6726 -U 5483e9c3 --log-timestamp --local-timezone
2020-06-02 23:20:36,960 DEFAULT INFO 读取配置文件成功
2020-06-02 23:20:36,962 DEFAULT INFO {'platformName': 'Android', 'appPackage': 'com.xueqiu.android', 'appActivity': '.view.WelcomeActivityAlias', 'autoGrantPermissions': True, 'noReset': True, 'newCommandTimeout': 120}
2020-06-02 23:20:48,106 DEFAULT INFO 启动App成功
2020-06-02 23:21:00,067 DEFAULT INFO 读取配置文件成功
2020-06-02 23:21:00,068 DEFAULT INFO {'platformName': 'Android', 'appPackage': 'com.xueqiu.android', 'appActivity': '.view.WelcomeActivityAlias', 'autoGrantPermissions': True, 'noReset': True, 'newCommandTimeout': 120}
2020-06-02 23:21:10,422 DEFAULT INFO 启动App成功
2020-06-02 23:21:27,314 DEFAULT INFO 读取配置文件成功
2020-06-02 23:21:27,315 DEFAULT INFO {'platformName': 'Android', 'appPackage': 'com.xueqiu.android', 'appActivity': '.view.WelcomeActivityAlias', 'autoGrantPermissions': True, 'noReset': True, 'newCommandTimeout': 120}
2020-06-02 23:21:37,606 DEFAULT INFO 启动App成功
2020-06-02 23:21:46,050 DEFAULT INFO ['NATIVE_APP']
2020-06-02 23:21:50,171 DEFAULT INFO 生成报告……
2020-06-02 23:30:01,233 DEFAULT INFO 删除旧的报告
2020-06-02 23:30:01,774 DEFAULT INFO appium -p 4726 -bp 6726 -U 5483e9c3 --log-timestamp --local-timezone
2020-06-02 23:30:06,790 DEFAULT INFO 读取配置文件成功
2020-06-02 23:30:06,791 DEFAULT INFO {'platformName': 'Android', 'appPackage': 'com.xueqiu.android', 'appActivity': '.view.WelcomeActivityAlias', 'autoGrantPermissions': True, 'noReset': True, 'newCommandTimeout': 120}
2020-06-02 23:30:17,879 DEFAULT INFO 启动App成功
2020-06-02 23:30:30,034 DEFAULT INFO 读取配置文件成功
2020-06-02 23:30:30,035 DEFAULT INFO {'platformName': 'Android', 'appPackage': 'com.xueqiu.android', 'appActivity': '.view.WelcomeActivityAlias', 'autoGrantPermissions': True, 'noReset': True, 'newCommandTimeout': 120}
2020-06-02 23:30:41,362 DEFAULT INFO 启动App成功
2020-06-02 23:30:57,942 DEFAULT INFO 读取配置文件成功
2020-06-02 23:30:57,943 DEFAULT INFO {'platformName': 'Android', 'appPackage': 'com.xueqiu.android', 'appActivity': '.view.WelcomeActivityAlias', 'autoGrantPermissions': True, 'noReset': True, 'newCommandTimeout': 120}
2020-06-02 23:31:10,573 DEFAULT INFO 启动App成功
2020-06-02 23:31:19,335 DEFAULT INFO ['NATIVE_APP']
2020-06-02 23:31:22,695 DEFAULT INFO 生成报告……
2020-06-02 23:31:59,145 DEFAULT INFO 删除旧的报告
2020-06-02 23:31:59,691 DEFAULT INFO appium -p 4726 -bp 6726 -U 5483e9c3 --log-timestamp --local-timezone
2020-06-02 23:32:04,699 DEFAULT INFO 读取配置文件成功
2020-06-02 23:32:04,701 DEFAULT INFO {'platformName': 'Android', 'appPackage': 'com.xueqiu.android', 'appActivity': '.view.WelcomeActivityAlias', 'autoGrantPermissions': True, 'noReset': True, 'newCommandTimeout': 120}
2020-06-02 23:32:17,065 DEFAULT INFO 启动App成功
2020-06-02 23:32:29,735 DEFAULT INFO 贵州茅台
2020-06-02 23:32:29,745 DEFAULT INFO 读取配置文件成功
2020-06-02 23:32:29,745 DEFAULT INFO {'platformName': 'Android', 'appPackage': 'com.xueqiu.android', 'appActivity': '.view.WelcomeActivityAlias', 'autoGrantPermissions': True, 'noReset': True, 'newCommandTimeout': 120}
2020-06-02 23:32:41,256 DEFAULT INFO 启动App成功
2020-06-02 23:32:56,855 DEFAULT INFO 读取配置文件成功
2020-06-02 23:32:56,856 DEFAULT INFO {'platformName': 'Android', 'appPackage': 'com.xueqiu.android', 'appActivity': '.view.WelcomeActivityAlias', 'autoGrantPermissions': True, 'noReset': True, 'newCommandTimeout': 120}
2020-06-02 23:33:07,766 DEFAULT INFO 启动App成功
2020-06-02 23:33:16,231 DEFAULT INFO ['NATIVE_APP']
2020-06-02 23:33:20,158 DEFAULT INFO 生成报告……
