2020-06-15 23:28:00,632 DEFAULT INFO 删除旧的报告
2020-06-15 23:28:03,577 DEFAULT INFO appium -p 4726 -bp 6726 -U 5483e9c3 --log-timestamp --local-timezone
2020-06-15 23:28:08,596 DEFAULT INFO 读取配置文件成功
2020-06-15 23:28:08,597 DEFAULT INFO {'platformName': 'Android', 'appPackage': 'com.xueqiu.android', 'appActivity': '.view.WelcomeActivityAlias', 'autoGrantPermissions': True, 'noReset': True, 'newCommandTimeout': 120}
2020-06-15 23:28:10,430 DEFAULT INFO 读取配置文件成功
2020-06-15 23:28:10,432 DEFAULT INFO {'platformName': 'Android', 'appPackage': 'com.xueqiu.android', 'appActivity': '.view.WelcomeActivityAlias', 'autoGrantPermissions': True, 'noReset': True, 'newCommandTimeout': 120}
2020-06-15 23:28:11,247 DEFAULT INFO 读取配置文件成功
2020-06-15 23:28:11,248 DEFAULT INFO {'platformName': 'Android', 'appPackage': 'com.xueqiu.android', 'appActivity': '.view.WelcomeActivityAlias', 'autoGrantPermissions': True, 'noReset': True, 'newCommandTimeout': 120}
2020-06-15 23:28:45,634 DEFAULT INFO 删除旧的报告
2020-06-15 23:28:51,290 DEFAULT INFO appium -p 4726 -bp 6726 -U 5483e9c3 --log-timestamp --local-timezone
2020-06-15 23:28:56,307 DEFAULT INFO 读取配置文件成功
2020-06-15 23:28:56,311 DEFAULT INFO {'platformName': 'Android', 'appPackage': 'com.xueqiu.android', 'appActivity': '.view.WelcomeActivityAlias', 'autoGrantPermissions': True, 'noReset': True, 'newCommandTimeout': 120}
2020-06-15 23:28:58,084 DEFAULT INFO 读取配置文件成功
2020-06-15 23:28:58,088 DEFAULT INFO {'platformName': 'Android', 'appPackage': 'com.xueqiu.android', 'appActivity': '.view.WelcomeActivityAlias', 'autoGrantPermissions': True, 'noReset': True, 'newCommandTimeout': 120}
2020-06-15 23:29:14,288 DEFAULT INFO 删除旧的报告
2020-06-15 23:29:17,081 DEFAULT INFO appium -p 4726 -bp 6726 -U 5483e9c3 --log-timestamp --local-timezone
2020-06-15 23:29:17,253 DEFAULT INFO appium -p 4727 -bp 6727 -U emulator-5554 --log-timestamp --local-timezone
2020-06-15 23:29:22,107 DEFAULT INFO 读取配置文件成功
2020-06-15 23:29:22,119 DEFAULT INFO {'platformName': 'Android', 'appPackage': 'com.xueqiu.android', 'appActivity': '.view.WelcomeActivityAlias', 'autoGrantPermissions': True, 'noReset': True, 'newCommandTimeout': 120}
2020-06-15 23:29:22,348 DEFAULT INFO 读取配置文件成功
2020-06-15 23:29:22,354 DEFAULT INFO {'platformName': 'Android', 'appPackage': 'com.xueqiu.android', 'appActivity': '.view.WelcomeActivityAlias', 'autoGrantPermissions': True, 'noReset': True, 'newCommandTimeout': 120}
2020-06-15 23:29:32,498 DEFAULT INFO 读取配置文件成功
2020-06-15 23:29:32,499 DEFAULT INFO {'platformName': 'Android', 'appPackage': 'com.xueqiu.android', 'appActivity': '.view.WelcomeActivityAlias', 'autoGrantPermissions': True, 'noReset': True, 'newCommandTimeout': 120}
2020-06-15 23:29:32,509 DEFAULT INFO 读取配置文件成功
2020-06-15 23:29:32,510 DEFAULT INFO {'platformName': 'Android', 'appPackage': 'com.xueqiu.android', 'appActivity': '.view.WelcomeActivityAlias', 'autoGrantPermissions': True, 'noReset': True, 'newCommandTimeout': 120}
2020-06-15 23:29:37,891 DEFAULT INFO 读取配置文件成功
2020-06-15 23:29:37,895 DEFAULT INFO {'platformName': 'Android', 'appPackage': 'com.xueqiu.android', 'appActivity': '.view.WelcomeActivityAlias', 'autoGrantPermissions': True, 'noReset': True, 'newCommandTimeout': 120}
2020-06-15 23:30:46,766 DEFAULT INFO 删除旧的报告
2020-06-15 23:30:48,169 DEFAULT INFO appium -p 4727 -bp 6727 -U emulator-5554 --log-timestamp --local-timezone
2020-06-15 23:30:48,199 DEFAULT INFO appium -p 4726 -bp 6726 -U 5483e9c3 --log-timestamp --local-timezone
2020-06-15 23:30:53,186 DEFAULT INFO 读取配置文件成功
2020-06-15 23:30:53,187 DEFAULT INFO {'platformName': 'Android', 'appPackage': 'com.xueqiu.android', 'appActivity': '.view.WelcomeActivityAlias', 'autoGrantPermissions': True, 'noReset': True, 'newCommandTimeout': 120}
2020-06-15 23:30:53,216 DEFAULT INFO 读取配置文件成功
2020-06-15 23:30:53,217 DEFAULT INFO {'platformName': 'Android', 'appPackage': 'com.xueqiu.android', 'appActivity': '.view.WelcomeActivityAlias', 'autoGrantPermissions': True, 'noReset': True, 'newCommandTimeout': 120}
2020-06-15 23:30:55,749 DEFAULT INFO 读取配置文件成功
2020-06-15 23:30:55,750 DEFAULT INFO {'platformName': 'Android', 'appPackage': 'com.xueqiu.android', 'appActivity': '.view.WelcomeActivityAlias', 'autoGrantPermissions': True, 'noReset': True, 'newCommandTimeout': 120}
2020-06-15 23:30:56,031 DEFAULT INFO 读取配置文件成功
2020-06-15 23:30:56,032 DEFAULT INFO {'platformName': 'Android', 'appPackage': 'com.xueqiu.android', 'appActivity': '.view.WelcomeActivityAlias', 'autoGrantPermissions': True, 'noReset': True, 'newCommandTimeout': 120}
2020-06-15 23:32:17,525 DEFAULT INFO 删除旧的报告
2020-06-15 23:32:20,067 DEFAULT INFO appium -p 4726 -bp 6726 -U 5483e9c3 --log-timestamp --local-timezone
2020-06-15 23:32:20,068 DEFAULT INFO appium -p 4727 -bp 6727 -U emulator-5554 --log-timestamp --local-timezone
2020-06-15 23:32:25,084 DEFAULT INFO 读取配置文件成功
2020-06-15 23:32:25,084 DEFAULT INFO 读取配置文件成功
2020-06-15 23:32:25,089 DEFAULT INFO {'platformName': 'Android', 'appPackage': 'com.xueqiu.android', 'appActivity': '.view.WelcomeActivityAlias', 'autoGrantPermissions': True, 'noReset': True, 'newCommandTimeout': 120}
2020-06-15 23:32:25,089 DEFAULT INFO {'platformName': 'Android', 'appPackage': 'com.xueqiu.android', 'appActivity': '.view.WelcomeActivityAlias', 'autoGrantPermissions': True, 'noReset': True, 'newCommandTimeout': 120}
2020-06-15 23:32:28,688 DEFAULT INFO 读取配置文件成功
2020-06-15 23:32:28,690 DEFAULT INFO {'platformName': 'Android', 'appPackage': 'com.xueqiu.android', 'appActivity': '.view.WelcomeActivityAlias', 'autoGrantPermissions': True, 'noReset': True, 'newCommandTimeout': 120}
2020-06-15 23:32:29,384 DEFAULT INFO 读取配置文件成功
2020-06-15 23:32:29,387 DEFAULT INFO {'platformName': 'Android', 'appPackage': 'com.xueqiu.android', 'appActivity': '.view.WelcomeActivityAlias', 'autoGrantPermissions': True, 'noReset': True, 'newCommandTimeout': 120}
2020-06-15 23:32:55,909 DEFAULT INFO 启动App成功
2020-06-15 23:33:06,788 DEFAULT INFO 读取配置文件成功
2020-06-15 23:33:06,790 DEFAULT INFO {'platformName': 'Android', 'appPackage': 'com.xueqiu.android', 'appActivity': '.view.WelcomeActivityAlias', 'autoGrantPermissions': True, 'noReset': True, 'newCommandTimeout': 120}
2020-06-15 23:33:08,709 DEFAULT INFO 启动App成功
2020-06-15 23:33:28,927 DEFAULT INFO 读取配置文件成功
2020-06-15 23:33:28,927 DEFAULT INFO {'platformName': 'Android', 'appPackage': 'com.xueqiu.android', 'appActivity': '.view.WelcomeActivityAlias', 'autoGrantPermissions': True, 'noReset': True, 'newCommandTimeout': 120}
2020-06-15 23:33:59,464 DEFAULT INFO 启动App成功
2020-06-15 23:34:22,428 DEFAULT INFO ['NATIVE_APP']
2020-06-15 23:34:34,029 DEFAULT INFO 生成报告……
2020-06-15 23:36:23,599 DEFAULT INFO 删除旧的报告
2020-06-15 23:36:25,891 DEFAULT INFO appium -p 4726 -bp 6726 -U 5483e9c3 --log-timestamp --local-timezone
2020-06-15 23:36:25,898 DEFAULT INFO appium -p 4727 -bp 6727 -U emulator-5554 --log-timestamp --local-timezone
2020-06-15 23:36:30,916 DEFAULT INFO 读取配置文件成功
2020-06-15 23:36:30,920 DEFAULT INFO {'platformName': 'Android', 'appPackage': 'com.xueqiu.android', 'appActivity': '.view.WelcomeActivityAlias', 'autoGrantPermissions': True, 'noReset': True, 'newCommandTimeout': 120}
2020-06-15 23:36:30,931 DEFAULT INFO 读取配置文件成功
2020-06-15 23:36:30,933 DEFAULT INFO {'platformName': 'Android', 'appPackage': 'com.xueqiu.android', 'appActivity': '.view.WelcomeActivityAlias', 'autoGrantPermissions': True, 'noReset': True, 'newCommandTimeout': 120}
2020-06-15 23:36:56,300 DEFAULT INFO 启动App成功
2020-06-15 23:37:05,719 DEFAULT INFO 启动App成功
2020-06-15 23:37:09,705 DEFAULT INFO 贵州茅台
2020-06-15 23:37:09,723 DEFAULT INFO 读取配置文件成功
2020-06-15 23:37:09,725 DEFAULT INFO {'platformName': 'Android', 'appPackage': 'com.xueqiu.android', 'appActivity': '.view.WelcomeActivityAlias', 'autoGrantPermissions': True, 'noReset': True, 'newCommandTimeout': 120}
2020-06-15 23:37:27,171 DEFAULT INFO 读取配置文件成功
2020-06-15 23:37:27,173 DEFAULT INFO {'platformName': 'Android', 'appPackage': 'com.xueqiu.android', 'appActivity': '.view.WelcomeActivityAlias', 'autoGrantPermissions': True, 'noReset': True, 'newCommandTimeout': 120}
2020-06-15 23:37:32,173 DEFAULT INFO 启动App成功
2020-06-15 23:37:43,186 DEFAULT INFO 读取配置文件成功
2020-06-15 23:37:43,187 DEFAULT INFO {'platformName': 'Android', 'appPackage': 'com.xueqiu.android', 'appActivity': '.view.WelcomeActivityAlias', 'autoGrantPermissions': True, 'noReset': True, 'newCommandTimeout': 120}
2020-06-15 23:38:03,698 DEFAULT INFO 启动App成功
2020-06-15 23:38:06,777 DEFAULT INFO 启动App成功
2020-06-15 23:38:15,805 DEFAULT INFO ['NATIVE_APP']
2020-06-15 23:38:37,803 DEFAULT INFO 读取配置文件成功
2020-06-15 23:38:37,806 DEFAULT INFO {'platformName': 'Android', 'appPackage': 'com.xueqiu.android', 'appActivity': '.view.WelcomeActivityAlias', 'autoGrantPermissions': True, 'noReset': True, 'newCommandTimeout': 120}
2020-06-15 23:39:08,122 DEFAULT INFO 启动App成功
2020-06-15 23:39:23,172 DEFAULT INFO 生成报告……
2020-06-15 23:43:46,942 DEFAULT INFO 删除旧的报告
2020-06-15 23:43:48,921 DEFAULT INFO appium -p 4726 -bp 6726 -U 5483e9c3 --log-timestamp --local-timezone
2020-06-15 23:43:48,938 DEFAULT INFO appium -p 4727 -bp 6727 -U emulator-5554 --log-timestamp --local-timezone
2020-06-15 23:43:53,943 DEFAULT INFO 读取配置文件成功
2020-06-15 23:43:53,945 DEFAULT INFO {'platformName': 'Android', 'appPackage': 'com.xueqiu.android', 'appActivity': '.view.WelcomeActivityAlias', 'autoGrantPermissions': True, 'noReset': True, 'newCommandTimeout': 120}
2020-06-15 23:43:53,958 DEFAULT INFO 读取配置文件成功
2020-06-15 23:43:53,959 DEFAULT INFO {'platformName': 'Android', 'appPackage': 'com.xueqiu.android', 'appActivity': '.view.WelcomeActivityAlias', 'autoGrantPermissions': True, 'noReset': True, 'newCommandTimeout': 120}
2020-06-15 23:43:55,892 DEFAULT INFO 读取配置文件成功
2020-06-15 23:43:55,893 DEFAULT INFO {'platformName': 'Android', 'appPackage': 'com.xueqiu.android', 'appActivity': '.view.WelcomeActivityAlias', 'autoGrantPermissions': True, 'noReset': True, 'newCommandTimeout': 120}
2020-06-15 23:43:56,065 DEFAULT INFO 读取配置文件成功
2020-06-15 23:43:56,067 DEFAULT INFO {'platformName': 'Android', 'appPackage': 'com.xueqiu.android', 'appActivity': '.view.WelcomeActivityAlias', 'autoGrantPermissions': True, 'noReset': True, 'newCommandTimeout': 120}
2020-06-15 23:44:27,730 DEFAULT INFO 启动App成功
2020-06-15 23:44:38,604 DEFAULT INFO 读取配置文件成功
2020-06-15 23:44:38,605 DEFAULT INFO {'platformName': 'Android', 'appPackage': 'com.xueqiu.android', 'appActivity': '.view.WelcomeActivityAlias', 'autoGrantPermissions': True, 'noReset': True, 'newCommandTimeout': 120}
2020-06-15 23:44:40,999 DEFAULT INFO 启动App成功
2020-06-15 23:45:02,341 DEFAULT INFO 启动App成功
2020-06-15 23:45:10,950 DEFAULT INFO ['NATIVE_APP']
2020-06-15 23:45:17,883 DEFAULT INFO 读取配置文件成功
2020-06-15 23:45:17,886 DEFAULT INFO {'platformName': 'Android', 'appPackage': 'com.xueqiu.android', 'appActivity': '.view.WelcomeActivityAlias', 'autoGrantPermissions': True, 'noReset': True, 'newCommandTimeout': 120}
2020-06-15 23:45:56,268 DEFAULT INFO 启动App成功
2020-06-15 23:46:23,677 DEFAULT INFO 删除旧的报告
2020-06-15 23:46:25,826 DEFAULT INFO appium -p 4726 -bp 6726 -U 5483e9c3 --log-timestamp --local-timezone
2020-06-15 23:46:26,019 DEFAULT INFO appium -p 4727 -bp 6727 -U emulator-5554 --log-timestamp --local-timezone
2020-06-15 23:46:30,962 DEFAULT INFO 读取配置文件成功
2020-06-15 23:46:30,964 DEFAULT INFO {'platformName': 'Android', 'appPackage': 'com.xueqiu.android', 'appActivity': '.view.WelcomeActivityAlias', 'autoGrantPermissions': True, 'noReset': True, 'newCommandTimeout': 120}
2020-06-15 23:46:31,064 DEFAULT INFO 读取配置文件成功
2020-06-15 23:46:31,068 DEFAULT INFO {'platformName': 'Android', 'appPackage': 'com.xueqiu.android', 'appActivity': '.view.WelcomeActivityAlias', 'autoGrantPermissions': True, 'noReset': True, 'newCommandTimeout': 120}
2020-06-15 23:46:58,741 DEFAULT INFO 启动App成功
2020-06-15 23:47:11,794 DEFAULT INFO 贵州茅台
2020-06-15 23:47:12,292 DEFAULT INFO 读取配置文件成功
2020-06-15 23:47:12,293 DEFAULT INFO {'platformName': 'Android', 'appPackage': 'com.xueqiu.android', 'appActivity': '.view.WelcomeActivityAlias', 'autoGrantPermissions': True, 'noReset': True, 'newCommandTimeout': 120}
2020-06-15 23:47:20,062 DEFAULT INFO 启动App成功
2020-06-15 23:47:40,417 DEFAULT INFO 启动App成功
2020-06-15 23:47:51,859 DEFAULT INFO 读取配置文件成功
2020-06-15 23:47:51,860 DEFAULT INFO {'platformName': 'Android', 'appPackage': 'com.xueqiu.android', 'appActivity': '.view.WelcomeActivityAlias', 'autoGrantPermissions': True, 'noReset': True, 'newCommandTimeout': 120}
2020-06-15 23:48:18,536 DEFAULT INFO 启动App成功
2020-06-15 23:48:27,097 DEFAULT INFO ['NATIVE_APP']
2020-06-15 23:48:33,213 DEFAULT INFO 读取配置文件成功
2020-06-15 23:48:33,215 DEFAULT INFO {'platformName': 'Android', 'appPackage': 'com.xueqiu.android', 'appActivity': '.view.WelcomeActivityAlias', 'autoGrantPermissions': True, 'noReset': True, 'newCommandTimeout': 120}
2020-06-15 23:49:08,925 DEFAULT INFO 启动App成功
2020-06-15 23:49:42,559 DEFAULT INFO 读取配置文件成功
2020-06-15 23:49:42,560 DEFAULT INFO {'platformName': 'Android', 'appPackage': 'com.xueqiu.android', 'appActivity': '.view.WelcomeActivityAlias', 'autoGrantPermissions': True, 'noReset': True, 'newCommandTimeout': 120}
2020-06-15 23:50:16,207 DEFAULT INFO 启动App成功
2020-06-15 23:50:34,088 DEFAULT INFO ['NATIVE_APP']
2020-06-15 23:50:48,126 DEFAULT INFO 生成报告……
2020-06-15 23:51:40,824 DEFAULT INFO 删除旧的报告
2020-06-15 23:51:42,968 DEFAULT INFO appium -p 4727 -bp 6727 -U emulator-5554 --log-timestamp --local-timezone
2020-06-15 23:51:42,989 DEFAULT INFO appium -p 4726 -bp 6726 -U 5483e9c3 --log-timestamp --local-timezone
2020-06-15 23:51:47,988 DEFAULT INFO 读取配置文件成功
2020-06-15 23:51:47,991 DEFAULT INFO {'platformName': 'Android', 'appPackage': 'com.xueqiu.android', 'appActivity': '.view.WelcomeActivityAlias', 'autoGrantPermissions': True, 'noReset': True, 'newCommandTimeout': 120}
2020-06-15 23:51:48,270 DEFAULT INFO 读取配置文件成功
2020-06-15 23:51:48,271 DEFAULT INFO {'platformName': 'Android', 'appPackage': 'com.xueqiu.android', 'appActivity': '.view.WelcomeActivityAlias', 'autoGrantPermissions': True, 'noReset': True, 'newCommandTimeout': 120}
2020-06-15 23:51:50,966 DEFAULT INFO 读取配置文件成功
2020-06-15 23:51:50,968 DEFAULT INFO 读取配置文件成功
2020-06-15 23:51:50,968 DEFAULT INFO {'platformName': 'Android', 'appPackage': 'com.xueqiu.android', 'appActivity': '.view.WelcomeActivityAlias', 'autoGrantPermissions': True, 'noReset': True, 'newCommandTimeout': 120}
2020-06-15 23:51:50,970 DEFAULT INFO {'platformName': 'Android', 'appPackage': 'com.xueqiu.android', 'appActivity': '.view.WelcomeActivityAlias', 'autoGrantPermissions': True, 'noReset': True, 'newCommandTimeout': 120}
2020-06-15 23:52:21,757 DEFAULT INFO 启动App成功
2020-06-15 23:52:33,285 DEFAULT INFO 读取配置文件成功
2020-06-15 23:52:33,288 DEFAULT INFO {'platformName': 'Android', 'appPackage': 'com.xueqiu.android', 'appActivity': '.view.WelcomeActivityAlias', 'autoGrantPermissions': True, 'noReset': True, 'newCommandTimeout': 120}
2020-06-15 23:52:33,712 DEFAULT INFO 启动App成功
2020-06-15 23:52:55,729 DEFAULT INFO 启动App成功
2020-06-15 23:53:04,239 DEFAULT INFO ['NATIVE_APP']
2020-06-15 23:53:12,548 DEFAULT INFO 读取配置文件成功
2020-06-15 23:53:12,550 DEFAULT INFO {'platformName': 'Android', 'appPackage': 'com.xueqiu.android', 'appActivity': '.view.WelcomeActivityAlias', 'autoGrantPermissions': True, 'noReset': True, 'newCommandTimeout': 120}
2020-06-15 23:53:42,765 DEFAULT INFO 启动App成功
2020-06-15 23:53:51,112 DEFAULT INFO ['NATIVE_APP']
2020-06-15 23:54:45,075 DEFAULT INFO 生成报告……
2020-06-15 23:59:59,647 DEFAULT INFO 删除旧的报告
2020-06-16 00:00:02,009 DEFAULT INFO appium -p 4726 -bp 6726 -U 5483e9c3 --log-timestamp --local-timezone
2020-06-16 00:00:02,007 DEFAULT INFO appium -p 4727 -bp 6727 -U emulator-5554 --log-timestamp --local-timezone
2020-06-16 00:00:07,069 DEFAULT INFO 读取配置文件成功
2020-06-16 00:00:07,070 DEFAULT INFO {'platformName': 'Android', 'appPackage': 'com.xueqiu.android', 'appActivity': '.view.WelcomeActivityAlias', 'autoGrantPermissions': True, 'noReset': True, 'newCommandTimeout': 120}
2020-06-16 00:00:07,071 DEFAULT INFO 读取配置文件成功
2020-06-16 00:00:07,072 DEFAULT INFO {'platformName': 'Android', 'appPackage': 'com.xueqiu.android', 'appActivity': '.view.WelcomeActivityAlias', 'autoGrantPermissions': True, 'noReset': True, 'newCommandTimeout': 120}
2020-06-16 00:00:09,774 DEFAULT INFO 读取配置文件成功
2020-06-16 00:00:09,776 DEFAULT INFO {'platformName': 'Android', 'appPackage': 'com.xueqiu.android', 'appActivity': '.view.WelcomeActivityAlias', 'autoGrantPermissions': True, 'noReset': True, 'newCommandTimeout': 120}
2020-06-16 00:00:10,079 DEFAULT INFO 读取配置文件成功
2020-06-16 00:00:10,167 DEFAULT INFO {'platformName': 'Android', 'appPackage': 'com.xueqiu.android', 'appActivity': '.view.WelcomeActivityAlias', 'autoGrantPermissions': True, 'noReset': True, 'newCommandTimeout': 120}
