2020-06-15 23:30:53:995 - [35m[Appium][39m Welcome to Appium v1.14.1
2020-06-15 23:30:53:999 - [35m[Appium][39m Non-default server args:
2020-06-15 23:30:54:000 - [35m[Appium][39m   port: 4727
2020-06-15 23:30:54:000 - [35m[Appium][39m   bootstrapPort: 6727
2020-06-15 23:30:54:001 - [35m[Appium][39m   logTimestamp: true
2020-06-15 23:30:54:001 - [35m[Appium][39m   localTimezone: true
2020-06-15 23:30:54:001 - [35m[Appium][39m   udid: emulator-5554
2020-06-15 23:30:54:002 - [35m[Appium][39m Deprecated server args:
2020-06-15 23:30:54:002 - [35m[Appium][39m   [31m-U,--udid[39m => --default-capabilities '{"udid":"emulator-5554"}'
2020-06-15 23:30:54:002 - [35m[Appium][39m Default capabilities, which will be added to each request unless overridden by desired capabilities:
2020-06-15 23:30:54:003 - [35m[Appium][39m   udid: emulator-5554
2020-06-15 23:30:54:068 - [35m[Appium][39m Appium REST http interface listener started on 0.0.0.0:4727
2020-06-15 23:30:55:788 - [35m[HTTP][39m [37m-->[39m [37mPOST[39m [37m/wd/hub/session[39m
2020-06-15 23:30:55:788 - [35m[HTTP][39m [90m{"capabilities":{"firstMatch":[{"platformName":"Android","appium:deviceName":"emulator-5554","appium:appPackage":"com.xueqiu.android","appium:platformVersion":"9","appium:appActivity":".view.WelcomeActivityAlias","appium:newCommandTimeout":120,"appium:systemPort":6727,"appium:noReset":true,"appium:autoGrantPermissions":true}]},"desiredCapabilities":{"platformName":"Android","deviceName":"emulator-5554","appPackage":"com.xueqiu.android","platformVersion":"9","appActivity":".view.WelcomeActivityAlias","newCommandTimeout":120,"systemPort":6727,"noReset":true,"autoGrantPermissions":true}}[39m
2020-06-15 23:30:55:792 - [debug] [35m[W3C][39m Calling AppiumDriver.createSession() with args: [{"platformName":"Android","deviceName":"emulator-5554","appPackage":"com.xueqiu.android","platformVersion":"9","appActivity":".view.WelcomeActivityAlias","newCommandTimeout":120,"systemPort":6727,"noReset":true,"autoGrantPermissions":true},null,{"firstMatch":[{"platformName":"Android","appium:deviceName":"emulator-5554","appium:appPackage":"com.xueqiu.android","appium:platformVersion":"9","appium:appActivity":".view.WelcomeActivityAlias","appium:newCommandTimeout":120,"appium:systemPort":6727,"appium:noReset":true,"appium:autoGrantPermissions":true}]}]
2020-06-15 23:30:55:792 - [debug] [35m[BaseDriver][39m Event 'newSessionRequested' logged at 1592235055792 (23:30:55 GMT+0800 (China Standard Time))
2020-06-15 23:30:55:796 - [35m[BaseDriver][39m The capabilities ["udid"] are not standard capabilities and should have an extension prefix
2020-06-15 23:30:55:801 - [35m[Appium][39m 
2020-06-15 23:30:55:801 - [35m[Appium][39m ======================================================================
2020-06-15 23:30:55:802 - [35m[Appium][39m   DEPRECATION WARNING:
2020-06-15 23:30:55:803 - [35m[Appium][39m 
2020-06-15 23:30:55:803 - [35m[Appium][39m   The 'automationName' capability was not provided in the desired 
2020-06-15 23:30:55:803 - [35m[Appium][39m   capabilities for this Android session
2020-06-15 23:30:55:803 - [35m[Appium][39m 
2020-06-15 23:30:55:803 - [35m[Appium][39m   Setting 'automationName=UiAutomator2' by default and using the 
2020-06-15 23:30:55:803 - [35m[Appium][39m   UiAutomator2 Driver
2020-06-15 23:30:55:804 - [35m[Appium][39m 
2020-06-15 23:30:55:804 - [35m[Appium][39m   The next major version of Appium (2.x) will **require** the 
2020-06-15 23:30:55:804 - [35m[Appium][39m   'automationName' capability to be set for all sessions on all 
2020-06-15 23:30:55:804 - [35m[Appium][39m   platforms
2020-06-15 23:30:55:804 - [35m[Appium][39m 
2020-06-15 23:30:55:804 - [35m[Appium][39m   In previous versions (Appium <= 1.13.x), the default was 
2020-06-15 23:30:55:805 - [35m[Appium][39m   'automationName=UiAutomator1'
2020-06-15 23:30:55:805 - [35m[Appium][39m 
2020-06-15 23:30:55:805 - [35m[Appium][39m   If you wish to use that automation instead of UiAutomator2, please 
2020-06-15 23:30:55:805 - [35m[Appium][39m   add 'automationName=UiAutomator1' to your desired capabilities
2020-06-15 23:30:55:805 - [35m[Appium][39m 
2020-06-15 23:30:55:805 - [35m[Appium][39m   For more information about drivers, please visit 
2020-06-15 23:30:55:806 - [35m[Appium][39m   http://appium.io/docs/en/about-appium/intro/ and explore the 
2020-06-15 23:30:55:806 - [35m[Appium][39m   'Drivers' menu
2020-06-15 23:30:55:806 - [35m[Appium][39m 
2020-06-15 23:30:55:806 - [35m[Appium][39m ======================================================================
2020-06-15 23:30:55:806 - [35m[Appium][39m 
2020-06-15 23:30:56:563 - [35m[Appium][39m Appium v1.14.1 creating new AndroidUiautomator2Driver (v1.34.0) session
2020-06-15 23:30:56:563 - [35m[Appium][39m Capabilities:
2020-06-15 23:30:56:564 - [35m[Appium][39m   platformName: Android
2020-06-15 23:30:56:564 - [35m[Appium][39m   udid: emulator-5554
2020-06-15 23:30:56:564 - [35m[Appium][39m   deviceName: emulator-5554
2020-06-15 23:30:56:564 - [35m[Appium][39m   appPackage: com.xueqiu.android
2020-06-15 23:30:56:564 - [35m[Appium][39m   platformVersion: 9
2020-06-15 23:30:56:565 - [35m[Appium][39m   appActivity: .view.WelcomeActivityAlias
2020-06-15 23:30:56:565 - [35m[Appium][39m   newCommandTimeout: 120
2020-06-15 23:30:56:565 - [35m[Appium][39m   systemPort: 6727
2020-06-15 23:30:56:565 - [35m[Appium][39m   noReset: true
2020-06-15 23:30:56:565 - [35m[Appium][39m   autoGrantPermissions: true
2020-06-15 23:30:56:568 - [debug] [35m[BaseDriver][39m W3C capabilities and MJSONWP desired capabilities were provided
2020-06-15 23:30:56:568 - [debug] [35m[BaseDriver][39m Creating session with W3C capabilities: {
2020-06-15 23:30:56:568 - [debug] [35m[BaseDriver][39m   "alwaysMatch": {
2020-06-15 23:30:56:568 - [debug] [35m[BaseDriver][39m     "platformName": "Android",
2020-06-15 23:30:56:569 - [debug] [35m[BaseDriver][39m     "appium:udid": "emulator-5554",
2020-06-15 23:30:56:569 - [debug] [35m[BaseDriver][39m     "appium:deviceName": "emulator-5554",
2020-06-15 23:30:56:569 - [debug] [35m[BaseDriver][39m     "appium:appPackage": "com.xueqiu.android",
2020-06-15 23:30:56:569 - [debug] [35m[BaseDriver][39m     "appium:platformVersion": "9",
2020-06-15 23:30:56:570 - [debug] [35m[BaseDriver][39m     "appium:appActivity": ".view.WelcomeActivityAlias",
2020-06-15 23:30:56:570 - [debug] [35m[BaseDriver][39m     "appium:newCommandTimeout": 120,
2020-06-15 23:30:56:570 - [debug] [35m[BaseDriver][39m     "appium:systemPort": 6727,
2020-06-15 23:30:56:570 - [debug] [35m[BaseDriver][39m     "appium:noReset": true,
2020-06-15 23:30:56:570 - [debug] [35m[BaseDriver][39m     "appium:autoGrantPermissions": true
2020-06-15 23:30:56:570 - [debug] [35m[BaseDriver][39m   },
2020-06-15 23:30:56:571 - [debug] [35m[BaseDriver][39m   "firstMatch": [
2020-06-15 23:30:56:571 - [debug] [35m[BaseDriver][39m     {}
2020-06-15 23:30:56:571 - [debug] [35m[BaseDriver][39m   ]
2020-06-15 23:30:56:571 - [debug] [35m[BaseDriver][39m }
2020-06-15 23:30:56:684 - [35m[BaseDriver][39m Session created with session id: 22b7b772-6c7a-45f6-8f5c-922dd8a87b80
2020-06-15 23:30:56:827 - [35m[ADB][39m Found 42 'build-tools' folders under '/Users/tangyao/Android/sdk' (newest first):
2020-06-15 23:30:56:827 - [35m[ADB][39m     /Users/tangyao/Android/sdk/build-tools/30.0.0-rc2
2020-06-15 23:30:56:828 - [35m[ADB][39m     /Users/tangyao/Android/sdk/build-tools/29.0.2
2020-06-15 23:30:56:828 - [35m[ADB][39m     /Users/tangyao/Android/sdk/build-tools/29.0.0-rc2
2020-06-15 23:30:56:828 - [35m[ADB][39m     /Users/tangyao/Android/sdk/build-tools/28.0.3
2020-06-15 23:30:56:828 - [35m[ADB][39m     /Users/tangyao/Android/sdk/build-tools/28.0.2
2020-06-15 23:30:56:829 - [35m[ADB][39m     /Users/tangyao/Android/sdk/build-tools/28.0.1
2020-06-15 23:30:56:829 - [35m[ADB][39m     /Users/tangyao/Android/sdk/build-tools/28.0.0
2020-06-15 23:30:56:829 - [35m[ADB][39m     /Users/tangyao/Android/sdk/build-tools/28.0.0-rc2
2020-06-15 23:30:56:829 - [35m[ADB][39m     /Users/tangyao/Android/sdk/build-tools/28.0.0-rc1
2020-06-15 23:30:56:829 - [35m[ADB][39m     /Users/tangyao/Android/sdk/build-tools/27.0.3
2020-06-15 23:30:56:829 - [35m[ADB][39m     /Users/tangyao/Android/sdk/build-tools/26.0.1
2020-06-15 23:30:56:829 - [35m[ADB][39m     /Users/tangyao/Android/sdk/build-tools/26.0.0
2020-06-15 23:30:56:830 - [35m[ADB][39m     /Users/tangyao/Android/sdk/build-tools/25.0.3
2020-06-15 23:30:56:830 - [35m[ADB][39m     /Users/tangyao/Android/sdk/build-tools/25.0.2
2020-06-15 23:30:56:830 - [35m[ADB][39m     /Users/tangyao/Android/sdk/build-tools/25.0.1
2020-06-15 23:30:56:830 - [35m[ADB][39m     /Users/tangyao/Android/sdk/build-tools/25.0.0
2020-06-15 23:30:56:830 - [35m[ADB][39m     /Users/tangyao/Android/sdk/build-tools/24.0.3
2020-06-15 23:30:56:830 - [35m[ADB][39m     /Users/tangyao/Android/sdk/build-tools/24.0.2
2020-06-15 23:30:56:830 - [35m[ADB][39m     /Users/tangyao/Android/sdk/build-tools/24.0.1
2020-06-15 23:30:56:831 - [35m[ADB][39m     /Users/tangyao/Android/sdk/build-tools/24.0.0
2020-06-15 23:30:56:831 - [35m[ADB][39m     /Users/tangyao/Android/sdk/build-tools/23.0.3
2020-06-15 23:30:56:831 - [35m[ADB][39m     /Users/tangyao/Android/sdk/build-tools/23.0.2
2020-06-15 23:30:56:831 - [35m[ADB][39m     /Users/tangyao/Android/sdk/build-tools/23.0.1
2020-06-15 23:30:56:831 - [35m[ADB][39m     /Users/tangyao/Android/sdk/build-tools/23.0.0
2020-06-15 23:30:56:831 - [35m[ADB][39m     /Users/tangyao/Android/sdk/build-tools/22.0.1
2020-06-15 23:30:56:831 - [35m[ADB][39m     /Users/tangyao/Android/sdk/build-tools/22.0.0
2020-06-15 23:30:56:831 - [35m[ADB][39m     /Users/tangyao/Android/sdk/build-tools/21.1.2
2020-06-15 23:30:56:832 - [35m[ADB][39m     /Users/tangyao/Android/sdk/build-tools/21.1.1
2020-06-15 23:30:56:832 - [35m[ADB][39m     /Users/tangyao/Android/sdk/build-tools/21.1.0
2020-06-15 23:30:56:832 - [35m[ADB][39m     /Users/tangyao/Android/sdk/build-tools/21.0.2
2020-06-15 23:30:56:832 - [35m[ADB][39m     /Users/tangyao/Android/sdk/build-tools/21.0.1
2020-06-15 23:30:56:832 - [35m[ADB][39m     /Users/tangyao/Android/sdk/build-tools/21.0.0
2020-06-15 23:30:56:832 - [35m[ADB][39m     /Users/tangyao/Android/sdk/build-tools/20.0.0
2020-06-15 23:30:56:832 - [35m[ADB][39m     /Users/tangyao/Android/sdk/build-tools/19.1.0
2020-06-15 23:30:56:832 - [35m[ADB][39m     /Users/tangyao/Android/sdk/build-tools/19.0.3
2020-06-15 23:30:56:833 - [35m[ADB][39m     /Users/tangyao/Android/sdk/build-tools/19.0.2
2020-06-15 23:30:56:833 - [35m[ADB][39m     /Users/tangyao/Android/sdk/build-tools/19.0.1
2020-06-15 23:30:56:833 - [35m[ADB][39m     /Users/tangyao/Android/sdk/build-tools/19.0.0
2020-06-15 23:30:56:833 - [35m[ADB][39m     /Users/tangyao/Android/sdk/build-tools/18.1.1
2020-06-15 23:30:56:835 - [35m[ADB][39m     /Users/tangyao/Android/sdk/build-tools/18.1.0
2020-06-15 23:30:56:835 - [35m[ADB][39m     /Users/tangyao/Android/sdk/build-tools/18.0.1
2020-06-15 23:30:56:835 - [35m[ADB][39m     /Users/tangyao/Android/sdk/build-tools/17.0.0
2020-06-15 23:30:56:857 - [35m[ADB][39m Using 'adb' from '/Users/tangyao/Android/sdk/platform-tools/adb'
2020-06-15 23:30:56:858 - [35m[AndroidDriver][39m Retrieving device list
2020-06-15 23:30:56:859 - [debug] [35m[ADB][39m Trying to find a connected android device
2020-06-15 23:30:56:859 - [debug] [35m[ADB][39m Getting connected devices...
2020-06-15 23:30:56:882 - [debug] [35m[ADB][39m 2 device(s) connected
2020-06-15 23:30:56:883 - [35m[AndroidDriver][39m Using device: emulator-5554
2020-06-15 23:30:56:916 - [35m[ADB][39m Using 'adb' from '/Users/tangyao/Android/sdk/platform-tools/adb'
2020-06-15 23:30:56:916 - [debug] [35m[ADB][39m Setting device id to emulator-5554
2020-06-15 23:30:56:917 - [debug] [35m[ADB][39m Running '/Users/tangyao/Android/sdk/platform-tools/adb -P 5037 -s emulator-5554 shell getprop ro.build.version.sdk'
2020-06-15 23:30:56:958 - [debug] [35m[ADB][39m Current device property 'ro.build.version.sdk': 23
2020-06-15 23:30:56:959 - [debug] [35m[ADB][39m Device API level: 23
2020-06-15 23:30:56:959 - [35m[AndroidDriver][39m No app sent in, not parsing package/activity
2020-06-15 23:30:56:960 - [debug] [35m[ADB][39m Running '/Users/tangyao/Android/sdk/platform-tools/adb -P 5037 -s emulator-5554 wait-for-device'
2020-06-15 23:30:56:981 - [debug] [35m[ADB][39m Running '/Users/tangyao/Android/sdk/platform-tools/adb -P 5037 -s emulator-5554 shell echo ping'
2020-06-15 23:30:57:126 - [debug] [35m[AndroidDriver][39m Pushing settings apk to device...
2020-06-15 23:30:57:127 - [debug] [35m[ADB][39m Getting install status for io.appium.settings
2020-06-15 23:30:57:128 - [debug] [35m[ADB][39m Running '/Users/tangyao/Android/sdk/platform-tools/adb -P 5037 -s emulator-5554 shell dumpsys package io.appium.settings'
2020-06-15 23:30:57:179 - [debug] [35m[ADB][39m 'io.appium.settings' is installed
2020-06-15 23:30:57:180 - [debug] [35m[ADB][39m Getting package info for 'io.appium.settings'
2020-06-15 23:30:57:182 - [debug] [35m[ADB][39m Running '/Users/tangyao/Android/sdk/platform-tools/adb -P 5037 -s emulator-5554 shell dumpsys package io.appium.settings'
2020-06-15 23:30:57:242 - [35m[ADB][39m Using 'apkanalyzer' from '/Users/tangyao/Android/sdk/tools/bin/apkanalyzer'
2020-06-15 23:30:57:243 - [debug] [35m[ADB][39m Starting '/Users/tangyao/Android/sdk/tools/bin/apkanalyzer' with args ["manifest","print","/usr/local/lib/node_modules/appium/node_modules/_io.appium.settings@2.14.1@io.appium.settings/apks/settings_apk-debug.apk"]
2020-06-15 23:31:08:670 - [debug] [35m[ADB][39m The version name of the installed 'io.appium.settings' is greater or equal to the application version name ('2.14.1' >= '2.14.1')
2020-06-15 23:31:08:680 - [debug] [35m[ADB][39m There is no need to install/upgrade '/usr/local/lib/node_modules/appium/node_modules/_io.appium.settings@2.14.1@io.appium.settings/apks/settings_apk-debug.apk'
2020-06-15 23:31:08:681 - [debug] [35m[ADB][39m Getting IDs of all 'io.appium.settings' processes
2020-06-15 23:31:08:681 - [debug] [35m[ADB][39m Running '/Users/tangyao/Android/sdk/platform-tools/adb -P 5037 -s emulator-5554 shell 'pgrep --help; echo $?''
2020-06-15 23:31:08:722 - [debug] [35m[ADB][39m Running '/Users/tangyao/Android/sdk/platform-tools/adb -P 5037 -s emulator-5554 shell pgrep -f io\.appium\.settings'
2020-06-15 23:31:08:768 - [debug] [35m[AndroidDriver][39m io.appium.settings is already running. There is no need to reset its permissions.
2020-06-15 23:31:08:769 - [debug] [35m[ADB][39m Running '/Users/tangyao/Android/sdk/platform-tools/adb -P 5037 -s emulator-5554 shell appops set io.appium.settings android\:mock_location allow'
2020-06-15 23:31:10:596 - [debug] [35m[Logcat][39m Starting logcat capture
2020-06-15 23:31:10:633 - [debug] [35m[ADB][39m Getting install status for io.appium.uiautomator2.server
2020-06-15 23:31:10:633 - [debug] [35m[ADB][39m Running '/Users/tangyao/Android/sdk/platform-tools/adb -P 5037 -s emulator-5554 shell dumpsys package io.appium.uiautomator2.server'
2020-06-15 23:31:10:746 - [debug] [35m[ADB][39m 'io.appium.uiautomator2.server' is installed
2020-06-15 23:31:10:746 - [debug] [35m[ADB][39m Getting package info for 'io.appium.uiautomator2.server'
2020-06-15 23:31:10:747 - [debug] [35m[ADB][39m Running '/Users/tangyao/Android/sdk/platform-tools/adb -P 5037 -s emulator-5554 shell dumpsys package io.appium.uiautomator2.server'
2020-06-15 23:31:10:851 - [debug] [35m[ADB][39m Starting '/Users/tangyao/Android/sdk/tools/bin/apkanalyzer' with args ["manifest","print","/usr/local/lib/node_modules/appium/node_modules/_appium-uiautomator2-server@3.8.1@appium-uiautomator2-server/apks/appium-uiautomator2-server-v3.8.1.apk"]
2020-06-15 23:31:18:211 - [debug] [35m[ADB][39m The version name of the installed 'io.appium.uiautomator2.server' is greater or equal to the application version name ('3.8.1' >= '3.8.1')
2020-06-15 23:31:18:211 - [debug] [35m[UiAutomator2][39m io.appium.uiautomator2.server installation state: sameVersionInstalled
2020-06-15 23:31:18:212 - [debug] [35m[ADB][39m Checking app cert for /usr/local/lib/node_modules/appium/node_modules/_appium-uiautomator2-server@3.8.1@appium-uiautomator2-server/apks/appium-uiautomator2-server-v3.8.1.apk
2020-06-15 23:31:18:213 - [35m[ADB][39m Using 'apksigner' from '/Users/tangyao/Android/sdk/build-tools/30.0.0-rc2/apksigner'
2020-06-15 23:31:18:214 - [debug] [35m[ADB][39m Starting '/Users/tangyao/Android/sdk/build-tools/30.0.0-rc2/apksigner' with args '["verify","--print-certs","/usr/local/lib/node_modules/appium/node_modules/_appium-uiautomator2-server@3.8.1@appium-uiautomator2-server/apks/appium-uiautomator2-server-v3.8.1.apk"]'
2020-06-15 23:31:18:739 - [35m[ADB][39m Got an error during apksigner execution: Command '/Users/tangyao/Android/sdk/build-tools/30.0.0-rc2/apksigner verify --print-certs /usr/local/lib/node_modules/appium/node_modules/_appium-uiautomator2-server\@3.8.1\@appium-uiautomator2-server/apks/appium-uiautomator2-server-v3.8.1.apk' exited with code 1
2020-06-15 23:31:18:740 - [35m[ADB][39m apksigner stderr: Error: A JNI error has occurred, please check your installation and try again
2020-06-15 23:31:18:740 - [35m[ADB][39m Exception in thread "main" java.lang.UnsupportedClassVersionError: com/android/apksigner/ApkSignerTool has been compiled by a more recent version of the Java Runtime (class file version 53.0), this version of the Java Runtime only recognizes class file versions up to 52.0
2020-06-15 23:31:18:741 - [35m[ADB][39m 	at java.lang.ClassLoader.defineClass1(Native Method)
2020-06-15 23:31:18:741 - [35m[ADB][39m 	at java.lang.ClassLoader.defineClass(ClassLoader.java:763)
2020-06-15 23:31:18:741 - [35m[ADB][39m 	at java.security.SecureClassLoader.defineClass(SecureClassLoader.java:142)
2020-06-15 23:31:18:741 - [35m[ADB][39m 	at java.net.URLClassLoader.defineClass(URLClassLoader.java:467)
2020-06-15 23:31:18:742 - [35m[ADB][39m 	at java.net.URLClassLoader.access$100(URLClassLoader.java:73)
2020-06-15 23:31:18:742 - [35m[ADB][39m 	at java.net.URLClassLoader$1.run(URLClassLoader.java:368)
2020-06-15 23:31:18:742 - [35m[ADB][39m 	at java.net.URLClassLoader$1.run(URLClassLoader.java:362)
2020-06-15 23:31:18:742 - [35m[ADB][39m 	at java.security.AccessController.doPrivileged(Native Method)
2020-06-15 23:31:18:742 - [35m[ADB][39m 	at java.net.URLClassLoader.findClass(URLClassLoader.java:361)
2020-06-15 23:31:18:742 - [35m[ADB][39m 	at java.lang.ClassLoader.loadClass(ClassLoader.java:424)
2020-06-15 23:31:18:742 - [35m[ADB][39m 	at sun.misc.Launcher$AppClassLoader.loadClass(Launcher.java:349)
2020-06-15 23:31:18:743 - [35m[ADB][39m 	at java.lang.ClassLoader.loadClass(ClassLoader.java:357)
2020-06-15 23:31:18:743 - [35m[ADB][39m 	at sun.launcher.LauncherHelper.checkAndLoadMain(LauncherHelper.java:495)
2020-06-15 23:31:18:743 - [35m[ADB][39m 
2020-06-15 23:31:18:743 - [35m[ADB][39m Cannot use apksigner tool for signature verification. Original error: Command '/Users/tangyao/Android/sdk/build-tools/30.0.0-rc2/apksigner verify --print-certs /usr/local/lib/node_modules/appium/node_modules/_appium-uiautomator2-server\@3.8.1\@appium-uiautomator2-server/apks/appium-uiautomator2-server-v3.8.1.apk' exited with code 1
2020-06-15 23:31:18:743 - [debug] [35m[ADB][39m Defaulting to verify.jar
2020-06-15 23:31:19:911 - [debug] [35m[ADB][39m '/usr/local/lib/node_modules/appium/node_modules/_appium-uiautomator2-server@3.8.1@appium-uiautomator2-server/apks/appium-uiautomator2-server-v3.8.1.apk' is already signed.
2020-06-15 23:31:19:912 - [debug] [35m[ADB][39m Getting install status for io.appium.uiautomator2.server.test
2020-06-15 23:31:19:912 - [debug] [35m[ADB][39m Running '/Users/tangyao/Android/sdk/platform-tools/adb -P 5037 -s emulator-5554 shell dumpsys package io.appium.uiautomator2.server.test'
2020-06-15 23:31:19:953 - [debug] [35m[ADB][39m 'io.appium.uiautomator2.server.test' is installed
2020-06-15 23:31:19:953 - [debug] [35m[ADB][39m Checking app cert for /usr/local/lib/node_modules/appium/node_modules/_appium-uiautomator2-server@3.8.1@appium-uiautomator2-server/apks/appium-uiautomator2-server-debug-androidTest.apk
2020-06-15 23:31:19:955 - [debug] [35m[ADB][39m Starting '/Users/tangyao/Android/sdk/build-tools/30.0.0-rc2/apksigner' with args '["verify","--print-certs","/usr/local/lib/node_modules/appium/node_modules/_appium-uiautomator2-server@3.8.1@appium-uiautomator2-server/apks/appium-uiautomator2-server-debug-androidTest.apk"]'
2020-06-15 23:31:20:357 - [35m[ADB][39m Got an error during apksigner execution: Command '/Users/tangyao/Android/sdk/build-tools/30.0.0-rc2/apksigner verify --print-certs /usr/local/lib/node_modules/appium/node_modules/_appium-uiautomator2-server\@3.8.1\@appium-uiautomator2-server/apks/appium-uiautomator2-server-debug-androidTest.apk' exited with code 1
2020-06-15 23:31:20:358 - [35m[ADB][39m apksigner stderr: Error: A JNI error has occurred, please check your installation and try again
2020-06-15 23:31:20:358 - [35m[ADB][39m Exception in thread "main" java.lang.UnsupportedClassVersionError: com/android/apksigner/ApkSignerTool has been compiled by a more recent version of the Java Runtime (class file version 53.0), this version of the Java Runtime only recognizes class file versions up to 52.0
2020-06-15 23:31:20:358 - [35m[ADB][39m 	at java.lang.ClassLoader.defineClass1(Native Method)
2020-06-15 23:31:20:358 - [35m[ADB][39m 	at java.lang.ClassLoader.defineClass(ClassLoader.java:763)
2020-06-15 23:31:20:358 - [35m[ADB][39m 	at java.security.SecureClassLoader.defineClass(SecureClassLoader.java:142)
2020-06-15 23:31:20:359 - [35m[ADB][39m 	at java.net.URLClassLoader.defineClass(URLClassLoader.java:467)
2020-06-15 23:31:20:359 - [35m[ADB][39m 	at java.net.URLClassLoader.access$100(URLClassLoader.java:73)
2020-06-15 23:31:20:359 - [35m[ADB][39m 	at java.net.URLClassLoader$1.run(URLClassLoader.java:368)
2020-06-15 23:31:20:359 - [35m[ADB][39m 	at java.net.URLClassLoader$1.run(URLClassLoader.java:362)
2020-06-15 23:31:20:359 - [35m[ADB][39m 	at java.security.AccessController.doPrivileged(Native Method)
2020-06-15 23:31:20:359 - [35m[ADB][39m 	at java.net.URLClassLoader.findClass(URLClassLoader.java:361)
2020-06-15 23:31:20:359 - [35m[ADB][39m 	at java.lang.ClassLoader.loadClass(ClassLoader.java:424)
2020-06-15 23:31:20:360 - [35m[ADB][39m 	at sun.misc.Launcher$AppClassLoader.loadClass(Launcher.java:349)
2020-06-15 23:31:20:360 - [35m[ADB][39m 	at java.lang.ClassLoader.loadClass(ClassLoader.java:357)
2020-06-15 23:31:20:360 - [35m[ADB][39m 	at sun.launcher.LauncherHelper.checkAndLoadMain(LauncherHelper.java:495)
2020-06-15 23:31:20:360 - [35m[ADB][39m 
2020-06-15 23:31:20:360 - [35m[ADB][39m Cannot use apksigner tool for signature verification. Original error: Command '/Users/tangyao/Android/sdk/build-tools/30.0.0-rc2/apksigner verify --print-certs /usr/local/lib/node_modules/appium/node_modules/_appium-uiautomator2-server\@3.8.1\@appium-uiautomator2-server/apks/appium-uiautomator2-server-debug-androidTest.apk' exited with code 1
2020-06-15 23:31:20:360 - [debug] [35m[ADB][39m Defaulting to verify.jar
2020-06-15 23:31:21:263 - [debug] [35m[ADB][39m '/usr/local/lib/node_modules/appium/node_modules/_appium-uiautomator2-server@3.8.1@appium-uiautomator2-server/apks/appium-uiautomator2-server-debug-androidTest.apk' is already signed.
2020-06-15 23:31:21:263 - [35m[UiAutomator2][39m Server packages are not going to be (re)installed
2020-06-15 23:31:21:263 - [debug] [35m[UiAutomator2][39m Waiting up to 30000ms for services to be available
2020-06-15 23:31:21:264 - [debug] [35m[ADB][39m Running '/Users/tangyao/Android/sdk/platform-tools/adb -P 5037 -s emulator-5554 shell pm list instrumentation'
2020-06-15 23:31:22:469 - [debug] [35m[UiAutomator2][39m Instrumentation target 'io.appium.uiautomator2.server.test/androidx.test.runner.AndroidJUnitRunner' is available
2020-06-15 23:31:22:470 - [debug] [35m[UiAutomator2][39m Forwarding UiAutomator2 Server port 6790 to 6727
2020-06-15 23:31:22:470 - [debug] [35m[ADB][39m Forwarding system: 6727 to device: 6790
2020-06-15 23:31:22:471 - [debug] [35m[ADB][39m Running '/Users/tangyao/Android/sdk/platform-tools/adb -P 5037 -s emulator-5554 forward tcp\:6727 tcp\:6790'
2020-06-15 23:31:22:488 - [debug] [35m[UiAutomator2][39m No app capability. Assuming it is already on the device
2020-06-15 23:31:22:489 - [debug] [35m[UiAutomator2][39m Performing shallow cleanup of automation leftovers
2020-06-15 23:31:22:524 - [debug] [35m[UiAutomator2][39m No obsolete sessions have been detected (Error: socket hang up)
2020-06-15 23:31:22:526 - [debug] [35m[ADB][39m Running '/Users/tangyao/Android/sdk/platform-tools/adb -P 5037 -s emulator-5554 shell am force-stop io.appium.uiautomator2.server.test'
2020-06-15 23:31:23:816 - [35m[UiAutomator2][39m Starting UIAutomator2 server 3.8.1
2020-06-15 23:31:23:819 - [35m[UiAutomator2][39m Using UIAutomator2 server from '/usr/local/lib/node_modules/appium/node_modules/_appium-uiautomator2-server@3.8.1@appium-uiautomator2-server/apks/appium-uiautomator2-server-v3.8.1.apk' and test from '/usr/local/lib/node_modules/appium/node_modules/_appium-uiautomator2-server@3.8.1@appium-uiautomator2-server/apks/appium-uiautomator2-server-debug-androidTest.apk'
2020-06-15 23:31:23:820 - [35m[UiAutomator2][39m Waiting up to 30000ms for UiAutomator2 to be online...
2020-06-15 23:31:23:826 - [debug] [35m[ADB][39m Creating ADB subprocess with args: ["-P",5037,"-s","emulator-5554","shell","am","instrument","-w","io.appium.uiautomator2.server.test/androidx.test.runner.AndroidJUnitRunner"]
2020-06-15 23:31:24:710 - [35m[Appium][39m Received SIGINT - shutting down
2020-06-15 23:31:24:713 - [35m[Logcat][39m Logcat terminated with code null, signal SIGINT
2020-06-15 23:31:24:718 - [debug] [35m[Instrumentation][39m The process has exited with code null
2020-06-15 23:31:24:720 - [35m[HTTP][39m [37m<-- POST /wd/hub/session [39m[32m-[39m [90m- ms - -[39m
2020-06-15 23:31:24:721 - [35m[HTTP][39m [90m[39m
2020-06-15 23:31:24:840 - [35m[UiAutomator2][39m The instrumentation process has been unexpectedly terminated. Retrying UiAutomator2 startup (#1 of 1)
2020-06-15 23:31:24:840 - [debug] [35m[UiAutomator2][39m Performing strict cleanup of automation leftovers
2020-06-15 23:31:24:855 - [debug] [35m[UiAutomator2][39m No obsolete sessions have been detected (Error: socket hang up)
2020-06-15 23:31:24:855 - [debug] [35m[ADB][39m Running '/Users/tangyao/Android/sdk/platform-tools/adb -P 5037 -s emulator-5554 shell am force-stop io.appium.uiautomator2.server.test'
2020-06-15 23:31:26:486 - [debug] [35m[ADB][39m Attempting to kill all uiautomator processes
2020-06-15 23:31:26:486 - [debug] [35m[ADB][39m Getting IDs of all 'uiautomator' processes
2020-06-15 23:31:26:487 - [debug] [35m[ADB][39m Running '/Users/tangyao/Android/sdk/platform-tools/adb -P 5037 -s emulator-5554 shell pgrep -f uiautomator'
2020-06-15 23:31:26:529 - [35m[ADB][39m No 'uiautomator' process has been found
2020-06-15 23:31:29:543 - [35m[UiAutomator2][39m Waiting up to 30000ms for UiAutomator2 to be online...
2020-06-15 23:31:29:544 - [debug] [35m[ADB][39m Creating ADB subprocess with args: ["-P",5037,"-s","emulator-5554","shell","am","instrument","-w","io.appium.uiautomator2.server.test/androidx.test.runner.AndroidJUnitRunner"]
2020-06-15 23:31:30:567 - [debug] [35m[WD Proxy][39m Matched '/status' to command name 'getStatus'
2020-06-15 23:31:30:569 - [debug] [35m[WD Proxy][39m Proxying [GET /status] to [GET http://localhost:6727/wd/hub/status] with no body
2020-06-15 23:31:30:584 - [35m[WD Proxy][39m Got an unexpected response: {"code":"ECONNRESET"}
2020-06-15 23:31:31:068 - [debug] [35m[Instrumentation][39m io.appium.uiautomator2.server.test.AppiumUiAutomator2Server:
2020-06-15 23:31:31:592 - [debug] [35m[WD Proxy][39m Matched '/status' to command name 'getStatus'
2020-06-15 23:31:31:594 - [debug] [35m[WD Proxy][39m Proxying [GET /status] to [GET http://localhost:6727/wd/hub/status] with no body
2020-06-15 23:31:31:604 - [35m[WD Proxy][39m Got an unexpected response: {"code":"ECONNRESET"}
2020-06-15 23:31:32:609 - [debug] [35m[WD Proxy][39m Matched '/status' to command name 'getStatus'
2020-06-15 23:31:32:610 - [debug] [35m[WD Proxy][39m Proxying [GET /status] to [GET http://localhost:6727/wd/hub/status] with no body
2020-06-15 23:31:32:708 - [debug] [35m[WD Proxy][39m Got response with status 200: {"sessionId":"None","status":0,"value":"Status Invoked"}
2020-06-15 23:31:32:709 - [debug] [35m[WD Proxy][39m Determined the downstream protocol as 'MJSONWP'
2020-06-15 23:31:32:709 - [debug] [35m[UiAutomator2][39m The initialization of the instrumentation process took 8890ms
2020-06-15 23:31:32:710 - [debug] [35m[WD Proxy][39m Matched '/session' to command name 'createSession'
2020-06-15 23:31:32:710 - [debug] [35m[WD Proxy][39m Proxying [POST /session] to [POST http://localhost:6727/wd/hub/session] with body: {"desiredCapabilities":{"platform":"LINUX","webStorageEnabled":false,"takesScreenshot":true,"javascriptEnabled":true,"databaseEnabled":false,"networkConnectionEnabled":true,"locationContextEnabled":false,"warnings":{},"desired":{"platformName":"Android","udid":"emulator-5554","deviceName":"emulator-5554","appPackage":"com.xueqiu.android","platformVersion":"9","appActivity":".view.WelcomeActivityAlias","newCommandTimeout":120,"systemPort":6727,"noReset":true,"autoGrantPermissions":true},"platformName":"Android","udid":"emulator-5554","deviceName":"emulator-5554","appPackage":"com.xueqiu.android","platformVersion":"9","appActivity":".view.WelcomeActivityAlias","newCommandTimeout":120,"systemPort":6727,"noReset":true,"autoGrantPermissions":true,"deviceUDID":"emulator-5554"}}
2020-06-15 23:31:32:800 - [debug] [35m[WD Proxy][39m Got response with status 200: {"sessionId":"f1ee9fc5-56de-4bd6-a046-dd132a6b4003","status":0,"value":"Created Session"}
2020-06-15 23:31:32:801 - [debug] [35m[WD Proxy][39m Determined the downstream protocol as 'MJSONWP' per session creation request
2020-06-15 23:31:32:827 - [debug] [35m[WD Proxy][39m Proxying [GET /appium/device/info] to [GET http://localhost:6727/wd/hub/session/f1ee9fc5-56de-4bd6-a046-dd132a6b4003/appium/device/info] with no body
2020-06-15 23:31:32:891 - [debug] [35m[WD Proxy][39m Got response with status 200: {"sessionId":"f1ee9fc5-56de-4bd6-a046-dd132a6b4003","status":0,"value":{"androidId":"9f76973988ef8c02","manufacturer":"Netease","model":"MuMu","brand":"Android","apiVersion":"23","platformVersion":"6.0.1","carrierName":"","realDisplaySize":"640x1024","displayDensity":256,"networks":[{"type":1,"typeName":"WIFI","subtype":0,"subtypeName":"","isConnected":true,"detailedState":"CONNECTED","state":"CONNECTED","extraInfo":"\"Nr9K20lV\"","isAvailable":true,"isFailover":false,"isRoaming":false,"capabilities":{"transportTypes":"NET_CAPABILITY_SUPL","networkCapabilities":"","linkUpstreamBandwidthKbps":1048576,"linkDownBandwidthKbps":1048576,"signalStrength":-55,"networkSpecifier":null,"SSID":null}}],"locale":"zh_CN","timeZone":"Asia\/Shanghai"}}
2020-06-15 23:31:32:892 - [debug] [35m[ADB][39m Running '/Users/tangyao/Android/sdk/platform-tools/adb -P 5037 -s emulator-5554 shell dumpsys window'
2020-06-15 23:31:32:942 - [35m[AndroidDriver][39m Screen already unlocked, doing nothing
2020-06-15 23:31:32:942 - [35m[UiAutomator2][39m UiAutomator2 did not start the activity we were waiting for, 'com.xueqiu.android/.view.WelcomeActivityAlias'. Starting it ourselves
2020-06-15 23:31:32:944 - [debug] [35m[ADB][39m Running '/Users/tangyao/Android/sdk/platform-tools/adb -P 5037 -s emulator-5554 shell am start -W -n com.xueqiu.android/.view.WelcomeActivityAlias -S -a android.intent.action.MAIN -c android.intent.category.LAUNCHER -f 0x10200000'
2020-06-15 23:31:40:549 - [debug] [35m[WD Proxy][39m Proxying [GET /appium/device/pixel_ratio] to [GET http://localhost:6727/wd/hub/session/f1ee9fc5-56de-4bd6-a046-dd132a6b4003/appium/device/pixel_ratio] with body: {}
2020-06-15 23:31:40:669 - [debug] [35m[WD Proxy][39m Got response with status 200: {"sessionId":"f1ee9fc5-56de-4bd6-a046-dd132a6b4003","status":0,"value":1.6}
2020-06-15 23:31:40:673 - [debug] [35m[WD Proxy][39m Matched '/appium/device/system_bars' to command name 'getSystemBars'
2020-06-15 23:31:40:674 - [debug] [35m[WD Proxy][39m Proxying [GET /appium/device/system_bars] to [GET http://localhost:6727/wd/hub/session/f1ee9fc5-56de-4bd6-a046-dd132a6b4003/appium/device/system_bars] with body: {}
2020-06-15 23:31:40:713 - [debug] [35m[WD Proxy][39m Got response with status 200: {"sessionId":"f1ee9fc5-56de-4bd6-a046-dd132a6b4003","status":0,"value":{"statusBar":38}}
2020-06-15 23:31:40:714 - [debug] [35m[WD Proxy][39m Matched '/window/current/size' to command name 'getWindowSize'
2020-06-15 23:31:40:714 - [debug] [35m[WD Proxy][39m Proxying [GET /window/current/size] to [GET http://localhost:6727/wd/hub/session/f1ee9fc5-56de-4bd6-a046-dd132a6b4003/window/current/size] with body: {}
2020-06-15 23:31:40:741 - [debug] [35m[WD Proxy][39m Got response with status 200: {"sessionId":"f1ee9fc5-56de-4bd6-a046-dd132a6b4003","status":0,"value":{"height":1024,"width":640}}
2020-06-15 23:31:40:742 - [35m[Appium][39m New AndroidUiautomator2Driver session created successfully, session 22b7b772-6c7a-45f6-8f5c-922dd8a87b80 added to master session list
2020-06-15 23:31:40:743 - [debug] [35m[BaseDriver][39m Event 'newSessionStarted' logged at 1592235100743 (23:31:40 GMT+0800 (China Standard Time))
2020-06-15 23:31:40:744 - [debug] [35m[W3C (22b7b772)][39m Cached the protocol value 'W3C' for the new session 22b7b772-6c7a-45f6-8f5c-922dd8a87b80
2020-06-15 23:31:40:745 - [debug] [35m[W3C (22b7b772)][39m Responding to client with driver.createSession() result: {"capabilities":{"platform":"LINUX","webStorageEnabled":false,"takesScreenshot":true,"javascriptEnabled":true,"databaseEnabled":false,"networkConnectionEnabled":true,"locationContextEnabled":false,"warnings":{},"desired":{"platformName":"Android","udid":"emulator-5554","deviceName":"emulator-5554","appPackage":"com.xueqiu.android","platformVersion":"9","appActivity":".view.WelcomeActivityAlias","newCommandTimeout":120,"systemPort":6727,"noReset":true,"autoGrantPermissions":true},"platformName":"Android","udid":"emulator-5554","deviceName":"emulator-5554","appPackage":"com.xueqiu.android","platformVersion":"6.0.1","appActivity":".view.WelcomeActivityAlias","newCommandTimeout":120,"systemPort":6727,"noReset":true,"autoGrantPermissions":true,"deviceUDID":"emulator-5554","deviceApiLevel":23,"deviceScreenSize":"640x1024","deviceScreenDensity":256,"deviceModel":"MuMu","deviceManufacturer":"Netease","pixelRatio":1.6,"statBarHeight":38,"viewportRect":{"left":0,"top":38,"width":640,"height":986}}}
2020-06-15 23:32:54:494 - [debug] [35m[Instrumentation][39m .
2020-06-15 23:32:54:901 - [debug] [35m[Instrumentation][39m Time: 83.449
2020-06-15 23:32:54:902 - [debug] [35m[Instrumentation][39m 
2020-06-15 23:32:54:902 - [debug] [35m[Instrumentation][39m OK (1 test)
2020-06-15 23:32:55:139 - [debug] [35m[Instrumentation][39m The process has exited with code 0
2020-06-15 23:33:40:749 - [35m[BaseDriver][39m Shutting down because we waited 120 seconds for a command
2020-06-15 23:33:40:758 - [debug] [35m[UiAutomator2][39m Deleting UiAutomator2 session
2020-06-15 23:33:40:759 - [35m[Appium][39m Closing session, cause was 'New Command Timeout of 120 seconds expired. Try customizing the timeout using the 'newCommandTimeout' desired capability'
2020-06-15 23:33:40:760 - [35m[Appium][39m Removing session 22b7b772-6c7a-45f6-8f5c-922dd8a87b80 from our master session list
2020-06-15 23:33:40:760 - [debug] [35m[UiAutomator2][39m Deleting UiAutomator2 server session
2020-06-15 23:33:40:760 - [debug] [35m[WD Proxy][39m Matched '/' to command name 'deleteSession'
2020-06-15 23:33:40:761 - [debug] [35m[WD Proxy][39m Proxying [DELETE /] to [DELETE http://localhost:6727/wd/hub/session/f1ee9fc5-56de-4bd6-a046-dd132a6b4003] with no body
2020-06-15 23:33:40:818 - [debug] [35m[WD Proxy][39m Got response with status 200: {"sessionId":"f1ee9fc5-56de-4bd6-a046-dd132a6b4003","status":0,"value":"Session deleted"}
2020-06-15 23:33:40:819 - [debug] [35m[ADB][39m Running '/Users/tangyao/Android/sdk/platform-tools/adb -P 5037 -s emulator-5554 shell am force-stop com.xueqiu.android'
2020-06-15 23:33:42:462 - [debug] [35m[Logcat][39m Stopping logcat capture
2020-06-15 23:33:42:464 - [debug] [35m[Logcat][39m Logcat already stopped
2020-06-15 23:33:42:464 - [debug] [35m[ADB][39m Removing forwarded port socket connection: 6727 
2020-06-15 23:33:42:465 - [debug] [35m[ADB][39m Running '/Users/tangyao/Android/sdk/platform-tools/adb -P 5037 -s emulator-5554 forward --remove tcp\:6727'
