2020-05-20 22:44:02:308 - [35m[Appium][39m Welcome to Appium v1.14.1
2020-05-20 22:44:02:311 - [35m[Appium][39m Non-default server args:
2020-05-20 22:44:02:311 - [35m[Appium][39m   port: 4725
2020-05-20 22:44:02:312 - [35m[Appium][39m   bootstrapPort: 6725
2020-05-20 22:44:02:312 - [35m[Appium][39m   logTimestamp: true
2020-05-20 22:44:02:312 - [35m[Appium][39m   localTimezone: true
2020-05-20 22:44:02:312 - [35m[Appium][39m   udid: 5483e9c3
2020-05-20 22:44:02:313 - [35m[Appium][39m Deprecated server args:
2020-05-20 22:44:02:313 - [35m[Appium][39m   [31m-U,--udid[39m => --default-capabilities '{"udid":"5483e9c3"}'
2020-05-20 22:44:02:313 - [35m[Appium][39m Default capabilities, which will be added to each request unless overridden by desired capabilities:
2020-05-20 22:44:02:313 - [35m[Appium][39m   udid: 5483e9c3
2020-05-20 22:44:02:338 - [35m[Appium][39m Appium REST http interface listener started on 0.0.0.0:4725
2020-05-20 22:44:04:747 - [35m[HTTP][39m [37m-->[39m [37mPOST[39m [37m/wd/hub/session[39m
2020-05-20 22:44:04:748 - [35m[HTTP][39m [90m{"capabilities":{"firstMatch":[{"platformName":"Android","appium:deviceName":"5483e9c3","appium:appPackage":"com.xueqiu.android","appium:platformVersion":"7.1.2","appium:appActivity":".view.WelcomeActivityAlias","appium:unicodeKeyboard":true,"appium:resetKeyboard":true,"appium:newCommandTimeout":120,"appium:systemPort":6725,"appium:noReset":true,"appium:autoGrantPermissions":true}]},"desiredCapabilities":{"platformName":"Android","deviceName":"5483e9c3","appPackage":"com.xueqiu.android","platformVersion":"7.1.2","appActivity":".view.WelcomeActivityAlias","unicodeKeyboard":true,"resetKeyboard":true,"newCommandTimeout":120,"systemPort":6725,"noReset":true,"autoGrantPermissions":true}}[39m
2020-05-20 22:44:04:749 - [debug] [35m[W3C][39m Calling AppiumDriver.createSession() with args: [{"platformName":"Android","deviceName":"5483e9c3","appPackage":"com.xueqiu.android","platformVersion":"7.1.2","appActivity":".view.WelcomeActivityAlias","unicodeKeyboard":true,"resetKeyboard":true,"newCommandTimeout":120,"systemPort":6725,"noReset":true,"autoGrantPermissions":true},null,{"firstMatch":[{"platformName":"Android","appium:deviceName":"5483e9c3","appium:appPackage":"com.xueqiu.android","appium:platformVersion":"7.1.2","appium:appActivity":".view.WelcomeActivityAlias","appium:unicodeKeyboard":true,"appium:resetKeyboard":true,"appium:newCommandTimeout":120,"appium:systemPort":6725,"appium:noReset":true,"appium:autoGrantPermissions":true}]}]
2020-05-20 22:44:04:750 - [debug] [35m[BaseDriver][39m Event 'newSessionRequested' logged at 1589985844750 (22:44:04 GMT+0800 (China Standard Time))
2020-05-20 22:44:04:753 - [35m[BaseDriver][39m The capabilities ["udid"] are not standard capabilities and should have an extension prefix
2020-05-20 22:44:04:757 - [35m[Appium][39m 
2020-05-20 22:44:04:757 - [35m[Appium][39m ======================================================================
2020-05-20 22:44:04:758 - [35m[Appium][39m   DEPRECATION WARNING:
2020-05-20 22:44:04:758 - [35m[Appium][39m 
2020-05-20 22:44:04:758 - [35m[Appium][39m   The 'automationName' capability was not provided in the desired 
2020-05-20 22:44:04:758 - [35m[Appium][39m   capabilities for this Android session
2020-05-20 22:44:04:758 - [35m[Appium][39m 
2020-05-20 22:44:04:758 - [35m[Appium][39m   Setting 'automationName=UiAutomator2' by default and using the 
2020-05-20 22:44:04:758 - [35m[Appium][39m   UiAutomator2 Driver
2020-05-20 22:44:04:759 - [35m[Appium][39m 
2020-05-20 22:44:04:759 - [35m[Appium][39m   The next major version of Appium (2.x) will **require** the 
2020-05-20 22:44:04:759 - [35m[Appium][39m   'automationName' capability to be set for all sessions on all 
2020-05-20 22:44:04:759 - [35m[Appium][39m   platforms
2020-05-20 22:44:04:759 - [35m[Appium][39m 
2020-05-20 22:44:04:759 - [35m[Appium][39m   In previous versions (Appium <= 1.13.x), the default was 
2020-05-20 22:44:04:759 - [35m[Appium][39m   'automationName=UiAutomator1'
2020-05-20 22:44:04:759 - [35m[Appium][39m 
2020-05-20 22:44:04:760 - [35m[Appium][39m   If you wish to use that automation instead of UiAutomator2, please 
2020-05-20 22:44:04:760 - [35m[Appium][39m   add 'automationName=UiAutomator1' to your desired capabilities
2020-05-20 22:44:04:760 - [35m[Appium][39m 
2020-05-20 22:44:04:760 - [35m[Appium][39m   For more information about drivers, please visit 
2020-05-20 22:44:04:760 - [35m[Appium][39m   http://appium.io/docs/en/about-appium/intro/ and explore the 
2020-05-20 22:44:04:760 - [35m[Appium][39m   'Drivers' menu
2020-05-20 22:44:04:760 - [35m[Appium][39m 
2020-05-20 22:44:04:760 - [35m[Appium][39m ======================================================================
2020-05-20 22:44:04:761 - [35m[Appium][39m 
2020-05-20 22:44:05:010 - [35m[Appium][39m Appium v1.14.1 creating new AndroidUiautomator2Driver (v1.34.0) session
2020-05-20 22:44:05:011 - [35m[Appium][39m Capabilities:
2020-05-20 22:44:05:011 - [35m[Appium][39m   platformName: Android
2020-05-20 22:44:05:011 - [35m[Appium][39m   udid: 5483e9c3
2020-05-20 22:44:05:011 - [35m[Appium][39m   deviceName: 5483e9c3
2020-05-20 22:44:05:011 - [35m[Appium][39m   appPackage: com.xueqiu.android
2020-05-20 22:44:05:011 - [35m[Appium][39m   platformVersion: 7.1.2
2020-05-20 22:44:05:012 - [35m[Appium][39m   appActivity: .view.WelcomeActivityAlias
2020-05-20 22:44:05:012 - [35m[Appium][39m   unicodeKeyboard: true
2020-05-20 22:44:05:012 - [35m[Appium][39m   resetKeyboard: true
2020-05-20 22:44:05:012 - [35m[Appium][39m   newCommandTimeout: 120
2020-05-20 22:44:05:012 - [35m[Appium][39m   systemPort: 6725
2020-05-20 22:44:05:012 - [35m[Appium][39m   noReset: true
2020-05-20 22:44:05:012 - [35m[Appium][39m   autoGrantPermissions: true
2020-05-20 22:44:05:015 - [debug] [35m[BaseDriver][39m W3C capabilities and MJSONWP desired capabilities were provided
2020-05-20 22:44:05:015 - [debug] [35m[BaseDriver][39m Creating session with W3C capabilities: {
2020-05-20 22:44:05:015 - [debug] [35m[BaseDriver][39m   "alwaysMatch": {
2020-05-20 22:44:05:015 - [debug] [35m[BaseDriver][39m     "platformName": "Android",
2020-05-20 22:44:05:015 - [debug] [35m[BaseDriver][39m     "appium:udid": "5483e9c3",
2020-05-20 22:44:05:015 - [debug] [35m[BaseDriver][39m     "appium:deviceName": "5483e9c3",
2020-05-20 22:44:05:015 - [debug] [35m[BaseDriver][39m     "appium:appPackage": "com.xueqiu.android",
2020-05-20 22:44:05:016 - [debug] [35m[BaseDriver][39m     "appium:platformVersion": "7.1.2",
2020-05-20 22:44:05:016 - [debug] [35m[BaseDriver][39m     "appium:appActivity": ".view.WelcomeActivityAlias",
2020-05-20 22:44:05:016 - [debug] [35m[BaseDriver][39m     "appium:unicodeKeyboard": true,
2020-05-20 22:44:05:016 - [debug] [35m[BaseDriver][39m     "appium:resetKeyboard": true,
2020-05-20 22:44:05:016 - [debug] [35m[BaseDriver][39m     "appium:newCommandTimeout": 120,
2020-05-20 22:44:05:016 - [debug] [35m[BaseDriver][39m     "appium:systemPort": 6725,
2020-05-20 22:44:05:016 - [debug] [35m[BaseDriver][39m     "appium:noReset": true,
2020-05-20 22:44:05:016 - [debug] [35m[BaseDriver][39m     "appium:autoGrantPermissions": true
2020-05-20 22:44:05:017 - [debug] [35m[BaseDriver][39m   },
2020-05-20 22:44:05:017 - [debug] [35m[BaseDriver][39m   "firstMatch": [
2020-05-20 22:44:05:017 - [debug] [35m[BaseDriver][39m     {}
2020-05-20 22:44:05:017 - [debug] [35m[BaseDriver][39m   ]
2020-05-20 22:44:05:017 - [debug] [35m[BaseDriver][39m }
2020-05-20 22:44:05:025 - [35m[BaseDriver][39m Session created with session id: fb977462-1f13-4efc-8a97-26f1e7a35a91
2020-05-20 22:44:05:062 - [35m[ADB][39m Found 42 'build-tools' folders under '/Users/tangyao/Android/sdk' (newest first):
2020-05-20 22:44:05:062 - [35m[ADB][39m     /Users/tangyao/Android/sdk/build-tools/30.0.0-rc2
2020-05-20 22:44:05:062 - [35m[ADB][39m     /Users/tangyao/Android/sdk/build-tools/29.0.2
2020-05-20 22:44:05:063 - [35m[ADB][39m     /Users/tangyao/Android/sdk/build-tools/29.0.0-rc2
2020-05-20 22:44:05:063 - [35m[ADB][39m     /Users/tangyao/Android/sdk/build-tools/28.0.3
2020-05-20 22:44:05:064 - [35m[ADB][39m     /Users/tangyao/Android/sdk/build-tools/28.0.2
2020-05-20 22:44:05:064 - [35m[ADB][39m     /Users/tangyao/Android/sdk/build-tools/28.0.1
2020-05-20 22:44:05:065 - [35m[ADB][39m     /Users/tangyao/Android/sdk/build-tools/28.0.0
2020-05-20 22:44:05:065 - [35m[ADB][39m     /Users/tangyao/Android/sdk/build-tools/28.0.0-rc2
2020-05-20 22:44:05:065 - [35m[ADB][39m     /Users/tangyao/Android/sdk/build-tools/28.0.0-rc1
2020-05-20 22:44:05:065 - [35m[ADB][39m     /Users/tangyao/Android/sdk/build-tools/27.0.3
2020-05-20 22:44:05:065 - [35m[ADB][39m     /Users/tangyao/Android/sdk/build-tools/26.0.1
2020-05-20 22:44:05:065 - [35m[ADB][39m     /Users/tangyao/Android/sdk/build-tools/26.0.0
2020-05-20 22:44:05:065 - [35m[ADB][39m     /Users/tangyao/Android/sdk/build-tools/25.0.3
2020-05-20 22:44:05:065 - [35m[ADB][39m     /Users/tangyao/Android/sdk/build-tools/25.0.2
2020-05-20 22:44:05:066 - [35m[ADB][39m     /Users/tangyao/Android/sdk/build-tools/25.0.1
2020-05-20 22:44:05:066 - [35m[ADB][39m     /Users/tangyao/Android/sdk/build-tools/25.0.0
2020-05-20 22:44:05:066 - [35m[ADB][39m     /Users/tangyao/Android/sdk/build-tools/24.0.3
2020-05-20 22:44:05:066 - [35m[ADB][39m     /Users/tangyao/Android/sdk/build-tools/24.0.2
2020-05-20 22:44:05:066 - [35m[ADB][39m     /Users/tangyao/Android/sdk/build-tools/24.0.1
2020-05-20 22:44:05:066 - [35m[ADB][39m     /Users/tangyao/Android/sdk/build-tools/24.0.0
2020-05-20 22:44:05:066 - [35m[ADB][39m     /Users/tangyao/Android/sdk/build-tools/23.0.3
2020-05-20 22:44:05:066 - [35m[ADB][39m     /Users/tangyao/Android/sdk/build-tools/23.0.2
2020-05-20 22:44:05:067 - [35m[ADB][39m     /Users/tangyao/Android/sdk/build-tools/23.0.1
2020-05-20 22:44:05:067 - [35m[ADB][39m     /Users/tangyao/Android/sdk/build-tools/23.0.0
2020-05-20 22:44:05:067 - [35m[ADB][39m     /Users/tangyao/Android/sdk/build-tools/22.0.1
2020-05-20 22:44:05:067 - [35m[ADB][39m     /Users/tangyao/Android/sdk/build-tools/22.0.0
2020-05-20 22:44:05:067 - [35m[ADB][39m     /Users/tangyao/Android/sdk/build-tools/21.1.2
2020-05-20 22:44:05:067 - [35m[ADB][39m     /Users/tangyao/Android/sdk/build-tools/21.1.1
2020-05-20 22:44:05:067 - [35m[ADB][39m     /Users/tangyao/Android/sdk/build-tools/21.1.0
2020-05-20 22:44:05:067 - [35m[ADB][39m     /Users/tangyao/Android/sdk/build-tools/21.0.2
2020-05-20 22:44:05:068 - [35m[ADB][39m     /Users/tangyao/Android/sdk/build-tools/21.0.1
2020-05-20 22:44:05:068 - [35m[ADB][39m     /Users/tangyao/Android/sdk/build-tools/21.0.0
2020-05-20 22:44:05:068 - [35m[ADB][39m     /Users/tangyao/Android/sdk/build-tools/20.0.0
2020-05-20 22:44:05:068 - [35m[ADB][39m     /Users/tangyao/Android/sdk/build-tools/19.1.0
2020-05-20 22:44:05:068 - [35m[ADB][39m     /Users/tangyao/Android/sdk/build-tools/19.0.3
2020-05-20 22:44:05:068 - [35m[ADB][39m     /Users/tangyao/Android/sdk/build-tools/19.0.2
2020-05-20 22:44:05:068 - [35m[ADB][39m     /Users/tangyao/Android/sdk/build-tools/19.0.1
2020-05-20 22:44:05:068 - [35m[ADB][39m     /Users/tangyao/Android/sdk/build-tools/19.0.0
2020-05-20 22:44:05:069 - [35m[ADB][39m     /Users/tangyao/Android/sdk/build-tools/18.1.1
2020-05-20 22:44:05:069 - [35m[ADB][39m     /Users/tangyao/Android/sdk/build-tools/18.1.0
2020-05-20 22:44:05:069 - [35m[ADB][39m     /Users/tangyao/Android/sdk/build-tools/18.0.1
2020-05-20 22:44:05:069 - [35m[ADB][39m     /Users/tangyao/Android/sdk/build-tools/17.0.0
2020-05-20 22:44:05:070 - [35m[ADB][39m Using 'adb' from '/Users/tangyao/Android/sdk/platform-tools/adb'
2020-05-20 22:44:05:070 - [35m[AndroidDriver][39m Retrieving device list
2020-05-20 22:44:05:070 - [debug] [35m[ADB][39m Trying to find a connected android device
2020-05-20 22:44:05:080 - [debug] [35m[ADB][39m Getting connected devices...
2020-05-20 22:44:05:152 - [debug] [35m[ADB][39m 2 device(s) connected
2020-05-20 22:44:05:152 - [35m[AndroidDriver][39m Using device: 5483e9c3
2020-05-20 22:44:05:153 - [35m[ADB][39m Using 'adb' from '/Users/tangyao/Android/sdk/platform-tools/adb'
2020-05-20 22:44:05:154 - [debug] [35m[ADB][39m Setting device id to 5483e9c3
2020-05-20 22:44:05:155 - [debug] [35m[ADB][39m Running '/Users/tangyao/Android/sdk/platform-tools/adb -P 5037 -s 5483e9c3 shell getprop ro.build.version.sdk'
2020-05-20 22:44:05:228 - [debug] [35m[ADB][39m Current device property 'ro.build.version.sdk': 29
2020-05-20 22:44:05:228 - [debug] [35m[ADB][39m Device API level: 29
2020-05-20 22:44:05:229 - [35m[UiAutomator2][39m Relaxing hidden api policy
2020-05-20 22:44:05:229 - [debug] [35m[ADB][39m Running '/Users/tangyao/Android/sdk/platform-tools/adb -P 5037 -s 5483e9c3 shell settings put global hidden_api_policy_pre_p_apps 1'
2020-05-20 22:44:05:337 - [debug] [35m[ADB][39m Running '/Users/tangyao/Android/sdk/platform-tools/adb -P 5037 -s 5483e9c3 shell settings put global hidden_api_policy_p_apps 1'
2020-05-20 22:44:05:443 - [debug] [35m[ADB][39m Running '/Users/tangyao/Android/sdk/platform-tools/adb -P 5037 -s 5483e9c3 shell settings put global hidden_api_policy 1'
2020-05-20 22:44:05:561 - [35m[AndroidDriver][39m No app sent in, not parsing package/activity
2020-05-20 22:44:05:562 - [debug] [35m[ADB][39m Running '/Users/tangyao/Android/sdk/platform-tools/adb -P 5037 -s 5483e9c3 wait-for-device'
2020-05-20 22:44:05:573 - [debug] [35m[ADB][39m Running '/Users/tangyao/Android/sdk/platform-tools/adb -P 5037 -s 5483e9c3 shell echo ping'
2020-05-20 22:44:05:622 - [debug] [35m[AndroidDriver][39m Pushing settings apk to device...
2020-05-20 22:44:05:624 - [debug] [35m[ADB][39m Getting install status for io.appium.settings
2020-05-20 22:44:05:624 - [debug] [35m[ADB][39m Running '/Users/tangyao/Android/sdk/platform-tools/adb -P 5037 -s 5483e9c3 shell dumpsys package io.appium.settings'
2020-05-20 22:44:05:736 - [debug] [35m[ADB][39m 'io.appium.settings' is installed
2020-05-20 22:44:05:736 - [debug] [35m[ADB][39m Getting package info for 'io.appium.settings'
2020-05-20 22:44:05:737 - [debug] [35m[ADB][39m Running '/Users/tangyao/Android/sdk/platform-tools/adb -P 5037 -s 5483e9c3 shell dumpsys package io.appium.settings'
2020-05-20 22:44:05:841 - [35m[ADB][39m Using 'apkanalyzer' from '/Users/tangyao/Android/sdk/tools/bin/apkanalyzer'
2020-05-20 22:44:05:841 - [debug] [35m[ADB][39m Starting '/Users/tangyao/Android/sdk/tools/bin/apkanalyzer' with args ["manifest","print","/usr/local/lib/node_modules/appium/node_modules/_io.appium.settings@2.14.1@io.appium.settings/apks/settings_apk-debug.apk"]
2020-05-20 22:44:09:188 - [debug] [35m[ADB][39m The version name of the installed 'io.appium.settings' is greater or equal to the application version name ('2.14.1' >= '2.14.1')
2020-05-20 22:44:09:189 - [debug] [35m[ADB][39m There is no need to install/upgrade '/usr/local/lib/node_modules/appium/node_modules/_io.appium.settings@2.14.1@io.appium.settings/apks/settings_apk-debug.apk'
2020-05-20 22:44:09:190 - [debug] [35m[ADB][39m Getting IDs of all 'io.appium.settings' processes
2020-05-20 22:44:09:190 - [debug] [35m[ADB][39m Running '/Users/tangyao/Android/sdk/platform-tools/adb -P 5037 -s 5483e9c3 shell 'pgrep --help; echo $?''
2020-05-20 22:44:09:265 - [debug] [35m[ADB][39m Running '/Users/tangyao/Android/sdk/platform-tools/adb -P 5037 -s 5483e9c3 shell pgrep -f io\.appium\.settings'
2020-05-20 22:44:09:361 - [debug] [35m[AndroidDriver][39m io.appium.settings is already running. There is no need to reset its permissions.
2020-05-20 22:44:09:361 - [debug] [35m[ADB][39m Running '/Users/tangyao/Android/sdk/platform-tools/adb -P 5037 -s 5483e9c3 shell appops set io.appium.settings android\:mock_location allow'
2020-05-20 22:44:09:471 - [debug] [35m[Logcat][39m Starting logcat capture
2020-05-20 22:44:09:547 - [debug] [35m[AndroidDriver][39m Enabling Unicode keyboard support
2020-05-20 22:44:09:547 - [debug] [35m[ADB][39m Running '/Users/tangyao/Android/sdk/platform-tools/adb -P 5037 -s 5483e9c3 shell settings get secure default_input_method'
2020-05-20 22:44:09:617 - [debug] [35m[AndroidDriver][39m Unsetting previous IME io.appium.settings/.UnicodeIME
2020-05-20 22:44:09:617 - [debug] [35m[AndroidDriver][39m Setting IME to 'io.appium.settings/.UnicodeIME'
2020-05-20 22:44:09:618 - [debug] [35m[ADB][39m Running '/Users/tangyao/Android/sdk/platform-tools/adb -P 5037 -s 5483e9c3 shell ime enable io.appium.settings/.UnicodeIME'
2020-05-20 22:44:09:686 - [debug] [35m[ADB][39m Running '/Users/tangyao/Android/sdk/platform-tools/adb -P 5037 -s 5483e9c3 shell ime set io.appium.settings/.UnicodeIME'
2020-05-20 22:44:09:758 - [debug] [35m[ADB][39m Getting install status for io.appium.uiautomator2.server
2020-05-20 22:44:09:758 - [debug] [35m[ADB][39m Running '/Users/tangyao/Android/sdk/platform-tools/adb -P 5037 -s 5483e9c3 shell dumpsys package io.appium.uiautomator2.server'
2020-05-20 22:44:09:840 - [debug] [35m[ADB][39m 'io.appium.uiautomator2.server' is installed
2020-05-20 22:44:09:840 - [debug] [35m[ADB][39m Getting package info for 'io.appium.uiautomator2.server'
2020-05-20 22:44:09:841 - [debug] [35m[ADB][39m Running '/Users/tangyao/Android/sdk/platform-tools/adb -P 5037 -s 5483e9c3 shell dumpsys package io.appium.uiautomator2.server'
2020-05-20 22:44:09:916 - [debug] [35m[ADB][39m Starting '/Users/tangyao/Android/sdk/tools/bin/apkanalyzer' with args ["manifest","print","/usr/local/lib/node_modules/appium/node_modules/_appium-uiautomator2-server@3.8.1@appium-uiautomator2-server/apks/appium-uiautomator2-server-v3.8.1.apk"]
2020-05-20 22:44:12:823 - [debug] [35m[ADB][39m The version name of the installed 'io.appium.uiautomator2.server' is greater or equal to the application version name ('3.8.1' >= '3.8.1')
2020-05-20 22:44:12:824 - [debug] [35m[UiAutomator2][39m io.appium.uiautomator2.server installation state: sameVersionInstalled
2020-05-20 22:44:12:824 - [debug] [35m[ADB][39m Checking app cert for /usr/local/lib/node_modules/appium/node_modules/_appium-uiautomator2-server@3.8.1@appium-uiautomator2-server/apks/appium-uiautomator2-server-v3.8.1.apk
2020-05-20 22:44:12:826 - [35m[ADB][39m Using 'apksigner' from '/Users/tangyao/Android/sdk/build-tools/30.0.0-rc2/apksigner'
2020-05-20 22:44:12:826 - [debug] [35m[ADB][39m Starting '/Users/tangyao/Android/sdk/build-tools/30.0.0-rc2/apksigner' with args '["verify","--print-certs","/usr/local/lib/node_modules/appium/node_modules/_appium-uiautomator2-server@3.8.1@appium-uiautomator2-server/apks/appium-uiautomator2-server-v3.8.1.apk"]'
2020-05-20 22:44:13:041 - [35m[ADB][39m Got an error during apksigner execution: Command '/Users/tangyao/Android/sdk/build-tools/30.0.0-rc2/apksigner verify --print-certs /usr/local/lib/node_modules/appium/node_modules/_appium-uiautomator2-server\@3.8.1\@appium-uiautomator2-server/apks/appium-uiautomator2-server-v3.8.1.apk' exited with code 1
2020-05-20 22:44:13:042 - [35m[ADB][39m apksigner stderr: Error: A JNI error has occurred, please check your installation and try again
2020-05-20 22:44:13:042 - [35m[ADB][39m Exception in thread "main" java.lang.UnsupportedClassVersionError: com/android/apksigner/ApkSignerTool has been compiled by a more recent version of the Java Runtime (class file version 53.0), this version of the Java Runtime only recognizes class file versions up to 52.0
2020-05-20 22:44:13:042 - [35m[ADB][39m 	at java.lang.ClassLoader.defineClass1(Native Method)
2020-05-20 22:44:13:042 - [35m[ADB][39m 	at java.lang.ClassLoader.defineClass(ClassLoader.java:763)
2020-05-20 22:44:13:042 - [35m[ADB][39m 	at java.security.SecureClassLoader.defineClass(SecureClassLoader.java:142)
2020-05-20 22:44:13:042 - [35m[ADB][39m 	at java.net.URLClassLoader.defineClass(URLClassLoader.java:467)
2020-05-20 22:44:13:042 - [35m[ADB][39m 	at java.net.URLClassLoader.access$100(URLClassLoader.java:73)
2020-05-20 22:44:13:042 - [35m[ADB][39m 	at java.net.URLClassLoader$1.run(URLClassLoader.java:368)
2020-05-20 22:44:13:042 - [35m[ADB][39m 	at java.net.URLClassLoader$1.run(URLClassLoader.java:362)
2020-05-20 22:44:13:043 - [35m[ADB][39m 	at java.security.AccessController.doPrivileged(Native Method)
2020-05-20 22:44:13:043 - [35m[ADB][39m 	at java.net.URLClassLoader.findClass(URLClassLoader.java:361)
2020-05-20 22:44:13:043 - [35m[ADB][39m 	at java.lang.ClassLoader.loadClass(ClassLoader.java:424)
2020-05-20 22:44:13:043 - [35m[ADB][39m 	at sun.misc.Launcher$AppClassLoader.loadClass(Launcher.java:349)
2020-05-20 22:44:13:043 - [35m[ADB][39m 	at java.lang.ClassLoader.loadClass(ClassLoader.java:357)
2020-05-20 22:44:13:043 - [35m[ADB][39m 	at sun.launcher.LauncherHelper.checkAndLoadMain(LauncherHelper.java:495)
2020-05-20 22:44:13:043 - [35m[ADB][39m 
2020-05-20 22:44:13:043 - [35m[ADB][39m Cannot use apksigner tool for signature verification. Original error: Command '/Users/tangyao/Android/sdk/build-tools/30.0.0-rc2/apksigner verify --print-certs /usr/local/lib/node_modules/appium/node_modules/_appium-uiautomator2-server\@3.8.1\@appium-uiautomator2-server/apks/appium-uiautomator2-server-v3.8.1.apk' exited with code 1
2020-05-20 22:44:13:043 - [debug] [35m[ADB][39m Defaulting to verify.jar
2020-05-20 22:44:13:533 - [debug] [35m[ADB][39m '/usr/local/lib/node_modules/appium/node_modules/_appium-uiautomator2-server@3.8.1@appium-uiautomator2-server/apks/appium-uiautomator2-server-v3.8.1.apk' is already signed.
2020-05-20 22:44:13:534 - [debug] [35m[ADB][39m Getting install status for io.appium.uiautomator2.server.test
2020-05-20 22:44:13:534 - [debug] [35m[ADB][39m Running '/Users/tangyao/Android/sdk/platform-tools/adb -P 5037 -s 5483e9c3 shell dumpsys package io.appium.uiautomator2.server.test'
2020-05-20 22:44:13:656 - [debug] [35m[ADB][39m 'io.appium.uiautomator2.server.test' is installed
2020-05-20 22:44:13:656 - [debug] [35m[ADB][39m Checking app cert for /usr/local/lib/node_modules/appium/node_modules/_appium-uiautomator2-server@3.8.1@appium-uiautomator2-server/apks/appium-uiautomator2-server-debug-androidTest.apk
2020-05-20 22:44:13:657 - [debug] [35m[ADB][39m Starting '/Users/tangyao/Android/sdk/build-tools/30.0.0-rc2/apksigner' with args '["verify","--print-certs","/usr/local/lib/node_modules/appium/node_modules/_appium-uiautomator2-server@3.8.1@appium-uiautomator2-server/apks/appium-uiautomator2-server-debug-androidTest.apk"]'
2020-05-20 22:44:13:848 - [35m[ADB][39m Got an error during apksigner execution: Command '/Users/tangyao/Android/sdk/build-tools/30.0.0-rc2/apksigner verify --print-certs /usr/local/lib/node_modules/appium/node_modules/_appium-uiautomator2-server\@3.8.1\@appium-uiautomator2-server/apks/appium-uiautomator2-server-debug-androidTest.apk' exited with code 1
2020-05-20 22:44:13:849 - [35m[ADB][39m apksigner stderr: Error: A JNI error has occurred, please check your installation and try again
2020-05-20 22:44:13:849 - [35m[ADB][39m Exception in thread "main" java.lang.UnsupportedClassVersionError: com/android/apksigner/ApkSignerTool has been compiled by a more recent version of the Java Runtime (class file version 53.0), this version of the Java Runtime only recognizes class file versions up to 52.0
2020-05-20 22:44:13:849 - [35m[ADB][39m 	at java.lang.ClassLoader.defineClass1(Native Method)
2020-05-20 22:44:13:849 - [35m[ADB][39m 	at java.lang.ClassLoader.defineClass(ClassLoader.java:763)
2020-05-20 22:44:13:849 - [35m[ADB][39m 	at java.security.SecureClassLoader.defineClass(SecureClassLoader.java:142)
2020-05-20 22:44:13:849 - [35m[ADB][39m 	at java.net.URLClassLoader.defineClass(URLClassLoader.java:467)
2020-05-20 22:44:13:849 - [35m[ADB][39m 	at java.net.URLClassLoader.access$100(URLClassLoader.java:73)
2020-05-20 22:44:13:849 - [35m[ADB][39m 	at java.net.URLClassLoader$1.run(URLClassLoader.java:368)
2020-05-20 22:44:13:850 - [35m[ADB][39m 	at java.net.URLClassLoader$1.run(URLClassLoader.java:362)
2020-05-20 22:44:13:850 - [35m[ADB][39m 	at java.security.AccessController.doPrivileged(Native Method)
2020-05-20 22:44:13:850 - [35m[ADB][39m 	at java.net.URLClassLoader.findClass(URLClassLoader.java:361)
2020-05-20 22:44:13:850 - [35m[ADB][39m 	at java.lang.ClassLoader.loadClass(ClassLoader.java:424)
2020-05-20 22:44:13:850 - [35m[ADB][39m 	at sun.misc.Launcher$AppClassLoader.loadClass(Launcher.java:349)
2020-05-20 22:44:13:850 - [35m[ADB][39m 	at java.lang.ClassLoader.loadClass(ClassLoader.java:357)
2020-05-20 22:44:13:850 - [35m[ADB][39m 	at sun.launcher.LauncherHelper.checkAndLoadMain(LauncherHelper.java:495)
2020-05-20 22:44:13:850 - [35m[ADB][39m 
2020-05-20 22:44:13:850 - [35m[ADB][39m Cannot use apksigner tool for signature verification. Original error: Command '/Users/tangyao/Android/sdk/build-tools/30.0.0-rc2/apksigner verify --print-certs /usr/local/lib/node_modules/appium/node_modules/_appium-uiautomator2-server\@3.8.1\@appium-uiautomator2-server/apks/appium-uiautomator2-server-debug-androidTest.apk' exited with code 1
2020-05-20 22:44:13:851 - [debug] [35m[ADB][39m Defaulting to verify.jar
2020-05-20 22:44:14:258 - [debug] [35m[ADB][39m '/usr/local/lib/node_modules/appium/node_modules/_appium-uiautomator2-server@3.8.1@appium-uiautomator2-server/apks/appium-uiautomator2-server-debug-androidTest.apk' is already signed.
2020-05-20 22:44:14:259 - [35m[UiAutomator2][39m Server packages are not going to be (re)installed
2020-05-20 22:44:14:259 - [debug] [35m[UiAutomator2][39m Waiting up to 30000ms for services to be available
2020-05-20 22:44:14:260 - [debug] [35m[ADB][39m Running '/Users/tangyao/Android/sdk/platform-tools/adb -P 5037 -s 5483e9c3 shell pm list instrumentation'
2020-05-20 22:44:14:380 - [debug] [35m[UiAutomator2][39m Instrumentation target 'io.appium.uiautomator2.server.test/androidx.test.runner.AndroidJUnitRunner' is available
2020-05-20 22:44:14:380 - [debug] [35m[UiAutomator2][39m Forwarding UiAutomator2 Server port 6790 to 6725
2020-05-20 22:44:14:380 - [debug] [35m[ADB][39m Forwarding system: 6725 to device: 6790
2020-05-20 22:44:14:381 - [debug] [35m[ADB][39m Running '/Users/tangyao/Android/sdk/platform-tools/adb -P 5037 -s 5483e9c3 forward tcp\:6725 tcp\:6790'
2020-05-20 22:44:14:393 - [debug] [35m[UiAutomator2][39m No app capability. Assuming it is already on the device
2020-05-20 22:44:14:394 - [debug] [35m[UiAutomator2][39m Performing shallow cleanup of automation leftovers
2020-05-20 22:44:14:428 - [debug] [35m[UiAutomator2][39m No obsolete sessions have been detected (Error: socket hang up)
2020-05-20 22:44:14:428 - [debug] [35m[ADB][39m Running '/Users/tangyao/Android/sdk/platform-tools/adb -P 5037 -s 5483e9c3 shell am force-stop io.appium.uiautomator2.server.test'
2020-05-20 22:44:14:554 - [35m[UiAutomator2][39m Starting UIAutomator2 server 3.8.1
2020-05-20 22:44:14:554 - [35m[UiAutomator2][39m Using UIAutomator2 server from '/usr/local/lib/node_modules/appium/node_modules/_appium-uiautomator2-server@3.8.1@appium-uiautomator2-server/apks/appium-uiautomator2-server-v3.8.1.apk' and test from '/usr/local/lib/node_modules/appium/node_modules/_appium-uiautomator2-server@3.8.1@appium-uiautomator2-server/apks/appium-uiautomator2-server-debug-androidTest.apk'
2020-05-20 22:44:14:554 - [35m[UiAutomator2][39m Waiting up to 30000ms for UiAutomator2 to be online...
2020-05-20 22:44:14:555 - [debug] [35m[ADB][39m Creating ADB subprocess with args: ["-P",5037,"-s","5483e9c3","shell","am","instrument","-w","io.appium.uiautomator2.server.test/androidx.test.runner.AndroidJUnitRunner"]
2020-05-20 22:44:15:565 - [debug] [35m[WD Proxy][39m Matched '/status' to command name 'getStatus'
2020-05-20 22:44:15:566 - [debug] [35m[WD Proxy][39m Proxying [GET /status] to [GET http://localhost:6725/wd/hub/status] with no body
2020-05-20 22:44:15:583 - [35m[WD Proxy][39m Got an unexpected response: {"code":"ECONNRESET"}
2020-05-20 22:44:16:005 - [debug] [35m[Instrumentation][39m io.appium.uiautomator2.server.test.AppiumUiAutomator2Server:
2020-05-20 22:44:16:589 - [debug] [35m[WD Proxy][39m Matched '/status' to command name 'getStatus'
2020-05-20 22:44:16:590 - [debug] [35m[WD Proxy][39m Proxying [GET /status] to [GET http://localhost:6725/wd/hub/status] with no body
2020-05-20 22:44:16:608 - [35m[WD Proxy][39m Got an unexpected response: {"code":"ECONNRESET"}
2020-05-20 22:44:17:611 - [debug] [35m[WD Proxy][39m Matched '/status' to command name 'getStatus'
2020-05-20 22:44:17:611 - [debug] [35m[WD Proxy][39m Proxying [GET /status] to [GET http://localhost:6725/wd/hub/status] with no body
2020-05-20 22:44:17:711 - [debug] [35m[WD Proxy][39m Got response with status 200: {"sessionId":"None","status":0,"value":"Status Invoked"}
2020-05-20 22:44:17:712 - [debug] [35m[WD Proxy][39m Determined the downstream protocol as 'MJSONWP'
2020-05-20 22:44:17:712 - [debug] [35m[UiAutomator2][39m The initialization of the instrumentation process took 3158ms
2020-05-20 22:44:17:712 - [debug] [35m[WD Proxy][39m Matched '/session' to command name 'createSession'
2020-05-20 22:44:17:713 - [debug] [35m[WD Proxy][39m Proxying [POST /session] to [POST http://localhost:6725/wd/hub/session] with body: {"desiredCapabilities":{"platform":"LINUX","webStorageEnabled":false,"takesScreenshot":true,"javascriptEnabled":true,"databaseEnabled":false,"networkConnectionEnabled":true,"locationContextEnabled":false,"warnings":{},"desired":{"platformName":"Android","udid":"5483e9c3","deviceName":"5483e9c3","appPackage":"com.xueqiu.android","platformVersion":"7.1.2","appActivity":".view.WelcomeActivityAlias","unicodeKeyboard":true,"resetKeyboard":true,"newCommandTimeout":120,"systemPort":6725,"noReset":true,"autoGrantPermissions":true},"platformName":"Android","udid":"5483e9c3","deviceName":"5483e9c3","appPackage":"com.xueqiu.android","platformVersion":"7.1.2","appActivity":".view.WelcomeActivityAlias","unicodeKeyboard":true,"resetKeyboard":true,"newCommandTimeout":120,"systemPort":6725,"noReset":true,"autoGrantPermissions":true,"deviceUDID":"5483e9c3"}}
2020-05-20 22:44:17:761 - [debug] [35m[WD Proxy][39m Got response with status 200: {"sessionId":"b6bc4ebf-516c-49c7-acf1-b9dbde0e33c4","status":0,"value":"Created Session"}
2020-05-20 22:44:17:762 - [debug] [35m[WD Proxy][39m Determined the downstream protocol as 'MJSONWP' per session creation request
2020-05-20 22:44:17:774 - [debug] [35m[WD Proxy][39m Proxying [GET /appium/device/info] to [GET http://localhost:6725/wd/hub/session/b6bc4ebf-516c-49c7-acf1-b9dbde0e33c4/appium/device/info] with no body
2020-05-20 22:44:17:839 - [debug] [35m[WD Proxy][39m Got response with status 200: {"sessionId":"b6bc4ebf-516c-49c7-acf1-b9dbde0e33c4","status":0,"value":{"androidId":"405f120cdfa7799f","manufacturer":"Xiaomi","model":"MI 8","brand":"Xiaomi","apiVersion":"29","platformVersion":"10","carrierName":"","realDisplaySize":"1080x2248","displayDensity":440,"networks":[{"type":1,"typeName":"WIFI","subtype":0,"subtypeName":"","isConnected":true,"detailedState":"CONNECTED","state":"CONNECTED","extraInfo":null,"isAvailable":true,"isFailover":false,"isRoaming":false,"capabilities":{"transportTypes":"NET_CAPABILITY_SUPL","networkCapabilities":"","linkUpstreamBandwidthKbps":1048576,"linkDownBandwidthKbps":1048576,"signalStrength":-45,"networkSpecifier":null,"SSID":null}}],"locale":"zh_CN","timeZone":"Asia\/Shanghai"}}
2020-05-20 22:44:17:840 - [debug] [35m[ADB][39m Running '/Users/tangyao/Android/sdk/platform-tools/adb -P 5037 -s 5483e9c3 shell dumpsys window'
2020-05-20 22:44:17:940 - [35m[AndroidDriver][39m Screen already unlocked, doing nothing
2020-05-20 22:44:17:941 - [35m[UiAutomator2][39m UiAutomator2 did not start the activity we were waiting for, 'com.xueqiu.android/.view.WelcomeActivityAlias'. Starting it ourselves
2020-05-20 22:44:17:942 - [debug] [35m[ADB][39m Running '/Users/tangyao/Android/sdk/platform-tools/adb -P 5037 -s 5483e9c3 shell am start -W -n com.xueqiu.android/.view.WelcomeActivityAlias -S -a android.intent.action.MAIN -c android.intent.category.LAUNCHER -f 0x10200000'
2020-05-20 22:44:18:729 - [debug] [35m[WD Proxy][39m Proxying [GET /appium/device/pixel_ratio] to [GET http://localhost:6725/wd/hub/session/b6bc4ebf-516c-49c7-acf1-b9dbde0e33c4/appium/device/pixel_ratio] with body: {}
2020-05-20 22:44:18:750 - [debug] [35m[WD Proxy][39m Got response with status 200: {"sessionId":"b6bc4ebf-516c-49c7-acf1-b9dbde0e33c4","status":0,"value":2.75}
2020-05-20 22:44:18:752 - [debug] [35m[WD Proxy][39m Matched '/appium/device/system_bars' to command name 'getSystemBars'
2020-05-20 22:44:18:752 - [debug] [35m[WD Proxy][39m Proxying [GET /appium/device/system_bars] to [GET http://localhost:6725/wd/hub/session/b6bc4ebf-516c-49c7-acf1-b9dbde0e33c4/appium/device/system_bars] with body: {}
2020-05-20 22:44:18:765 - [debug] [35m[WD Proxy][39m Got response with status 200: {"sessionId":"b6bc4ebf-516c-49c7-acf1-b9dbde0e33c4","status":0,"value":{"statusBar":89}}
2020-05-20 22:44:18:766 - [debug] [35m[WD Proxy][39m Matched '/window/current/size' to command name 'getWindowSize'
2020-05-20 22:44:18:766 - [debug] [35m[WD Proxy][39m Proxying [GET /window/current/size] to [GET http://localhost:6725/wd/hub/session/b6bc4ebf-516c-49c7-acf1-b9dbde0e33c4/window/current/size] with body: {}
2020-05-20 22:44:18:779 - [debug] [35m[WD Proxy][39m Got response with status 200: {"sessionId":"b6bc4ebf-516c-49c7-acf1-b9dbde0e33c4","status":0,"value":{"height":2029,"width":1080}}
2020-05-20 22:44:18:780 - [35m[Appium][39m New AndroidUiautomator2Driver session created successfully, session fb977462-1f13-4efc-8a97-26f1e7a35a91 added to master session list
2020-05-20 22:44:18:781 - [debug] [35m[BaseDriver][39m Event 'newSessionStarted' logged at 1589985858781 (22:44:18 GMT+0800 (China Standard Time))
2020-05-20 22:44:18:782 - [debug] [35m[W3C (fb977462)][39m Cached the protocol value 'W3C' for the new session fb977462-1f13-4efc-8a97-26f1e7a35a91
2020-05-20 22:44:18:782 - [debug] [35m[W3C (fb977462)][39m Responding to client with driver.createSession() result: {"capabilities":{"platform":"LINUX","webStorageEnabled":false,"takesScreenshot":true,"javascriptEnabled":true,"databaseEnabled":false,"networkConnectionEnabled":true,"locationContextEnabled":false,"warnings":{},"desired":{"platformName":"Android","udid":"5483e9c3","deviceName":"5483e9c3","appPackage":"com.xueqiu.android","platformVersion":"7.1.2","appActivity":".view.WelcomeActivityAlias","unicodeKeyboard":true,"resetKeyboard":true,"newCommandTimeout":120,"systemPort":6725,"noReset":true,"autoGrantPermissions":true},"platformName":"Android","udid":"5483e9c3","deviceName":"5483e9c3","appPackage":"com.xueqiu.android","platformVersion":"10","appActivity":".view.WelcomeActivityAlias","unicodeKeyboard":true,"resetKeyboard":true,"newCommandTimeout":120,"systemPort":6725,"noReset":true,"autoGrantPermissions":true,"deviceUDID":"5483e9c3","deviceApiLevel":29,"deviceScreenSize":"1080x2248","deviceScreenDensity":440,"deviceModel":"MI 8","deviceManufacturer":"Xiaomi","pixelRatio":2.75,"statBarHeight":89,"viewportRect"...
2020-05-20 22:44:18:797 - [35m[HTTP][39m [37m<-- POST /wd/hub/session [39m[32m200[39m [90m14046 ms - 1131[39m
2020-05-20 22:44:18:798 - [35m[HTTP][39m [90m[39m
2020-05-20 22:44:18:801 - [35m[HTTP][39m [37m-->[39m [37mPOST[39m [37m/wd/hub/session/fb977462-1f13-4efc-8a97-26f1e7a35a91/timeouts[39m
2020-05-20 22:44:18:802 - [35m[HTTP][39m [90m{"implicit":5000}[39m
2020-05-20 22:44:18:804 - [debug] [35m[W3C (fb977462)][39m Calling AppiumDriver.timeouts() with args: [null,null,null,null,5000,"fb977462-1f13-4efc-8a97-26f1e7a35a91"]
2020-05-20 22:44:18:832 - [debug] [35m[BaseDriver][39m W3C timeout argument: {"implicit":5000}}
2020-05-20 22:44:18:832 - [debug] [35m[BaseDriver][39m Set implicit wait to 5000ms
2020-05-20 22:44:18:833 - [debug] [35m[W3C (fb977462)][39m Responding to client with driver.timeouts() result: null
2020-05-20 22:44:18:834 - [35m[HTTP][39m [37m<-- POST /wd/hub/session/fb977462-1f13-4efc-8a97-26f1e7a35a91/timeouts [39m[32m200[39m [90m33 ms - 14[39m
2020-05-20 22:44:18:834 - [35m[HTTP][39m [90m[39m
2020-05-20 22:44:20:847 - [35m[HTTP][39m [37m-->[39m [37mPOST[39m [37m/wd/hub/session/fb977462-1f13-4efc-8a97-26f1e7a35a91/element[39m
2020-05-20 22:44:20:848 - [35m[HTTP][39m [90m{"using":"xpath","value":"//*[@text='我的']"}[39m
2020-05-20 22:44:20:851 - [debug] [35m[W3C (fb977462)][39m Calling AppiumDriver.findElement() with args: ["xpath","//*[@text='我的']","fb977462-1f13-4efc-8a97-26f1e7a35a91"]
2020-05-20 22:44:20:852 - [debug] [35m[BaseDriver][39m Valid locator strategies for this request: xpath, id, class name, accessibility id, -android uiautomator
2020-05-20 22:44:20:853 - [debug] [35m[BaseDriver][39m Waiting up to 5000 ms for condition
2020-05-20 22:44:20:854 - [debug] [35m[WD Proxy][39m Matched '/element' to command name 'findElement'
2020-05-20 22:44:20:854 - [debug] [35m[WD Proxy][39m Proxying [POST /element] to [POST http://localhost:6725/wd/hub/session/b6bc4ebf-516c-49c7-acf1-b9dbde0e33c4/element] with body: {"strategy":"xpath","selector":"//*[@text='我的']","context":"","multiple":false}
2020-05-20 22:44:21:476 - [35m[WD Proxy][39m Got an unexpected response: {"sessionId":"b6bc4ebf-516c-49c7-acf1-b9dbde0e33c4","status":7,"value":"An element could not be located on the page using the given search parameters."}
2020-05-20 22:44:21:477 - [debug] [35m[MJSONWP][39m Matched JSONWP error code 7 to NoSuchElementError
2020-05-20 22:44:21:478 - [debug] [35m[BaseDriver][39m Waited for 625 ms so far
2020-05-20 22:44:21:984 - [debug] [35m[WD Proxy][39m Matched '/element' to command name 'findElement'
2020-05-20 22:44:22:728 - [debug] [35m[WD Proxy][39m Proxying [POST /element] to [POST http://localhost:6725/wd/hub/session/b6bc4ebf-516c-49c7-acf1-b9dbde0e33c4/element] with body: {"strategy":"xpath","selector":"//*[@text='我的']","context":"","multiple":false}
2020-05-20 22:44:22:836 - [35m[WD Proxy][39m Got an unexpected response: {"sessionId":"b6bc4ebf-516c-49c7-acf1-b9dbde0e33c4","status":7,"value":"An element could not be located on the page using the given search parameters."}
2020-05-20 22:44:22:841 - [debug] [35m[MJSONWP][39m Matched JSONWP error code 7 to NoSuchElementError
2020-05-20 22:44:22:842 - [debug] [35m[BaseDriver][39m Waited for 1989 ms so far
2020-05-20 22:44:23:348 - [debug] [35m[WD Proxy][39m Matched '/element' to command name 'findElement'
2020-05-20 22:44:23:349 - [debug] [35m[WD Proxy][39m Proxying [POST /element] to [POST http://localhost:6725/wd/hub/session/b6bc4ebf-516c-49c7-acf1-b9dbde0e33c4/element] with body: {"strategy":"xpath","selector":"//*[@text='我的']","context":"","multiple":false}
2020-05-20 22:44:23:462 - [35m[WD Proxy][39m Got an unexpected response: {"sessionId":"b6bc4ebf-516c-49c7-acf1-b9dbde0e33c4","status":7,"value":"An element could not be located on the page using the given search parameters."}
2020-05-20 22:44:23:463 - [debug] [35m[MJSONWP][39m Matched JSONWP error code 7 to NoSuchElementError
2020-05-20 22:44:23:463 - [debug] [35m[BaseDriver][39m Waited for 2610 ms so far
2020-05-20 22:44:23:964 - [debug] [35m[WD Proxy][39m Matched '/element' to command name 'findElement'
2020-05-20 22:44:23:965 - [debug] [35m[WD Proxy][39m Proxying [POST /element] to [POST http://localhost:6725/wd/hub/session/b6bc4ebf-516c-49c7-acf1-b9dbde0e33c4/element] with body: {"strategy":"xpath","selector":"//*[@text='我的']","context":"","multiple":false}
2020-05-20 22:44:24:297 - [35m[WD Proxy][39m Got an unexpected response: {"sessionId":"b6bc4ebf-516c-49c7-acf1-b9dbde0e33c4","status":7,"value":"An element could not be located on the page using the given search parameters."}
2020-05-20 22:44:24:297 - [debug] [35m[MJSONWP][39m Matched JSONWP error code 7 to NoSuchElementError
2020-05-20 22:44:24:297 - [debug] [35m[BaseDriver][39m Waited for 3444 ms so far
2020-05-20 22:44:24:798 - [debug] [35m[WD Proxy][39m Matched '/element' to command name 'findElement'
2020-05-20 22:44:24:799 - [debug] [35m[WD Proxy][39m Proxying [POST /element] to [POST http://localhost:6725/wd/hub/session/b6bc4ebf-516c-49c7-acf1-b9dbde0e33c4/element] with body: {"strategy":"xpath","selector":"//*[@text='我的']","context":"","multiple":false}
2020-05-20 22:44:26:473 - [debug] [35m[WD Proxy][39m Got response with status 200: {"sessionId":"b6bc4ebf-516c-49c7-acf1-b9dbde0e33c4","status":0,"value":{"ELEMENT":"20b5fd23-229e-4fbb-901d-f55a4a5fd3e3"}}
2020-05-20 22:44:26:474 - [debug] [35m[W3C (fb977462)][39m Responding to client with driver.findElement() result: {"element-6066-11e4-a52e-4f735466cecf":"20b5fd23-229e-4fbb-901d-f55a4a5fd3e3","ELEMENT":"20b5fd23-229e-4fbb-901d-f55a4a5fd3e3"}
2020-05-20 22:44:26:475 - [35m[HTTP][39m [37m<-- POST /wd/hub/session/fb977462-1f13-4efc-8a97-26f1e7a35a91/element [39m[32m200[39m [90m5627 ms - 137[39m
2020-05-20 22:44:26:475 - [35m[HTTP][39m [90m[39m
2020-05-20 22:44:26:480 - [35m[HTTP][39m [37m-->[39m [37mPOST[39m [37m/wd/hub/session/fb977462-1f13-4efc-8a97-26f1e7a35a91/element/20b5fd23-229e-4fbb-901d-f55a4a5fd3e3/click[39m
2020-05-20 22:44:26:480 - [35m[HTTP][39m [90m{"id":"20b5fd23-229e-4fbb-901d-f55a4a5fd3e3"}[39m
2020-05-20 22:44:26:484 - [debug] [35m[W3C (fb977462)][39m Calling AppiumDriver.click() with args: ["20b5fd23-229e-4fbb-901d-f55a4a5fd3e3","fb977462-1f13-4efc-8a97-26f1e7a35a91"]
2020-05-20 22:44:26:486 - [debug] [35m[WD Proxy][39m Matched '/element/20b5fd23-229e-4fbb-901d-f55a4a5fd3e3/click' to command name 'click'
2020-05-20 22:44:26:487 - [debug] [35m[WD Proxy][39m Proxying [POST /element/20b5fd23-229e-4fbb-901d-f55a4a5fd3e3/click] to [POST http://localhost:6725/wd/hub/session/b6bc4ebf-516c-49c7-acf1-b9dbde0e33c4/element/20b5fd23-229e-4fbb-901d-f55a4a5fd3e3/click] with body: {"element":"20b5fd23-229e-4fbb-901d-f55a4a5fd3e3"}
2020-05-20 22:44:26:562 - [debug] [35m[WD Proxy][39m Got response with status 200: {"sessionId":"b6bc4ebf-516c-49c7-acf1-b9dbde0e33c4","status":0,"value":true}
2020-05-20 22:44:26:563 - [debug] [35m[W3C (fb977462)][39m Responding to client with driver.click() result: true
2020-05-20 22:44:26:564 - [35m[HTTP][39m [37m<-- POST /wd/hub/session/fb977462-1f13-4efc-8a97-26f1e7a35a91/element/20b5fd23-229e-4fbb-901d-f55a4a5fd3e3/click [39m[32m200[39m [90m84 ms - 14[39m
2020-05-20 22:44:26:565 - [35m[HTTP][39m [90m[39m
2020-05-20 22:44:26:568 - [35m[HTTP][39m [37m-->[39m [37mPOST[39m [37m/wd/hub/session/fb977462-1f13-4efc-8a97-26f1e7a35a91/element[39m
2020-05-20 22:44:26:568 - [35m[HTTP][39m [90m{"using":"xpath","value":"//*[@text='微信']"}[39m
2020-05-20 22:44:26:568 - [debug] [35m[W3C (fb977462)][39m Calling AppiumDriver.findElement() with args: ["xpath","//*[@text='微信']","fb977462-1f13-4efc-8a97-26f1e7a35a91"]
2020-05-20 22:44:26:569 - [debug] [35m[BaseDriver][39m Valid locator strategies for this request: xpath, id, class name, accessibility id, -android uiautomator
2020-05-20 22:44:26:570 - [debug] [35m[BaseDriver][39m Waiting up to 5000 ms for condition
2020-05-20 22:44:26:570 - [debug] [35m[WD Proxy][39m Matched '/element' to command name 'findElement'
2020-05-20 22:44:26:571 - [debug] [35m[WD Proxy][39m Proxying [POST /element] to [POST http://localhost:6725/wd/hub/session/b6bc4ebf-516c-49c7-acf1-b9dbde0e33c4/element] with body: {"strategy":"xpath","selector":"//*[@text='微信']","context":"","multiple":false}
2020-05-20 22:44:27:305 - [debug] [35m[WD Proxy][39m Got response with status 200: {"sessionId":"b6bc4ebf-516c-49c7-acf1-b9dbde0e33c4","status":0,"value":{"ELEMENT":"dc8ba4cc-c791-47e7-80a1-6b51a9e7fd1a"}}
2020-05-20 22:44:27:306 - [debug] [35m[W3C (fb977462)][39m Responding to client with driver.findElement() result: {"element-6066-11e4-a52e-4f735466cecf":"dc8ba4cc-c791-47e7-80a1-6b51a9e7fd1a","ELEMENT":"dc8ba4cc-c791-47e7-80a1-6b51a9e7fd1a"}
2020-05-20 22:44:27:307 - [35m[HTTP][39m [37m<-- POST /wd/hub/session/fb977462-1f13-4efc-8a97-26f1e7a35a91/element [39m[32m200[39m [90m739 ms - 137[39m
2020-05-20 22:44:27:307 - [35m[HTTP][39m [90m[39m
2020-05-20 22:44:27:351 - [35m[HTTP][39m [37m-->[39m [37mPOST[39m [37m/wd/hub/session/fb977462-1f13-4efc-8a97-26f1e7a35a91/element/dc8ba4cc-c791-47e7-80a1-6b51a9e7fd1a/click[39m
2020-05-20 22:44:27:352 - [35m[HTTP][39m [90m{"id":"dc8ba4cc-c791-47e7-80a1-6b51a9e7fd1a"}[39m
2020-05-20 22:44:27:354 - [debug] [35m[W3C (fb977462)][39m Calling AppiumDriver.click() with args: ["dc8ba4cc-c791-47e7-80a1-6b51a9e7fd1a","fb977462-1f13-4efc-8a97-26f1e7a35a91"]
2020-05-20 22:44:27:360 - [debug] [35m[WD Proxy][39m Matched '/element/dc8ba4cc-c791-47e7-80a1-6b51a9e7fd1a/click' to command name 'click'
2020-05-20 22:44:27:360 - [debug] [35m[WD Proxy][39m Proxying [POST /element/dc8ba4cc-c791-47e7-80a1-6b51a9e7fd1a/click] to [POST http://localhost:6725/wd/hub/session/b6bc4ebf-516c-49c7-acf1-b9dbde0e33c4/element/dc8ba4cc-c791-47e7-80a1-6b51a9e7fd1a/click] with body: {"element":"dc8ba4cc-c791-47e7-80a1-6b51a9e7fd1a"}
2020-05-20 22:44:27:483 - [debug] [35m[WD Proxy][39m Got response with status 200: {"sessionId":"b6bc4ebf-516c-49c7-acf1-b9dbde0e33c4","status":0,"value":true}
2020-05-20 22:44:27:484 - [debug] [35m[W3C (fb977462)][39m Responding to client with driver.click() result: true
2020-05-20 22:44:27:485 - [35m[HTTP][39m [37m<-- POST /wd/hub/session/fb977462-1f13-4efc-8a97-26f1e7a35a91/element/dc8ba4cc-c791-47e7-80a1-6b51a9e7fd1a/click [39m[32m200[39m [90m133 ms - 14[39m
2020-05-20 22:44:27:485 - [35m[HTTP][39m [90m[39m
2020-05-20 22:44:27:487 - [35m[HTTP][39m [37m-->[39m [37mPOST[39m [37m/wd/hub/session/fb977462-1f13-4efc-8a97-26f1e7a35a91/element[39m
2020-05-20 22:44:27:487 - [35m[HTTP][39m [90m{"using":"xpath","value":"//*[@class='android.widget.Toast']"}[39m
2020-05-20 22:44:27:488 - [debug] [35m[W3C (fb977462)][39m Calling AppiumDriver.findElement() with args: ["xpath","//*[@class='android.widget.Toast']","fb977462-1f13-4efc-8a97-26f1e7a35a91"]
2020-05-20 22:44:27:489 - [debug] [35m[BaseDriver][39m Valid locator strategies for this request: xpath, id, class name, accessibility id, -android uiautomator
2020-05-20 22:44:27:490 - [debug] [35m[BaseDriver][39m Waiting up to 5000 ms for condition
2020-05-20 22:44:27:491 - [debug] [35m[WD Proxy][39m Matched '/element' to command name 'findElement'
2020-05-20 22:44:27:492 - [debug] [35m[WD Proxy][39m Proxying [POST /element] to [POST http://localhost:6725/wd/hub/session/b6bc4ebf-516c-49c7-acf1-b9dbde0e33c4/element] with body: {"strategy":"xpath","selector":"//*[@class='android.widget.Toast']","context":"","multiple":false}
2020-05-20 22:44:28:301 - [debug] [35m[WD Proxy][39m Got response with status 200: {"sessionId":"b6bc4ebf-516c-49c7-acf1-b9dbde0e33c4","status":0,"value":{"ELEMENT":"b35a3459-e4da-4cdb-a167-db20a4f2b5f3"}}
2020-05-20 22:44:28:301 - [debug] [35m[W3C (fb977462)][39m Responding to client with driver.findElement() result: {"element-6066-11e4-a52e-4f735466cecf":"b35a3459-e4da-4cdb-a167-db20a4f2b5f3","ELEMENT":"b35a3459-e4da-4cdb-a167-db20a4f2b5f3"}
2020-05-20 22:44:28:302 - [35m[HTTP][39m [37m<-- POST /wd/hub/session/fb977462-1f13-4efc-8a97-26f1e7a35a91/element [39m[32m200[39m [90m815 ms - 137[39m
2020-05-20 22:44:28:302 - [35m[HTTP][39m [90m[39m
2020-05-20 22:44:28:309 - [35m[HTTP][39m [37m-->[39m [37mGET[39m [37m/wd/hub/session/fb977462-1f13-4efc-8a97-26f1e7a35a91/element/b35a3459-e4da-4cdb-a167-db20a4f2b5f3/text[39m
2020-05-20 22:44:28:309 - [35m[HTTP][39m [90m{}[39m
2020-05-20 22:44:28:311 - [35m[W3C (fb977462)][39m Driver proxy active, passing request on via HTTP proxy
2020-05-20 22:44:28:313 - [debug] [35m[WD Proxy][39m Matched '/wd/hub/session/fb977462-1f13-4efc-8a97-26f1e7a35a91/element/b35a3459-e4da-4cdb-a167-db20a4f2b5f3/text' to command name 'getText'
2020-05-20 22:44:28:313 - [debug] [35m[WD Proxy][39m Proxying [GET /wd/hub/session/fb977462-1f13-4efc-8a97-26f1e7a35a91/element/b35a3459-e4da-4cdb-a167-db20a4f2b5f3/text] to [GET http://localhost:6725/wd/hub/session/b6bc4ebf-516c-49c7-acf1-b9dbde0e33c4/element/b35a3459-e4da-4cdb-a167-db20a4f2b5f3/text] with body: {}
2020-05-20 22:44:28:522 - [debug] [35m[WD Proxy][39m Got response with status 200: {"sessionId":"b6bc4ebf-516c-49c7-acf1-b9dbde0e33c4","status":0,"value":"您尚未安装微信，请先安装微信"}
2020-05-20 22:44:28:522 - [35m[WD Proxy][39m Replacing sessionId b6bc4ebf-516c-49c7-acf1-b9dbde0e33c4 with fb977462-1f13-4efc-8a97-26f1e7a35a91
2020-05-20 22:44:28:523 - [35m[HTTP][39m [37m<-- GET /wd/hub/session/fb977462-1f13-4efc-8a97-26f1e7a35a91/element/b35a3459-e4da-4cdb-a167-db20a4f2b5f3/text [39m[32m200[39m [90m214 ms - 105[39m
2020-05-20 22:44:28:523 - [35m[HTTP][39m [90m[39m
2020-05-20 22:44:28:529 - [35m[HTTP][39m [37m-->[39m [37mGET[39m [37m/wd/hub/session/fb977462-1f13-4efc-8a97-26f1e7a35a91/screenshot[39m
2020-05-20 22:44:28:529 - [35m[HTTP][39m [90m{}[39m
2020-05-20 22:44:28:530 - [debug] [35m[W3C (fb977462)][39m Calling AppiumDriver.getScreenshot() with args: ["fb977462-1f13-4efc-8a97-26f1e7a35a91"]
2020-05-20 22:44:28:531 - [debug] [35m[WD Proxy][39m Matched '/screenshot' to command name 'getScreenshot'
2020-05-20 22:44:28:532 - [debug] [35m[WD Proxy][39m Proxying [GET /screenshot] to [GET http://localhost:6725/wd/hub/session/b6bc4ebf-516c-49c7-acf1-b9dbde0e33c4/screenshot] with no body
2020-05-20 22:44:29:296 - [debug] [35m[WD Proxy][39m Got response with status 200: {"sessionId":"b6bc4ebf-516c-49c7-acf1-b9dbde0e33c4","status":0,"value":"iVBORw0KGgoAAAANSUhEUgAABDgAAAjICAYAAAA+Ih\/iAAAAAXNSR0IArs4c6QAAAARzQklUCAgI\nCHwIZIgAACAASURBVHic7L15uG1JVSf4W\/sM995335j5XmaSA2QmyaitIIMKyCAKiiKpzLSI4ojU\nQHf59ddfV2tZlt1Wq6VdWlpaXzVtM1iWOKB0W6KCTBaYiaBiIaCQpECSySOn9+54hr36j5hWrIjY\nw7nnvHdfkvG++845e0f8YsWKNcReOwZ63lOZAQAEkxghkf1N6jriay5LMZHI2BO7NeXoFon1jT7Y\npfzM\/uLWacb91w2zDCAGmELziyl3v3TN1kM1AwQwCMT5CogIXLincgJgUE1gh99GEwGoO0C77DWD\nqUyryUSWt7pewUT3XX664l357XEtOxlgZhDlpZiZs7SR6YBGmRpMa4y3pxhtTUGzGWhWN8v8KvTh\nEGNPN9YwO7aO+aCyPG7I7O6VcJ1a9pEBWbbUFtf\/sDKGjLp7E8dGLppobKKhkLLtqRUhHdtczefY\n2NkFCKhQhaKl8lT59si2E2yfZdpKVHXwDxSVj\/K1yBVZvW\/3PQ6bOmN392v96T402C7jIcJuTS2+\nPpv\/oL5+kbzLaGfJzixjLLYy7FXSncG+VHTtEOtxMj5uw7bjzjJ2ByFX2Iw6GVuV6PaXCJiNKmyd\nGWCykWYwY7Pgtz2+H8eRumarcY9DYizoxobMwYt4Py\/zgJLrngYOv\/34QGBL8l2fyDYcvbvG2o7I\n1EnXKHNNlCmMdzU2FXAasUspqw90aejapYrtMvbEbk2XgK8fJkTJ314pkRJeIl5yW5dT2Azjb5M8\nTdilT9VIdv83YctrJWxNA9f+9t5JwrlrB84KJHTrZ\/GEL7ruUlISTGyDBWAfMNDBg+7BDUsEE7ji\nYBj...
2020-05-20 22:44:29:299 - [debug] [35m[W3C (fb977462)][39m Responding to client with driver.getScreenshot() result: "iVBORw0KGgoAAAANSUhEUgAABDgAAAjICAYAAAA+Ih/iAAAAAXNSR0IArs4c6QAAAARzQklUCAgI\nCHwIZIgAACAASURBVHic7L15uG1JVSf4W/sM995335j5XmaSA2QmyaitIIMKyCAKiiKpzLSI4ojU\nQHf59ddfV2tZlt1Wq6VdWlpaXzVtM1iWOKB0W6KCTBaYiaBiIaCQpECSySOn9+54hr36j5hWrIjY\nw7nnvHdfkvG++845e0f8YsWKNcReOwZ63lOZAQAEkxghkf1N6jriay5LMZHI2BO7NeXoFon1jT7Y\npfzM/uLWacb91w2zDCAGmELziyl3v3TN1kM1AwQwCMT5CogIXLincgJgUE1gh99GEwGoO0C77DWD\nqUyryUSWt7pewUT3XX664l357XEtOxlgZhDlpZiZs7SR6YBGmRpMa4y3pxhtTUGzGWhWN8v8KvTh\nEGNPN9YwO7aO+aCyPG7I7O6VcJ1a9pEBWbbUFtf/sDKGjLp7E8dGLppobKKhkLLtqRUhHdtczefY\n2NkFCKhQhaKl8lT59si2E2yfZdpKVHXwDxSVj/K1yBVZvW/3PQ6bOmN392v96T402C7jIcJuTS2+\nPpv/oL5+kbzLaGfJzixjLLYy7FXSncG+VHTtEOtxMj5uw7bjzjJ2ByFX2Iw6GVuV6PaXCJiNKmyd\nGWCykWYwY7Pgtz2+H8eRumarcY9DYizoxobMwYt4Py/zgJLrngYOv/34QGBL8l2fyDYcvbvG2o7I\n1EnXKHNNlCmMdzU2FXAasUspqw90aejapYrtMvbEbk2XgK8fJkTJ314pkRJeIl5yW5dT2Azjb5M8\nTdilT9VIdv83YctrJWxNA9f+9t5JwrlrB84KJHTrZ/GEL7ruUlISTGyDBWAfMNDBg+7BDUsEE7ji\nYBjJGnEXQNB09ghuAABXxoi5TxBADsN4ltjhwF1TzNPBDRHk6B3c4OBgnEOLnJn+tA4sQBj5IqaI\nN1Qzxl...
2020-05-20 22:44:29:304 - [35m[HTTP][39m [37m<-- GET /wd/hub/session/fb977462-1f13-4efc-8a97-26f1e7a35a91/screenshot [39m[32m200[39m [90m775 ms - 577184[39m
2020-05-20 22:44:29:305 - [35m[HTTP][39m [90m[39m
2020-05-20 22:44:29:320 - [35m[HTTP][39m [37m-->[39m [37mPOST[39m [37m/wd/hub/session/fb977462-1f13-4efc-8a97-26f1e7a35a91/appium/app/close[39m
2020-05-20 22:44:29:320 - [35m[HTTP][39m [90m{}[39m
2020-05-20 22:44:29:326 - [debug] [35m[W3C (fb977462)][39m Calling AppiumDriver.closeApp() with args: ["fb977462-1f13-4efc-8a97-26f1e7a35a91"]
2020-05-20 22:44:29:327 - [debug] [35m[ADB][39m Running '/Users/tangyao/Android/sdk/platform-tools/adb -P 5037 -s 5483e9c3 shell am force-stop com.xueqiu.android'
2020-05-20 22:44:29:475 - [debug] [35m[W3C (fb977462)][39m Responding to client with driver.closeApp() result: null
2020-05-20 22:44:29:476 - [35m[HTTP][39m [37m<-- POST /wd/hub/session/fb977462-1f13-4efc-8a97-26f1e7a35a91/appium/app/close [39m[32m200[39m [90m155 ms - 14[39m
2020-05-20 22:44:29:476 - [35m[HTTP][39m [90m[39m
2020-05-20 22:44:29:479 - [35m[HTTP][39m [37m-->[39m [37mDELETE[39m [37m/wd/hub/session/fb977462-1f13-4efc-8a97-26f1e7a35a91[39m
2020-05-20 22:44:29:479 - [35m[HTTP][39m [90m{}[39m
2020-05-20 22:44:29:480 - [debug] [35m[W3C (fb977462)][39m Calling AppiumDriver.deleteSession() with args: ["fb977462-1f13-4efc-8a97-26f1e7a35a91"]
2020-05-20 22:44:29:480 - [debug] [35m[BaseDriver][39m Event 'quitSessionRequested' logged at 1589985869480 (22:44:29 GMT+0800 (China Standard Time))
2020-05-20 22:44:29:480 - [35m[Appium][39m Removing session fb977462-1f13-4efc-8a97-26f1e7a35a91 from our master session list
2020-05-20 22:44:29:481 - [debug] [35m[UiAutomator2][39m Deleting UiAutomator2 session
2020-05-20 22:44:29:482 - [debug] [35m[UiAutomator2][39m Deleting UiAutomator2 server session
2020-05-20 22:44:29:482 - [debug] [35m[WD Proxy][39m Matched '/' to command name 'deleteSession'
2020-05-20 22:44:29:482 - [debug] [35m[WD Proxy][39m Proxying [DELETE /] to [DELETE http://localhost:6725/wd/hub/session/b6bc4ebf-516c-49c7-acf1-b9dbde0e33c4] with no body
2020-05-20 22:44:29:524 - [debug] [35m[WD Proxy][39m Got response with status 200: {"sessionId":"b6bc4ebf-516c-49c7-acf1-b9dbde0e33c4","status":0,"value":"Session deleted"}
2020-05-20 22:44:29:524 - [debug] [35m[UiAutomator2][39m Resetting IME to 'io.appium.settings/.UnicodeIME'
2020-05-20 22:44:29:524 - [debug] [35m[ADB][39m Running '/Users/tangyao/Android/sdk/platform-tools/adb -P 5037 -s 5483e9c3 shell ime set io.appium.settings/.UnicodeIME'
2020-05-20 22:44:29:577 - [debug] [35m[ADB][39m Running '/Users/tangyao/Android/sdk/platform-tools/adb -P 5037 -s 5483e9c3 shell am force-stop com.xueqiu.android'
2020-05-20 22:44:29:626 - [debug] [35m[Logcat][39m Stopping logcat capture
2020-05-20 22:44:29:631 - [debug] [35m[ADB][39m Removing forwarded port socket connection: 6725 
2020-05-20 22:44:29:631 - [debug] [35m[ADB][39m Running '/Users/tangyao/Android/sdk/platform-tools/adb -P 5037 -s 5483e9c3 forward --remove tcp\:6725'
2020-05-20 22:44:29:646 - [35m[UiAutomator2][39m Restoring hidden api policy to the device default configuration
2020-05-20 22:44:29:646 - [debug] [35m[ADB][39m Running '/Users/tangyao/Android/sdk/platform-tools/adb -P 5037 -s 5483e9c3 shell settings delete global hidden_api_policy_pre_p_apps'
2020-05-20 22:44:29:691 - [debug] [35m[ADB][39m Running '/Users/tangyao/Android/sdk/platform-tools/adb -P 5037 -s 5483e9c3 shell settings delete global hidden_api_policy_p_apps'
2020-05-20 22:44:29:736 - [debug] [35m[ADB][39m Running '/Users/tangyao/Android/sdk/platform-tools/adb -P 5037 -s 5483e9c3 shell settings delete global hidden_api_policy'
2020-05-20 22:44:29:787 - [debug] [35m[BaseDriver][39m Event 'quitSessionFinished' logged at 1589985869787 (22:44:29 GMT+0800 (China Standard Time))
2020-05-20 22:44:29:787 - [debug] [35m[W3C (fb977462)][39m Received response: null
2020-05-20 22:44:29:787 - [debug] [35m[W3C (fb977462)][39m But deleting session, so not returning
2020-05-20 22:44:29:787 - [debug] [35m[W3C (fb977462)][39m Responding to client with driver.deleteSession() result: null
2020-05-20 22:44:29:788 - [35m[HTTP][39m [37m<-- DELETE /wd/hub/session/fb977462-1f13-4efc-8a97-26f1e7a35a91 [39m[32m200[39m [90m309 ms - 14[39m
2020-05-20 22:44:29:789 - [35m[HTTP][39m [90m[39m
2020-05-20 22:44:30:039 - [debug] [35m[Instrumentation][39m .
2020-05-20 22:44:30:515 - [debug] [35m[Instrumentation][39m Time: 14.042
2020-05-20 22:44:30:515 - [debug] [35m[Instrumentation][39m 
2020-05-20 22:44:30:515 - [debug] [35m[Instrumentation][39m OK (1 test)
2020-05-20 22:44:30:798 - [debug] [35m[Instrumentation][39m The process has exited with code 0
2020-05-20 22:44:31:224 - [35m[Appium][39m Received SIGTERM - shutting down
