2020-05-20 22:51:35:799 - [35m[Appium][39m Welcome to Appium v1.14.1
2020-05-20 22:51:35:803 - [35m[Appium][39m Non-default server args:
2020-05-20 22:51:35:803 - [35m[Appium][39m   port: 4725
2020-05-20 22:51:35:803 - [35m[Appium][39m   bootstrapPort: 6725
2020-05-20 22:51:35:804 - [35m[Appium][39m   logTimestamp: true
2020-05-20 22:51:35:804 - [35m[Appium][39m   localTimezone: true
2020-05-20 22:51:35:804 - [35m[Appium][39m   udid: 5483e9c3
2020-05-20 22:51:35:805 - [35m[Appium][39m Deprecated server args:
2020-05-20 22:51:35:805 - [35m[Appium][39m   [31m-U,--udid[39m => --default-capabilities '{"udid":"5483e9c3"}'
2020-05-20 22:51:35:805 - [35m[Appium][39m Default capabilities, which will be added to each request unless overridden by desired capabilities:
2020-05-20 22:51:35:805 - [35m[Appium][39m   udid: 5483e9c3
2020-05-20 22:51:35:832 - [35m[Appium][39m Appium REST http interface listener started on 0.0.0.0:4725
2020-05-20 22:51:37:812 - [35m[HTTP][39m [37m-->[39m [37mPOST[39m [37m/wd/hub/session[39m
2020-05-20 22:51:37:812 - [35m[HTTP][39m [90m{"capabilities":{"firstMatch":[{"platformName":"Android","appium:deviceName":"5483e9c3","appium:appPackage":"com.xueqiu.android","appium:platformVersion":"7.1.2","appium:appActivity":".view.WelcomeActivityAlias","appium:unicodeKeyboard":true,"appium:resetKeyboard":true,"appium:newCommandTimeout":120,"appium:systemPort":6725,"appium:noReset":true,"appium:autoGrantPermissions":true}]},"desiredCapabilities":{"platformName":"Android","deviceName":"5483e9c3","appPackage":"com.xueqiu.android","platformVersion":"7.1.2","appActivity":".view.WelcomeActivityAlias","unicodeKeyboard":true,"resetKeyboard":true,"newCommandTimeout":120,"systemPort":6725,"noReset":true,"autoGrantPermissions":true}}[39m
2020-05-20 22:51:37:814 - [debug] [35m[W3C][39m Calling AppiumDriver.createSession() with args: [{"platformName":"Android","deviceName":"5483e9c3","appPackage":"com.xueqiu.android","platformVersion":"7.1.2","appActivity":".view.WelcomeActivityAlias","unicodeKeyboard":true,"resetKeyboard":true,"newCommandTimeout":120,"systemPort":6725,"noReset":true,"autoGrantPermissions":true},null,{"firstMatch":[{"platformName":"Android","appium:deviceName":"5483e9c3","appium:appPackage":"com.xueqiu.android","appium:platformVersion":"7.1.2","appium:appActivity":".view.WelcomeActivityAlias","appium:unicodeKeyboard":true,"appium:resetKeyboard":true,"appium:newCommandTimeout":120,"appium:systemPort":6725,"appium:noReset":true,"appium:autoGrantPermissions":true}]}]
2020-05-20 22:51:37:814 - [debug] [35m[BaseDriver][39m Event 'newSessionRequested' logged at 1589986297814 (22:51:37 GMT+0800 (China Standard Time))
2020-05-20 22:51:37:817 - [35m[BaseDriver][39m The capabilities ["udid"] are not standard capabilities and should have an extension prefix
2020-05-20 22:51:37:821 - [35m[Appium][39m 
2020-05-20 22:51:37:822 - [35m[Appium][39m ======================================================================
2020-05-20 22:51:37:822 - [35m[Appium][39m   DEPRECATION WARNING:
2020-05-20 22:51:37:822 - [35m[Appium][39m 
2020-05-20 22:51:37:822 - [35m[Appium][39m   The 'automationName' capability was not provided in the desired 
2020-05-20 22:51:37:822 - [35m[Appium][39m   capabilities for this Android session
2020-05-20 22:51:37:822 - [35m[Appium][39m 
2020-05-20 22:51:37:822 - [35m[Appium][39m   Setting 'automationName=UiAutomator2' by default and using the 
2020-05-20 22:51:37:823 - [35m[Appium][39m   UiAutomator2 Driver
2020-05-20 22:51:37:823 - [35m[Appium][39m 
2020-05-20 22:51:37:823 - [35m[Appium][39m   The next major version of Appium (2.x) will **require** the 
2020-05-20 22:51:37:823 - [35m[Appium][39m   'automationName' capability to be set for all sessions on all 
2020-05-20 22:51:37:823 - [35m[Appium][39m   platforms
2020-05-20 22:51:37:823 - [35m[Appium][39m 
2020-05-20 22:51:37:823 - [35m[Appium][39m   In previous versions (Appium <= 1.13.x), the default was 
2020-05-20 22:51:37:823 - [35m[Appium][39m   'automationName=UiAutomator1'
2020-05-20 22:51:37:824 - [35m[Appium][39m 
2020-05-20 22:51:37:824 - [35m[Appium][39m   If you wish to use that automation instead of UiAutomator2, please 
2020-05-20 22:51:37:824 - [35m[Appium][39m   add 'automationName=UiAutomator1' to your desired capabilities
2020-05-20 22:51:37:824 - [35m[Appium][39m 
2020-05-20 22:51:37:824 - [35m[Appium][39m   For more information about drivers, please visit 
2020-05-20 22:51:37:824 - [35m[Appium][39m   http://appium.io/docs/en/about-appium/intro/ and explore the 
2020-05-20 22:51:37:824 - [35m[Appium][39m   'Drivers' menu
2020-05-20 22:51:37:825 - [35m[Appium][39m 
2020-05-20 22:51:37:825 - [35m[Appium][39m ======================================================================
2020-05-20 22:51:37:825 - [35m[Appium][39m 
2020-05-20 22:51:38:062 - [35m[Appium][39m Appium v1.14.1 creating new AndroidUiautomator2Driver (v1.34.0) session
2020-05-20 22:51:38:063 - [35m[Appium][39m Capabilities:
2020-05-20 22:51:38:063 - [35m[Appium][39m   platformName: Android
2020-05-20 22:51:38:063 - [35m[Appium][39m   udid: 5483e9c3
2020-05-20 22:51:38:063 - [35m[Appium][39m   deviceName: 5483e9c3
2020-05-20 22:51:38:063 - [35m[Appium][39m   appPackage: com.xueqiu.android
2020-05-20 22:51:38:063 - [35m[Appium][39m   platformVersion: 7.1.2
2020-05-20 22:51:38:064 - [35m[Appium][39m   appActivity: .view.WelcomeActivityAlias
2020-05-20 22:51:38:064 - [35m[Appium][39m   unicodeKeyboard: true
2020-05-20 22:51:38:064 - [35m[Appium][39m   resetKeyboard: true
2020-05-20 22:51:38:064 - [35m[Appium][39m   newCommandTimeout: 120
2020-05-20 22:51:38:064 - [35m[Appium][39m   systemPort: 6725
2020-05-20 22:51:38:064 - [35m[Appium][39m   noReset: true
2020-05-20 22:51:38:064 - [35m[Appium][39m   autoGrantPermissions: true
2020-05-20 22:51:38:066 - [debug] [35m[BaseDriver][39m W3C capabilities and MJSONWP desired capabilities were provided
2020-05-20 22:51:38:067 - [debug] [35m[BaseDriver][39m Creating session with W3C capabilities: {
2020-05-20 22:51:38:067 - [debug] [35m[BaseDriver][39m   "alwaysMatch": {
2020-05-20 22:51:38:067 - [debug] [35m[BaseDriver][39m     "platformName": "Android",
2020-05-20 22:51:38:067 - [debug] [35m[BaseDriver][39m     "appium:udid": "5483e9c3",
2020-05-20 22:51:38:067 - [debug] [35m[BaseDriver][39m     "appium:deviceName": "5483e9c3",
2020-05-20 22:51:38:067 - [debug] [35m[BaseDriver][39m     "appium:appPackage": "com.xueqiu.android",
2020-05-20 22:51:38:067 - [debug] [35m[BaseDriver][39m     "appium:platformVersion": "7.1.2",
2020-05-20 22:51:38:068 - [debug] [35m[BaseDriver][39m     "appium:appActivity": ".view.WelcomeActivityAlias",
2020-05-20 22:51:38:068 - [debug] [35m[BaseDriver][39m     "appium:unicodeKeyboard": true,
2020-05-20 22:51:38:068 - [debug] [35m[BaseDriver][39m     "appium:resetKeyboard": true,
2020-05-20 22:51:38:068 - [debug] [35m[BaseDriver][39m     "appium:newCommandTimeout": 120,
2020-05-20 22:51:38:068 - [debug] [35m[BaseDriver][39m     "appium:systemPort": 6725,
2020-05-20 22:51:38:069 - [debug] [35m[BaseDriver][39m     "appium:noReset": true,
2020-05-20 22:51:38:069 - [debug] [35m[BaseDriver][39m     "appium:autoGrantPermissions": true
2020-05-20 22:51:38:069 - [debug] [35m[BaseDriver][39m   },
2020-05-20 22:51:38:069 - [debug] [35m[BaseDriver][39m   "firstMatch": [
2020-05-20 22:51:38:069 - [debug] [35m[BaseDriver][39m     {}
2020-05-20 22:51:38:069 - [debug] [35m[BaseDriver][39m   ]
2020-05-20 22:51:38:069 - [debug] [35m[BaseDriver][39m }
2020-05-20 22:51:38:079 - [35m[BaseDriver][39m Session created with session id: 88824cbf-4dca-484e-a0a8-055bb2d64df0
2020-05-20 22:51:38:122 - [35m[ADB][39m Found 42 'build-tools' folders under '/Users/tangyao/Android/sdk' (newest first):
2020-05-20 22:51:38:123 - [35m[ADB][39m     /Users/tangyao/Android/sdk/build-tools/30.0.0-rc2
2020-05-20 22:51:38:123 - [35m[ADB][39m     /Users/tangyao/Android/sdk/build-tools/29.0.2
2020-05-20 22:51:38:123 - [35m[ADB][39m     /Users/tangyao/Android/sdk/build-tools/29.0.0-rc2
2020-05-20 22:51:38:123 - [35m[ADB][39m     /Users/tangyao/Android/sdk/build-tools/28.0.3
2020-05-20 22:51:38:123 - [35m[ADB][39m     /Users/tangyao/Android/sdk/build-tools/28.0.2
2020-05-20 22:51:38:123 - [35m[ADB][39m     /Users/tangyao/Android/sdk/build-tools/28.0.1
2020-05-20 22:51:38:124 - [35m[ADB][39m     /Users/tangyao/Android/sdk/build-tools/28.0.0
2020-05-20 22:51:38:124 - [35m[ADB][39m     /Users/tangyao/Android/sdk/build-tools/28.0.0-rc2
2020-05-20 22:51:38:124 - [35m[ADB][39m     /Users/tangyao/Android/sdk/build-tools/28.0.0-rc1
2020-05-20 22:51:38:124 - [35m[ADB][39m     /Users/tangyao/Android/sdk/build-tools/27.0.3
2020-05-20 22:51:38:124 - [35m[ADB][39m     /Users/tangyao/Android/sdk/build-tools/26.0.1
2020-05-20 22:51:38:124 - [35m[ADB][39m     /Users/tangyao/Android/sdk/build-tools/26.0.0
2020-05-20 22:51:38:124 - [35m[ADB][39m     /Users/tangyao/Android/sdk/build-tools/25.0.3
2020-05-20 22:51:38:124 - [35m[ADB][39m     /Users/tangyao/Android/sdk/build-tools/25.0.2
2020-05-20 22:51:38:125 - [35m[ADB][39m     /Users/tangyao/Android/sdk/build-tools/25.0.1
2020-05-20 22:51:38:125 - [35m[ADB][39m     /Users/tangyao/Android/sdk/build-tools/25.0.0
2020-05-20 22:51:38:125 - [35m[ADB][39m     /Users/tangyao/Android/sdk/build-tools/24.0.3
2020-05-20 22:51:38:125 - [35m[ADB][39m     /Users/tangyao/Android/sdk/build-tools/24.0.2
2020-05-20 22:51:38:126 - [35m[ADB][39m     /Users/tangyao/Android/sdk/build-tools/24.0.1
2020-05-20 22:51:38:126 - [35m[ADB][39m     /Users/tangyao/Android/sdk/build-tools/24.0.0
2020-05-20 22:51:38:126 - [35m[ADB][39m     /Users/tangyao/Android/sdk/build-tools/23.0.3
2020-05-20 22:51:38:126 - [35m[ADB][39m     /Users/tangyao/Android/sdk/build-tools/23.0.2
2020-05-20 22:51:38:126 - [35m[ADB][39m     /Users/tangyao/Android/sdk/build-tools/23.0.1
2020-05-20 22:51:38:126 - [35m[ADB][39m     /Users/tangyao/Android/sdk/build-tools/23.0.0
2020-05-20 22:51:38:126 - [35m[ADB][39m     /Users/tangyao/Android/sdk/build-tools/22.0.1
2020-05-20 22:51:38:126 - [35m[ADB][39m     /Users/tangyao/Android/sdk/build-tools/22.0.0
2020-05-20 22:51:38:127 - [35m[ADB][39m     /Users/tangyao/Android/sdk/build-tools/21.1.2
2020-05-20 22:51:38:127 - [35m[ADB][39m     /Users/tangyao/Android/sdk/build-tools/21.1.1
2020-05-20 22:51:38:127 - [35m[ADB][39m     /Users/tangyao/Android/sdk/build-tools/21.1.0
2020-05-20 22:51:38:127 - [35m[ADB][39m     /Users/tangyao/Android/sdk/build-tools/21.0.2
2020-05-20 22:51:38:127 - [35m[ADB][39m     /Users/tangyao/Android/sdk/build-tools/21.0.1
2020-05-20 22:51:38:127 - [35m[ADB][39m     /Users/tangyao/Android/sdk/build-tools/21.0.0
2020-05-20 22:51:38:128 - [35m[ADB][39m     /Users/tangyao/Android/sdk/build-tools/20.0.0
2020-05-20 22:51:38:128 - [35m[ADB][39m     /Users/tangyao/Android/sdk/build-tools/19.1.0
2020-05-20 22:51:38:128 - [35m[ADB][39m     /Users/tangyao/Android/sdk/build-tools/19.0.3
2020-05-20 22:51:38:128 - [35m[ADB][39m     /Users/tangyao/Android/sdk/build-tools/19.0.2
2020-05-20 22:51:38:128 - [35m[ADB][39m     /Users/tangyao/Android/sdk/build-tools/19.0.1
2020-05-20 22:51:38:128 - [35m[ADB][39m     /Users/tangyao/Android/sdk/build-tools/19.0.0
2020-05-20 22:51:38:128 - [35m[ADB][39m     /Users/tangyao/Android/sdk/build-tools/18.1.1
2020-05-20 22:51:38:128 - [35m[ADB][39m     /Users/tangyao/Android/sdk/build-tools/18.1.0
2020-05-20 22:51:38:129 - [35m[ADB][39m     /Users/tangyao/Android/sdk/build-tools/18.0.1
2020-05-20 22:51:38:129 - [35m[ADB][39m     /Users/tangyao/Android/sdk/build-tools/17.0.0
2020-05-20 22:51:38:198 - [35m[ADB][39m Using 'adb' from '/Users/tangyao/Android/sdk/platform-tools/adb'
2020-05-20 22:51:38:199 - [35m[AndroidDriver][39m Retrieving device list
2020-05-20 22:51:38:199 - [debug] [35m[ADB][39m Trying to find a connected android device
2020-05-20 22:51:38:200 - [debug] [35m[ADB][39m Getting connected devices...
2020-05-20 22:51:38:267 - [debug] [35m[ADB][39m 2 device(s) connected
2020-05-20 22:51:38:268 - [35m[AndroidDriver][39m Using device: 5483e9c3
2020-05-20 22:51:38:269 - [35m[ADB][39m Using 'adb' from '/Users/tangyao/Android/sdk/platform-tools/adb'
2020-05-20 22:51:38:270 - [debug] [35m[ADB][39m Setting device id to 5483e9c3
2020-05-20 22:51:38:271 - [debug] [35m[ADB][39m Running '/Users/tangyao/Android/sdk/platform-tools/adb -P 5037 -s 5483e9c3 shell getprop ro.build.version.sdk'
2020-05-20 22:51:38:352 - [debug] [35m[ADB][39m Current device property 'ro.build.version.sdk': 29
2020-05-20 22:51:38:352 - [debug] [35m[ADB][39m Device API level: 29
2020-05-20 22:51:38:353 - [35m[UiAutomator2][39m Relaxing hidden api policy
2020-05-20 22:51:38:353 - [debug] [35m[ADB][39m Running '/Users/tangyao/Android/sdk/platform-tools/adb -P 5037 -s 5483e9c3 shell settings put global hidden_api_policy_pre_p_apps 1'
2020-05-20 22:51:38:460 - [debug] [35m[ADB][39m Running '/Users/tangyao/Android/sdk/platform-tools/adb -P 5037 -s 5483e9c3 shell settings put global hidden_api_policy_p_apps 1'
2020-05-20 22:51:38:541 - [debug] [35m[ADB][39m Running '/Users/tangyao/Android/sdk/platform-tools/adb -P 5037 -s 5483e9c3 shell settings put global hidden_api_policy 1'
2020-05-20 22:51:38:629 - [35m[AndroidDriver][39m No app sent in, not parsing package/activity
2020-05-20 22:51:38:633 - [debug] [35m[ADB][39m Running '/Users/tangyao/Android/sdk/platform-tools/adb -P 5037 -s 5483e9c3 wait-for-device'
2020-05-20 22:51:38:643 - [debug] [35m[ADB][39m Running '/Users/tangyao/Android/sdk/platform-tools/adb -P 5037 -s 5483e9c3 shell echo ping'
2020-05-20 22:51:38:705 - [debug] [35m[AndroidDriver][39m Pushing settings apk to device...
2020-05-20 22:51:38:706 - [debug] [35m[ADB][39m Getting install status for io.appium.settings
2020-05-20 22:51:38:706 - [debug] [35m[ADB][39m Running '/Users/tangyao/Android/sdk/platform-tools/adb -P 5037 -s 5483e9c3 shell dumpsys package io.appium.settings'
2020-05-20 22:51:38:809 - [debug] [35m[ADB][39m 'io.appium.settings' is installed
2020-05-20 22:51:38:809 - [debug] [35m[ADB][39m Getting package info for 'io.appium.settings'
2020-05-20 22:51:38:818 - [debug] [35m[ADB][39m Running '/Users/tangyao/Android/sdk/platform-tools/adb -P 5037 -s 5483e9c3 shell dumpsys package io.appium.settings'
2020-05-20 22:51:38:934 - [35m[ADB][39m Using 'apkanalyzer' from '/Users/tangyao/Android/sdk/tools/bin/apkanalyzer'
2020-05-20 22:51:38:934 - [debug] [35m[ADB][39m Starting '/Users/tangyao/Android/sdk/tools/bin/apkanalyzer' with args ["manifest","print","/usr/local/lib/node_modules/appium/node_modules/_io.appium.settings@2.14.1@io.appium.settings/apks/settings_apk-debug.apk"]
2020-05-20 22:51:42:199 - [debug] [35m[ADB][39m The version name of the installed 'io.appium.settings' is greater or equal to the application version name ('2.14.1' >= '2.14.1')
2020-05-20 22:51:42:200 - [debug] [35m[ADB][39m There is no need to install/upgrade '/usr/local/lib/node_modules/appium/node_modules/_io.appium.settings@2.14.1@io.appium.settings/apks/settings_apk-debug.apk'
2020-05-20 22:51:42:200 - [debug] [35m[ADB][39m Getting IDs of all 'io.appium.settings' processes
2020-05-20 22:51:42:200 - [debug] [35m[ADB][39m Running '/Users/tangyao/Android/sdk/platform-tools/adb -P 5037 -s 5483e9c3 shell 'pgrep --help; echo $?''
2020-05-20 22:51:42:285 - [debug] [35m[ADB][39m Running '/Users/tangyao/Android/sdk/platform-tools/adb -P 5037 -s 5483e9c3 shell pgrep -f io\.appium\.settings'
2020-05-20 22:51:42:393 - [debug] [35m[AndroidDriver][39m io.appium.settings is already running. There is no need to reset its permissions.
2020-05-20 22:51:42:394 - [debug] [35m[ADB][39m Running '/Users/tangyao/Android/sdk/platform-tools/adb -P 5037 -s 5483e9c3 shell appops set io.appium.settings android\:mock_location allow'
2020-05-20 22:51:42:512 - [debug] [35m[Logcat][39m Starting logcat capture
2020-05-20 22:51:42:591 - [debug] [35m[AndroidDriver][39m Enabling Unicode keyboard support
2020-05-20 22:51:42:592 - [debug] [35m[ADB][39m Running '/Users/tangyao/Android/sdk/platform-tools/adb -P 5037 -s 5483e9c3 shell settings get secure default_input_method'
2020-05-20 22:51:42:676 - [debug] [35m[AndroidDriver][39m Unsetting previous IME io.appium.settings/.UnicodeIME
2020-05-20 22:51:42:677 - [debug] [35m[AndroidDriver][39m Setting IME to 'io.appium.settings/.UnicodeIME'
2020-05-20 22:51:42:677 - [debug] [35m[ADB][39m Running '/Users/tangyao/Android/sdk/platform-tools/adb -P 5037 -s 5483e9c3 shell ime enable io.appium.settings/.UnicodeIME'
2020-05-20 22:51:42:748 - [debug] [35m[ADB][39m Running '/Users/tangyao/Android/sdk/platform-tools/adb -P 5037 -s 5483e9c3 shell ime set io.appium.settings/.UnicodeIME'
2020-05-20 22:51:42:816 - [debug] [35m[ADB][39m Getting install status for io.appium.uiautomator2.server
2020-05-20 22:51:42:817 - [debug] [35m[ADB][39m Running '/Users/tangyao/Android/sdk/platform-tools/adb -P 5037 -s 5483e9c3 shell dumpsys package io.appium.uiautomator2.server'
2020-05-20 22:51:42:881 - [debug] [35m[ADB][39m 'io.appium.uiautomator2.server' is installed
2020-05-20 22:51:42:882 - [debug] [35m[ADB][39m Getting package info for 'io.appium.uiautomator2.server'
2020-05-20 22:51:42:882 - [debug] [35m[ADB][39m Running '/Users/tangyao/Android/sdk/platform-tools/adb -P 5037 -s 5483e9c3 shell dumpsys package io.appium.uiautomator2.server'
2020-05-20 22:51:42:954 - [debug] [35m[ADB][39m Starting '/Users/tangyao/Android/sdk/tools/bin/apkanalyzer' with args ["manifest","print","/usr/local/lib/node_modules/appium/node_modules/_appium-uiautomator2-server@3.8.1@appium-uiautomator2-server/apks/appium-uiautomator2-server-v3.8.1.apk"]
2020-05-20 22:51:45:704 - [debug] [35m[ADB][39m The version name of the installed 'io.appium.uiautomator2.server' is greater or equal to the application version name ('3.8.1' >= '3.8.1')
2020-05-20 22:51:45:704 - [debug] [35m[UiAutomator2][39m io.appium.uiautomator2.server installation state: sameVersionInstalled
2020-05-20 22:51:45:705 - [debug] [35m[ADB][39m Checking app cert for /usr/local/lib/node_modules/appium/node_modules/_appium-uiautomator2-server@3.8.1@appium-uiautomator2-server/apks/appium-uiautomator2-server-v3.8.1.apk
2020-05-20 22:51:45:706 - [35m[ADB][39m Using 'apksigner' from '/Users/tangyao/Android/sdk/build-tools/30.0.0-rc2/apksigner'
2020-05-20 22:51:45:706 - [debug] [35m[ADB][39m Starting '/Users/tangyao/Android/sdk/build-tools/30.0.0-rc2/apksigner' with args '["verify","--print-certs","/usr/local/lib/node_modules/appium/node_modules/_appium-uiautomator2-server@3.8.1@appium-uiautomator2-server/apks/appium-uiautomator2-server-v3.8.1.apk"]'
2020-05-20 22:51:45:897 - [35m[ADB][39m Got an error during apksigner execution: Command '/Users/tangyao/Android/sdk/build-tools/30.0.0-rc2/apksigner verify --print-certs /usr/local/lib/node_modules/appium/node_modules/_appium-uiautomator2-server\@3.8.1\@appium-uiautomator2-server/apks/appium-uiautomator2-server-v3.8.1.apk' exited with code 1
2020-05-20 22:51:45:898 - [35m[ADB][39m apksigner stderr: Error: A JNI error has occurred, please check your installation and try again
2020-05-20 22:51:45:898 - [35m[ADB][39m Exception in thread "main" java.lang.UnsupportedClassVersionError: com/android/apksigner/ApkSignerTool has been compiled by a more recent version of the Java Runtime (class file version 53.0), this version of the Java Runtime only recognizes class file versions up to 52.0
2020-05-20 22:51:45:898 - [35m[ADB][39m 	at java.lang.ClassLoader.defineClass1(Native Method)
2020-05-20 22:51:45:898 - [35m[ADB][39m 	at java.lang.ClassLoader.defineClass(ClassLoader.java:763)
2020-05-20 22:51:45:898 - [35m[ADB][39m 	at java.security.SecureClassLoader.defineClass(SecureClassLoader.java:142)
2020-05-20 22:51:45:898 - [35m[ADB][39m 	at java.net.URLClassLoader.defineClass(URLClassLoader.java:467)
2020-05-20 22:51:45:898 - [35m[ADB][39m 	at java.net.URLClassLoader.access$100(URLClassLoader.java:73)
2020-05-20 22:51:45:899 - [35m[ADB][39m 	at java.net.URLClassLoader$1.run(URLClassLoader.java:368)
2020-05-20 22:51:45:899 - [35m[ADB][39m 	at java.net.URLClassLoader$1.run(URLClassLoader.java:362)
2020-05-20 22:51:45:899 - [35m[ADB][39m 	at java.security.AccessController.doPrivileged(Native Method)
2020-05-20 22:51:45:899 - [35m[ADB][39m 	at java.net.URLClassLoader.findClass(URLClassLoader.java:361)
2020-05-20 22:51:45:899 - [35m[ADB][39m 	at java.lang.ClassLoader.loadClass(ClassLoader.java:424)
2020-05-20 22:51:45:899 - [35m[ADB][39m 	at sun.misc.Launcher$AppClassLoader.loadClass(Launcher.java:349)
2020-05-20 22:51:45:899 - [35m[ADB][39m 	at java.lang.ClassLoader.loadClass(ClassLoader.java:357)
2020-05-20 22:51:45:899 - [35m[ADB][39m 	at sun.launcher.LauncherHelper.checkAndLoadMain(LauncherHelper.java:495)
2020-05-20 22:51:45:899 - [35m[ADB][39m 
2020-05-20 22:51:45:900 - [35m[ADB][39m Cannot use apksigner tool for signature verification. Original error: Command '/Users/tangyao/Android/sdk/build-tools/30.0.0-rc2/apksigner verify --print-certs /usr/local/lib/node_modules/appium/node_modules/_appium-uiautomator2-server\@3.8.1\@appium-uiautomator2-server/apks/appium-uiautomator2-server-v3.8.1.apk' exited with code 1
2020-05-20 22:51:45:900 - [debug] [35m[ADB][39m Defaulting to verify.jar
2020-05-20 22:51:46:330 - [debug] [35m[ADB][39m '/usr/local/lib/node_modules/appium/node_modules/_appium-uiautomator2-server@3.8.1@appium-uiautomator2-server/apks/appium-uiautomator2-server-v3.8.1.apk' is already signed.
2020-05-20 22:51:46:331 - [debug] [35m[ADB][39m Getting install status for io.appium.uiautomator2.server.test
2020-05-20 22:51:46:331 - [debug] [35m[ADB][39m Running '/Users/tangyao/Android/sdk/platform-tools/adb -P 5037 -s 5483e9c3 shell dumpsys package io.appium.uiautomator2.server.test'
2020-05-20 22:51:46:466 - [debug] [35m[ADB][39m 'io.appium.uiautomator2.server.test' is installed
2020-05-20 22:51:46:466 - [debug] [35m[ADB][39m Checking app cert for /usr/local/lib/node_modules/appium/node_modules/_appium-uiautomator2-server@3.8.1@appium-uiautomator2-server/apks/appium-uiautomator2-server-debug-androidTest.apk
2020-05-20 22:51:46:467 - [debug] [35m[ADB][39m Starting '/Users/tangyao/Android/sdk/build-tools/30.0.0-rc2/apksigner' with args '["verify","--print-certs","/usr/local/lib/node_modules/appium/node_modules/_appium-uiautomator2-server@3.8.1@appium-uiautomator2-server/apks/appium-uiautomator2-server-debug-androidTest.apk"]'
2020-05-20 22:51:46:621 - [35m[ADB][39m Got an error during apksigner execution: Command '/Users/tangyao/Android/sdk/build-tools/30.0.0-rc2/apksigner verify --print-certs /usr/local/lib/node_modules/appium/node_modules/_appium-uiautomator2-server\@3.8.1\@appium-uiautomator2-server/apks/appium-uiautomator2-server-debug-androidTest.apk' exited with code 1
2020-05-20 22:51:46:622 - [35m[ADB][39m apksigner stderr: Error: A JNI error has occurred, please check your installation and try again
2020-05-20 22:51:46:622 - [35m[ADB][39m Exception in thread "main" java.lang.UnsupportedClassVersionError: com/android/apksigner/ApkSignerTool has been compiled by a more recent version of the Java Runtime (class file version 53.0), this version of the Java Runtime only recognizes class file versions up to 52.0
2020-05-20 22:51:46:622 - [35m[ADB][39m 	at java.lang.ClassLoader.defineClass1(Native Method)
2020-05-20 22:51:46:622 - [35m[ADB][39m 	at java.lang.ClassLoader.defineClass(ClassLoader.java:763)
2020-05-20 22:51:46:622 - [35m[ADB][39m 	at java.security.SecureClassLoader.defineClass(SecureClassLoader.java:142)
2020-05-20 22:51:46:622 - [35m[ADB][39m 	at java.net.URLClassLoader.defineClass(URLClassLoader.java:467)
2020-05-20 22:51:46:622 - [35m[ADB][39m 	at java.net.URLClassLoader.access$100(URLClassLoader.java:73)
2020-05-20 22:51:46:623 - [35m[ADB][39m 	at java.net.URLClassLoader$1.run(URLClassLoader.java:368)
2020-05-20 22:51:46:623 - [35m[ADB][39m 	at java.net.URLClassLoader$1.run(URLClassLoader.java:362)
2020-05-20 22:51:46:623 - [35m[ADB][39m 	at java.security.AccessController.doPrivileged(Native Method)
2020-05-20 22:51:46:623 - [35m[ADB][39m 	at java.net.URLClassLoader.findClass(URLClassLoader.java:361)
2020-05-20 22:51:46:623 - [35m[ADB][39m 	at java.lang.ClassLoader.loadClass(ClassLoader.java:424)
2020-05-20 22:51:46:623 - [35m[ADB][39m 	at sun.misc.Launcher$AppClassLoader.loadClass(Launcher.java:349)
2020-05-20 22:51:46:623 - [35m[ADB][39m 	at java.lang.ClassLoader.loadClass(ClassLoader.java:357)
2020-05-20 22:51:46:623 - [35m[ADB][39m 	at sun.launcher.LauncherHelper.checkAndLoadMain(LauncherHelper.java:495)
2020-05-20 22:51:46:623 - [35m[ADB][39m 
2020-05-20 22:51:46:624 - [35m[ADB][39m Cannot use apksigner tool for signature verification. Original error: Command '/Users/tangyao/Android/sdk/build-tools/30.0.0-rc2/apksigner verify --print-certs /usr/local/lib/node_modules/appium/node_modules/_appium-uiautomator2-server\@3.8.1\@appium-uiautomator2-server/apks/appium-uiautomator2-server-debug-androidTest.apk' exited with code 1
2020-05-20 22:51:46:624 - [debug] [35m[ADB][39m Defaulting to verify.jar
2020-05-20 22:51:46:911 - [debug] [35m[ADB][39m '/usr/local/lib/node_modules/appium/node_modules/_appium-uiautomator2-server@3.8.1@appium-uiautomator2-server/apks/appium-uiautomator2-server-debug-androidTest.apk' is already signed.
2020-05-20 22:51:46:912 - [35m[UiAutomator2][39m Server packages are not going to be (re)installed
2020-05-20 22:51:46:912 - [debug] [35m[UiAutomator2][39m Waiting up to 30000ms for services to be available
2020-05-20 22:51:46:913 - [debug] [35m[ADB][39m Running '/Users/tangyao/Android/sdk/platform-tools/adb -P 5037 -s 5483e9c3 shell pm list instrumentation'
2020-05-20 22:51:47:038 - [debug] [35m[UiAutomator2][39m Instrumentation target 'io.appium.uiautomator2.server.test/androidx.test.runner.AndroidJUnitRunner' is available
2020-05-20 22:51:47:038 - [debug] [35m[UiAutomator2][39m Forwarding UiAutomator2 Server port 6790 to 6725
2020-05-20 22:51:47:039 - [debug] [35m[ADB][39m Forwarding system: 6725 to device: 6790
2020-05-20 22:51:47:039 - [debug] [35m[ADB][39m Running '/Users/tangyao/Android/sdk/platform-tools/adb -P 5037 -s 5483e9c3 forward tcp\:6725 tcp\:6790'
2020-05-20 22:51:47:051 - [debug] [35m[UiAutomator2][39m No app capability. Assuming it is already on the device
2020-05-20 22:51:47:052 - [debug] [35m[UiAutomator2][39m Performing shallow cleanup of automation leftovers
2020-05-20 22:51:47:085 - [debug] [35m[UiAutomator2][39m No obsolete sessions have been detected (Error: socket hang up)
2020-05-20 22:51:47:085 - [debug] [35m[ADB][39m Running '/Users/tangyao/Android/sdk/platform-tools/adb -P 5037 -s 5483e9c3 shell am force-stop io.appium.uiautomator2.server.test'
2020-05-20 22:51:47:204 - [35m[UiAutomator2][39m Starting UIAutomator2 server 3.8.1
2020-05-20 22:51:47:204 - [35m[UiAutomator2][39m Using UIAutomator2 server from '/usr/local/lib/node_modules/appium/node_modules/_appium-uiautomator2-server@3.8.1@appium-uiautomator2-server/apks/appium-uiautomator2-server-v3.8.1.apk' and test from '/usr/local/lib/node_modules/appium/node_modules/_appium-uiautomator2-server@3.8.1@appium-uiautomator2-server/apks/appium-uiautomator2-server-debug-androidTest.apk'
2020-05-20 22:51:47:205 - [35m[UiAutomator2][39m Waiting up to 30000ms for UiAutomator2 to be online...
2020-05-20 22:51:47:205 - [debug] [35m[ADB][39m Creating ADB subprocess with args: ["-P",5037,"-s","5483e9c3","shell","am","instrument","-w","io.appium.uiautomator2.server.test/androidx.test.runner.AndroidJUnitRunner"]
2020-05-20 22:51:48:215 - [debug] [35m[WD Proxy][39m Matched '/status' to command name 'getStatus'
2020-05-20 22:51:48:216 - [debug] [35m[WD Proxy][39m Proxying [GET /status] to [GET http://localhost:6725/wd/hub/status] with no body
2020-05-20 22:51:48:218 - [debug] [35m[Instrumentation][39m io.appium.uiautomator2.server.test.AppiumUiAutomator2Server:
2020-05-20 22:51:48:227 - [35m[WD Proxy][39m Got an unexpected response: {"code":"ECONNRESET"}
2020-05-20 22:51:49:234 - [debug] [35m[WD Proxy][39m Matched '/status' to command name 'getStatus'
2020-05-20 22:51:49:234 - [debug] [35m[WD Proxy][39m Proxying [GET /status] to [GET http://localhost:6725/wd/hub/status] with no body
2020-05-20 22:51:49:245 - [35m[WD Proxy][39m Got an unexpected response: {"code":"ECONNRESET"}
2020-05-20 22:51:50:251 - [debug] [35m[WD Proxy][39m Matched '/status' to command name 'getStatus'
2020-05-20 22:51:50:251 - [debug] [35m[WD Proxy][39m Proxying [GET /status] to [GET http://localhost:6725/wd/hub/status] with no body
2020-05-20 22:51:50:345 - [debug] [35m[WD Proxy][39m Got response with status 200: {"sessionId":"None","status":0,"value":"Status Invoked"}
2020-05-20 22:51:50:345 - [debug] [35m[WD Proxy][39m Determined the downstream protocol as 'MJSONWP'
2020-05-20 22:51:50:353 - [debug] [35m[UiAutomator2][39m The initialization of the instrumentation process took 3142ms
2020-05-20 22:51:50:354 - [debug] [35m[WD Proxy][39m Matched '/session' to command name 'createSession'
2020-05-20 22:51:50:354 - [debug] [35m[WD Proxy][39m Proxying [POST /session] to [POST http://localhost:6725/wd/hub/session] with body: {"desiredCapabilities":{"platform":"LINUX","webStorageEnabled":false,"takesScreenshot":true,"javascriptEnabled":true,"databaseEnabled":false,"networkConnectionEnabled":true,"locationContextEnabled":false,"warnings":{},"desired":{"platformName":"Android","udid":"5483e9c3","deviceName":"5483e9c3","appPackage":"com.xueqiu.android","platformVersion":"7.1.2","appActivity":".view.WelcomeActivityAlias","unicodeKeyboard":true,"resetKeyboard":true,"newCommandTimeout":120,"systemPort":6725,"noReset":true,"autoGrantPermissions":true},"platformName":"Android","udid":"5483e9c3","deviceName":"5483e9c3","appPackage":"com.xueqiu.android","platformVersion":"7.1.2","appActivity":".view.WelcomeActivityAlias","unicodeKeyboard":true,"resetKeyboard":true,"newCommandTimeout":120,"systemPort":6725,"noReset":true,"autoGrantPermissions":true,"deviceUDID":"5483e9c3"}}
2020-05-20 22:51:50:405 - [debug] [35m[WD Proxy][39m Got response with status 200: {"sessionId":"3600c033-956b-4ba8-ad49-1f28eb1ed386","status":0,"value":"Created Session"}
2020-05-20 22:51:50:405 - [debug] [35m[WD Proxy][39m Determined the downstream protocol as 'MJSONWP' per session creation request
2020-05-20 22:51:50:418 - [debug] [35m[WD Proxy][39m Proxying [GET /appium/device/info] to [GET http://localhost:6725/wd/hub/session/3600c033-956b-4ba8-ad49-1f28eb1ed386/appium/device/info] with no body
2020-05-20 22:51:50:483 - [debug] [35m[WD Proxy][39m Got response with status 200: {"sessionId":"3600c033-956b-4ba8-ad49-1f28eb1ed386","status":0,"value":{"androidId":"405f120cdfa7799f","manufacturer":"Xiaomi","model":"MI 8","brand":"Xiaomi","apiVersion":"29","platformVersion":"10","carrierName":"","realDisplaySize":"1080x2248","displayDensity":440,"networks":[{"type":1,"typeName":"WIFI","subtype":0,"subtypeName":"","isConnected":true,"detailedState":"CONNECTED","state":"CONNECTED","extraInfo":null,"isAvailable":true,"isFailover":false,"isRoaming":false,"capabilities":{"transportTypes":"NET_CAPABILITY_SUPL","networkCapabilities":"","linkUpstreamBandwidthKbps":1048576,"linkDownBandwidthKbps":1048576,"signalStrength":-45,"networkSpecifier":null,"SSID":null}}],"locale":"zh_CN","timeZone":"Asia\/Shanghai"}}
2020-05-20 22:51:50:484 - [debug] [35m[ADB][39m Running '/Users/tangyao/Android/sdk/platform-tools/adb -P 5037 -s 5483e9c3 shell dumpsys window'
2020-05-20 22:51:50:598 - [35m[AndroidDriver][39m Screen already unlocked, doing nothing
2020-05-20 22:51:50:599 - [35m[UiAutomator2][39m UiAutomator2 did not start the activity we were waiting for, 'com.xueqiu.android/.view.WelcomeActivityAlias'. Starting it ourselves
2020-05-20 22:51:50:600 - [debug] [35m[ADB][39m Running '/Users/tangyao/Android/sdk/platform-tools/adb -P 5037 -s 5483e9c3 shell am start -W -n com.xueqiu.android/.view.WelcomeActivityAlias -S -a android.intent.action.MAIN -c android.intent.category.LAUNCHER -f 0x10200000'
2020-05-20 22:51:51:314 - [debug] [35m[WD Proxy][39m Proxying [GET /appium/device/pixel_ratio] to [GET http://localhost:6725/wd/hub/session/3600c033-956b-4ba8-ad49-1f28eb1ed386/appium/device/pixel_ratio] with body: {}
2020-05-20 22:51:51:331 - [debug] [35m[WD Proxy][39m Got response with status 200: {"sessionId":"3600c033-956b-4ba8-ad49-1f28eb1ed386","status":0,"value":2.75}
2020-05-20 22:51:51:332 - [debug] [35m[WD Proxy][39m Matched '/appium/device/system_bars' to command name 'getSystemBars'
2020-05-20 22:51:51:332 - [debug] [35m[WD Proxy][39m Proxying [GET /appium/device/system_bars] to [GET http://localhost:6725/wd/hub/session/3600c033-956b-4ba8-ad49-1f28eb1ed386/appium/device/system_bars] with body: {}
2020-05-20 22:51:51:343 - [debug] [35m[WD Proxy][39m Got response with status 200: {"sessionId":"3600c033-956b-4ba8-ad49-1f28eb1ed386","status":0,"value":{"statusBar":89}}
2020-05-20 22:51:51:343 - [debug] [35m[WD Proxy][39m Matched '/window/current/size' to command name 'getWindowSize'
2020-05-20 22:51:51:344 - [debug] [35m[WD Proxy][39m Proxying [GET /window/current/size] to [GET http://localhost:6725/wd/hub/session/3600c033-956b-4ba8-ad49-1f28eb1ed386/window/current/size] with body: {}
2020-05-20 22:51:51:353 - [debug] [35m[WD Proxy][39m Got response with status 200: {"sessionId":"3600c033-956b-4ba8-ad49-1f28eb1ed386","status":0,"value":{"height":2029,"width":1080}}
2020-05-20 22:51:51:353 - [35m[Appium][39m New AndroidUiautomator2Driver session created successfully, session 88824cbf-4dca-484e-a0a8-055bb2d64df0 added to master session list
2020-05-20 22:51:51:354 - [debug] [35m[BaseDriver][39m Event 'newSessionStarted' logged at 1589986311354 (22:51:51 GMT+0800 (China Standard Time))
2020-05-20 22:51:51:355 - [debug] [35m[W3C (88824cbf)][39m Cached the protocol value 'W3C' for the new session 88824cbf-4dca-484e-a0a8-055bb2d64df0
2020-05-20 22:51:51:356 - [debug] [35m[W3C (88824cbf)][39m Responding to client with driver.createSession() result: {"capabilities":{"platform":"LINUX","webStorageEnabled":false,"takesScreenshot":true,"javascriptEnabled":true,"databaseEnabled":false,"networkConnectionEnabled":true,"locationContextEnabled":false,"warnings":{},"desired":{"platformName":"Android","udid":"5483e9c3","deviceName":"5483e9c3","appPackage":"com.xueqiu.android","platformVersion":"7.1.2","appActivity":".view.WelcomeActivityAlias","unicodeKeyboard":true,"resetKeyboard":true,"newCommandTimeout":120,"systemPort":6725,"noReset":true,"autoGrantPermissions":true},"platformName":"Android","udid":"5483e9c3","deviceName":"5483e9c3","appPackage":"com.xueqiu.android","platformVersion":"10","appActivity":".view.WelcomeActivityAlias","unicodeKeyboard":true,"resetKeyboard":true,"newCommandTimeout":120,"systemPort":6725,"noReset":true,"autoGrantPermissions":true,"deviceUDID":"5483e9c3","deviceApiLevel":29,"deviceScreenSize":"1080x2248","deviceScreenDensity":440,"deviceModel":"MI 8","deviceManufacturer":"Xiaomi","pixelRatio":2.75,"statBarHeight":89,"viewportRect"...
2020-05-20 22:51:51:361 - [35m[HTTP][39m [37m<-- POST /wd/hub/session [39m[32m200[39m [90m13548 ms - 1131[39m
2020-05-20 22:51:51:362 - [35m[HTTP][39m [90m[39m
2020-05-20 22:51:51:365 - [35m[HTTP][39m [37m-->[39m [37mPOST[39m [37m/wd/hub/session/88824cbf-4dca-484e-a0a8-055bb2d64df0/timeouts[39m
2020-05-20 22:51:51:366 - [35m[HTTP][39m [90m{"implicit":5000}[39m
2020-05-20 22:51:51:368 - [debug] [35m[W3C (88824cbf)][39m Calling AppiumDriver.timeouts() with args: [null,null,null,null,5000,"88824cbf-4dca-484e-a0a8-055bb2d64df0"]
2020-05-20 22:51:51:394 - [debug] [35m[BaseDriver][39m W3C timeout argument: {"implicit":5000}}
2020-05-20 22:51:51:395 - [debug] [35m[BaseDriver][39m Set implicit wait to 5000ms
2020-05-20 22:51:51:395 - [debug] [35m[W3C (88824cbf)][39m Responding to client with driver.timeouts() result: null
2020-05-20 22:51:51:396 - [35m[HTTP][39m [37m<-- POST /wd/hub/session/88824cbf-4dca-484e-a0a8-055bb2d64df0/timeouts [39m[32m200[39m [90m30 ms - 14[39m
2020-05-20 22:51:51:396 - [35m[HTTP][39m [90m[39m
2020-05-20 22:51:53:412 - [35m[HTTP][39m [37m-->[39m [37mPOST[39m [37m/wd/hub/session/88824cbf-4dca-484e-a0a8-055bb2d64df0/element[39m
2020-05-20 22:51:53:414 - [35m[HTTP][39m [90m{"using":"xpath","value":"//*[@text='我的']"}[39m
2020-05-20 22:51:53:418 - [debug] [35m[W3C (88824cbf)][39m Calling AppiumDriver.findElement() with args: ["xpath","//*[@text='我的']","88824cbf-4dca-484e-a0a8-055bb2d64df0"]
2020-05-20 22:51:53:420 - [debug] [35m[BaseDriver][39m Valid locator strategies for this request: xpath, id, class name, accessibility id, -android uiautomator
2020-05-20 22:51:53:421 - [debug] [35m[BaseDriver][39m Waiting up to 5000 ms for condition
2020-05-20 22:51:53:422 - [debug] [35m[WD Proxy][39m Matched '/element' to command name 'findElement'
2020-05-20 22:51:53:423 - [debug] [35m[WD Proxy][39m Proxying [POST /element] to [POST http://localhost:6725/wd/hub/session/3600c033-956b-4ba8-ad49-1f28eb1ed386/element] with body: {"strategy":"xpath","selector":"//*[@text='我的']","context":"","multiple":false}
2020-05-20 22:51:54:087 - [35m[WD Proxy][39m Got an unexpected response: {"sessionId":"3600c033-956b-4ba8-ad49-1f28eb1ed386","status":7,"value":"An element could not be located on the page using the given search parameters."}
2020-05-20 22:51:54:088 - [debug] [35m[MJSONWP][39m Matched JSONWP error code 7 to NoSuchElementError
2020-05-20 22:51:54:089 - [debug] [35m[BaseDriver][39m Waited for 667 ms so far
2020-05-20 22:51:54:593 - [debug] [35m[WD Proxy][39m Matched '/element' to command name 'findElement'
2020-05-20 22:51:54:593 - [debug] [35m[WD Proxy][39m Proxying [POST /element] to [POST http://localhost:6725/wd/hub/session/3600c033-956b-4ba8-ad49-1f28eb1ed386/element] with body: {"strategy":"xpath","selector":"//*[@text='我的']","context":"","multiple":false}
2020-05-20 22:51:55:055 - [35m[WD Proxy][39m Got an unexpected response: {"sessionId":"3600c033-956b-4ba8-ad49-1f28eb1ed386","status":7,"value":"An element could not be located on the page using the given search parameters."}
2020-05-20 22:51:55:055 - [debug] [35m[MJSONWP][39m Matched JSONWP error code 7 to NoSuchElementError
2020-05-20 22:51:55:055 - [debug] [35m[BaseDriver][39m Waited for 1634 ms so far
2020-05-20 22:51:55:558 - [debug] [35m[WD Proxy][39m Matched '/element' to command name 'findElement'
2020-05-20 22:51:55:559 - [debug] [35m[WD Proxy][39m Proxying [POST /element] to [POST http://localhost:6725/wd/hub/session/3600c033-956b-4ba8-ad49-1f28eb1ed386/element] with body: {"strategy":"xpath","selector":"//*[@text='我的']","context":"","multiple":false}
2020-05-20 22:51:56:079 - [35m[WD Proxy][39m Got an unexpected response: {"sessionId":"3600c033-956b-4ba8-ad49-1f28eb1ed386","status":7,"value":"An element could not be located on the page using the given search parameters."}
2020-05-20 22:51:56:079 - [debug] [35m[MJSONWP][39m Matched JSONWP error code 7 to NoSuchElementError
2020-05-20 22:51:56:079 - [debug] [35m[BaseDriver][39m Waited for 2658 ms so far
2020-05-20 22:51:56:584 - [debug] [35m[WD Proxy][39m Matched '/element' to command name 'findElement'
2020-05-20 22:51:56:585 - [debug] [35m[WD Proxy][39m Proxying [POST /element] to [POST http://localhost:6725/wd/hub/session/3600c033-956b-4ba8-ad49-1f28eb1ed386/element] with body: {"strategy":"xpath","selector":"//*[@text='我的']","context":"","multiple":false}
2020-05-20 22:51:56:686 - [35m[WD Proxy][39m Got an unexpected response: {"sessionId":"3600c033-956b-4ba8-ad49-1f28eb1ed386","status":7,"value":"An element could not be located on the page using the given search parameters."}
2020-05-20 22:51:56:686 - [debug] [35m[MJSONWP][39m Matched JSONWP error code 7 to NoSuchElementError
2020-05-20 22:51:56:686 - [debug] [35m[BaseDriver][39m Waited for 3265 ms so far
2020-05-20 22:51:57:190 - [debug] [35m[WD Proxy][39m Matched '/element' to command name 'findElement'
2020-05-20 22:51:57:191 - [debug] [35m[WD Proxy][39m Proxying [POST /element] to [POST http://localhost:6725/wd/hub/session/3600c033-956b-4ba8-ad49-1f28eb1ed386/element] with body: {"strategy":"xpath","selector":"//*[@text='我的']","context":"","multiple":false}
2020-05-20 22:51:57:504 - [35m[WD Proxy][39m Got an unexpected response: {"sessionId":"3600c033-956b-4ba8-ad49-1f28eb1ed386","status":7,"value":"An element could not be located on the page using the given search parameters."}
2020-05-20 22:51:57:505 - [debug] [35m[MJSONWP][39m Matched JSONWP error code 7 to NoSuchElementError
2020-05-20 22:51:57:505 - [debug] [35m[BaseDriver][39m Waited for 4084 ms so far
2020-05-20 22:51:58:012 - [debug] [35m[WD Proxy][39m Matched '/element' to command name 'findElement'
2020-05-20 22:51:58:012 - [debug] [35m[WD Proxy][39m Proxying [POST /element] to [POST http://localhost:6725/wd/hub/session/3600c033-956b-4ba8-ad49-1f28eb1ed386/element] with body: {"strategy":"xpath","selector":"//*[@text='我的']","context":"","multiple":false}
2020-05-20 22:51:58:107 - [35m[WD Proxy][39m Got an unexpected response: {"sessionId":"3600c033-956b-4ba8-ad49-1f28eb1ed386","status":7,"value":"An element could not be located on the page using the given search parameters."}
2020-05-20 22:51:58:108 - [debug] [35m[MJSONWP][39m Matched JSONWP error code 7 to NoSuchElementError
2020-05-20 22:51:58:109 - [debug] [35m[BaseDriver][39m Waited for 4688 ms so far
2020-05-20 22:51:58:618 - [debug] [35m[WD Proxy][39m Matched '/element' to command name 'findElement'
2020-05-20 22:51:58:619 - [debug] [35m[WD Proxy][39m Proxying [POST /element] to [POST http://localhost:6725/wd/hub/session/3600c033-956b-4ba8-ad49-1f28eb1ed386/element] with body: {"strategy":"xpath","selector":"//*[@text='我的']","context":"","multiple":false}
2020-05-20 22:51:58:924 - [35m[WD Proxy][39m Got an unexpected response: {"sessionId":"3600c033-956b-4ba8-ad49-1f28eb1ed386","status":7,"value":"An element could not be located on the page using the given search parameters."}
2020-05-20 22:51:58:924 - [debug] [35m[MJSONWP][39m Matched JSONWP error code 7 to NoSuchElementError
2020-05-20 22:51:58:926 - [debug] [35m[W3C (88824cbf)][39m Encountered internal error running command: NoSuchElementError: An element could not be located on the page using the given search parameters.
2020-05-20 22:51:58:927 - [debug] [35m[W3C (88824cbf)][39m     at AndroidUiautomator2Driver.findElOrEls (/usr/local/lib/node_modules/appium/node_modules/_appium-android-driver@4.18.1@appium-android-driver/lib/commands/find.js:75:11)
2020-05-20 22:51:58:928 - [35m[HTTP][39m [37m<-- POST /wd/hub/session/88824cbf-4dca-484e-a0a8-055bb2d64df0/element [39m[33m404[39m [90m5515 ms - 417[39m
2020-05-20 22:51:58:928 - [35m[HTTP][39m [90m[39m
2020-05-20 22:51:59:183 - [35m[HTTP][39m [37m-->[39m [37mPOST[39m [37m/wd/hub/session/88824cbf-4dca-484e-a0a8-055bb2d64df0/appium/app/close[39m
2020-05-20 22:51:59:183 - [35m[HTTP][39m [90m{}[39m
2020-05-20 22:51:59:190 - [debug] [35m[W3C (88824cbf)][39m Calling AppiumDriver.closeApp() with args: ["88824cbf-4dca-484e-a0a8-055bb2d64df0"]
2020-05-20 22:51:59:191 - [debug] [35m[ADB][39m Running '/Users/tangyao/Android/sdk/platform-tools/adb -P 5037 -s 5483e9c3 shell am force-stop com.xueqiu.android'
2020-05-20 22:51:59:319 - [debug] [35m[W3C (88824cbf)][39m Responding to client with driver.closeApp() result: null
2020-05-20 22:51:59:321 - [35m[HTTP][39m [37m<-- POST /wd/hub/session/88824cbf-4dca-484e-a0a8-055bb2d64df0/appium/app/close [39m[32m200[39m [90m138 ms - 14[39m
2020-05-20 22:51:59:321 - [35m[HTTP][39m [90m[39m
2020-05-20 22:51:59:325 - [35m[HTTP][39m [37m-->[39m [37mDELETE[39m [37m/wd/hub/session/88824cbf-4dca-484e-a0a8-055bb2d64df0[39m
2020-05-20 22:51:59:325 - [35m[HTTP][39m [90m{}[39m
2020-05-20 22:51:59:326 - [debug] [35m[W3C (88824cbf)][39m Calling AppiumDriver.deleteSession() with args: ["88824cbf-4dca-484e-a0a8-055bb2d64df0"]
2020-05-20 22:51:59:326 - [debug] [35m[BaseDriver][39m Event 'quitSessionRequested' logged at 1589986319326 (22:51:59 GMT+0800 (China Standard Time))
2020-05-20 22:51:59:327 - [35m[Appium][39m Removing session 88824cbf-4dca-484e-a0a8-055bb2d64df0 from our master session list
2020-05-20 22:51:59:328 - [debug] [35m[UiAutomator2][39m Deleting UiAutomator2 session
2020-05-20 22:51:59:328 - [debug] [35m[UiAutomator2][39m Deleting UiAutomator2 server session
2020-05-20 22:51:59:329 - [debug] [35m[WD Proxy][39m Matched '/' to command name 'deleteSession'
2020-05-20 22:51:59:329 - [debug] [35m[WD Proxy][39m Proxying [DELETE /] to [DELETE http://localhost:6725/wd/hub/session/3600c033-956b-4ba8-ad49-1f28eb1ed386] with no body
2020-05-20 22:51:59:360 - [debug] [35m[WD Proxy][39m Got response with status 200: {"sessionId":"3600c033-956b-4ba8-ad49-1f28eb1ed386","status":0,"value":"Session deleted"}
2020-05-20 22:51:59:361 - [debug] [35m[UiAutomator2][39m Resetting IME to 'io.appium.settings/.UnicodeIME'
2020-05-20 22:51:59:361 - [debug] [35m[ADB][39m Running '/Users/tangyao/Android/sdk/platform-tools/adb -P 5037 -s 5483e9c3 shell ime set io.appium.settings/.UnicodeIME'
2020-05-20 22:51:59:412 - [debug] [35m[ADB][39m Running '/Users/tangyao/Android/sdk/platform-tools/adb -P 5037 -s 5483e9c3 shell am force-stop com.xueqiu.android'
2020-05-20 22:51:59:455 - [debug] [35m[Logcat][39m Stopping logcat capture
2020-05-20 22:51:59:458 - [debug] [35m[ADB][39m Removing forwarded port socket connection: 6725 
2020-05-20 22:51:59:458 - [debug] [35m[ADB][39m Running '/Users/tangyao/Android/sdk/platform-tools/adb -P 5037 -s 5483e9c3 forward --remove tcp\:6725'
2020-05-20 22:51:59:470 - [35m[UiAutomator2][39m Restoring hidden api policy to the device default configuration
2020-05-20 22:51:59:470 - [debug] [35m[ADB][39m Running '/Users/tangyao/Android/sdk/platform-tools/adb -P 5037 -s 5483e9c3 shell settings delete global hidden_api_policy_pre_p_apps'
2020-05-20 22:51:59:512 - [debug] [35m[ADB][39m Running '/Users/tangyao/Android/sdk/platform-tools/adb -P 5037 -s 5483e9c3 shell settings delete global hidden_api_policy_p_apps'
2020-05-20 22:51:59:550 - [debug] [35m[ADB][39m Running '/Users/tangyao/Android/sdk/platform-tools/adb -P 5037 -s 5483e9c3 shell settings delete global hidden_api_policy'
2020-05-20 22:51:59:601 - [debug] [35m[BaseDriver][39m Event 'quitSessionFinished' logged at 1589986319601 (22:51:59 GMT+0800 (China Standard Time))
2020-05-20 22:51:59:602 - [debug] [35m[W3C (88824cbf)][39m Received response: null
2020-05-20 22:51:59:602 - [debug] [35m[W3C (88824cbf)][39m But deleting session, so not returning
2020-05-20 22:51:59:602 - [debug] [35m[W3C (88824cbf)][39m Responding to client with driver.deleteSession() result: null
2020-05-20 22:51:59:603 - [35m[HTTP][39m [37m<-- DELETE /wd/hub/session/88824cbf-4dca-484e-a0a8-055bb2d64df0 [39m[32m200[39m [90m278 ms - 14[39m
2020-05-20 22:51:59:603 - [35m[HTTP][39m [90m[39m
2020-05-20 22:52:00:254 - [debug] [35m[Instrumentation][39m .
2020-05-20 22:52:00:653 - [debug] [35m[Instrumentation][39m Time: 12.048
2020-05-20 22:52:00:653 - [debug] [35m[Instrumentation][39m 
2020-05-20 22:52:00:653 - [debug] [35m[Instrumentation][39m OK (1 test)
2020-05-20 22:52:00:747 - [debug] [35m[Instrumentation][39m The process has exited with code 0
2020-05-20 22:52:02:114 - [35m[Appium][39m Received SIGTERM - shutting down
